# do {top_tb_compile.do}
# ** Warning: (vlib-34) Library already exists at "modelsim_lib/work".
# Errors: 0, Warnings: 1
# ** Warning: (vlib-34) Library already exists at "modelsim_lib/msim".
# Errors: 0, Warnings: 1
# ** Warning: (vlib-34) Library already exists at "modelsim_lib/msim/fifo_generator_v13_2_3".
# Errors: 0, Warnings: 1
# ** Warning: (vlib-34) Library already exists at "modelsim_lib/msim/xil_defaultlib".
# Errors: 0, Warnings: 1
# ** Warning: (vlib-34) Library already exists at "modelsim_lib/msim/blk_mem_gen_v8_4_2".
# Errors: 0, Warnings: 1
# Model Technology ModelSim SE-64 vmap 2020.4 Lib Mapping Utility 2020.10 Oct 13 2020
# vmap fifo_generator_v13_2_3 modelsim_lib/msim/fifo_generator_v13_2_3 
# Modifying E:\Xilinx\Xlib\modelsim.ini
# Model Technology ModelSim SE-64 vmap 2020.4 Lib Mapping Utility 2020.10 Oct 13 2020
# vmap xil_defaultlib modelsim_lib/msim/xil_defaultlib 
# Modifying E:\Xilinx\Xlib\modelsim.ini
# Model Technology ModelSim SE-64 vmap 2020.4 Lib Mapping Utility 2020.10 Oct 13 2020
# vmap blk_mem_gen_v8_4_2 modelsim_lib/msim/blk_mem_gen_v8_4_2 
# Modifying E:\Xilinx\Xlib\modelsim.ini
# ** Warning: (vlog-159) Mode option -64 is not supported in this context and will be ignored.
# Model Technology ModelSim SE-64 vlog 2020.4 Compiler 2020.10 Oct 13 2020
# Start time: 16:23:36 on Apr 21,2022
# vlog -64 -incr -work fifo_generator_v13_2_3 "+incdir+../../../../SRC_System.srcs/sources_1/ip/clk_wiz_0" "+incdir+../../../../SRC_System.srcs/sources_1/ip/clk_wiz_1" "+incdir+../../../../SRC_System.srcs/sources_1/ip/clk_wiz_2" "+incdir+../../../../SRC_System.srcs/sources_1/ip/clk_wiz_3" ../../../../SRC_System.ip_user_files/ipstatic/simulation/fifo_generator_vlog_beh.v 
# -- Skipping module fifo_generator_vlog_beh
# -- Skipping module fifo_generator_v13_2_3_CONV_VER
# -- Skipping module fifo_generator_v13_2_3_sync_stage
# -- Skipping module fifo_generator_v13_2_3_bhv_ver_as
# -- Skipping module fifo_generator_v13_2_3_beh_ver_ll_afifo
# -- Skipping module fifo_generator_v13_2_3_bhv_ver_ss
# -- Skipping module fifo_generator_v13_2_3_bhv_ver_preload0
# -- Skipping module fifo_generator_v13_2_3_axic_reg_slice
# 
# Top level modules:
# 	fifo_generator_vlog_beh
# End time: 16:23:36 on Apr 21,2022, Elapsed time: 0:00:00
# Errors: 0, Warnings: 1
# ** Warning: (vcom-159) Mode option -64 is not supported in this context and will be ignored.
# Model Technology ModelSim SE-64 vcom 2020.4 Compiler 2020.10 Oct 13 2020
# Start time: 16:23:36 on Apr 21,2022
# vcom -64 -93 -work fifo_generator_v13_2_3 ../../../../SRC_System.ip_user_files/ipstatic/hdl/fifo_generator_v13_2_rfs.vhd 
# -- Loading package STANDARD
# End time: 16:23:38 on Apr 21,2022, Elapsed time: 0:00:02
# Errors: 0, Warnings: 1
# ** Warning: (vlog-159) Mode option -64 is not supported in this context and will be ignored.
# Model Technology ModelSim SE-64 vlog 2020.4 Compiler 2020.10 Oct 13 2020
# Start time: 16:23:38 on Apr 21,2022
# vlog -64 -incr -work fifo_generator_v13_2_3 "+incdir+../../../../SRC_System.srcs/sources_1/ip/clk_wiz_0" "+incdir+../../../../SRC_System.srcs/sources_1/ip/clk_wiz_1" "+incdir+../../../../SRC_System.srcs/sources_1/ip/clk_wiz_2" "+incdir+../../../../SRC_System.srcs/sources_1/ip/clk_wiz_3" ../../../../SRC_System.ip_user_files/ipstatic/hdl/fifo_generator_v13_2_rfs.v 
# 
# Top level modules:
# End time: 16:23:38 on Apr 21,2022, Elapsed time: 0:00:00
# Errors: 0, Warnings: 1
# ** Warning: (vlog-159) Mode option -64 is not supported in this context and will be ignored.
# Model Technology ModelSim SE-64 vlog 2020.4 Compiler 2020.10 Oct 13 2020
# Start time: 16:23:38 on Apr 21,2022
# vlog -64 -incr -work xil_defaultlib "+incdir+../../../../SRC_System.srcs/sources_1/ip/clk_wiz_0" "+incdir+../../../../SRC_System.srcs/sources_1/ip/clk_wiz_1" "+incdir+../../../../SRC_System.srcs/sources_1/ip/clk_wiz_2" "+incdir+../../../../SRC_System.srcs/sources_1/ip/clk_wiz_3" ../../../../SRC_System.srcs/sources_1/ip/fifo_out/sim/fifo_out.v ../../../../SRC_System.srcs/sources_1/ip/fifo_0/sim/fifo_0.v 
# -- Skipping module fifo_out
# -- Skipping module fifo_0
# 
# Top level modules:
# 	fifo_out
# 	fifo_0
# End time: 16:23:38 on Apr 21,2022, Elapsed time: 0:00:00
# Errors: 0, Warnings: 1
# ** Warning: (vlog-159) Mode option -64 is not supported in this context and will be ignored.
# Model Technology ModelSim SE-64 vlog 2020.4 Compiler 2020.10 Oct 13 2020
# Start time: 16:23:38 on Apr 21,2022
# vlog -64 -incr -work blk_mem_gen_v8_4_2 "+incdir+../../../../SRC_System.srcs/sources_1/ip/clk_wiz_0" "+incdir+../../../../SRC_System.srcs/sources_1/ip/clk_wiz_1" "+incdir+../../../../SRC_System.srcs/sources_1/ip/clk_wiz_2" "+incdir+../../../../SRC_System.srcs/sources_1/ip/clk_wiz_3" ../../../../SRC_System.ip_user_files/ipstatic/simulation/blk_mem_gen_v8_4.v 
# -- Skipping module STATE_LOGIC_v8_4
# -- Skipping module beh_vlog_muxf7_v8_4
# -- Skipping module beh_vlog_ff_clr_v8_4
# -- Skipping module beh_vlog_ff_pre_v8_4
# -- Skipping module beh_vlog_ff_ce_clr_v8_4
# -- Skipping module write_netlist_v8_4
# -- Skipping module read_netlist_v8_4
# -- Skipping module blk_mem_axi_write_wrapper_beh_v8_4
# -- Skipping module blk_mem_axi_read_wrapper_beh_v8_4
# -- Skipping module blk_mem_axi_regs_fwd_v8_4
# -- Skipping module blk_mem_gen_v8_4_2_output_stage
# -- Skipping module blk_mem_gen_v8_4_2_softecc_output_reg_stage
# -- Skipping module blk_mem_gen_v8_4_2_mem_module
# -- Skipping module blk_mem_gen_v8_4_2
# 
# Top level modules:
# 	blk_mem_gen_v8_4_2
# End time: 16:23:38 on Apr 21,2022, Elapsed time: 0:00:00
# Errors: 0, Warnings: 1
# ** Warning: (vlog-159) Mode option -64 is not supported in this context and will be ignored.
# Model Technology ModelSim SE-64 vlog 2020.4 Compiler 2020.10 Oct 13 2020
# Start time: 16:23:38 on Apr 21,2022
# vlog -64 -incr -work xil_defaultlib "+incdir+../../../../SRC_System.srcs/sources_1/ip/clk_wiz_0" "+incdir+../../../../SRC_System.srcs/sources_1/ip/clk_wiz_1" "+incdir+../../../../SRC_System.srcs/sources_1/ip/clk_wiz_2" "+incdir+../../../../SRC_System.srcs/sources_1/ip/clk_wiz_3" ../../../../SRC_System.srcs/sources_1/ip/blk_mem_gen_0/sim/blk_mem_gen_0.v ../../../../SRC_System.srcs/sources_1/ip/clk_wiz_0/clk_wiz_0_clk_wiz.v ../../../../SRC_System.srcs/sources_1/ip/clk_wiz_0/clk_wiz_0.v ../../../../SRC_System.srcs/sources_1/ip/clk_wiz_3/clk_wiz_3_clk_wiz.v ../../../../SRC_System.srcs/sources_1/ip/clk_wiz_3/clk_wiz_3.v ../../../../SRC_System.srcs/sources_1/ip/clk_wiz_1/clk_wiz_1_clk_wiz.v ../../../../SRC_System.srcs/sources_1/ip/clk_wiz_1/clk_wiz_1.v ../../../../SRC_System.srcs/sources_1/new/clk_88_2KHz.v ../../../../SRC_System.srcs/sources_1/new/clk_88_2KHz_to_11_025KHz.v ../../../../SRC_System.srcs/sources_1/new/clk_96KHz.v ../../../../SRC_System.srcs/sources_1/new/clk_96KHz_to_12KHz.v ../../../../SRC_System.srcs/sources_1/new/clk_div_8_82MHz_to_11_025KHz.v ../../../../SRC_System.srcs/sources_1/new/clk_div_9_6MHz_to_12KHz.v ../../../../SRC_System.srcs/sources_1/new/signal_interpolation_farrow_1.v ../../../../SRC_System.srcs/sim_1/new/top_tb.v 
# -- Skipping module blk_mem_gen_0
# -- Skipping module clk_wiz_0_clk_wiz
# -- Skipping module clk_wiz_0
# -- Skipping module clk_wiz_3_clk_wiz
# -- Skipping module clk_wiz_3
# -- Skipping module clk_wiz_1_clk_wiz
# -- Skipping module clk_wiz_1
# -- Skipping module clk_88_2KHz
# -- Skipping module clk_88_2KHz_to_11_025KHz
# -- Skipping module clk_96KHz
# -- Skipping module clk_96KHz_to_12KHz
# -- Skipping module clk_div_8_82MHz_to_11_025KHz
# -- Skipping module clk_div_9_6MHz_to_12KHz
# -- Skipping module signal_interpolation_farrow_1
# -- Skipping module top_tb
# 
# Top level modules:
# 	top_tb
# End time: 16:23:38 on Apr 21,2022, Elapsed time: 0:00:00
# Errors: 0, Warnings: 1
# Model Technology ModelSim SE-64 vlog 2020.4 Compiler 2020.10 Oct 13 2020
# Start time: 16:23:40 on Apr 21,2022
# vlog -work xil_defaultlib glbl.v 
# -- Compiling module glbl
# 
# Top level modules:
# 	glbl
# End time: 16:23:40 on Apr 21,2022, Elapsed time: 0:00:00
# Errors: 0, Warnings: 0
