#
# A fatal error has been detected by the Java Runtime Environment:
#
#  EXCEPTION_ACCESS_VIOLATION (0xc0000005) at pc=0x00007ffeab47880f, pid=808, tid=17388
#
# JRE version: Java(TM) SE Runtime Environment (9.0+11) (build 9.0.4+11)
# Java VM: Java HotSpot(TM) 64-Bit Server VM (9.0.4+11, mixed mode, tiered, compressed oops, g1 gc, windows-amd64)
# Problematic frame:
# C  [librdi_common.dll+0x17880f]
#
# No core dump will be written. Minidumps are not enabled by default on client versions of Windows
#
# If you would like to submit a bug report, please visit:
#   http://bugreport.java.com/bugreport/crash.jsp
# The crash happened outside the Java Virtual Machine in native code.
# See problematic frame for where to report the bug.
#

---------------  S U M M A R Y ------------

Command Line: -Dsun.java2d.pmoffscreen=false -Dsun.java2d.xrender=false -Dsun.java2d.d3d=false -Dsun.awt.nopixfmt=true -Dsun.java2d.dpiaware=true -Dsun.java2d.uiScale.enabled=false -Xverify:none -Dswing.aatext=true -XX:-UsePerfData -Djdk.map.althashing.threshold=512 -XX:StringTableSize=4072 --add-opens=java.base/java.nio=ALL-UNNAMED --add-opens=java.desktop/sun.swing=ALL-UNNAMED --add-opens=java.desktop/javax.swing=ALL-UNNAMED --add-opens=java.desktop/javax.swing.tree=ALL-UNNAMED --add-opens=java.desktop/javax.swing.plaf.basic=ALL-UNNAMED --add-opens=java.desktop/javax.swing.plaf.synth=ALL-UNNAMED --add-opens=java.desktop/com.sun.awt=ALL-UNNAMED -XX:NewSize=60m -XX:MaxNewSize=60m -Xms128m -Xmx3072m -Xss5m 

Host: Intel(R) Core(TM) i7-8550U CPU @ 1.80GHz, 8 cores, 15G,  Windows 10 , 64 bit Build 19041 (10.0.19041.1645)
Time: Tue Apr 19 04:02:13 2022 ?D1¨²¡À¨º¡Á?¨º¡À?? elapsed time: 356 seconds (0d 0h 5m 56s)

---------------  T H R E A D  ---------------

Current thread (0x000001b2cd84a000):  JavaThread "AWT-EventQueue-1" [_thread_in_native, id=17388, stack(0x0000004beba00000,0x0000004bebf00000)]

Stack: [0x0000004beba00000,0x0000004bebf00000],  sp=0x0000004bebefaf60,  free space=5099k
Native frames: (J=compiled Java code, j=interpreted, Vv=VM code, C=native code)
C  [librdi_common.dll+0x17880f]
C  [librdi_common.dll+0x81bcd]
C  [librdi_wavedata.dll+0x1d9e1e]
C  [librdi_wavedata.dll+0x256eaf]
C  [librdi_wavedata.dll+0x25e869]
C  [librdi_wavedata.dll+0x22f5bb]
C  [librdi_wavedata.dll+0x26b487]
C  0x000001b2bcead2ba

Java frames: (J=compiled Java code, j=interpreted, Vv=VM code)
J 19158  ui.views.waveform.waveformi.WVExecutive_getTooltipTextDelayed(J)Ljava/lang/String; (0 bytes) @ 0x000001b2bcead221 [0x000001b2bcead1e0+0x0000000000000041]
J 19152 c1 ui.views.waveform.b.a.bI(Ljava/awt/event/MouseEvent;)V (135 bytes) @ 0x000001b2b5954224 [0x000001b2b5953b80+0x00000000000006a4]
J 19135 c1 ui.views.waveform.b.a.mouseMoved(Ljava/awt/event/MouseEvent;)V (32 bytes) @ 0x000001b2b57471dc [0x000001b2b5746ca0+0x000000000000053c]
J 16707 c2 java.awt.AWTEventMulticaster.mouseMoved(Ljava/awt/event/MouseEvent;)V java.desktop@9.0.4 (27 bytes) @ 0x000001b2bd5fd274 [0x000001b2bd5fd1c0+0x00000000000000b4]
J 17407 c2 javax.swing.JComponent.processMouseMotionEvent(Ljava/awt/event/MouseEvent;)V java.desktop@9.0.4 (46 bytes) @ 0x000001b2bce6b7b4 [0x000001b2bce6b660+0x0000000000000154]
J 19125 c1 ui.frmwork.c.i.processMouseMotionEvent(Ljava/awt/event/MouseEvent;)V (131 bytes) @ 0x000001b2b586db44 [0x000001b2b586cc80+0x0000000000000ec4]
J 20640 c2 java.awt.Container.processEvent(Ljava/awt/AWTEvent;)V java.desktop@9.0.4 (22 bytes) @ 0x000001b2bdacf6a0 [0x000001b2bdacf520+0x0000000000000180]
J 20933 c1 java.awt.Component.dispatchEventImpl(Ljava/awt/AWTEvent;)V java.desktop@9.0.4 (739 bytes) @ 0x000001b2b7b8cf54 [0x000001b2b7b89140+0x0000000000003e14]
J 21021 c2 java.awt.Container.dispatchEventImpl(Ljava/awt/AWTEvent;)V java.desktop@9.0.4 (129 bytes) @ 0x000001b2bdb6af20 [0x000001b2bdb6ad20+0x0000000000000200]
J 17335 c2 java.awt.LightweightDispatcher.retargetMouseEvent(Ljava/awt/Component;ILjava/awt/event/MouseEvent;)V java.desktop@9.0.4 (350 bytes) @ 0x000001b2bcd0d374 [0x000001b2bcd0cda0+0x00000000000005d4]
J 17336 c2 java.awt.LightweightDispatcher.processMouseEvent(Ljava/awt/event/MouseEvent;)Z java.desktop@9.0.4 (265 bytes) @ 0x000001b2bcb736b8 [0x000001b2bcb73140+0x0000000000000578]
J 21021 c2 java.awt.Container.dispatchEventImpl(Ljava/awt/AWTEvent;)V java.desktop@9.0.4 (129 bytes) @ 0x000001b2bdb6b17c [0x000001b2bdb6ad20+0x000000000000045c]
J 21268 c2 java.awt.Window.dispatchEventImpl(Ljava/awt/AWTEvent;)V java.desktop@9.0.4 (23 bytes) @ 0x000001b2bc7d760c [0x000001b2bc7d75c0+0x000000000000004c]
J 15395 c2 java.awt.EventQueue.dispatchEventImpl(Ljava/awt/AWTEvent;Ljava/lang/Object;)V java.desktop@9.0.4 (136 bytes) @ 0x000001b2bd3a9164 [0x000001b2bd3a9000+0x0000000000000164]
J 13129 c2 java.awt.EventQueue$3.run()Ljava/lang/Object; java.desktop@9.0.4 (5 bytes) @ 0x000001b2bd1d31ac [0x000001b2bd1d3140+0x000000000000006c]
v  ~StubRoutines::call_stub
J 2999  java.security.AccessController.doPrivileged(Ljava/security/PrivilegedAction;Ljava/security/AccessControlContext;)Ljava/lang/Object; java.base@9.0.4 (0 bytes) @ 0x000001b2bc7700c6 [0x000001b2bc770060+0x0000000000000066]
J 16706 c2 java.awt.EventQueue$4.run()Ljava/lang/Object; java.desktop@9.0.4 (5 bytes) @ 0x000001b2bd5fcb40 [0x000001b2bd5fc8e0+0x0000000000000260]
v  ~StubRoutines::call_stub
J 2999  java.security.AccessController.doPrivileged(Ljava/security/PrivilegedAction;Ljava/security/AccessControlContext;)Ljava/lang/Object; java.base@9.0.4 (0 bytes) @ 0x000001b2bc7700c6 [0x000001b2bc770060+0x0000000000000066]
J 12580 c2 ui.frmwork.b.d.dispatchEvent(Ljava/awt/AWTEvent;)V (34 bytes) @ 0x000001b2bd0cc9b4 [0x000001b2bd0cc620+0x0000000000000394]
J 17432 c2 java.awt.EventDispatchThread.pumpOneEventForFilters(I)V java.desktop@9.0.4 (218 bytes) @ 0x000001b2bd0d7654 [0x000001b2bd0d7220+0x0000000000000434]
J 20219% c2 java.awt.EventDispatchThread.pumpEventsForFilter(ILjava/awt/Conditional;Ljava/awt/EventFilter;)V java.desktop@9.0.4 (47 bytes) @ 0x000001b2bcc7f978 [0x000001b2bcc7f860+0x0000000000000118]
j  java.awt.EventDispatchThread.pumpEventsForHierarchy(ILjava/awt/Conditional;Ljava/awt/Component;)V+11 java.desktop@9.0.4
j  java.awt.EventDispatchThread.pumpEvents(ILjava/awt/Conditional;)V+4 java.desktop@9.0.4
j  java.awt.EventDispatchThread.pumpEvents(Ljava/awt/Conditional;)V+3 java.desktop@9.0.4
j  java.awt.EventDispatchThread.run()V+9 java.desktop@9.0.4
v  ~StubRoutines::call_stub

siginfo: EXCEPTION_ACCESS_VIOLATION (0xc0000005), reading address 0xffffffffffffffff


Register to memory mapping:

RIP=0x00007ffeab47880f librdi_common.dll
RAX=0x000001b2a3e6f901 is an unknown value
RBX=0x0000004bebefb020 is pointing into the stack for thread: 0x000001b2cd84a000
RCX=0x000001b2a3e6f930 is an unknown value
RDX=0x9002a765446541d2 is an unknown value
RSP=0x0000004bebefaf60 is pointing into the stack for thread: 0x000001b2cd84a000
RBP=0x0000004bebefb1b0 is pointing into the stack for thread: 0x000001b2cd84a000
RSI=0x0000000000000000 is an unknown value
RDI=0x9002a765446541d2 is an unknown value
R8 =0x00007ffe8dfe37dc librdi_wavedata.dll
R9 =0x0000000000000043 is an unknown value
R10=0x00007ffe8dfe37d8 librdi_wavedata.dll
R11=0x0000004bebefafe8 is pointing into the stack for thread: 0x000001b2cd84a000
R12=0x0000000000000000 is an unknown value
R13=0x0000000000000000 is an unknown value
R14=0x000001b2e58d1630 is an unknown value
R15=0x000000287ca254b8 is an unknown value


Registers:
RAX=0x000001b2a3e6f901, RBX=0x0000004bebefb020, RCX=0x000001b2a3e6f930, RDX=0x9002a765446541d2
RSP=0x0000004bebefaf60, RBP=0x0000004bebefb1b0, RSI=0x0000000000000000, RDI=0x9002a765446541d2
R8 =0x00007ffe8dfe37dc, R9 =0x0000000000000043, R10=0x00007ffe8dfe37d8, R11=0x0000004bebefafe8
R12=0x0000000000000000, R13=0x0000000000000000, R14=0x000001b2e58d1630, R15=0x000000287ca254b8
RIP=0x00007ffeab47880f, EFLAGS=0x0000000000010202

Top of Stack: (sp=0x0000004bebefaf60)
0x0000004bebefaf60:   0000000000000000 000000000000000f
0x0000004bebefaf70:   00007ffe8e113200 0000004bebefb020
0x0000004bebefaf80:   0000000000000000 fffffffffffffffe
0x0000004bebefaf90:   000001b2e6658700 0000000000000000
0x0000004bebefafa0:   0000000000000000 000000000000000f
0x0000004bebefafb0:   00007f0065757200 00007ffe8dba0000
0x0000004bebefafc0:   0000000000000000 00007ffef5393b49
0x0000004bebefafd0:   0000454ddbcfe79b 0000004bebefb1b0
0x0000004bebefafe0:   0000004bebefb198 00007ffeab381bcd
0x0000004bebefaff0:   000000287ca254b8 000001b2e66587f0
0x0000004bebefb000:   000001b2e58d1630 000001b2cdd21760
0x0000004bebefb010:   000001b2e58d1630 fffffffffffffffe
0x0000004bebefb020:   000003d300000000 00007ffe8dd78c87
0x0000004bebefb030:   000000287ca254b8 000001b2e58d1630
0x0000004bebefb040:   0000454ddbcfe70b 0000000000000000
0x0000004bebefb050:   0000000000000000 00007ffe8dd79e1e 

Instructions: (pc=0x00007ffeab47880f)
0x00007ffeab4787ef:   6e 00 cc 48 83 f9 27 76 07 ff 15 e2 64 6e 00 cc
0x00007ffeab4787ff:   48 8b c8 e8 c9 b4 5a 00 48 8b c3 e9 1c 01 00 00
0x00007ffeab47880f:   48 8b 4f 50 48 85 c9 0f 84 ff 00 00 00 48 8d 54
0x00007ffeab47881f:   24 50 e8 ba e3 04 00 48 8b d0 48 8d 4c 24 30 e8 



---------------  P R O C E S S  ---------------

Java Threads: ( => current thread )
  0x000001b2e75c7000 JavaThread "Relaunch Simulation" [_thread_blocked, id=2064, stack(0x0000004bef300000,0x0000004bef800000)]
  0x000001b2e75c6000 JavaThread "Thread-416" [_thread_in_native, id=17632, stack(0x0000004be4600000,0x0000004be4700000)]
  0x000001b2e75c5800 JavaThread "Thread-406" [_thread_in_native, id=17064, stack(0x0000004be4600000,0x0000004be4700000)]
  0x000001b2e75cb800 JavaThread "Thread-394" [_thread_in_native, id=13020, stack(0x0000004bee500000,0x0000004bee600000)]
  0x000001b2e75cc000 JavaThread "Image Animator 0" daemon [_thread_blocked, id=15348, stack(0x0000004bf0e00000,0x0000004bf1300000)]
  0x000001b2e75c7800 JavaThread "Thread-345" [_thread_in_native, id=4520, stack(0x0000004bed300000,0x0000004bed400000)]
  0x000001b2e75c4800 JavaThread "Thread-336" [_thread_in_native, id=572, stack(0x0000004be4500000,0x0000004be4600000)]
  0x000001b2d1062000 JavaThread "Thread-332" [_thread_in_native, id=10012, stack(0x0000004be4500000,0x0000004be4600000)]
  0x000001b2e3313800 JavaThread "Thread-320" [_thread_in_native, id=17988, stack(0x0000004be4500000,0x0000004be4600000)]
  0x000001b2e3319800 JavaThread "Thread-304" [_thread_in_native, id=776, stack(0x0000004be4500000,0x0000004be4600000)]
  0x000001b2e331b000 JavaThread "Thread-220" [_thread_in_native, id=14264, stack(0x0000004be4500000,0x0000004be4600000)]
  0x000001b2e3317800 JavaThread "Thread-211" [_thread_in_native, id=3176, stack(0x0000004be4500000,0x0000004be4600000)]
  0x000001b2e331c800 JavaThread "Thread-197" [_thread_in_native, id=3944, stack(0x0000004be4600000,0x0000004be4700000)]
  0x000001b2e331a800 JavaThread "Thread-171" [_thread_in_native, id=10804, stack(0x0000004be4500000,0x0000004be4600000)]
  0x000001b2e3310000 JavaThread "Thread-160" [_thread_in_native, id=2876, stack(0x0000004be4500000,0x0000004be4600000)]
  0x000001b2e331c000 JavaThread "Thread-150" [_thread_in_native, id=16240, stack(0x0000004be4600000,0x0000004be4700000)]
  0x000001b2e3316800 JavaThread "SyntheticaAnimation 50" daemon [_thread_blocked, id=13252, stack(0x0000004befa00000,0x0000004beff00000)]
  0x000001b2e330f000 JavaThread "Thread-139" [_thread_in_native, id=12904, stack(0x0000004bef400000,0x0000004bef500000)]
  0x000001b2e3316000 JavaThread "Thread-97" [_thread_in_native, id=11288, stack(0x0000004bef400000,0x0000004bef500000)]
  0x000001b2e3315000 JavaThread "Thread-89" [_thread_in_native, id=13308, stack(0x0000004bef400000,0x0000004bef500000)]
  0x000001b2e330e800 JavaThread "Thread-50" [_thread_in_native, id=13644, stack(0x0000004beff00000,0x0000004bf0000000)]
  0x000001b2d3238800 JavaThread "hw_ila_monitor" [_thread_blocked, id=15416, stack(0x0000004bec900000,0x0000004bece00000)]
  0x000001b2d3235800 JavaThread "Update Runs Swing Worker" [_thread_blocked, id=10708, stack(0x0000004bec400000,0x0000004bec900000)]
  0x000001b2d323b000 JavaThread "Refresh Filesets Swing Worker" [_thread_blocked, id=9112, stack(0x0000004beb000000,0x0000004beb500000)]
  0x000001b2d1060800 JavaThread "SyntheticaAnimation 70" daemon [_thread_blocked, id=14472, stack(0x0000004beee00000,0x0000004bef300000)]
  0x000001b2d1061000 JavaThread "SyntheticaAnimation 25" daemon [_thread_blocked, id=11752, stack(0x0000004bee000000,0x0000004bee500000)]
  0x000001b2d105f000 JavaThread "SyntheticaAnimation 50" daemon [_thread_blocked, id=16212, stack(0x0000004bedb00000,0x0000004bee000000)]
  0x000001b2d105f800 JavaThread "Monitor HEventQueue" [_thread_blocked, id=10728, stack(0x0000004bed600000,0x0000004bedb00000)]
  0x000001b2d105b000 JavaThread "Batik CleanerThread" daemon [_thread_blocked, id=7876, stack(0x0000004bece00000,0x0000004bed300000)]
  0x000001b2cd793000 JavaThread "SyntheticaCleanerThread" daemon [_thread_blocked, id=15260, stack(0x0000004bebf00000,0x0000004bec400000)]
=>0x000001b2cd84a000 JavaThread "AWT-EventQueue-1" [_thread_in_native, id=17388, stack(0x0000004beba00000,0x0000004bebf00000)]
  0x000001b2cd3ae000 JavaThread "AWT-Shutdown" [_thread_blocked, id=13776, stack(0x0000004bea100000,0x0000004bea600000)]
  0x000001b2cd658800 JavaThread "Process Messages" [_thread_blocked, id=13248, stack(0x0000004beb500000,0x0000004beba00000)]
  0x000001b2cd0ec800 JavaThread "Thread-1" [_thread_in_native, id=8856, stack(0x0000004be4800000,0x0000004be5c00000)]
  0x000001b2cd6f1800 JavaThread "TimerQueue" daemon [_thread_blocked, id=8376, stack(0x0000004beab00000,0x0000004beb000000)]
  0x000001b2ccef9800 JavaThread "AWT-Windows" daemon [_thread_in_native, id=16008, stack(0x0000004bea600000,0x0000004beab00000)]
  0x000001b2cd0b4800 JavaThread "Java2D Disposer" daemon [_thread_blocked, id=16448, stack(0x0000004be9c00000,0x0000004bea100000)]
  0x000001b2a8950800 JavaThread "Service Thread" daemon [_thread_blocked, id=17344, stack(0x0000004be9600000,0x0000004be9b00000)]
  0x000001b2a910d000 JavaThread "Common-Cleaner" daemon [_thread_blocked, id=17836, stack(0x0000004be9100000,0x0000004be9600000)]
  0x000001b2a8eee800 JavaThread "Sweeper thread" daemon [_thread_blocked, id=16196, stack(0x0000004be8c00000,0x0000004be9100000)]
  0x000001b2a8eee000 JavaThread "C1 CompilerThread3" daemon [_thread_blocked, id=15332, stack(0x0000004be8b00000,0x0000004be8c00000)]
  0x000001b2a8eed000 JavaThread "C2 CompilerThread2" daemon [_thread_blocked, id=15680, stack(0x0000004be8a00000,0x0000004be8b00000)]
  0x000001b2a8eec800 JavaThread "C2 CompilerThread1" daemon [_thread_blocked, id=18304, stack(0x0000004be8900000,0x0000004be8a00000)]
  0x000001b2a8ee3000 JavaThread "C2 CompilerThread0" daemon [_thread_blocked, id=14096, stack(0x0000004be8800000,0x0000004be8900000)]
  0x000001b2a3fba800 JavaThread "Attach Listener" daemon [_thread_blocked, id=5780, stack(0x0000004be8300000,0x0000004be8800000)]
  0x000001b2a8ec0800 JavaThread "Signal Dispatcher" daemon [_thread_blocked, id=11624, stack(0x0000004be7e00000,0x0000004be8300000)]
  0x000001b2a9279800 JavaThread "Finalizer" daemon [_thread_blocked, id=16072, stack(0x0000004be7900000,0x0000004be7e00000)]
  0x000001b2a9270000 JavaThread "Reference Handler" daemon [_thread_blocked, id=7336, stack(0x0000004be7400000,0x0000004be7900000)]
  0x000001b2ad0bf000 JavaThread "main" [_thread_blocked, id=11980, stack(0x0000004be4700000,0x0000004be4800000)]

Other Threads:
  0x000001b2a926f000 VMThread "VM Thread" [stack: 0x0000004be7300000,0x0000004be7400000] [id=632]
  0x000001b2a8951000 WatcherThread [stack: 0x0000004be9b00000,0x0000004be9c00000] [id=7480]
  0x000001b2a90dc800 GCTaskThread "GC Thread#0" [stack: 0x0000004be5f00000,0x0000004be6000000] [id=17612]
  0x000001b2adf9a800 GCTaskThread "GC Thread#1" [stack: 0x0000004be6000000,0x0000004be6100000] [id=13616]
  0x000001b2adf9d000 GCTaskThread "GC Thread#2" [stack: 0x0000004be6100000,0x0000004be6200000] [id=3460]
  0x000001b2adfa0800 GCTaskThread "GC Thread#3" [stack: 0x0000004be6200000,0x0000004be6300000] [id=10516]
  0x000001b2adfa1000 GCTaskThread "GC Thread#4" [stack: 0x0000004be6300000,0x0000004be6400000] [id=6368]
  0x000001b2adf9e000 GCTaskThread "GC Thread#5" [stack: 0x0000004be6400000,0x0000004be6500000] [id=6000]
  0x000001b2adf9f000 GCTaskThread "GC Thread#6" [stack: 0x0000004be6500000,0x0000004be6600000] [id=13012]
  0x000001b2adf9c800 GCTaskThread "GC Thread#7" [stack: 0x0000004be6600000,0x0000004be6700000] [id=9256]
  0x000001b2a8d3b800 ConcurrentGCThread "G1 Main Marker" [stack: 0x0000004be7000000,0x0000004be7100000] [id=17476]
  0x000001b2adf9e800 ConcurrentGCThread "G1 Marker#0" [stack: 0x0000004be7100000,0x0000004be7200000] [id=14156]
  0x000001b2adf9f800 ConcurrentGCThread "G1 Marker#1" [stack: 0x0000004be7200000,0x0000004be7300000] [id=9004]
  0x000001b2a8d0a000 ConcurrentGCThread "G1 Refine#0" [stack: 0x0000004be6e00000,0x0000004be6f00000] [id=14084]
  0x000001b2ad4ac800 ConcurrentGCThread "G1 Refine#1" [stack: 0x0000004be6d00000,0x0000004be6e00000] [id=3024]
  0x000001b2ad4ac000 ConcurrentGCThread "G1 Refine#2" [stack: 0x0000004be6c00000,0x0000004be6d00000] [id=16696]
  0x000001b2ad4ab800 ConcurrentGCThread "G1 Refine#3" [stack: 0x0000004be6b00000,0x0000004be6c00000] [id=9372]
  0x000001b2a8495800 ConcurrentGCThread "G1 Refine#4" [stack: 0x0000004be6a00000,0x0000004be6b00000] [id=17512]
  0x000001b2a8495000 ConcurrentGCThread "G1 Refine#5" [stack: 0x0000004be6900000,0x0000004be6a00000] [id=14372]
  0x000001b2a8494800 ConcurrentGCThread "G1 Refine#6" [stack: 0x0000004be6800000,0x0000004be6900000] [id=5892]
  0x000001b2a7bc0000 ConcurrentGCThread "G1 Refine#7" [stack: 0x0000004be6700000,0x0000004be6800000] [id=5324]
  0x000001b2ad8dd800 ConcurrentGCThread "G1 Young RemSet Sampling" [stack: 0x0000004be6f00000,0x0000004be7000000] [id=17096]

Threads with active compile tasks:

VM state:not at safepoint (normal execution)

VM Mutex/Monitor currently owned by a thread: None

Heap address: 0x0000000700000000, size: 3072 MB, Compressed Oops mode: Zero based, Oop shift amount: 3
Narrow klass base: 0x0000000000000000, Narrow klass shift: 3
Compressed class space size: 1073741824 Address: 0x00000007c0000000

Heap:
 garbage-first heap   total 331776K, used 110601K [0x0000000700000000, 0x0000000700100a20, 0x00000007c0000000)
  region size 1024K, 8 young (8192K), 2 survivors (2048K)
 Metaspace       used 82777K, capacity 88830K, committed 89136K, reserved 1126400K
  class space    used 11176K, capacity 12239K, committed 12336K, reserved 1048576K
Heap Regions: E=young(eden), S=young(survivor), O=old, HS=humongous(starts), HC=humongous(continues), CS=collection set, F=free, A=archive, TS=gc time stamp, AC=allocation context, TAMS=top-at-mark-start (previous, next)
|   0|0x0000000700000000, 0x0000000700100000, 0x0000000700100000|100%|HS|  |TS  0|AC  0|TAMS 0x0000000700000000, 0x0000000700000000|
|   1|0x0000000700100000, 0x0000000700200000, 0x0000000700200000|100%|HS|  |TS  0|AC  0|TAMS 0x0000000700100000, 0x0000000700100000|
|   2|0x0000000700200000, 0x0000000700300000, 0x0000000700300000|100%|HC|  |TS  0|AC  0|TAMS 0x0000000700200000, 0x0000000700200000|
|   3|0x0000000700300000, 0x0000000700400000, 0x0000000700400000|100%|HS|  |TS  0|AC  0|TAMS 0x0000000700300000, 0x0000000700300000|
|   4|0x0000000700400000, 0x00000007004ffff8, 0x0000000700500000| 99%| O|  |TS  0|AC  0|TAMS 0x0000000700400000, 0x0000000700400000|
|   5|0x0000000700500000, 0x00000007005ffff8, 0x0000000700600000| 99%| O|  |TS  0|AC  0|TAMS 0x0000000700500000, 0x0000000700500000|
|   6|0x0000000700600000, 0x00000007006ffff8, 0x0000000700700000| 99%| O|  |TS  0|AC  0|TAMS 0x0000000700600000, 0x0000000700600000|
|   7|0x0000000700700000, 0x00000007007ffec8, 0x0000000700800000| 99%| O|  |TS  0|AC  0|TAMS 0x0000000700700000, 0x0000000700700000|
|   8|0x0000000700800000, 0x00000007008ffff8, 0x0000000700900000| 99%| O|  |TS  0|AC  0|TAMS 0x0000000700800000, 0x0000000700800000|
|   9|0x0000000700900000, 0x00000007009ffff0, 0x0000000700a00000| 99%| O|  |TS  0|AC  0|TAMS 0x0000000700900000, 0x0000000700900000|
|  10|0x0000000700a00000, 0x0000000700affff0, 0x0000000700b00000| 99%| O|  |TS  0|AC  0|TAMS 0x0000000700a00000, 0x0000000700a00000|
|  11|0x0000000700b00000, 0x0000000700bff7b8, 0x0000000700c00000| 99%| O|  |TS  0|AC  0|TAMS 0x0000000700b00000, 0x0000000700b00000|
|  12|0x0000000700c00000, 0x0000000700cffe90, 0x0000000700d00000| 99%| O|  |TS  0|AC  0|TAMS 0x0000000700c00000, 0x0000000700c00000|
|  13|0x0000000700d00000, 0x0000000700dffff8, 0x0000000700e00000| 99%| O|  |TS  0|AC  0|TAMS 0x0000000700d00000, 0x0000000700d00000|
|  14|0x0000000700e00000, 0x0000000700effff8, 0x0000000700f00000| 99%| O|  |TS  0|AC  0|TAMS 0x0000000700e00000, 0x0000000700e00000|
|  15|0x0000000700f00000, 0x0000000700fde160, 0x0000000701000000| 86%| O|  |TS  0|AC  0|TAMS 0x0000000700f00000, 0x0000000700f00000|
|  16|0x0000000701000000, 0x00000007010fffb8, 0x0000000701100000| 99%| O|  |TS  0|AC  0|TAMS 0x0000000701000000, 0x0000000701000000|
|  17|0x0000000701100000, 0x00000007011fffd0, 0x0000000701200000| 99%| O|  |TS  0|AC  0|TAMS 0x0000000701100000, 0x0000000701100000|
|  18|0x0000000701200000, 0x00000007012fe8d8, 0x0000000701300000| 99%| O|  |TS  0|AC  0|TAMS 0x0000000701200000, 0x0000000701200000|
|  19|0x0000000701300000, 0x0000000701400000, 0x0000000701400000|100%| O|  |TS  0|AC  0|TAMS 0x0000000701300000, 0x0000000701300000|
|  20|0x0000000701400000, 0x00000007014ffff0, 0x0000000701500000| 99%| O|  |TS  0|AC  0|TAMS 0x0000000701400000, 0x0000000701400000|
|  21|0x0000000701500000, 0x0000000701600000, 0x0000000701600000|100%| O|  |TS  0|AC  0|TAMS 0x0000000701500000, 0x0000000701500000|
|  22|0x0000000701600000, 0x00000007016fffc8, 0x0000000701700000| 99%| O|  |TS  0|AC  0|TAMS 0x0000000701600000, 0x0000000701600000|
|  23|0x0000000701700000, 0x0000000701800000, 0x0000000701800000|100%| O|  |TS  0|AC  0|TAMS 0x0000000701700000, 0x0000000701700000|
|  24|0x0000000701800000, 0x00000007018ffff8, 0x0000000701900000| 99%| O|  |TS  0|AC  0|TAMS 0x0000000701800000, 0x0000000701800000|
|  25|0x0000000701900000, 0x00000007019fffe8, 0x0000000701a00000| 99%| O|  |TS  0|AC  0|TAMS 0x0000000701900000, 0x0000000701900000|
|  26|0x0000000701a00000, 0x0000000701affff8, 0x0000000701b00000| 99%| O|  |TS  0|AC  0|TAMS 0x0000000701a00000, 0x0000000701a00000|
|  27|0x0000000701b00000, 0x0000000701bfffc8, 0x0000000701c00000| 99%| O|  |TS  0|AC  0|TAMS 0x0000000701b00000, 0x0000000701b00000|
|  28|0x0000000701c00000, 0x0000000701cfff80, 0x0000000701d00000| 99%| O|  |TS  0|AC  0|TAMS 0x0000000701c00000, 0x0000000701c00000|
|  29|0x0000000701d00000, 0x0000000701e00000, 0x0000000701e00000|100%| O|  |TS  0|AC  0|TAMS 0x0000000701d00000, 0x0000000701d00000|
|  30|0x0000000701e00000, 0x0000000701effff0, 0x0000000701f00000| 99%| O|  |TS  0|AC  0|TAMS 0x0000000701e00000, 0x0000000701e00000|
|  31|0x0000000701f00000, 0x0000000701ffffb8, 0x0000000702000000| 99%| O|  |TS  0|AC  0|TAMS 0x0000000701f00000, 0x0000000701f00000|
|  32|0x0000000702000000, 0x00000007020fffe8, 0x0000000702100000| 99%| O|  |TS  0|AC  0|TAMS 0x0000000702000000, 0x0000000702000000|
|  33|0x0000000702100000, 0x00000007021ab568, 0x0000000702200000| 66%| O|  |TS  0|AC  0|TAMS 0x0000000702100000, 0x0000000702100000|
|  34|0x0000000702200000, 0x00000007022ffff8, 0x0000000702300000| 99%| O|  |TS  0|AC  0|TAMS 0x0000000702200000, 0x0000000702200000|
|  35|0x0000000702300000, 0x00000007023ffff0, 0x0000000702400000| 99%| O|  |TS  0|AC  0|TAMS 0x0000000702300000, 0x0000000702300000|
|  36|0x0000000702400000, 0x0000000702500000, 0x0000000702500000|100%| O|  |TS  0|AC  0|TAMS 0x0000000702400000, 0x0000000702400000|
|  37|0x0000000702500000, 0x0000000702600000, 0x0000000702600000|100%|HS|  |TS  0|AC  0|TAMS 0x0000000702500000, 0x0000000702500000|
|  38|0x0000000702600000, 0x0000000702700000, 0x0000000702700000|100%|HC|  |TS  0|AC  0|TAMS 0x0000000702600000, 0x0000000702600000|
|  39|0x0000000702700000, 0x0000000702800000, 0x0000000702800000|100%|HC|  |TS  0|AC  0|TAMS 0x0000000702700000, 0x0000000702700000|
|  40|0x0000000702800000, 0x0000000702900000, 0x0000000702900000|100%|HC|  |TS  0|AC  0|TAMS 0x0000000702800000, 0x0000000702800000|
|  41|0x0000000702900000, 0x0000000702a00000, 0x0000000702a00000|100%|HC|  |TS  0|AC  0|TAMS 0x0000000702900000, 0x0000000702900000|
|  42|0x0000000702a00000, 0x0000000702b00000, 0x0000000702b00000|100%|HC|  |TS  0|AC  0|TAMS 0x0000000702a00000, 0x0000000702a00000|
|  43|0x0000000702b00000, 0x0000000702c00000, 0x0000000702c00000|100%|HC|  |TS  0|AC  0|TAMS 0x0000000702b00000, 0x0000000702b00000|
|  44|0x0000000702c00000, 0x0000000702d00000, 0x0000000702d00000|100%|HC|  |TS  0|AC  0|TAMS 0x0000000702c00000, 0x0000000702c00000|
|  45|0x0000000702d00000, 0x0000000702dffff8, 0x0000000702e00000| 99%| O|  |TS  0|AC  0|TAMS 0x0000000702d00000, 0x0000000702d00000|
|  46|0x0000000702e00000, 0x0000000702ec5ac0, 0x0000000702f00000| 77%| O|  |TS  0|AC  0|TAMS 0x0000000702e00000, 0x0000000702e00000|
|  47|0x0000000702f00000, 0x0000000703000000, 0x0000000703000000|100%|HS|  |TS  0|AC  0|TAMS 0x0000000702f00000, 0x0000000702f00000|
|  48|0x0000000703000000, 0x00000007030ebd10, 0x0000000703100000| 92%| O|  |TS  0|AC  0|TAMS 0x0000000703000000, 0x0000000703000000|
|  49|0x0000000703100000, 0x00000007031c6c78, 0x0000000703200000| 77%| O|  |TS  0|AC  0|TAMS 0x0000000703100000, 0x0000000703100000|
|  50|0x0000000703200000, 0x0000000703300000, 0x0000000703300000|100%| O|  |TS  0|AC  0|TAMS 0x0000000703200000, 0x0000000703200000|
|  51|0x0000000703300000, 0x00000007033ffff8, 0x0000000703400000| 99%| O|  |TS  0|AC  0|TAMS 0x0000000703300000, 0x0000000703300000|
|  52|0x0000000703400000, 0x00000007034ffff8, 0x0000000703500000| 99%| O|  |TS  0|AC  0|TAMS 0x0000000703400000, 0x0000000703400000|
|  53|0x0000000703500000, 0x00000007035ffff0, 0x0000000703600000| 99%| O|  |TS  0|AC  0|TAMS 0x0000000703500000, 0x0000000703500000|
|  54|0x0000000703600000, 0x00000007036ffe68, 0x0000000703700000| 99%| O|  |TS  0|AC  0|TAMS 0x0000000703600000, 0x0000000703600000|
|  55|0x0000000703700000, 0x00000007037ffff8, 0x0000000703800000| 99%| O|  |TS  0|AC  0|TAMS 0x0000000703700000, 0x0000000703700000|
|  56|0x0000000703800000, 0x0000000703900000, 0x0000000703900000|100%| O|  |TS  0|AC  0|TAMS 0x0000000703800000, 0x0000000703800000|
|  57|0x0000000703900000, 0x00000007039fffb0, 0x0000000703a00000| 99%| O|  |TS  0|AC  0|TAMS 0x0000000703900000, 0x0000000703900000|
|  58|0x0000000703a00000, 0x0000000703b00000, 0x0000000703b00000|100%|HS|  |TS  0|AC  0|TAMS 0x0000000703a00000, 0x0000000703a00000|
|  59|0x0000000703b00000, 0x0000000703c00000, 0x0000000703c00000|100%|HC|  |TS  0|AC  0|TAMS 0x0000000703b00000, 0x0000000703b00000|
|  60|0x0000000703c00000, 0x0000000703d00000, 0x0000000703d00000|100%|HC|  |TS  0|AC  0|TAMS 0x0000000703c00000, 0x0000000703c00000|
|  61|0x0000000703d00000, 0x0000000703dffff0, 0x0000000703e00000| 99%| O|  |TS  0|AC  0|TAMS 0x0000000703d00000, 0x0000000703d00000|
|  62|0x0000000703e00000, 0x0000000703efffb8, 0x0000000703f00000| 99%| O|  |TS  0|AC  0|TAMS 0x0000000703e00000, 0x0000000703e00000|
|  63|0x0000000703f00000, 0x0000000703ffffa0, 0x0000000704000000| 99%| O|  |TS  0|AC  0|TAMS 0x0000000703f00000, 0x0000000703f00000|
|  64|0x0000000704000000, 0x00000007040ffff8, 0x0000000704100000| 99%| O|  |TS  0|AC  0|TAMS 0x0000000704000000, 0x0000000704000000|
|  65|0x0000000704100000, 0x00000007041ffff8, 0x0000000704200000| 99%| O|  |TS  0|AC  0|TAMS 0x0000000704100000, 0x0000000704100000|
|  66|0x0000000704200000, 0x0000000704300000, 0x0000000704300000|100%|HS|  |TS  0|AC  0|TAMS 0x0000000704200000, 0x0000000704200000|
|  67|0x0000000704300000, 0x0000000704400000, 0x0000000704400000|100%|HC|  |TS  0|AC  0|TAMS 0x0000000704300000, 0x0000000704300000|
|  68|0x0000000704400000, 0x0000000704500000, 0x0000000704500000|100%| O|  |TS  0|AC  0|TAMS 0x0000000704400000, 0x0000000704400000|
|  69|0x0000000704500000, 0x00000007045fffb8, 0x0000000704600000| 99%| O|  |TS  0|AC  0|TAMS 0x0000000704500000, 0x0000000704500000|
|  70|0x0000000704600000, 0x00000007046fffe8, 0x0000000704700000| 99%| O|  |TS  0|AC  0|TAMS 0x0000000704600000, 0x0000000704600000|
|  71|0x0000000704700000, 0x00000007047fffe8, 0x0000000704800000| 99%| O|  |TS  0|AC  0|TAMS 0x0000000704700000, 0x0000000704700000|
|  72|0x0000000704800000, 0x0000000704900000, 0x0000000704900000|100%| O|  |TS  0|AC  0|TAMS 0x0000000704800000, 0x0000000704800000|
|  73|0x0000000704900000, 0x00000007049fffe8, 0x0000000704a00000| 99%| O|  |TS  0|AC  0|TAMS 0x0000000704900000, 0x0000000704900000|
|  74|0x0000000704a00000, 0x0000000704afffc8, 0x0000000704b00000| 99%| O|  |TS  0|AC  0|TAMS 0x0000000704a00000, 0x0000000704a00000|
|  75|0x0000000704b00000, 0x0000000704bfff60, 0x0000000704c00000| 99%| O|  |TS  0|AC  0|TAMS 0x0000000704b00000, 0x0000000704b00000|
|  76|0x0000000704c00000, 0x0000000704cfffd8, 0x0000000704d00000| 99%| O|  |TS  0|AC  0|TAMS 0x0000000704c00000, 0x0000000704c00000|
|  77|0x0000000704d00000, 0x0000000704dffff8, 0x0000000704e00000| 99%| O|  |TS  0|AC  0|TAMS 0x0000000704d00000, 0x0000000704d00000|
|  78|0x0000000704e00000, 0x0000000704f00000, 0x0000000704f00000|100%|HS|  |TS  0|AC  0|TAMS 0x0000000704e00000, 0x0000000704e00000|
|  79|0x0000000704f00000, 0x0000000705000000, 0x0000000705000000|100%|HC|  |TS  0|AC  0|TAMS 0x0000000704f00000, 0x0000000704f00000|
|  80|0x0000000705000000, 0x0000000705100000, 0x0000000705100000|100%|HC|  |TS  0|AC  0|TAMS 0x0000000705000000, 0x0000000705000000|
|  81|0x0000000705100000, 0x0000000705200000, 0x0000000705200000|100%|HC|  |TS  0|AC  0|TAMS 0x0000000705100000, 0x0000000705100000|
|  82|0x0000000705200000, 0x0000000705300000, 0x0000000705300000|100%|HC|  |TS  0|AC  0|TAMS 0x0000000705200000, 0x0000000705200000|
|  83|0x0000000705300000, 0x0000000705400000, 0x0000000705400000|100%|HC|  |TS  0|AC  0|TAMS 0x0000000705300000, 0x0000000705300000|
|  84|0x0000000705400000, 0x0000000705500000, 0x0000000705500000|100%|HC|  |TS  0|AC  0|TAMS 0x0000000705400000, 0x0000000705400000|
|  85|0x0000000705500000, 0x0000000705600000, 0x0000000705600000|100%|HC|  |TS  0|AC  0|TAMS 0x0000000705500000, 0x0000000705500000|
|  86|0x0000000705600000, 0x0000000705700000, 0x0000000705700000|100%|HC|  |TS  0|AC  0|TAMS 0x0000000705600000, 0x0000000705600000|
|  87|0x0000000705700000, 0x0000000705800000, 0x0000000705800000|100%|HC|  |TS  0|AC  0|TAMS 0x0000000705700000, 0x0000000705700000|
|  88|0x0000000705800000, 0x0000000705900000, 0x0000000705900000|100%|HC|  |TS  0|AC  0|TAMS 0x0000000705800000, 0x0000000705800000|
|  89|0x0000000705900000, 0x0000000705a00000, 0x0000000705a00000|100%|HC|  |TS  0|AC  0|TAMS 0x0000000705900000, 0x0000000705900000|
|  90|0x0000000705a00000, 0x0000000705af3dc0, 0x0000000705b00000| 95%| O|  |TS  0|AC  0|TAMS 0x0000000705a00000, 0x0000000705a00000|
|  91|0x0000000705b00000, 0x0000000705c00000, 0x0000000705c00000|100%|HS|  |TS  0|AC  0|TAMS 0x0000000705b00000, 0x0000000705b00000|
|  92|0x0000000705c00000, 0x0000000705d00000, 0x0000000705d00000|100%|HC|  |TS  0|AC  0|TAMS 0x0000000705c00000, 0x0000000705c00000|
|  93|0x0000000705d00000, 0x0000000705e00000, 0x0000000705e00000|100%|HC|  |TS  0|AC  0|TAMS 0x0000000705d00000, 0x0000000705d00000|
|  94|0x0000000705e00000, 0x0000000705f00000, 0x0000000705f00000|100%|HC|  |TS  0|AC  0|TAMS 0x0000000705e00000, 0x0000000705e00000|
|  95|0x0000000705f00000, 0x0000000706000000, 0x0000000706000000|100%|HC|  |TS  0|AC  0|TAMS 0x0000000705f00000, 0x0000000705f00000|
|  96|0x0000000706000000, 0x0000000706000000, 0x0000000706100000|  0%| F|  |TS  0|AC  0|TAMS 0x0000000706000000, 0x0000000706000000|
|  97|0x0000000706100000, 0x0000000706100000, 0x0000000706200000|  0%| F|  |TS  0|AC  0|TAMS 0x0000000706100000, 0x0000000706100000|
|  98|0x0000000706200000, 0x0000000706200000, 0x0000000706300000|  0%| F|  |TS  0|AC  0|TAMS 0x0000000706200000, 0x0000000706200000|
|  99|0x0000000706300000, 0x0000000706300000, 0x0000000706400000|  0%| F|  |TS  0|AC  0|TAMS 0x0000000706300000, 0x0000000706300000|
| 100|0x0000000706400000, 0x0000000706400000, 0x0000000706500000|  0%| F|  |TS  0|AC  0|TAMS 0x0000000706400000, 0x0000000706400000|
| 101|0x0000000706500000, 0x0000000706500000, 0x0000000706600000|  0%| F|  |TS  0|AC  0|TAMS 0x0000000706500000, 0x0000000706500000|
| 102|0x0000000706600000, 0x0000000706600000, 0x0000000706700000|  0%| F|  |TS  0|AC  0|TAMS 0x0000000706600000, 0x0000000706600000|
| 103|0x0000000706700000, 0x0000000706700000, 0x0000000706800000|  0%| F|  |TS  0|AC  0|TAMS 0x0000000706700000, 0x0000000706700000|
| 104|0x0000000706800000, 0x0000000706800000, 0x0000000706900000|  0%| F|  |TS  0|AC  0|TAMS 0x0000000706800000, 0x0000000706800000|
| 105|0x0000000706900000, 0x0000000706900000, 0x0000000706a00000|  0%| F|  |TS  0|AC  0|TAMS 0x0000000706900000, 0x0000000706900000|
| 106|0x0000000706a00000, 0x0000000706b00000, 0x0000000706b00000|100%|HS|  |TS  0|AC  0|TAMS 0x0000000706a00000, 0x0000000706a00000|
| 107|0x0000000706b00000, 0x0000000706c00000, 0x0000000706c00000|100%|HC|  |TS  0|AC  0|TAMS 0x0000000706b00000, 0x0000000706b00000|
| 108|0x0000000706c00000, 0x0000000706d00000, 0x0000000706d00000|100%|HS|  |TS  0|AC  0|TAMS 0x0000000706c00000, 0x0000000706c00000|
| 109|0x0000000706d00000, 0x0000000706e00000, 0x0000000706e00000|100%|HC|  |TS  0|AC  0|TAMS 0x0000000706d00000, 0x0000000706d00000|
| 110|0x0000000706e00000, 0x0000000706f00000, 0x0000000706f00000|100%|HC|  |TS  0|AC  0|TAMS 0x0000000706e00000, 0x0000000706e00000|
| 111|0x0000000706f00000, 0x0000000707000000, 0x0000000707000000|100%|HC|  |TS  0|AC  0|TAMS 0x0000000706f00000, 0x0000000706f00000|
| 112|0x0000000707000000, 0x0000000707100000, 0x0000000707100000|100%|HC|  |TS  0|AC  0|TAMS 0x0000000707000000, 0x0000000707000000|
| 113|0x0000000707100000, 0x0000000707100000, 0x0000000707200000|  0%| F|  |TS  0|AC  0|TAMS 0x0000000707100000, 0x0000000707100000|
| 114|0x0000000707200000, 0x0000000707200000, 0x0000000707300000|  0%| F|  |TS  0|AC  0|TAMS 0x0000000707200000, 0x0000000707200000|
| 115|0x0000000707300000, 0x0000000707300000, 0x0000000707400000|  0%| F|  |TS  0|AC  0|TAMS 0x0000000707300000, 0x0000000707300000|
| 116|0x0000000707400000, 0x0000000707400000, 0x0000000707500000|  0%| F|  |TS  0|AC  0|TAMS 0x0000000707400000, 0x0000000707400000|
| 117|0x0000000707500000, 0x0000000707500000, 0x0000000707600000|  0%| F|  |TS  0|AC  0|TAMS 0x0000000707500000, 0x0000000707500000|
| 118|0x0000000707600000, 0x0000000707600000, 0x0000000707700000|  0%| F|  |TS  0|AC  0|TAMS 0x0000000707600000, 0x0000000707600000|
| 119|0x0000000707700000, 0x0000000707700000, 0x0000000707800000|  0%| F|  |TS  0|AC  0|TAMS 0x0000000707700000, 0x0000000707700000|
| 120|0x0000000707800000, 0x0000000707800000, 0x0000000707900000|  0%| F|  |TS  0|AC  0|TAMS 0x0000000707800000, 0x0000000707800000|
| 121|0x0000000707900000, 0x0000000707900000, 0x0000000707a00000|  0%| F|  |TS  0|AC  0|TAMS 0x0000000707900000, 0x0000000707900000|
| 122|0x0000000707a00000, 0x0000000707a00000, 0x0000000707b00000|  0%| F|  |TS  0|AC  0|TAMS 0x0000000707a00000, 0x0000000707a00000|
| 123|0x0000000707b00000, 0x0000000707b00000, 0x0000000707c00000|  0%| F|  |TS  0|AC  0|TAMS 0x0000000707b00000, 0x0000000707b00000|
| 124|0x0000000707c00000, 0x0000000707c00000, 0x0000000707d00000|  0%| F|  |TS  0|AC  0|TAMS 0x0000000707c00000, 0x0000000707c00000|
| 125|0x0000000707d00000, 0x0000000707d00000, 0x0000000707e00000|  0%| F|  |TS  0|AC  0|TAMS 0x0000000707d00000, 0x0000000707d00000|
| 126|0x0000000707e00000, 0x0000000707e00000, 0x0000000707f00000|  0%| F|  |TS  0|AC  0|TAMS 0x0000000707e00000, 0x0000000707e00000|
| 127|0x0000000707f00000, 0x0000000707f00000, 0x0000000708000000|  0%| F|  |TS  0|AC  0|TAMS 0x0000000707f00000, 0x0000000707f00000|
| 128|0x0000000708000000, 0x0000000708000000, 0x0000000708100000|  0%| F|  |TS  0|AC  0|TAMS 0x0000000708000000, 0x0000000708000000|
| 129|0x0000000708100000, 0x0000000708100000, 0x0000000708200000|  0%| F|  |TS  0|AC  0|TAMS 0x0000000708100000, 0x0000000708100000|
| 130|0x0000000708200000, 0x0000000708200000, 0x0000000708300000|  0%| F|  |TS  0|AC  0|TAMS 0x0000000708200000, 0x0000000708200000|
| 131|0x0000000708300000, 0x0000000708300000, 0x0000000708400000|  0%| F|  |TS  0|AC  0|TAMS 0x0000000708300000, 0x0000000708300000|
| 132|0x0000000708400000, 0x0000000708400000, 0x0000000708500000|  0%| F|  |TS  0|AC  0|TAMS 0x0000000708400000, 0x0000000708400000|
| 133|0x0000000708500000, 0x0000000708500000, 0x0000000708600000|  0%| F|  |TS  0|AC  0|TAMS 0x0000000708500000, 0x0000000708500000|
| 134|0x0000000708600000, 0x0000000708600000, 0x0000000708700000|  0%| F|  |TS  0|AC  0|TAMS 0x0000000708600000, 0x0000000708600000|
| 135|0x0000000708700000, 0x0000000708700000, 0x0000000708800000|  0%| F|  |TS  0|AC  0|TAMS 0x0000000708700000, 0x0000000708700000|
| 136|0x0000000708800000, 0x0000000708800000, 0x0000000708900000|  0%| F|  |TS  0|AC  0|TAMS 0x0000000708800000, 0x0000000708800000|
| 137|0x0000000708900000, 0x0000000708900000, 0x0000000708a00000|  0%| F|  |TS  0|AC  0|TAMS 0x0000000708900000, 0x0000000708900000|
| 138|0x0000000708a00000, 0x0000000708a00000, 0x0000000708b00000|  0%| F|  |TS  0|AC  0|TAMS 0x0000000708a00000, 0x0000000708a00000|
| 139|0x0000000708b00000, 0x0000000708b00000, 0x0000000708c00000|  0%| F|  |TS  0|AC  0|TAMS 0x0000000708b00000, 0x0000000708b00000|
| 140|0x0000000708c00000, 0x0000000708c00000, 0x0000000708d00000|  0%| F|  |TS  0|AC  0|TAMS 0x0000000708c00000, 0x0000000708c00000|
| 141|0x0000000708d00000, 0x0000000708d00000, 0x0000000708e00000|  0%| F|  |TS  0|AC  0|TAMS 0x0000000708d00000, 0x0000000708d00000|
| 142|0x0000000708e00000, 0x0000000708e00000, 0x0000000708f00000|  0%| F|  |TS  0|AC  0|TAMS 0x0000000708e00000, 0x0000000708e00000|
| 143|0x0000000708f00000, 0x0000000708f00000, 0x0000000709000000|  0%| F|  |TS  0|AC  0|TAMS 0x0000000708f00000, 0x0000000708f00000|
| 144|0x0000000709000000, 0x0000000709000000, 0x0000000709100000|  0%| F|  |TS  0|AC  0|TAMS 0x0000000709000000, 0x0000000709000000|
| 145|0x0000000709100000, 0x0000000709100000, 0x0000000709200000|  0%| F|  |TS  0|AC  0|TAMS 0x0000000709100000, 0x0000000709100000|
| 146|0x0000000709200000, 0x0000000709200000, 0x0000000709300000|  0%| F|  |TS  0|AC  0|TAMS 0x0000000709200000, 0x0000000709200000|
| 147|0x0000000709300000, 0x0000000709300000, 0x0000000709400000|  0%| F|  |TS  0|AC  0|TAMS 0x0000000709300000, 0x0000000709300000|
| 148|0x0000000709400000, 0x0000000709400000, 0x0000000709500000|  0%| F|  |TS  0|AC  0|TAMS 0x0000000709400000, 0x0000000709400000|
| 149|0x0000000709500000, 0x0000000709500000, 0x0000000709600000|  0%| F|  |TS  0|AC  0|TAMS 0x0000000709500000, 0x0000000709500000|
| 150|0x0000000709600000, 0x0000000709600000, 0x0000000709700000|  0%| F|  |TS  0|AC  0|TAMS 0x0000000709600000, 0x0000000709600000|
| 151|0x0000000709700000, 0x0000000709700000, 0x0000000709800000|  0%| F|  |TS  0|AC  0|TAMS 0x0000000709700000, 0x0000000709700000|
| 152|0x0000000709800000, 0x0000000709800000, 0x0000000709900000|  0%| F|  |TS  0|AC  0|TAMS 0x0000000709800000, 0x0000000709800000|
| 153|0x0000000709900000, 0x0000000709900000, 0x0000000709a00000|  0%| F|  |TS  0|AC  0|TAMS 0x0000000709900000, 0x0000000709900000|
| 154|0x0000000709a00000, 0x0000000709a00000, 0x0000000709b00000|  0%| F|  |TS  0|AC  0|TAMS 0x0000000709a00000, 0x0000000709a00000|
| 155|0x0000000709b00000, 0x0000000709b00000, 0x0000000709c00000|  0%| F|  |TS  0|AC  0|TAMS 0x0000000709b00000, 0x0000000709b00000|
| 156|0x0000000709c00000, 0x0000000709c00000, 0x0000000709d00000|  0%| F|  |TS  0|AC  0|TAMS 0x0000000709c00000, 0x0000000709c00000|
| 157|0x0000000709d00000, 0x0000000709d00000, 0x0000000709e00000|  0%| F|  |TS  0|AC  0|TAMS 0x0000000709d00000, 0x0000000709d00000|
| 158|0x0000000709e00000, 0x0000000709e00000, 0x0000000709f00000|  0%| F|  |TS  0|AC  0|TAMS 0x0000000709e00000, 0x0000000709e00000|
| 159|0x0000000709f00000, 0x0000000709f00000, 0x000000070a000000|  0%| F|  |TS  0|AC  0|TAMS 0x0000000709f00000, 0x0000000709f00000|
| 160|0x000000070a000000, 0x000000070a000000, 0x000000070a100000|  0%| F|  |TS  0|AC  0|TAMS 0x000000070a000000, 0x000000070a000000|
| 161|0x000000070a100000, 0x000000070a100000, 0x000000070a200000|  0%| F|  |TS  0|AC  0|TAMS 0x000000070a100000, 0x000000070a100000|
| 162|0x000000070a200000, 0x000000070a200000, 0x000000070a300000|  0%| F|  |TS  0|AC  0|TAMS 0x000000070a200000, 0x000000070a200000|
| 163|0x000000070a300000, 0x000000070a300000, 0x000000070a400000|  0%| F|  |TS  0|AC  0|TAMS 0x000000070a300000, 0x000000070a300000|
| 164|0x000000070a400000, 0x000000070a400000, 0x000000070a500000|  0%| F|  |TS  0|AC  0|TAMS 0x000000070a400000, 0x000000070a400000|
| 165|0x000000070a500000, 0x000000070a500000, 0x000000070a600000|  0%| F|  |TS  0|AC  0|TAMS 0x000000070a500000, 0x000000070a500000|
| 166|0x000000070a600000, 0x000000070a600000, 0x000000070a700000|  0%| F|  |TS  0|AC  0|TAMS 0x000000070a600000, 0x000000070a600000|
| 167|0x000000070a700000, 0x000000070a700000, 0x000000070a800000|  0%| F|  |TS  0|AC  0|TAMS 0x000000070a700000, 0x000000070a700000|
| 168|0x000000070a800000, 0x000000070a800000, 0x000000070a900000|  0%| F|  |TS  0|AC  0|TAMS 0x000000070a800000, 0x000000070a800000|
| 169|0x000000070a900000, 0x000000070a900000, 0x000000070aa00000|  0%| F|  |TS  0|AC  0|TAMS 0x000000070a900000, 0x000000070a900000|
| 170|0x000000070aa00000, 0x000000070aa00000, 0x000000070ab00000|  0%| F|  |TS  0|AC  0|TAMS 0x000000070aa00000, 0x000000070aa00000|
| 171|0x000000070ab00000, 0x000000070ab00000, 0x000000070ac00000|  0%| F|  |TS  0|AC  0|TAMS 0x000000070ab00000, 0x000000070ab00000|
| 172|0x000000070ac00000, 0x000000070ac00000, 0x000000070ad00000|  0%| F|  |TS  0|AC  0|TAMS 0x000000070ac00000, 0x000000070ac00000|
| 173|0x000000070ad00000, 0x000000070ad00000, 0x000000070ae00000|  0%| F|  |TS  0|AC  0|TAMS 0x000000070ad00000, 0x000000070ad00000|
| 174|0x000000070ae00000, 0x000000070ae00000, 0x000000070af00000|  0%| F|  |TS  0|AC  0|TAMS 0x000000070ae00000, 0x000000070ae00000|
| 175|0x000000070af00000, 0x000000070af00000, 0x000000070b000000|  0%| F|  |TS  0|AC  0|TAMS 0x000000070af00000, 0x000000070af00000|
| 176|0x000000070b000000, 0x000000070b000000, 0x000000070b100000|  0%| F|  |TS  0|AC  0|TAMS 0x000000070b000000, 0x000000070b000000|
| 177|0x000000070b100000, 0x000000070b100000, 0x000000070b200000|  0%| F|  |TS  0|AC  0|TAMS 0x000000070b100000, 0x000000070b100000|
| 178|0x000000070b200000, 0x000000070b200000, 0x000000070b300000|  0%| F|  |TS  0|AC  0|TAMS 0x000000070b200000, 0x000000070b200000|
| 179|0x000000070b300000, 0x000000070b300000, 0x000000070b400000|  0%| F|  |TS  0|AC  0|TAMS 0x000000070b300000, 0x000000070b300000|
| 180|0x000000070b400000, 0x000000070b400000, 0x000000070b500000|  0%| F|  |TS  0|AC  0|TAMS 0x000000070b400000, 0x000000070b400000|
| 181|0x000000070b500000, 0x000000070b500000, 0x000000070b600000|  0%| F|  |TS  0|AC  0|TAMS 0x000000070b500000, 0x000000070b500000|
| 182|0x000000070b600000, 0x000000070b600000, 0x000000070b700000|  0%| F|  |TS  0|AC  0|TAMS 0x000000070b600000, 0x000000070b600000|
| 183|0x000000070b700000, 0x000000070b700000, 0x000000070b800000|  0%| F|  |TS  0|AC  0|TAMS 0x000000070b700000, 0x000000070b700000|
| 184|0x000000070b800000, 0x000000070b800000, 0x000000070b900000|  0%| F|  |TS  0|AC  0|TAMS 0x000000070b800000, 0x000000070b800000|
| 185|0x000000070b900000, 0x000000070b900000, 0x000000070ba00000|  0%| F|  |TS  0|AC  0|TAMS 0x000000070b900000, 0x000000070b900000|
| 186|0x000000070ba00000, 0x000000070ba00000, 0x000000070bb00000|  0%| F|  |TS  0|AC  0|TAMS 0x000000070ba00000, 0x000000070ba00000|
| 187|0x000000070bb00000, 0x000000070bb00000, 0x000000070bc00000|  0%| F|  |TS  0|AC  0|TAMS 0x000000070bb00000, 0x000000070bb00000|
| 188|0x000000070bc00000, 0x000000070bc00000, 0x000000070bd00000|  0%| F|  |TS  0|AC  0|TAMS 0x000000070bc00000, 0x000000070bc00000|
| 189|0x000000070bd00000, 0x000000070bd00000, 0x000000070be00000|  0%| F|  |TS  0|AC  0|TAMS 0x000000070bd00000, 0x000000070bd00000|
| 190|0x000000070be00000, 0x000000070be00000, 0x000000070bf00000|  0%| F|  |TS  0|AC  0|TAMS 0x000000070be00000, 0x000000070be00000|
| 191|0x000000070bf00000, 0x000000070bf00000, 0x000000070c000000|  0%| F|  |TS  0|AC  0|TAMS 0x000000070bf00000, 0x000000070bf00000|
| 192|0x000000070c000000, 0x000000070c000000, 0x000000070c100000|  0%| F|  |TS  0|AC  0|TAMS 0x000000070c000000, 0x000000070c000000|
| 193|0x000000070c100000, 0x000000070c100000, 0x000000070c200000|  0%| F|  |TS  0|AC  0|TAMS 0x000000070c100000, 0x000000070c100000|
| 194|0x000000070c200000, 0x000000070c200000, 0x000000070c300000|  0%| F|  |TS  0|AC  0|TAMS 0x000000070c200000, 0x000000070c200000|
| 195|0x000000070c300000, 0x000000070c300000, 0x000000070c400000|  0%| F|  |TS  0|AC  0|TAMS 0x000000070c300000, 0x000000070c300000|
| 196|0x000000070c400000, 0x000000070c400000, 0x000000070c500000|  0%| F|  |TS  0|AC  0|TAMS 0x000000070c400000, 0x000000070c400000|
| 197|0x000000070c500000, 0x000000070c500000, 0x000000070c600000|  0%| F|  |TS  0|AC  0|TAMS 0x000000070c500000, 0x000000070c500000|
| 198|0x000000070c600000, 0x000000070c600000, 0x000000070c700000|  0%| F|  |TS  0|AC  0|TAMS 0x000000070c600000, 0x000000070c600000|
| 199|0x000000070c700000, 0x000000070c700000, 0x000000070c800000|  0%| F|  |TS  0|AC  0|TAMS 0x000000070c700000, 0x000000070c700000|
| 200|0x000000070c800000, 0x000000070c800000, 0x000000070c900000|  0%| F|  |TS  0|AC  0|TAMS 0x000000070c800000, 0x000000070c800000|
| 201|0x000000070c900000, 0x000000070c900000, 0x000000070ca00000|  0%| F|  |TS  0|AC  0|TAMS 0x000000070c900000, 0x000000070c900000|
| 202|0x000000070ca00000, 0x000000070ca00000, 0x000000070cb00000|  0%| F|  |TS  0|AC  0|TAMS 0x000000070ca00000, 0x000000070ca00000|
| 203|0x000000070cb00000, 0x000000070cb00000, 0x000000070cc00000|  0%| F|  |TS  0|AC  0|TAMS 0x000000070cb00000, 0x000000070cb00000|
| 204|0x000000070cc00000, 0x000000070cc00000, 0x000000070cd00000|  0%| F|  |TS  0|AC  0|TAMS 0x000000070cc00000, 0x000000070cc00000|
| 205|0x000000070cd00000, 0x000000070cd00000, 0x000000070ce00000|  0%| F|  |TS  0|AC  0|TAMS 0x000000070cd00000, 0x000000070cd00000|
| 206|0x000000070ce00000, 0x000000070ce00000, 0x000000070cf00000|  0%| F|  |TS  0|AC  0|TAMS 0x000000070ce00000, 0x000000070ce00000|
| 207|0x000000070cf00000, 0x000000070cf00000, 0x000000070d000000|  0%| F|  |TS  0|AC  0|TAMS 0x000000070cf00000, 0x000000070cf00000|
| 208|0x000000070d000000, 0x000000070d000000, 0x000000070d100000|  0%| F|  |TS  0|AC  0|TAMS 0x000000070d000000, 0x000000070d000000|
| 209|0x000000070d100000, 0x000000070d100000, 0x000000070d200000|  0%| F|  |TS  0|AC  0|TAMS 0x000000070d100000, 0x000000070d100000|
| 210|0x000000070d200000, 0x000000070d200000, 0x000000070d300000|  0%| F|  |TS  0|AC  0|TAMS 0x000000070d200000, 0x000000070d200000|
| 211|0x000000070d300000, 0x000000070d300000, 0x000000070d400000|  0%| F|  |TS  0|AC  0|TAMS 0x000000070d300000, 0x000000070d300000|
| 212|0x000000070d400000, 0x000000070d400000, 0x000000070d500000|  0%| F|  |TS  0|AC  0|TAMS 0x000000070d400000, 0x000000070d400000|
| 213|0x000000070d500000, 0x000000070d500000, 0x000000070d600000|  0%| F|  |TS  0|AC  0|TAMS 0x000000070d500000, 0x000000070d500000|
| 214|0x000000070d600000, 0x000000070d600000, 0x000000070d700000|  0%| F|  |TS  0|AC  0|TAMS 0x000000070d600000, 0x000000070d600000|
| 215|0x000000070d700000, 0x000000070d700000, 0x000000070d800000|  0%| F|  |TS  0|AC  0|TAMS 0x000000070d700000, 0x000000070d700000|
| 216|0x000000070d800000, 0x000000070d800000, 0x000000070d900000|  0%| F|  |TS  0|AC  0|TAMS 0x000000070d800000, 0x000000070d800000|
| 217|0x000000070d900000, 0x000000070d900000, 0x000000070da00000|  0%| F|  |TS  0|AC  0|TAMS 0x000000070d900000, 0x000000070d900000|
| 218|0x000000070da00000, 0x000000070da00000, 0x000000070db00000|  0%| F|  |TS  0|AC  0|TAMS 0x000000070da00000, 0x000000070da00000|
| 219|0x000000070db00000, 0x000000070db00000, 0x000000070dc00000|  0%| F|  |TS  0|AC  0|TAMS 0x000000070db00000, 0x000000070db00000|
| 220|0x000000070dc00000, 0x000000070dc00000, 0x000000070dd00000|  0%| F|  |TS  0|AC  0|TAMS 0x000000070dc00000, 0x000000070dc00000|
| 221|0x000000070dd00000, 0x000000070dd00000, 0x000000070de00000|  0%| F|  |TS  0|AC  0|TAMS 0x000000070dd00000, 0x000000070dd00000|
| 222|0x000000070de00000, 0x000000070de00000, 0x000000070df00000|  0%| F|  |TS  0|AC  0|TAMS 0x000000070de00000, 0x000000070de00000|
| 223|0x000000070df00000, 0x000000070df00000, 0x000000070e000000|  0%| F|  |TS  0|AC  0|TAMS 0x000000070df00000, 0x000000070df00000|
| 224|0x000000070e000000, 0x000000070e000000, 0x000000070e100000|  0%| F|  |TS  0|AC  0|TAMS 0x000000070e000000, 0x000000070e000000|
| 225|0x000000070e100000, 0x000000070e100000, 0x000000070e200000|  0%| F|  |TS  0|AC  0|TAMS 0x000000070e100000, 0x000000070e100000|
| 226|0x000000070e200000, 0x000000070e200000, 0x000000070e300000|  0%| F|  |TS  0|AC  0|TAMS 0x000000070e200000, 0x000000070e200000|
| 227|0x000000070e300000, 0x000000070e300000, 0x000000070e400000|  0%| F|  |TS  0|AC  0|TAMS 0x000000070e300000, 0x000000070e300000|
| 228|0x000000070e400000, 0x000000070e400000, 0x000000070e500000|  0%| F|  |TS  0|AC  0|TAMS 0x000000070e400000, 0x000000070e400000|
| 229|0x000000070e500000, 0x000000070e500000, 0x000000070e600000|  0%| F|  |TS  0|AC  0|TAMS 0x000000070e500000, 0x000000070e500000|
| 230|0x000000070e600000, 0x000000070e600000, 0x000000070e700000|  0%| F|  |TS  0|AC  0|TAMS 0x000000070e600000, 0x000000070e600000|
| 231|0x000000070e700000, 0x000000070e700000, 0x000000070e800000|  0%| F|  |TS  0|AC  0|TAMS 0x000000070e700000, 0x000000070e700000|
| 232|0x000000070e800000, 0x000000070e800000, 0x000000070e900000|  0%| F|  |TS  0|AC  0|TAMS 0x000000070e800000, 0x000000070e800000|
| 233|0x000000070e900000, 0x000000070e900000, 0x000000070ea00000|  0%| F|  |TS  0|AC  0|TAMS 0x000000070e900000, 0x000000070e900000|
| 234|0x000000070ea00000, 0x000000070ea00000, 0x000000070eb00000|  0%| F|  |TS  0|AC  0|TAMS 0x000000070ea00000, 0x000000070ea00000|
| 235|0x000000070eb00000, 0x000000070eb00000, 0x000000070ec00000|  0%| F|  |TS  0|AC  0|TAMS 0x000000070eb00000, 0x000000070eb00000|
| 236|0x000000070ec00000, 0x000000070ec00000, 0x000000070ed00000|  0%| F|  |TS  0|AC  0|TAMS 0x000000070ec00000, 0x000000070ec00000|
| 237|0x000000070ed00000, 0x000000070ed00000, 0x000000070ee00000|  0%| F|  |TS  0|AC  0|TAMS 0x000000070ed00000, 0x000000070ed00000|
| 238|0x000000070ee00000, 0x000000070ee00000, 0x000000070ef00000|  0%| F|  |TS  0|AC  0|TAMS 0x000000070ee00000, 0x000000070ee00000|
| 239|0x000000070ef00000, 0x000000070ef00000, 0x000000070f000000|  0%| F|  |TS  0|AC  0|TAMS 0x000000070ef00000, 0x000000070ef00000|
| 240|0x000000070f000000, 0x000000070f000000, 0x000000070f100000|  0%| F|  |TS  0|AC  0|TAMS 0x000000070f000000, 0x000000070f000000|
| 241|0x000000070f100000, 0x000000070f100000, 0x000000070f200000|  0%| F|  |TS  0|AC  0|TAMS 0x000000070f100000, 0x000000070f100000|
| 242|0x000000070f200000, 0x000000070f200000, 0x000000070f300000|  0%| F|  |TS  0|AC  0|TAMS 0x000000070f200000, 0x000000070f200000|
| 243|0x000000070f300000, 0x000000070f300000, 0x000000070f400000|  0%| F|  |TS  0|AC  0|TAMS 0x000000070f300000, 0x000000070f300000|
| 244|0x000000070f400000, 0x000000070f400000, 0x000000070f500000|  0%| F|  |TS  0|AC  0|TAMS 0x000000070f400000, 0x000000070f400000|
| 245|0x000000070f500000, 0x000000070f500000, 0x000000070f600000|  0%| F|  |TS  0|AC  0|TAMS 0x000000070f500000, 0x000000070f500000|
| 246|0x000000070f600000, 0x000000070f600000, 0x000000070f700000|  0%| F|  |TS  0|AC  0|TAMS 0x000000070f600000, 0x000000070f600000|
| 247|0x000000070f700000, 0x000000070f700000, 0x000000070f800000|  0%| F|  |TS  0|AC  0|TAMS 0x000000070f700000, 0x000000070f700000|
| 248|0x000000070f800000, 0x000000070f800000, 0x000000070f900000|  0%| F|  |TS  0|AC  0|TAMS 0x000000070f800000, 0x000000070f800000|
| 249|0x000000070f900000, 0x000000070f900000, 0x000000070fa00000|  0%| F|  |TS  0|AC  0|TAMS 0x000000070f900000, 0x000000070f900000|
| 250|0x000000070fa00000, 0x000000070fa00000, 0x000000070fb00000|  0%| F|  |TS  0|AC  0|TAMS 0x000000070fa00000, 0x000000070fa00000|
| 251|0x000000070fb00000, 0x000000070fb00000, 0x000000070fc00000|  0%| F|  |TS  0|AC  0|TAMS 0x000000070fb00000, 0x000000070fb00000|
| 252|0x000000070fc00000, 0x000000070fc00000, 0x000000070fd00000|  0%| F|  |TS  0|AC  0|TAMS 0x000000070fc00000, 0x000000070fc00000|
| 253|0x000000070fd00000, 0x000000070fd00000, 0x000000070fe00000|  0%| F|  |TS  0|AC  0|TAMS 0x000000070fd00000, 0x000000070fd00000|
| 254|0x000000070fe00000, 0x000000070fe00000, 0x000000070ff00000|  0%| F|  |TS  0|AC  0|TAMS 0x000000070fe00000, 0x000000070fe00000|
| 255|0x000000070ff00000, 0x000000070ff00000, 0x0000000710000000|  0%| F|  |TS  0|AC  0|TAMS 0x000000070ff00000, 0x000000070ff00000|
| 256|0x0000000710000000, 0x0000000710000000, 0x0000000710100000|  0%| F|  |TS  0|AC  0|TAMS 0x0000000710000000, 0x0000000710000000|
| 257|0x0000000710100000, 0x0000000710100000, 0x0000000710200000|  0%| F|  |TS  0|AC  0|TAMS 0x0000000710100000, 0x0000000710100000|
| 258|0x0000000710200000, 0x0000000710200000, 0x0000000710300000|  0%| F|  |TS  0|AC  0|TAMS 0x0000000710200000, 0x0000000710200000|
| 259|0x0000000710300000, 0x0000000710300000, 0x0000000710400000|  0%| F|  |TS  0|AC  0|TAMS 0x0000000710300000, 0x0000000710300000|
| 260|0x0000000710400000, 0x0000000710400000, 0x0000000710500000|  0%| F|  |TS  0|AC  0|TAMS 0x0000000710400000, 0x0000000710400000|
| 261|0x0000000710500000, 0x0000000710500000, 0x0000000710600000|  0%| F|  |TS 13|AC  0|TAMS 0x0000000710500000, 0x0000000710500000|
| 262|0x0000000710600000, 0x000000071060f490, 0x0000000710700000|  5%| S|CS|TS 15|AC  0|TAMS 0x0000000710600000, 0x0000000710600000|
| 263|0x0000000710700000, 0x0000000710700000, 0x0000000710800000|  0%| F|  |TS 15|AC  0|TAMS 0x0000000710700000, 0x0000000710700000|
| 264|0x0000000710800000, 0x0000000710900000, 0x0000000710900000|100%| S|CS|TS 15|AC  0|TAMS 0x0000000710800000, 0x0000000710800000|
| 265|0x0000000710900000, 0x0000000710900000, 0x0000000710a00000|  0%| F|  |TS 15|AC  0|TAMS 0x0000000710900000, 0x0000000710900000|
| 266|0x0000000710a00000, 0x0000000710a00000, 0x0000000710b00000|  0%| F|  |TS 15|AC  0|TAMS 0x0000000710a00000, 0x0000000710a00000|
| 267|0x0000000710b00000, 0x0000000710b00000, 0x0000000710c00000|  0%| F|  |TS 15|AC  0|TAMS 0x0000000710b00000, 0x0000000710b00000|
| 268|0x0000000710c00000, 0x0000000710c00000, 0x0000000710d00000|  0%| F|  |TS 15|AC  0|TAMS 0x0000000710c00000, 0x0000000710c00000|
| 269|0x0000000710d00000, 0x0000000710d00000, 0x0000000710e00000|  0%| F|  |TS 15|AC  0|TAMS 0x0000000710d00000, 0x0000000710d00000|
| 270|0x0000000710e00000, 0x0000000710e00000, 0x0000000710f00000|  0%| F|  |TS 15|AC  0|TAMS 0x0000000710e00000, 0x0000000710e00000|
| 271|0x0000000710f00000, 0x0000000710f00000, 0x0000000711000000|  0%| F|  |TS 15|AC  0|TAMS 0x0000000710f00000, 0x0000000710f00000|
| 272|0x0000000711000000, 0x0000000711000000, 0x0000000711100000|  0%| F|  |TS 15|AC  0|TAMS 0x0000000711000000, 0x0000000711000000|
| 273|0x0000000711100000, 0x0000000711100000, 0x0000000711200000|  0%| F|  |TS 15|AC  0|TAMS 0x0000000711100000, 0x0000000711100000|
| 274|0x0000000711200000, 0x0000000711200000, 0x0000000711300000|  0%| F|  |TS 15|AC  0|TAMS 0x0000000711200000, 0x0000000711200000|
| 275|0x0000000711300000, 0x0000000711300000, 0x0000000711400000|  0%| F|  |TS 15|AC  0|TAMS 0x0000000711300000, 0x0000000711300000|
| 276|0x0000000711400000, 0x0000000711400000, 0x0000000711500000|  0%| F|  |TS 15|AC  0|TAMS 0x0000000711400000, 0x0000000711400000|
| 277|0x0000000711500000, 0x0000000711500000, 0x0000000711600000|  0%| F|  |TS 15|AC  0|TAMS 0x0000000711500000, 0x0000000711500000|
| 278|0x0000000711600000, 0x0000000711600000, 0x0000000711700000|  0%| F|  |TS 15|AC  0|TAMS 0x0000000711600000, 0x0000000711600000|
| 279|0x0000000711700000, 0x0000000711700000, 0x0000000711800000|  0%| F|  |TS 15|AC  0|TAMS 0x0000000711700000, 0x0000000711700000|
| 280|0x0000000711800000, 0x0000000711800000, 0x0000000711900000|  0%| F|  |TS 15|AC  0|TAMS 0x0000000711800000, 0x0000000711800000|
| 281|0x0000000711900000, 0x0000000711900000, 0x0000000711a00000|  0%| F|  |TS 15|AC  0|TAMS 0x0000000711900000, 0x0000000711900000|
| 282|0x0000000711a00000, 0x0000000711a00000, 0x0000000711b00000|  0%| F|  |TS 15|AC  0|TAMS 0x0000000711a00000, 0x0000000711a00000|
| 283|0x0000000711b00000, 0x0000000711b00000, 0x0000000711c00000|  0%| F|  |TS 15|AC  0|TAMS 0x0000000711b00000, 0x0000000711b00000|
| 284|0x0000000711c00000, 0x0000000711c00000, 0x0000000711d00000|  0%| F|  |TS 15|AC  0|TAMS 0x0000000711c00000, 0x0000000711c00000|
| 285|0x0000000711d00000, 0x0000000711d00000, 0x0000000711e00000|  0%| F|  |TS 15|AC  0|TAMS 0x0000000711d00000, 0x0000000711d00000|
| 286|0x0000000711e00000, 0x0000000711e00000, 0x0000000711f00000|  0%| F|  |TS 15|AC  0|TAMS 0x0000000711e00000, 0x0000000711e00000|
| 287|0x0000000711f00000, 0x0000000711f00000, 0x0000000712000000|  0%| F|  |TS 15|AC  0|TAMS 0x0000000711f00000, 0x0000000711f00000|
| 288|0x0000000712000000, 0x0000000712000000, 0x0000000712100000|  0%| F|  |TS 15|AC  0|TAMS 0x0000000712000000, 0x0000000712000000|
| 289|0x0000000712100000, 0x0000000712100000, 0x0000000712200000|  0%| F|  |TS 15|AC  0|TAMS 0x0000000712100000, 0x0000000712100000|
| 290|0x0000000712200000, 0x0000000712200000, 0x0000000712300000|  0%| F|  |TS 15|AC  0|TAMS 0x0000000712200000, 0x0000000712200000|
| 291|0x0000000712300000, 0x0000000712300000, 0x0000000712400000|  0%| F|  |TS 15|AC  0|TAMS 0x0000000712300000, 0x0000000712300000|
| 292|0x0000000712400000, 0x0000000712400000, 0x0000000712500000|  0%| F|  |TS 15|AC  0|TAMS 0x0000000712400000, 0x0000000712400000|
| 293|0x0000000712500000, 0x0000000712500000, 0x0000000712600000|  0%| F|  |TS 15|AC  0|TAMS 0x0000000712500000, 0x0000000712500000|
| 294|0x0000000712600000, 0x0000000712600000, 0x0000000712700000|  0%| F|  |TS 15|AC  0|TAMS 0x0000000712600000, 0x0000000712600000|
| 295|0x0000000712700000, 0x0000000712700000, 0x0000000712800000|  0%| F|  |TS 15|AC  0|TAMS 0x0000000712700000, 0x0000000712700000|
| 296|0x0000000712800000, 0x0000000712800000, 0x0000000712900000|  0%| F|  |TS 15|AC  0|TAMS 0x0000000712800000, 0x0000000712800000|
| 297|0x0000000712900000, 0x0000000712900000, 0x0000000712a00000|  0%| F|  |TS 15|AC  0|TAMS 0x0000000712900000, 0x0000000712900000|
| 298|0x0000000712a00000, 0x0000000712a00000, 0x0000000712b00000|  0%| F|  |TS 15|AC  0|TAMS 0x0000000712a00000, 0x0000000712a00000|
| 299|0x0000000712b00000, 0x0000000712b00000, 0x0000000712c00000|  0%| F|  |TS 15|AC  0|TAMS 0x0000000712b00000, 0x0000000712b00000|
| 300|0x0000000712c00000, 0x0000000712c00000, 0x0000000712d00000|  0%| F|  |TS 15|AC  0|TAMS 0x0000000712c00000, 0x0000000712c00000|
| 301|0x0000000712d00000, 0x0000000712d00000, 0x0000000712e00000|  0%| F|  |TS 15|AC  0|TAMS 0x0000000712d00000, 0x0000000712d00000|
| 302|0x0000000712e00000, 0x0000000712e00000, 0x0000000712f00000|  0%| F|  |TS 15|AC  0|TAMS 0x0000000712e00000, 0x0000000712e00000|
| 303|0x0000000712f00000, 0x0000000712f00000, 0x0000000713000000|  0%| F|  |TS 15|AC  0|TAMS 0x0000000712f00000, 0x0000000712f00000|
| 304|0x0000000713000000, 0x0000000713000000, 0x0000000713100000|  0%| F|  |TS 15|AC  0|TAMS 0x0000000713000000, 0x0000000713000000|
| 305|0x0000000713100000, 0x0000000713100000, 0x0000000713200000|  0%| F|  |TS 15|AC  0|TAMS 0x0000000713100000, 0x0000000713100000|
| 306|0x0000000713200000, 0x0000000713200000, 0x0000000713300000|  0%| F|  |TS 15|AC  0|TAMS 0x0000000713200000, 0x0000000713200000|
| 307|0x0000000713300000, 0x0000000713300000, 0x0000000713400000|  0%| F|  |TS 15|AC  0|TAMS 0x0000000713300000, 0x0000000713300000|
| 308|0x0000000713400000, 0x0000000713400000, 0x0000000713500000|  0%| F|  |TS 15|AC  0|TAMS 0x0000000713400000, 0x0000000713400000|
| 309|0x0000000713500000, 0x0000000713500000, 0x0000000713600000|  0%| F|  |TS 15|AC  0|TAMS 0x0000000713500000, 0x0000000713500000|
| 310|0x0000000713600000, 0x0000000713600000, 0x0000000713700000|  0%| F|  |TS 15|AC  0|TAMS 0x0000000713600000, 0x0000000713600000|
| 311|0x0000000713700000, 0x0000000713700000, 0x0000000713800000|  0%| F|  |TS 15|AC  0|TAMS 0x0000000713700000, 0x0000000713700000|
| 312|0x0000000713800000, 0x0000000713800000, 0x0000000713900000|  0%| F|  |TS 15|AC  0|TAMS 0x0000000713800000, 0x0000000713800000|
| 313|0x0000000713900000, 0x0000000713900000, 0x0000000713a00000|  0%| F|  |TS 15|AC  0|TAMS 0x0000000713900000, 0x0000000713900000|
| 314|0x0000000713a00000, 0x0000000713a00000, 0x0000000713b00000|  0%| F|  |TS 15|AC  0|TAMS 0x0000000713a00000, 0x0000000713a00000|
| 315|0x0000000713b00000, 0x0000000713b00000, 0x0000000713c00000|  0%| F|  |TS 15|AC  0|TAMS 0x0000000713b00000, 0x0000000713b00000|
| 316|0x0000000713c00000, 0x0000000713c00000, 0x0000000713d00000|  0%| F|  |TS 15|AC  0|TAMS 0x0000000713c00000, 0x0000000713c00000|
| 317|0x0000000713d00000, 0x0000000713d00000, 0x0000000713e00000|  0%| F|  |TS 15|AC  0|TAMS 0x0000000713d00000, 0x0000000713d00000|
| 318|0x0000000713e00000, 0x0000000713ea7da8, 0x0000000713f00000| 65%| E|  |TS 15|AC  0|TAMS 0x0000000713e00000, 0x0000000713e00000|
| 319|0x0000000713f00000, 0x0000000714000000, 0x0000000714000000|100%| E|CS|TS 15|AC  0|TAMS 0x0000000713f00000, 0x0000000713f00000|
| 320|0x0000000714000000, 0x0000000714100000, 0x0000000714100000|100%| E|CS|TS 15|AC  0|TAMS 0x0000000714000000, 0x0000000714000000|
| 321|0x0000000714100000, 0x0000000714200000, 0x0000000714200000|100%| E|CS|TS 15|AC  0|TAMS 0x0000000714100000, 0x0000000714100000|
| 322|0x0000000714200000, 0x0000000714300000, 0x0000000714300000|100%| E|CS|TS 15|AC  0|TAMS 0x0000000714200000, 0x0000000714200000|
| 323|0x0000000714300000, 0x0000000714400000, 0x0000000714400000|100%| E|CS|TS 15|AC  0|TAMS 0x0000000714300000, 0x0000000714300000|

Card table byte_map: [0x000001b2ac320000,0x000001b2ac920000] byte_map_base: 0x000001b2a8b20000

Marking Bits (Prev, Next): (CMBitMap*) 0x000001b2a7f476b0, (CMBitMap*) 0x000001b2a7f476e8
 Prev Bits: [0x000001b2c3af0000, 0x000001b2c6af0000)
 Next Bits: [0x000001b2c6af0000, 0x000001b2c9af0000)

Polling page: 0x000001b2a2230000

CodeHeap 'non-profiled nmethods': size=120000Kb used=19926Kb max_used=22225Kb free=100073Kb
 bounds [0x000001b2bc5c0000, 0x000001b2bdb80000, 0x000001b2c3af0000]
CodeHeap 'profiled nmethods': size=120000Kb used=36404Kb max_used=44110Kb free=83595Kb
 bounds [0x000001b2b5090000, 0x000001b2b7be0000, 0x000001b2bc5c0000]
CodeHeap 'non-nmethods': size=5760Kb used=1781Kb max_used=1833Kb free=3978Kb
 bounds [0x000001b2b4af0000, 0x000001b2b4d60000, 0x000001b2b5090000]
 total_blobs=31281 nmethods=15970 adapters=1114
 compilation: enabled

Compilation events (10 events):
Event: 355.831 Thread 0x000001b2a8eee000 21271       3       com.jidesoft.editor.CodeEditorMarkerSupport::indexToPoint (75 bytes)
Event: 355.833 Thread 0x000001b2a8eee000 nmethod 21271 0x000001b2b5322510 code [0x000001b2b53227e0, 0x000001b2b5323c40]
Event: 355.833 Thread 0x000001b2a8eee000 21270       1       com.jidesoft.marker.DefaultMarkerStripePainter::getMaxStripeHeight (2 bytes)
Event: 355.834 Thread 0x000001b2a8eee000 nmethod 21270 0x000001b2bc7d7090 code [0x000001b2bc7d7240, 0x000001b2bc7d7358]
Event: 355.843 Thread 0x000001b2a8eee000 21272   !   3       de.javasoft.plaf.synthetica.painter.ImagePainter::<init> (692 bytes)
Event: 355.849 Thread 0x000001b2a8eee000 nmethod 21272 0x000001b2b6140910 code [0x000001b2b61411a0, 0x000001b2b61477d0]
Event: 355.857 Thread 0x000001b2a8eee000 21273       3       de.javasoft.plaf.synthetica.styles.StyleWrapper::getInt (56 bytes)
Event: 355.857 Thread 0x000001b2a8eee000 nmethod 21273 0x000001b2b529ca10 code [0x000001b2b529cca0, 0x000001b2b529d9b0]
Event: 355.944 Thread 0x000001b2a8eee000 21274       3       de.javasoft.synthetica.plain.GraphicsUtils::paintText (387 bytes)
Event: 355.946 Thread 0x000001b2a8eee000 nmethod 21274 0x000001b2b56cc890 code [0x000001b2b56ccbc0, 0x000001b2b56ce900]

GC Heap History (10 events):
Event: 344.308 GC heap before
{Heap before GC invocations=290 (full 30):
 garbage-first heap   total 331776K, used 165289K [0x0000000700000000, 0x0000000700100a20, 0x00000007c0000000)
  region size 1024K, 60 young (61440K), 1 survivors (1024K)
 Metaspace       used 82726K, capacity 88760K, committed 88880K, reserved 1126400K
  class space    used 11175K, capacity 12238K, committed 12336K, reserved 1048576K
}
Event: 344.312 GC heap after
{Heap after GC invocations=291 (full 30):
 garbage-first heap   total 331776K, used 105154K [0x0000000700000000, 0x0000000700100a20, 0x00000007c0000000)
  region size 1024K, 1 young (1024K), 1 survivors (1024K)
 Metaspace       used 82726K, capacity 88760K, committed 88880K, reserved 1126400K
  class space    used 11175K, capacity 12238K, committed 12336K, reserved 1048576K
}
Event: 346.634 GC heap before
{Heap before GC invocations=291 (full 30):
 garbage-first heap   total 331776K, used 165570K [0x0000000700000000, 0x0000000700100a20, 0x00000007c0000000)
  region size 1024K, 60 young (61440K), 1 survivors (1024K)
 Metaspace       used 82756K, capacity 88766K, committed 88880K, reserved 1126400K
  class space    used 11176K, capacity 12239K, committed 12336K, reserved 1048576K
}
Event: 346.638 GC heap after
{Heap after GC invocations=292 (full 30):
 garbage-first heap   total 331776K, used 106283K [0x0000000700000000, 0x0000000700100a20, 0x00000007c0000000)
  region size 1024K, 2 young (2048K), 2 survivors (2048K)
 Metaspace       used 82756K, capacity 88766K, committed 88880K, reserved 1126400K
  class space    used 11176K, capacity 12239K, committed 12336K, reserved 1048576K
}
Event: 348.297 GC heap before
{Heap before GC invocations=292 (full 30):
 garbage-first heap   total 331776K, used 165675K [0x0000000700000000, 0x0000000700100a20, 0x00000007c0000000)
  region size 1024K, 61 young (62464K), 2 survivors (2048K)
 Metaspace       used 82756K, capacity 88766K, committed 88880K, reserved 1126400K
  class space    used 11176K, capacity 12239K, committed 12336K, reserved 1048576K
}
Event: 348.300 GC heap after
{Heap after GC invocations=293 (full 30):
 garbage-first heap   total 331776K, used 105978K [0x0000000700000000, 0x0000000700100a20, 0x00000007c0000000)
  region size 1024K, 2 young (2048K), 2 survivors (2048K)
 Metaspace       used 82756K, capacity 88766K, committed 88880K, reserved 1126400K
  class space    used 11176K, capacity 12239K, committed 12336K, reserved 1048576K
}
Event: 353.915 GC heap before
{Heap before GC invocations=293 (full 30):
 garbage-first heap   total 331776K, used 165370K [0x0000000700000000, 0x0000000700100a20, 0x00000007c0000000)
  region size 1024K, 60 young (61440K), 2 survivors (2048K)
 Metaspace       used 82760K, capacity 88830K, committed 89136K, reserved 1126400K
  class space    used 11176K, capacity 12239K, committed 12336K, reserved 1048576K
}
Event: 353.922 GC heap after
{Heap after GC invocations=294 (full 30):
 garbage-first heap   total 331776K, used 106139K [0x0000000700000000, 0x0000000700100a20, 0x00000007c0000000)
  region size 1024K, 2 young (2048K), 2 survivors (2048K)
 Metaspace       used 82760K, capacity 88830K, committed 89136K, reserved 1126400K
  class space    used 11176K, capacity 12239K, committed 12336K, reserved 1048576K
}
Event: 355.973 GC heap before
{Heap before GC invocations=294 (full 30):
 garbage-first heap   total 331776K, used 165531K [0x0000000700000000, 0x0000000700100a20, 0x00000007c0000000)
  region size 1024K, 60 young (61440K), 2 survivors (2048K)
 Metaspace       used 82777K, capacity 88830K, committed 89136K, reserved 1126400K
  class space    used 11176K, capacity 12239K, committed 12336K, reserved 1048576K
}
Event: 355.975 GC heap after
{Heap after GC invocations=295 (full 30):
 garbage-first heap   total 331776K, used 105481K [0x0000000700000000, 0x0000000700100a20, 0x00000007c0000000)
  region size 1024K, 2 young (2048K), 2 survivors (2048K)
 Metaspace       used 82777K, capacity 88830K, committed 89136K, reserved 1126400K
  class space    used 11176K, capacity 12239K, committed 12336K, reserved 1048576K
}

Deoptimization events (10 events):
Event: 307.148 Thread 0x000001b2cd84a000 Uncommon trap: reason=unstable_if action=reinterpret pc=0x000001b2bcde4b54 method=com.jidesoft.document.d.a(Ljava/awt/Component;Lcom/jidesoft/document/DocumentPane;)Ljava/awt/Component; @ 23 c2
Event: 324.832 Thread 0x000001b2cd84a000 Uncommon trap: reason=unstable_if action=reinterpret pc=0x000001b2bc912c94 method=com.jidesoft.grid.TreeTableModel.getRowIndex(Lcom/jidesoft/grid/Row;)I @ 1 c2
Event: 328.135 Thread 0x000001b2cd84a000 Uncommon trap: reason=bimorphic_or_optimized_type_check action=maybe_recompile pc=0x000001b2bdb31458 method=java.util.HashMap.removeNode(ILjava/lang/Object;Ljava/lang/Object;ZZ)Ljava/util/HashMap$Node; @ 68 c2
Event: 355.542 Thread 0x000001b2cd84a000 Uncommon trap: reason=class_check action=maybe_recompile pc=0x000001b2bd8e3ec8 method=javax.swing.plaf.synth.SynthButtonUI.getComponentState(Ljavax/swing/JComponent;)I @ 48 c2
Event: 355.542 Thread 0x000001b2cd84a000 Uncommon trap: reason=unstable_if action=reinterpret pc=0x000001b2bcfa392c method=de.javasoft.plaf.synthetica.painter.AnimationThreadFactory$AnimationThread.addComponent(Ljavax/swing/JComponent;Ljava/lang/String;II[Ljava/lang/String;ILjava/awt/Rectangle;)
Event: 355.546 Thread 0x000001b2cd84a000 Uncommon trap: reason=class_check action=maybe_recompile pc=0x000001b2bd8e3ec8 method=javax.swing.plaf.synth.SynthButtonUI.getComponentState(Ljavax/swing/JComponent;)I @ 48 c2
Event: 355.546 Thread 0x000001b2cd84a000 Uncommon trap: reason=unstable_if action=reinterpret pc=0x000001b2bcd250c4 method=de.javasoft.plaf.synthetica.styles.StyleWrapper.getInt(Ljavax/swing/plaf/synth/SynthContext;Ljava/lang/Object;I)I @ 31 c2
Event: 355.546 Thread 0x000001b2cd84a000 Uncommon trap: reason=unstable_if action=reinterpret pc=0x000001b2bcfe1b78 method=de.javasoft.synthetica.plain.GraphicsUtils.paintText(Ljavax/swing/plaf/synth/SynthContext;Ljava/awt/Graphics;Ljava/lang/String;III)V @ 69 c2
Event: 355.546 Thread 0x000001b2cd84a000 Uncommon trap: reason=class_check action=maybe_recompile pc=0x000001b2bd8e3ec8 method=javax.swing.plaf.synth.SynthButtonUI.getComponentState(Ljavax/swing/JComponent;)I @ 48 c2
Event: 355.673 Thread 0x000001b2cd84a000 Uncommon trap: reason=class_check action=maybe_recompile pc=0x000001b2bd1bed9c method=javax.swing.AbstractButton.setEnabled(Z)V @ 21 c2

Classes redefined (0 events):
No events

Internal exceptions (10 events):
Event: 172.916 Thread 0x000001b2cd84a000 Implicit null exception at 0x000001b2bcf58c32 to 0x000001b2bcf5cbb5
Event: 199.649 Thread 0x000001b2cd84a000 Exception <a 'java/lang/NoSuchMethodError'{0x00000007124f34f0}: method resolution failed> (0x00000007124f34f0) thrown at [t:/workspace/hotspot/src/share/vm/prims/methodHandles.cpp, line 1256]
Event: 218.618 Thread 0x000001b2cd84a000 Implicit null exception at 0x000001b2bd53291f to 0x000001b2bd533b9d
Event: 284.115 Thread 0x000001b2cd84a000 Implicit null exception at 0x000001b2bd9b00b0 to 0x000001b2bd9b0321
Event: 284.477 Thread 0x000001b2cd84a000 Exception <a 'java/lang/NoSuchMethodError'{0x000000071285ba10}: java.lang.invoke.DirectMethodHandle$Holder.invokeStatic(Ljava/lang/Object;Ljava/lang/Object;I)V> (0x000000071285ba10) thrown at [t:/workspace/hotspot/src/share/vm/interpreter/linkResolver.cpp
Event: 295.926 Thread 0x000001b2e75c7000 Exception <a 'java/lang/InterruptedException'{0x00000007131bd348}: sleep interrupted> (0x00000007131bd348) thrown at [t:/workspace/hotspot/src/share/vm/prims/jvm.cpp, line 3023]
Event: 295.939 Thread 0x000001b2e75ca800 Exception <a 'java/lang/InterruptedException'{0x000000071308dbb0}: sleep interrupted> (0x000000071308dbb0) thrown at [t:/workspace/hotspot/src/share/vm/prims/jvm.cpp, line 2984]
Event: 295.950 Thread 0x000001b2e75ca800 Exception <a 'java/lang/InterruptedException'{0x000000071309b570}: sleep interrupted> (0x000000071309b570) thrown at [t:/workspace/hotspot/src/share/vm/prims/jvm.cpp, line 2984]
Event: 307.029 Thread 0x000001b2cd84a000 Exception <a 'java/lang/NoSuchMethodError'{0x0000000710c73ed8}: java.lang.invoke.DirectMethodHandle$Holder.invokeSpecial(Ljava/lang/Object;Ljava/lang/Object;IILjava/lang/Object;Ljava/lang/Object;I)Ljava/lang/Object;> (0x0000000710c73ed8) thrown at [t:/wor
Event: 307.029 Thread 0x000001b2cd84a000 Exception <a 'java/lang/NoSuchMethodError'{0x0000000710c773b0}: java.lang.invoke.DelegatingMethodHandle$Holder.reinvoke_L(Ljava/lang/Object;IILjava/lang/Object;Ljava/lang/Object;I)Ljava/lang/Object;> (0x0000000710c773b0) thrown at [t:/workspace/hotspot/sr

Events (10 events):
Event: 355.546 Thread 0x000001b2cd84a000 Uncommon trap: trap_request=0xffffffde fr.pc=0x000001b2bd8e3ec8 relative=0x0000000000000788
Event: 355.546 Thread 0x000001b2cd84a000 DEOPT PACKING pc=0x000001b2bd8e3ec8 sp=0x0000004bebef5310
Event: 355.546 Thread 0x000001b2cd84a000 DEOPT UNPACKING pc=0x000001b2b4b3df29 sp=0x0000004bebef52c8 mode 2
Event: 355.673 Thread 0x000001b2cd84a000 Uncommon trap: trap_request=0xffffffde fr.pc=0x000001b2bd1bed9c relative=0x00000000000000dc
Event: 355.673 Thread 0x000001b2cd84a000 DEOPT PACKING pc=0x000001b2bd1bed9c sp=0x0000004bebef56f0
Event: 355.674 Thread 0x000001b2cd84a000 DEOPT UNPACKING pc=0x000001b2b4b3df29 sp=0x0000004bebef5688 mode 2
Event: 355.887 Executing VM operation: BulkRevokeBias
Event: 355.887 Executing VM operation: BulkRevokeBias done
Event: 355.973 Executing VM operation: G1IncCollectionPause
Event: 355.975 Executing VM operation: G1IncCollectionPause done


Dynamic libraries:
0x00007ff704430000 - 0x00007ff704460000 	E:\Xilinx_Tool\Vivado_2018.3\Vivado\2018.3\bin\unwrapped\win64.o\vivado.exe
0x00007ffefea10000 - 0x00007ffefec05000 	C:\Windows\SYSTEM32\ntdll.dll
0x00007ffefe160000 - 0x00007ffefe21e000 	C:\Windows\System32\KERNEL32.DLL
0x00007ffefc480000 - 0x00007ffefc748000 	C:\Windows\System32\KERNELBASE.dll
0x00007ffefc8e0000 - 0x00007ffefc9e0000 	C:\Windows\System32\ucrtbase.dll
0x00007ffef2890000 - 0x00007ffef292d000 	C:\Windows\SYSTEM32\MSVCP140.dll
0x00007ffef9570000 - 0x00007ffef9584000 	E:\Xilinx_Tool\Vivado_2018.3\Vivado\2018.3\lib\win64.o\librdi_commonmain.dll
0x00007ffef5390000 - 0x00007ffef53a7000 	C:\Windows\SYSTEM32\VCRUNTIME140.dll
0x00007ffef9550000 - 0x00007ffef9564000 	E:\Xilinx_Tool\Vivado_2018.3\Vivado\2018.3\lib\win64.o\libboost_signals.dll
0x00007ffeab300000 - 0x00007ffeac194000 	E:\Xilinx_Tool\Vivado_2018.3\Vivado\2018.3\lib\win64.o\librdi_common.dll
0x00007ffef89f0000 - 0x00007ffef8a16000 	E:\Xilinx_Tool\Vivado_2018.3\Vivado\2018.3\lib\win64.o\libboost_filesystem.dll
0x00007ffefcb50000 - 0x00007ffefccf0000 	C:\Windows\System32\USER32.dll
0x00007ffefe480000 - 0x00007ffefe52e000 	C:\Windows\System32\ADVAPI32.dll
0x00007ffefc840000 - 0x00007ffefc862000 	C:\Windows\System32\win32u.dll
0x00007ffefd4c0000 - 0x00007ffefd55e000 	C:\Windows\System32\msvcrt.dll
0x00007ffef9540000 - 0x00007ffef954a000 	E:\Xilinx_Tool\Vivado_2018.3\Vivado\2018.3\lib\win64.o\librdi_commonversion.dll
0x00007ffee9c30000 - 0x00007ffee9d51000 	E:\Xilinx_Tool\Vivado_2018.3\Vivado\2018.3\lib\win64.o\librdi_commonxillic.dll
0x00007ffefde50000 - 0x00007ffefdeec000 	C:\Windows\System32\sechost.dll
0x00007ffefe9a0000 - 0x00007ffefe9ca000 	C:\Windows\System32\GDI32.dll
0x00007ffefe2a0000 - 0x00007ffefe3c5000 	C:\Windows\System32\RPCRT4.dll
0x00007ffefc290000 - 0x00007ffefc39b000 	C:\Windows\System32\gdi32full.dll
0x00007ffefc7a0000 - 0x00007ffefc83d000 	C:\Windows\System32\msvcp_win.dll
0x0000000052fd0000 - 0x00000000530fb000 	E:\Xilinx_Tool\Vivado_2018.3\Vivado\2018.3\lib\win64.o\tcl85t.dll
0x00007ffefd560000 - 0x00007ffefd5cb000 	C:\Windows\System32\WS2_32.dll
0x00007ffefd700000 - 0x00007ffefde44000 	C:\Windows\System32\SHELL32.dll
0x00007ffebdf70000 - 0x00007ffebe225000 	E:\Xilinx_Tool\Vivado_2018.3\Vivado\2018.3\lib\win64.o\libXil_lmgr11.dll
0x00007ffed5870000 - 0x00007ffed5bde000 	E:\Xilinx_Tool\Vivado_2018.3\Vivado\2018.3\lib\win64.o\libCOIN-all.dll
0x00007ffef89d0000 - 0x00007ffef89e4000 	E:\Xilinx_Tool\Vivado_2018.3\Vivado\2018.3\lib\win64.o\libboost_date_time.dll
0x00007ffefca70000 - 0x00007ffefcb4b000 	C:\Windows\System32\COMDLG32.dll
0x00007ffefd0a0000 - 0x00007ffefd3f4000 	C:\Windows\System32\combase.dll
0x00007ffefe3d0000 - 0x00007ffefe47d000 	C:\Windows\System32\shcore.dll
0x00007ffef7880000 - 0x00007ffef78ff000 	E:\Xilinx_Tool\Vivado_2018.3\Vivado\2018.3\lib\win64.o\libboost_program_options.dll
0x00007ffef9530000 - 0x00007ffef953b000 	E:\Xilinx_Tool\Vivado_2018.3\Vivado\2018.3\lib\win64.o\libboost_system.dll
0x00007ffefdf00000 - 0x00007ffefdf55000 	C:\Windows\System32\SHLWAPI.dll
0x00007ffee4f40000 - 0x00007ffee5054000 	E:\Xilinx_Tool\Vivado_2018.3\Vivado\2018.3\lib\win64.o\libboost_regex.dll
0x00007ffef89a0000 - 0x00007ffef89c1000 	E:\Xilinx_Tool\Vivado_2018.3\Vivado\2018.3\lib\win64.o\libboost_thread.dll
0x00007ffef8a50000 - 0x00007ffef8a5f000 	E:\Xilinx_Tool\Vivado_2018.3\Vivado\2018.3\lib\win64.o\libboost_xilinx.dll
0x00007ffefe090000 - 0x00007ffefe15d000 	C:\Windows\System32\OLEAUT32.dll
0x00007ffefd5d0000 - 0x00007ffefd6fa000 	C:\Windows\System32\ole32.dll
0x00007ffef4290000 - 0x00007ffef4312000 	E:\Xilinx_Tool\Vivado_2018.3\Vivado\2018.3\lib\win64.o\libhdlpsolve.dll
0x00007ffeeef60000 - 0x00007ffeef005000 	E:\Xilinx_Tool\Vivado_2018.3\Vivado\2018.3\lib\win64.o\libhdxml.dll
0x00007ffeaaab0000 - 0x00007ffeab2fe600 	E:\Xilinx_Tool\Vivado_2018.3\Vivado\2018.3\lib\win64.o\libisl_iostreams.dll
0x00007ffefc870000 - 0x00007ffefc8d8000 	C:\Windows\System32\WINTRUST.dll
0x00007ffefc130000 - 0x00007ffefc286000 	C:\Windows\System32\CRYPT32.dll
0x00007ffef6490000 - 0x00007ffef64f5000 	E:\Xilinx_Tool\Vivado_2018.3\Vivado\2018.3\lib\win64.o\liblmx6.0.dll
0x00007ffef73e0000 - 0x00007ffef740e000 	E:\Xilinx_Tool\Vivado_2018.3\Vivado\2018.3\lib\win64.o\libisl_sysinfo.dll
0x00007ffef8980000 - 0x00007ffef899a000 	E:\Xilinx_Tool\Vivado_2018.3\Vivado\2018.3\lib\win64.o\pthreadVC2.dll
0x00007ffef6ab0000 - 0x00007ffef6ad1000 	E:\Xilinx_Tool\Vivado_2018.3\Vivado\2018.3\lib\win64.o\librdizlib.dll
0x00007ffef8940000 - 0x00007ffef895c000 	E:\Xilinx_Tool\Vivado_2018.3\Vivado\2018.3\lib\win64.o\librdiconfig.dll
0x0000000012000000 - 0x0000000012272000 	E:\Xilinx_Tool\Vivado_2018.3\Vivado\2018.3\lib\win64.o\xerces-c_3_1.dll
0x00007ffef4ba0000 - 0x00007ffef4bba000 	C:\Windows\SYSTEM32\NETAPI32.dll
0x00007ffee28e0000 - 0x00007ffee2db6000 	C:\Windows\SYSTEM32\WININET.dll
0x00007ffef3010000 - 0x00007ffef311a000 	C:\Windows\SYSTEM32\WINHTTP.dll
0x00007ffee8b40000 - 0x00007ffee8d2c000 	C:\Windows\SYSTEM32\urlmon.dll
0x00007ffef8960000 - 0x00007ffef8969000 	C:\Windows\SYSTEM32\WSOCK32.dll
0x00007ffef6a80000 - 0x00007ffef6aae000 	C:\Windows\SYSTEM32\VCOMP140.DLL
0x00007ffea9c10000 - 0x00007ffeaaaa1000 	E:\Xilinx_Tool\Vivado_2018.3\Vivado\2018.3\lib\win64.o\gurobi65.dll
0x00007ffedbfa0000 - 0x00007ffedc050000 	C:\Windows\WinSxS\amd64_microsoft.windows.common-controls_6595b64144ccf1df_5.82.19041.1110_none_792d1c772443f647\COMCTL32.dll
0x00007ffef7870000 - 0x00007ffef787d000 	E:\Xilinx_Tool\Vivado_2018.3\Vivado\2018.3\lib\win64.o\libboost_chrono.dll
0x00007ffef5300000 - 0x00007ffef531d000 	C:\Windows\SYSTEM32\dhcpcsvc.DLL
0x00007ffef6f30000 - 0x00007ffef6f4b000 	E:\Xilinx_Tool\Vivado_2018.3\Vivado\2018.3\lib\win64.o\libboost_iostreams.dll
0x00007ffef4260000 - 0x00007ffef4285000 	E:\Xilinx_Tool\Vivado_2018.3\Vivado\2018.3\lib\win64.o\libisl_iosutils.dll
0x00007ffee9d90000 - 0x00007ffeea041000 	C:\Windows\SYSTEM32\iertutil.dll
0x00007ffee8b10000 - 0x00007ffee8b38000 	C:\Windows\SYSTEM32\srvcli.dll
0x00007ffefb700000 - 0x00007ffefb70c000 	C:\Windows\SYSTEM32\netutils.dll
0x00007ffefcd00000 - 0x00007ffefcd30000 	C:\Windows\System32\IMM32.DLL
0x00007ffefbd20000 - 0x00007ffefbd32000 	C:\Windows\SYSTEM32\MSASN1.dll
0x00007ffefa9e0000 - 0x00007ffefa9f2000 	C:\Windows\SYSTEM32\kernel.appcore.dll
0x00007ffea9710000 - 0x00007ffea9c05000 	E:\Xilinx_Tool\Vivado_2018.3\Vivado\2018.3\lib\win64.o\librdi_commontasks.dll
0x00007ffef5e90000 - 0x00007ffef5e9a000 	C:\Windows\SYSTEM32\VERSION.dll
0x00007ffebea60000 - 0x00007ffebecdf000 	E:\Xilinx_Tool\Vivado_2018.3\Vivado\2018.3\lib\win64.o\librdi_sio.dll
0x00000000525a0000 - 0x0000000052fc5000 	E:\Xilinx_Tool\Vivado_2018.3\Vivado\2018.3\tps\win64\jre9.0.4\bin\server\jvm.dll
0x00007ffefccf0000 - 0x00007ffefccf8000 	C:\Windows\System32\PSAPI.DLL
0x00007ffefb5a0000 - 0x00007ffefb5db000 	C:\Windows\SYSTEM32\IPHLPAPI.DLL
0x00007ffee2dc0000 - 0x00007ffee2de7000 	C:\Windows\SYSTEM32\WINMM.dll
0x00007ffee3960000 - 0x00007ffee3a4f000 	C:\Windows\SYSTEM32\MSVCR120.dll
0x00007ffefb900000 - 0x00007ffefb96a000 	C:\Windows\SYSTEM32\MSWSOCK.DLL
0x00007ffef9e80000 - 0x00007ffefa614000 	C:\Windows\SYSTEM32\windows.storage.dll
0x00007ffefbba0000 - 0x00007ffefbbcc000 	C:\Windows\SYSTEM32\Wldp.dll
0x00007ffea0240000 - 0x00007ffea2602000 	E:\Xilinx_Tool\Vivado_2018.3\Vivado\2018.3\lib\win64.o\librdi_tcltasks.dll
0x00007ffeca0c0000 - 0x00007ffeca23e000 	E:\Xilinx_Tool\Vivado_2018.3\Vivado\2018.3\lib\win64.o\librdi_board.dll
0x00007ffeb0230000 - 0x00007ffeb060c000 	E:\Xilinx_Tool\Vivado_2018.3\Vivado\2018.3\lib\win64.o\librdi_bitstream.dll
0x00007ffeeedf0000 - 0x00007ffeeee5a000 	E:\Xilinx_Tool\Vivado_2018.3\Vivado\2018.3\lib\win64.o\librdi_boarddep.dll
0x00007ffee7e80000 - 0x00007ffee7f5c000 	E:\Xilinx_Tool\Vivado_2018.3\Vivado\2018.3\lib\win64.o\librdi_chipscope.dll
0x00007ffebae50000 - 0x00007ffebb009000 	E:\Xilinx_Tool\Vivado_2018.3\Vivado\2018.3\lib\win64.o\librdi_chipscopeimpl.dll
0x00007ffee4df0000 - 0x00007ffee4f38000 	E:\Xilinx_Tool\Vivado_2018.3\Vivado\2018.3\lib\win64.o\librdi_containers.dll
0x00007ffe9e930000 - 0x00007ffea0235000 	E:\Xilinx_Tool\Vivado_2018.3\Vivado\2018.3\lib\win64.o\librdi_constraints.dll
0x00007ffea9030000 - 0x00007ffea970a000 	E:\Xilinx_Tool\Vivado_2018.3\Vivado\2018.3\lib\win64.o\librdi_coregenipxact.dll
0x00007ffe9cb10000 - 0x00007ffe9e92f000 	E:\Xilinx_Tool\Vivado_2018.3\Vivado\2018.3\lib\win64.o\librdi_coregen.dll
0x00007ffeaee40000 - 0x00007ffeaf15b000 	E:\Xilinx_Tool\Vivado_2018.3\Vivado\2018.3\lib\win64.o\librdi_dlyest.dll
0x00007ffe96020000 - 0x00007ffe99e1b000 	E:\Xilinx_Tool\Vivado_2018.3\Vivado\2018.3\lib\win64.o\librdi_designutils.dll
0x00007ffea6f90000 - 0x00007ffea74f0000 	E:\Xilinx_Tool\Vivado_2018.3\Vivado\2018.3\lib\win64.o\librdi_drc.dll
0x00007ffeeb7b0000 - 0x00007ffeeb872000 	E:\Xilinx_Tool\Vivado_2018.3\Vivado\2018.3\lib\win64.o\librdi_dsp.dll
0x00007ffea6cb0000 - 0x00007ffea6f8a000 	E:\Xilinx_Tool\Vivado_2018.3\Vivado\2018.3\lib\win64.o\librdi_guitools.dll
0x00007ffeeef00000 - 0x00007ffeeef5d000 	E:\Xilinx_Tool\Vivado_2018.3\Vivado\2018.3\lib\win64.o\librdi_hdf.dll
0x00007ffea6250000 - 0x00007ffea688f000 	E:\Xilinx_Tool\Vivado_2018.3\Vivado\2018.3\lib\win64.o\librdi_filemgmt.dll
0x00007ffee51b0000 - 0x00007ffee5221000 	E:\Xilinx_Tool\Vivado_2018.3\Vivado\2018.3\lib\win64.o\librdi_memoryarray.dll
0x00007ffea5c30000 - 0x00007ffea6245000 	E:\Xilinx_Tool\Vivado_2018.3\Vivado\2018.3\lib\win64.o\librdi_memdata.dll
0x00007ffe9b770000 - 0x00007ffe9cb01000 	E:\Xilinx_Tool\Vivado_2018.3\Vivado\2018.3\lib\win64.o\librdi_implflow.dll
0x00007ffef3f60000 - 0x00007ffef3fb0000 	E:\Xilinx_Tool\Vivado_2018.3\Vivado\2018.3\lib\win64.o\librdi_pfi.dll
0x00007ffe74df0000 - 0x00007ffe85b42000 	E:\Xilinx_Tool\Vivado_2018.3\Vivado\2018.3\lib\win64.o\librdi_device.dll
0x00007ffea4d90000 - 0x00007ffea53cb000 	E:\Xilinx_Tool\Vivado_2018.3\Vivado\2018.3\lib\win64.o\librdi_netlist.dll
0x00007ffea4a80000 - 0x00007ffea4d87000 	E:\Xilinx_Tool\Vivado_2018.3\Vivado\2018.3\lib\win64.o\librdi_platform.dll
0x00007ffe92670000 - 0x00007ffe9601c000 	E:\Xilinx_Tool\Vivado_2018.3\Vivado\2018.3\lib\win64.o\librdi_mig.dll
0x00007ffe90150000 - 0x00007ffe92664000 	E:\Xilinx_Tool\Vivado_2018.3\Vivado\2018.3\lib\win64.o\librdi_place.dll
0x00007ffe9b210000 - 0x00007ffe9b766000 	E:\Xilinx_Tool\Vivado_2018.3\Vivado\2018.3\lib\win64.o\librdi_project.dll
0x00007ffe9ab10000 - 0x00007ffe9b203000 	E:\Xilinx_Tool\Vivado_2018.3\Vivado\2018.3\lib\win64.o\librdi_psta.dll
0x00007ffea4380000 - 0x00007ffea4a75000 	E:\Xilinx_Tool\Vivado_2018.3\Vivado\2018.3\lib\win64.o\librdi_power.dll
0x00007ffe8fa70000 - 0x00007ffe90149000 	E:\Xilinx_Tool\Vivado_2018.3\Vivado\2018.3\lib\win64.o\librdi_rsb.dll
0x00007ffe9a730000 - 0x00007ffe9ab07000 	E:\Xilinx_Tool\Vivado_2018.3\Vivado\2018.3\lib\win64.o\librdi_runs.dll
0x00007ffebf5a0000 - 0x00007ffebf678000 	E:\Xilinx_Tool\Vivado_2018.3\Vivado\2018.3\lib\win64.o\librdi_runsbase.dll
0x00007ffeafb00000 - 0x00007ffeafd28000 	E:\Xilinx_Tool\Vivado_2018.3\Vivado\2018.3\lib\win64.o\librdi_simdata.dll
0x00007ffe8ece0000 - 0x00007ffe8fa6d000 	E:\Xilinx_Tool\Vivado_2018.3\Vivado\2018.3\lib\win64.o\librdi_timing.dll
0x00007ffeaea10000 - 0x00007ffeaeb64000 	E:\Xilinx_Tool\Vivado_2018.3\Vivado\2018.3\lib\win64.o\librdi_advchipscopeimpl.dll
0x00007ffee0f80000 - 0x00007ffee1038000 	E:\Xilinx_Tool\Vivado_2018.3\Vivado\2018.3\lib\win64.o\librdi_hip_devdesign.dll
0x00007ffee97d0000 - 0x00007ffee981c000 	E:\Xilinx_Tool\Vivado_2018.3\Vivado\2018.3\lib\win64.o\libboost_serialization.dll
0x00007ffecd680000 - 0x00007ffecd72b000 	E:\Xilinx_Tool\Vivado_2018.3\Vivado\2018.3\lib\win64.o\librdi_ipconfig_readwrite.dll
0x00007ffef41e0000 - 0x00007ffef4218000 	E:\Xilinx_Tool\Vivado_2018.3\Vivado\2018.3\lib\win64.o\librdi_noc_frameworks.dll
0x00007ffeca020000 - 0x00007ffeca0be000 	E:\Xilinx_Tool\Vivado_2018.3\Vivado\2018.3\lib\win64.o\libise.dll
0x00007ffe8e190000 - 0x00007ffe8ecd7000 	E:\Xilinx_Tool\Vivado_2018.3\Vivado\2018.3\lib\win64.o\libverific.dll
0x00007ffee5540000 - 0x00007ffee5589000 	E:\Xilinx_Tool\Vivado_2018.3\Vivado\2018.3\lib\win64.o\librdi_wavedata_SimpleApi.dll
0x00007ffe8d7e0000 - 0x00007ffe8db95000 	E:\Xilinx_Tool\Vivado_2018.3\Vivado\2018.3\lib\win64.o\librdi_hip_config.dll
0x00007ffe8dba0000 - 0x00007ffe8e184000 	E:\Xilinx_Tool\Vivado_2018.3\Vivado\2018.3\lib\win64.o\librdi_wavedata.dll
0x00007ffe8d290000 - 0x00007ffe8d7de000 	E:\Xilinx_Tool\Vivado_2018.3\Vivado\2018.3\lib\win64.o\librdi_xdm.dll
0x00007ffed5ff0000 - 0x00007ffed6053000 	E:\Xilinx_Tool\Vivado_2018.3\Vivado\2018.3\lib\win64.o\librdi_hip_mathengine.dll
0x00007ffeae5e0000 - 0x00007ffeae830000 	E:\Xilinx_Tool\Vivado_2018.3\Vivado\2018.3\lib\win64.o\librdi_hsm.dll
0x00007ffec2ef0000 - 0x00007ffec2f78000 	E:\Xilinx_Tool\Vivado_2018.3\Vivado\2018.3\lib\win64.o\librdi_meir_core.dll
0x00007ffe89d60000 - 0x00007ffe8a322000 	E:\Xilinx_Tool\Vivado_2018.3\Vivado\2018.3\lib\win64.o\librdi_abc_nomp.dll

VM Arguments:
jvm_args: -Dsun.java2d.pmoffscreen=false -Dsun.java2d.xrender=false -Dsun.java2d.d3d=false -Dsun.awt.nopixfmt=true -Dsun.java2d.dpiaware=true -Dsun.java2d.uiScale.enabled=false -Xverify:none -Dswing.aatext=true -XX:-UsePerfData -Djdk.map.althashing.threshold=512 -XX:StringTableSize=4072 --add-opens=java.base/java.nio=ALL-UNNAMED --add-opens=java.desktop/sun.swing=ALL-UNNAMED --add-opens=java.desktop/javax.swing=ALL-UNNAMED --add-opens=java.desktop/javax.swing.tree=ALL-UNNAMED --add-opens=java.desktop/javax.swing.plaf.basic=ALL-UNNAMED --add-opens=java.desktop/javax.swing.plaf.synth=ALL-UNNAMED --add-opens=java.desktop/com.sun.awt=ALL-UNNAMED -XX:NewSize=60m -XX:MaxNewSize=60m -Xms128m -Xmx3072m -Xss5m 
java_command: <unknown>
java_class_path (initial): E:/Xilinx_Tool/Vivado_2018.3/Vivado/2018.3\lib\classes\alloy.jar;E:/Xilinx_Tool/Vivado_2018.3/Vivado/2018.3\lib\classes\autopilot.scelaborator.jar;E:/Xilinx_Tool/Vivado_2018.3/Vivado/2018.3\lib\classes\autopilot.sourceprocessor.jar;E:/Xilinx_Tool/Vivado_2018.3/Vivado/2018.3\lib\classes\autopilot.tbprocessor.jar;E:/Xilinx_Tool/Vivado_2018.3/Vivado/2018.3\lib\classes\batik-anim.jar;E:/Xilinx_Tool/Vivado_2018.3/Vivado/2018.3\lib\classes\batik-awt-util.jar;E:/Xilinx_Tool/Vivado_2018.3/Vivado/2018.3\lib\classes\batik-bridge.jar;E:/Xilinx_Tool/Vivado_2018.3/Vivado/2018.3\lib\classes\batik-codec.jar;E:/Xilinx_Tool/Vivado_2018.3/Vivado/2018.3\lib\classes\batik-css.jar;E:/Xilinx_Tool/Vivado_2018.3/Vivado/2018.3\lib\classes\batik-dom.jar;E:/Xilinx_Tool/Vivado_2018.3/Vivado/2018.3\lib\classes\batik-ext.jar;E:/Xilinx_Tool/Vivado_2018.3/Vivado/2018.3\lib\classes\batik-gui-util.jar;E:/Xilinx_Tool/Vivado_2018.3/Vivado/2018.3\lib\classes\batik-gvt.jar;E:/Xilinx_Tool/Vivado_2018.3/Vivado/2018.3\lib\classes\batik-parser.jar;E:/Xilinx_Tool/Vivado_2018.3/Vivado/2018.3\lib\classes\batik-script.jar;E:/Xilinx_Tool/Vivado_2018.3/Vivado/2018.3\lib\classes\batik-svg-dom.jar;E:/Xilinx_Tool/Vivado_2018.3/Vivado/2018.3\lib\classes\batik-swing.jar;E:/Xilinx_Tool/Vivado_2018.3/Vivado/2018.3\lib\classes\batik-transcoder.jar;E:/Xilinx_Tool/Vivado_2018.3/Vivado/2018.3\lib\classes\batik-util.jar;E:/Xilinx_Tool/Vivado_2018.3/Vivado/2018.3\lib\classes\batik-xml.jar;E:/Xilinx_Tool/Vivado_2018.3/Vivado/2018.3\lib\classes\com.ibm.icu_4.4.2.v20110208.jar;E:/Xilinx_Tool/Vivado_2018.3/Vivado/2018.3\lib\classes\commons-collections4-4.1.jar;E:/Xilinx_Tool/Vivado_2018.3/Vivado/2018.3\lib\classes\commons-math-2.2.jar;E:/Xilinx_Tool/Vivado_2018.3/Vivado/2018.3\lib\classes\dom4j-1.6.1.jar;E:/Xilinx_Tool/Vivado_2018.3/Vivado/2018.3\lib\classes\guava-18.0.jar;E:/Xilinx_Tool/Vivado_2018.3/Vivado/2018.3\lib\classes\help.jar;E:/Xilinx_Tool/Vivado_2018.3/Vivado/2018.3\lib\classes\hsqldb.jar;
Launcher Type: generic

Logging:
Log output configuration:
#0: stdout all=warning uptime,level,tags
#1: stderr all=off uptime,level,tags

Environment Variables:
PATH=E:/Xilinx_Tool/Vivado_2018.3/Vivado/2018.3/bin;E:/Xilinx_Tool/Vivado_2018.3/Vivado/2018.3/lib/win64.o;E:/Xilinx_Tool/Vivado_2018.3/Vivado/2018.3/tps/win64/jre9.0.4/bin/server;E:/Xilinx_Tool/Vivado_2018.3/Vivado/2018.3/tps/win64/jre9.0.4/bin;E:/Xilinx_Tool/Vivado_2018.3/SDK/2018.3/bin;E:/Xilinx_Tool/Vivado_2018.3/Vivado/2018.3/ids_lite/ISE/bin/nt64;E:/Xilinx_Tool/Vivado_2018.3/Vivado/2018.3/ids_lite/ISE/lib/nt64;C:\Program Files\NVIDIA GPU Computing Toolkit\CUDA\v10.2\bin;C:\Program Files\NVIDIA GPU Computing Toolkit\CUDA\v10.2\libnvvp;C:\Program Files\Eclipse Foundation\jdk-8.0.302.8-hotspot\bin;E:\VMware\bin\;C:\Windows\system32;C:\Windows;C:\Windows\System32\Wbem;C:\Windows\System32\WindowsPowerShell\v1.0\;C:\Windows\System32\OpenSSH\;E:\Xshell\;E:\Anaconda\Lib\site-packages\pyqt5_tools;D:\No_desktop\C++_OpenCV\cmake-3.22.1-windows-x86_64\bin;D:\No_desktop\C++_OpenCV\x86_64-8.1.0-release-posix-seh-rt_v6-rev0\mingw64\bin;D:\No_desktop\C++_OpenCV\opencv\build\x64\vc15\bin;C:\Program Files\Microsoft SQL Server\130\Tools\Binn\;E:\Program Files (x86)\Incredibuild;E:\MATLAB\runtime\win64;E:\MATLAB\bin;E:\MATLAB\polyspace\bin;E:\Anaconda3\Scripts;E:\Anaconda3;E:\Anaconda3\Library\bin;C:\Program Files\dotnet\;E:\Git\Git\cmd;C:\Program Files\NVIDIA Corporation\Nsight Compute 2019.5.0\;C:\Program Files (x86)\NVIDIA Corporation\PhysX\Common;C:\Program Files\NVIDIA GPU Computing Toolkit\CUDA\v10.2\lib\x64;C:\Program Files\NVIDIA GPU Computing Toolkit\CUDA\v10.2\include;C:\Program Files\NVIDIA GPU Computing Toolkit\CUDA\v10.2\extras\CUPTI\lib64;C:\ProgramData\NVIDIA Corporation\CUDA Samples\v10.2\bin\win64;C:\ProgramData\NVIDIA Corporation\CUDA Samples\v10.2\common\lib\x64;C:\Users\yzf\AppData\Local\Microsoft\WindowsApps;E:\Modelsim\win64;C:\Users\yzf\.dotnet\tools;C:\Users\yzf\AppData\Local\Programs\Microsoft VS Code\bin;;E:/Xilinx_Tool/Vivado_2018.3/Vivado/2018.3\tps\mingw\6.2.0\win64.o\nt\bin;E:/Xilinx_Tool/Vivado_2018.3/Vivado/2018.3\tps\mingw\6.2.0\win64.o\nt\libexec\gc
USERNAME=yzf
OS=Windows_NT
PROCESSOR_IDENTIFIER=Intel64 Family 6 Model 142 Stepping 10, GenuineIntel



---------------  S Y S T E M  ---------------

OS: Windows 10 , 64 bit Build 19041 (10.0.19041.1645)

CPU:total 8 (initial active 8) (4 cores per cpu, 2 threads per core) family 6 model 142 stepping 10, cmov, cx8, fxsr, mmx, sse, sse2, sse3, ssse3, sse4.1, sse4.2, popcnt, avx, avx2, aes, clmul, erms, 3dnowpref, lzcnt, ht, tsc, tscinvbit, bmi1, bmi2, adx, fma

Memory: 4k page, physical 16654824k(7886340k free), swap 24519144k(12133140k free)

vm_info: Java HotSpot(TM) 64-Bit Server VM (9.0.4+11) for windows-amd64 JRE (9.0.4+11), built on Dec 20 2017 02:18:54 by "mach5one" with MS VC++ 12.0 (VS2013)

END.
