#
# A fatal error has been detected by the Java Runtime Environment:
#
#  EXCEPTION_ACCESS_VIOLATION (0xc0000005) at pc=0x000000006644fab3, pid=19256, tid=9644
#
# JRE version: Java(TM) SE Runtime Environment (9.0+11) (build 9.0.4+11)
# Java VM: Java HotSpot(TM) 64-Bit Server VM (9.0.4+11, mixed mode, tiered, compressed oops, g1 gc, windows-amd64)
# Problematic frame:
# V  [jvm.dll+0x33fab3]
#
# No core dump will be written. Minidumps are not enabled by default on client versions of Windows
#
# If you would like to submit a bug report, please visit:
#   http://bugreport.java.com/bugreport/crash.jsp
#

---------------  S U M M A R Y ------------

Command Line: -Dsun.java2d.pmoffscreen=false -Dsun.java2d.xrender=false -Dsun.java2d.d3d=false -Dsun.awt.nopixfmt=true -Dsun.java2d.dpiaware=true -Dsun.java2d.uiScale.enabled=false -Xverify:none -Dswing.aatext=true -XX:-UsePerfData -Djdk.map.althashing.threshold=512 -XX:StringTableSize=4072 --add-opens=java.base/java.nio=ALL-UNNAMED --add-opens=java.desktop/sun.swing=ALL-UNNAMED --add-opens=java.desktop/javax.swing=ALL-UNNAMED --add-opens=java.desktop/javax.swing.tree=ALL-UNNAMED --add-opens=java.desktop/javax.swing.plaf.basic=ALL-UNNAMED --add-opens=java.desktop/javax.swing.plaf.synth=ALL-UNNAMED --add-opens=java.desktop/com.sun.awt=ALL-UNNAMED -XX:NewSize=60m -XX:MaxNewSize=60m -Xms128m -Xmx3072m -Xss5m 

Host: Intel(R) Core(TM) i7-8550U CPU @ 1.80GHz, 8 cores, 15G,  Windows 10 , 64 bit Build 19041 (10.0.19041.1566)
Time: Tue Apr 12 22:37:45 2022 ?D1¨²¡À¨º¡Á?¨º¡À?? elapsed time: 1992 seconds (0d 0h 33m 12s)

---------------  T H R E A D  ---------------

Current thread (0x00000231487f2800):  JavaThread "Messages View GetMessages" [_thread_in_vm, id=9644, stack(0x000000ce60c00000,0x000000ce61100000)]

Stack: [0x000000ce60c00000,0x000000ce61100000],  sp=0x000000ce610ff4e0,  free space=5117k
Native frames: (J=compiled Java code, j=interpreted, Vv=VM code, C=native code)
V  [jvm.dll+0x33fab3]

[error occurred during error reporting (printing native stack), id 0xc0000005]


siginfo: EXCEPTION_ACCESS_VIOLATION (0xc0000005), writing address 0x000000ce610f84e0


Register to memory mapping:

RIP=0x000000006644fab3 jvm.dll
RAX=0x0000000000000001 is an unknown value
RBX=0x000000ce610f84e0 is pointing into the stack for thread: 0x00000231487f2800
RCX=0x0000000000001000 is an unknown value
RDX=0x0000000000000000 is an unknown value
RSP=0x000000ce610ff4e0 is pointing into the stack for thread: 0x00000231487f2800
RBP=0x000000ce610ff5e0 is pointing into the stack for thread: 0x00000231487f2800
RSI=0x0000000000000000 is an unknown value
RDI=0x000000ce610ff680 is pointing into the stack for thread: 0x00000231487f2800
R8 =0x000000ce610ff4e0 is pointing into the stack for thread: 0x00000231487f2800
R9 =0x00000231433e4540 is an unknown value
R10={method} {0x000002312f990000} 'run' '()V' in 'java/lang/Thread'
R11=0x000000ce610ff830 is pointing into the stack for thread: 0x00000231487f2800
R12=0x000000ce610ff830 is pointing into the stack for thread: 0x00000231487f2800
R13=0x0000000000000000 is an unknown value
R14=0x00000231487f2800 is a thread
R15=0x000000ce610ff528 is pointing into the stack for thread: 0x00000231487f2800


Registers:
RAX=0x0000000000000001, RBX=0x000000ce610f84e0, RCX=0x0000000000001000, RDX=0x0000000000000000
RSP=0x000000ce610ff4e0, RBP=0x000000ce610ff5e0, RSI=0x0000000000000000, RDI=0x000000ce610ff680
R8 =0x000000ce610ff4e0, R9 =0x00000231433e4540, R10=0x000002312f98fff8, R11=0x000000ce610ff830
R12=0x000000ce610ff830, R13=0x0000000000000000, R14=0x00000231487f2800, R15=0x000000ce610ff528
RIP=0x000000006644fab3, EFLAGS=0x0000000000010202

Top of Stack: (sp=0x000000ce610ff4e0)
0x000000ce610ff4e0:   000000ce610ff4e0 0000000000000000
0x000000ce610ff4f0:   0000000000000000 0000000000000000
0x000000ce610ff500:   00000231487f2800 00000000662f658a
0x000000ce610ff510:   000000ce610ff5a0 00000231487f2800
0x000000ce610ff520:   000002311834d180 0000023132e62730
0x000000ce610ff530:   0000000000000000 000000006641de85
0x000000ce610ff540:   000000ce610ff8e0 00007ff812340000
0x000000ce610ff550:   000002312f98fff8 00000231487f2800
0x000000ce610ff560:   00000007c0006718 00000000665a89c7
0x000000ce610ff570:   00000007c0006718 00000007c0006718
0x000000ce610ff580:   000002312f990040 000002312f98fff8
0x000000ce610ff590:   00000231487f2800 00007ff82c19ce2f
0x000000ce610ff5a0:   000002312f98fff8 00000231487f2800
0x000000ce610ff5b0:   000002312f98fff8 00000231487f2800
0x000000ce610ff5c0:   0000023130b45ad0 0000023130b45ea8
0x000000ce610ff5d0:   0000000000000000 0000000000000000 

Instructions: (pc=0x000000006644fab3)
0x000000006644fa93:   e4 62 00 48 8b 05 eb bd 64 00 33 d2 48 f7 f1 48
0x000000006644faa3:   83 f8 01 72 13 0f 1f 84 00 00 00 00 00 48 2b d9
0x000000006644fab3:   c6 03 00 48 ff c8 75 f5 48 85 f6 74 50 48 8b 06
0x000000006644fac3:   48 8b ce ff 90 80 00 00 00 84 c0 0f 84 65 01 00 



---------------  P R O C E S S  ---------------

Java Threads: ( => current thread )
=>0x00000231487f2800 JavaThread "Messages View GetMessages" [_thread_in_vm, id=9644, stack(0x000000ce60c00000,0x000000ce61100000)]
  0x00000231487f1800 JavaThread "Thread-2607" [_thread_in_native, id=20172, stack(0x000000ce5c500000,0x000000ce5c600000)]
  0x00000231487ea000 JavaThread "Relaunch Simulation" [_thread_in_native, id=15192, stack(0x000000ce60700000,0x000000ce60c00000)]
  0x00000231487f1000 JavaThread "Thread-2552" [_thread_in_native, id=11804, stack(0x000000ce5a300000,0x000000ce5a400000)]
  0x00000231487e9800 JavaThread "Thread-2533" [_thread_in_native, id=9984, stack(0x000000ce5c400000,0x000000ce5c500000)]
  0x00000231487ee800 JavaThread "Thread-2397" [_thread_in_native, id=11812, stack(0x000000ce5a300000,0x000000ce5a400000)]
  0x00000231487ee000 JavaThread "Thread-2376" [_thread_in_native, id=7852, stack(0x000000ce5c400000,0x000000ce5c500000)]
  0x00000231487eb000 JavaThread "Thread-2239" [_thread_in_native, id=20128, stack(0x000000ce5a300000,0x000000ce5a400000)]
  0x00000231487eb800 JavaThread "Thread-2229" [_thread_in_native, id=1308, stack(0x000000ce5a300000,0x000000ce5a400000)]
  0x00000231487ef800 JavaThread "Thread-2212" [_thread_in_native, id=14836, stack(0x000000ce5c400000,0x000000ce5c500000)]
  0x0000023144ff7800 JavaThread "Thread-2107" [_thread_in_native, id=8236, stack(0x000000ce5a100000,0x000000ce5a200000)]
  0x0000023144ff5000 JavaThread "Thread-2091" [_thread_in_native, id=18424, stack(0x000000ce5a100000,0x000000ce5a200000)]
  0x0000023149e91000 JavaThread "Thread-2081" [_thread_in_native, id=11692, stack(0x000000ce5a300000,0x000000ce5a400000)]
  0x0000023149e8e000 JavaThread "Thread-2067" [_thread_in_native, id=10500, stack(0x000000ce5a100000,0x000000ce5a200000)]
  0x0000023149e92000 JavaThread "Thread-2021" [_thread_in_native, id=18404, stack(0x000000ce5a300000,0x000000ce5a400000)]
  0x0000023149e8a800 JavaThread "Thread-1988" [_thread_in_native, id=19888, stack(0x000000ce5a300000,0x000000ce5a400000)]
  0x0000023144ffa800 JavaThread "Thread-1978" [_thread_in_native, id=2624, stack(0x000000ce5a300000,0x000000ce5a400000)]
  0x0000023144ffb000 JavaThread "Thread-1963" [_thread_in_native, id=18124, stack(0x000000ce5c400000,0x000000ce5c500000)]
  0x0000023149e8c000 JavaThread "Thread-1841" [_thread_in_native, id=3232, stack(0x000000ce5a300000,0x000000ce5a400000)]
  0x0000023149e8d800 JavaThread "Thread-1829" [_thread_in_native, id=15516, stack(0x000000ce5a300000,0x000000ce5a400000)]
  0x0000023149e8b000 JavaThread "Thread-1815" [_thread_in_native, id=4868, stack(0x000000ce5c400000,0x000000ce5c500000)]
  0x0000023149e8c800 JavaThread "Thread-1730" [_thread_in_native, id=14556, stack(0x000000ce5a300000,0x000000ce5a400000)]
  0x0000023149e89800 JavaThread "Thread-1720" [_thread_in_native, id=18384, stack(0x000000ce5a300000,0x000000ce5a400000)]
  0x0000023149e8f000 JavaThread "Thread-1703" [_thread_in_native, id=4288, stack(0x000000ce5c400000,0x000000ce5c500000)]
  0x0000023149e8f800 JavaThread "Thread-1540" [_thread_in_native, id=8520, stack(0x000000ce54400000,0x000000ce54500000)]
  0x0000023149e82800 JavaThread "Thread-1539" [_thread_in_native, id=20600, stack(0x000000ce54500000,0x000000ce54600000)]
  0x0000023149e88000 JavaThread "Thread-973" [_thread_in_native, id=15680, stack(0x000000ce5a200000,0x000000ce5a300000)]
  0x0000023149e87800 JavaThread "Thread-946" [_thread_in_native, id=1232, stack(0x000000ce5a300000,0x000000ce5a400000)]
  0x0000023149e86800 JavaThread "Thread-398" [_thread_in_native, id=18828, stack(0x000000ce54500000,0x000000ce54600000)]
  0x0000023149e85000 JavaThread "Thread-373" [_thread_in_native, id=648, stack(0x000000ce5a200000,0x000000ce5a300000)]
  0x0000023111609000 JavaThread "Thread-215" [_thread_in_native, id=5604, stack(0x000000ce54400000,0x000000ce54500000)]
  0x0000023145003800 JavaThread "Thread-197" [_thread_in_native, id=1364, stack(0x000000ce54500000,0x000000ce54600000)]
  0x0000023144ff9800 JavaThread "Thread-181" [_thread_in_native, id=12652, stack(0x000000ce54400000,0x000000ce54500000)]
  0x0000023145001000 JavaThread "Thread-148" [_thread_in_native, id=18016, stack(0x000000ce54400000,0x000000ce54500000)]
  0x0000023145000800 JavaThread "Monitor File Timestamp Swing Worker" [_thread_blocked, id=16184, stack(0x000000ce60200000,0x000000ce60700000)]
  0x0000023144ff9000 JavaThread "Timer-0" [_thread_blocked, id=15784, stack(0x000000ce5fd00000,0x000000ce60200000)]
  0x0000023144ffe000 JavaThread "Thread-130" [_thread_in_native, id=3712, stack(0x000000ce54400000,0x000000ce54500000)]
  0x0000023144fff800 JavaThread "Thread-121" [_thread_in_native, id=11836, stack(0x000000ce54500000,0x000000ce54600000)]
  0x0000023144ff6800 JavaThread "SyntheticaAnimation 50" daemon [_thread_blocked, id=10708, stack(0x000000ce5e300000,0x000000ce5e800000)]
  0x0000023144ffd800 JavaThread "Thread-109" [_thread_in_native, id=8700, stack(0x000000ce54300000,0x000000ce54400000)]
  0x0000023144ffc800 JavaThread "Thread-104" [_thread_in_native, id=20232, stack(0x000000ce54300000,0x000000ce54400000)]
  0x0000023144ff6000 JavaThread "Thread-91" [_thread_in_native, id=7380, stack(0x000000ce54300000,0x000000ce54400000)]
  0x0000023144ffc000 JavaThread "Thread-75" [_thread_in_native, id=16988, stack(0x000000ce54300000,0x000000ce54400000)]
  0x00000231364ba000 JavaThread "hw_ila_monitor" [_thread_blocked, id=7912, stack(0x000000ce5f700000,0x000000ce5fc00000)]
  0x00000231364b8800 JavaThread "Update Runs Swing Worker" [_thread_blocked, id=416, stack(0x000000ce5f200000,0x000000ce5f700000)]
  0x00000231364b9000 JavaThread "Refresh Filesets Swing Worker" [_thread_blocked, id=13420, stack(0x000000ce5ed00000,0x000000ce5f200000)]
  0x0000023111604000 JavaThread "SyntheticaAnimation 70" daemon [_thread_blocked, id=12964, stack(0x000000ce5e800000,0x000000ce5ed00000)]
  0x0000023111603000 JavaThread "SyntheticaAnimation 25" daemon [_thread_blocked, id=21468, stack(0x000000ce5da00000,0x000000ce5df00000)]
  0x0000023111608800 JavaThread "SyntheticaAnimation 50" daemon [_thread_blocked, id=18836, stack(0x000000ce5d500000,0x000000ce5da00000)]
  0x0000023111607800 JavaThread "Monitor HEventQueue" [_thread_blocked, id=21016, stack(0x000000ce5d000000,0x000000ce5d500000)]
  0x0000023111602800 JavaThread "Batik CleanerThread" daemon [_thread_blocked, id=12692, stack(0x000000ce5c800000,0x000000ce5cd00000)]
  0x0000023111606000 JavaThread "SyntheticaCleanerThread" daemon [_thread_blocked, id=13744, stack(0x000000ce5af00000,0x000000ce5b400000)]
  0x0000023132c60000 JavaThread "AWT-EventQueue-1" [_thread_blocked, id=11764, stack(0x000000ce5be00000,0x000000ce5c300000)]
  0x00000231310d3800 JavaThread "AWT-Shutdown" [_thread_blocked, id=13856, stack(0x000000ce5b900000,0x000000ce5be00000)]
  0x0000023132a71800 JavaThread "Process Messages" [_thread_blocked, id=10788, stack(0x000000ce5b400000,0x000000ce5b900000)]
  0x0000023132922000 JavaThread "Thread-1" [_thread_in_native, id=7532, stack(0x000000ce54700000,0x000000ce55b00000)]
  0x00000231306fd000 JavaThread "TimerQueue" daemon [_thread_blocked, id=5360, stack(0x000000ce5aa00000,0x000000ce5af00000)]
  0x0000023130940000 JavaThread "AWT-Windows" daemon [_thread_in_native, id=21432, stack(0x000000ce5a500000,0x000000ce5aa00000)]
  0x000002313095b800 JavaThread "Java2D Disposer" daemon [_thread_blocked, id=9852, stack(0x000000ce59b00000,0x000000ce5a000000)]
  0x00000231303d2000 JavaThread "Service Thread" daemon [_thread_blocked, id=1852, stack(0x000000ce59500000,0x000000ce59a00000)]
  0x000002311167d800 JavaThread "Common-Cleaner" daemon [_thread_blocked, id=7484, stack(0x000000ce59000000,0x000000ce59500000)]
  0x0000023111605800 JavaThread "Sweeper thread" daemon [_thread_blocked, id=17700, stack(0x000000ce58b00000,0x000000ce59000000)]
  0x000002310ba1d000 JavaThread "C1 CompilerThread3" daemon [_thread_blocked, id=16948, stack(0x000000ce58a00000,0x000000ce58b00000)]
  0x000002310ba1c800 JavaThread "C2 CompilerThread2" daemon [_thread_blocked, id=18796, stack(0x000000ce58900000,0x000000ce58a00000)]
  0x000002310e13b000 JavaThread "C2 CompilerThread1" daemon [_thread_blocked, id=7796, stack(0x000000ce58800000,0x000000ce58900000)]
  0x000002310575d800 JavaThread "C2 CompilerThread0" daemon [_thread_blocked, id=20548, stack(0x000000ce58700000,0x000000ce58800000)]
  0x000002310c11f800 JavaThread "Attach Listener" daemon [_thread_blocked, id=964, stack(0x000000ce58200000,0x000000ce58700000)]
  0x000002310b47b800 JavaThread "Signal Dispatcher" daemon [_thread_blocked, id=13280, stack(0x000000ce57d00000,0x000000ce58200000)]
  0x00000231115af800 JavaThread "Finalizer" daemon [_thread_blocked, id=12816, stack(0x000000ce57800000,0x000000ce57d00000)]
  0x000002310b0a4800 JavaThread "Reference Handler" daemon [_thread_blocked, id=4312, stack(0x000000ce57300000,0x000000ce57800000)]
  0x000002310e090000 JavaThread "main" [_thread_blocked, id=11220, stack(0x000000ce54600000,0x000000ce54700000)]

Other Threads:
  0x000002310b0a4000 VMThread "VM Thread" [stack: 0x000000ce57200000,0x000000ce57300000] [id=14936]
  0x00000231303f4800 WatcherThread [stack: 0x000000ce59a00000,0x000000ce59b00000] [id=18496]
  0x000002310bc77800 GCTaskThread "GC Thread#0" [stack: 0x000000ce55e00000,0x000000ce55f00000] [id=5732]
  0x000002310bc78000 GCTaskThread "GC Thread#1" [stack: 0x000000ce55f00000,0x000000ce56000000] [id=12480]
  0x000002310ba20800 GCTaskThread "GC Thread#2" [stack: 0x000000ce56000000,0x000000ce56100000] [id=21236]
  0x000002310ba21000 GCTaskThread "GC Thread#3" [stack: 0x000000ce56100000,0x000000ce56200000] [id=17924]
  0x000002310c484000 GCTaskThread "GC Thread#4" [stack: 0x000000ce56200000,0x000000ce56300000] [id=8704]
  0x000002310b5d4800 GCTaskThread "GC Thread#5" [stack: 0x000000ce56300000,0x000000ce56400000] [id=16000]
  0x000002310de5f800 GCTaskThread "GC Thread#6" [stack: 0x000000ce56400000,0x000000ce56500000] [id=14544]
  0x000002310e330800 GCTaskThread "GC Thread#7" [stack: 0x000000ce56500000,0x000000ce56600000] [id=18204]
  0x000002310bda6000 ConcurrentGCThread "G1 Main Marker" [stack: 0x000000ce56f00000,0x000000ce57000000] [id=16104]
  0x000002310c4bb800 ConcurrentGCThread "G1 Marker#0" [stack: 0x000000ce57000000,0x000000ce57100000] [id=11520]
  0x000002310c4bc000 ConcurrentGCThread "G1 Marker#1" [stack: 0x000000ce57100000,0x000000ce57200000] [id=16888]
  0x000002310b6c4800 ConcurrentGCThread "G1 Refine#0" [stack: 0x000000ce56d00000,0x000000ce56e00000] [id=1820]
  0x000002310b6c3000 ConcurrentGCThread "G1 Refine#1" [stack: 0x000000ce56c00000,0x000000ce56d00000] [id=12060]
  0x000002310a6f6000 ConcurrentGCThread "G1 Refine#2" [stack: 0x000000ce56b00000,0x000000ce56c00000] [id=6972]
  0x000002310e9d6000 ConcurrentGCThread "G1 Refine#3" [stack: 0x000000ce56a00000,0x000000ce56b00000] [id=15660]
  0x000002310dfcd800 ConcurrentGCThread "G1 Refine#4" [stack: 0x000000ce56900000,0x000000ce56a00000] [id=18292]
  0x000002310debe800 ConcurrentGCThread "G1 Refine#5" [stack: 0x000000ce56800000,0x000000ce56900000] [id=3340]
  0x000002310dfa2800 ConcurrentGCThread "G1 Refine#6" [stack: 0x000000ce56700000,0x000000ce56800000] [id=11840]
  0x000002310e26e800 ConcurrentGCThread "G1 Refine#7" [stack: 0x000000ce56600000,0x000000ce56700000] [id=17156]
  0x000002310dbc2800 ConcurrentGCThread "G1 Young RemSet Sampling" [stack: 0x000000ce56e00000,0x000000ce56f00000] [id=13040]

Threads with active compile tasks:

VM state:not at safepoint (normal execution)

VM Mutex/Monitor currently owned by a thread: None

Heap address: 0x0000000700000000, size: 3072 MB, Compressed Oops mode: Zero based, Oop shift amount: 3
Narrow klass base: 0x0000000000000000, Narrow klass shift: 3
Compressed class space size: 1073741824 Address: 0x00000007c0000000

Heap:
 garbage-first heap   total 290816K, used 142097K [0x0000000700000000, 0x00000007001008e0, 0x00000007c0000000)
  region size 1024K, 54 young (55296K), 0 survivors (0K)
 Metaspace       used 83472K, capacity 89482K, committed 89648K, reserved 1126400K
  class space    used 11030K, capacity 12075K, committed 12080K, reserved 1048576K
Heap Regions: E=young(eden), S=young(survivor), O=old, HS=humongous(starts), HC=humongous(continues), CS=collection set, F=free, A=archive, TS=gc time stamp, AC=allocation context, TAMS=top-at-mark-start (previous, next)
|   0|0x0000000700000000, 0x0000000700100000, 0x0000000700100000|100%|HS|  |TS  0|AC  0|TAMS 0x0000000700000000, 0x0000000700000000|
|   1|0x0000000700100000, 0x0000000700200000, 0x0000000700200000|100%|HS|  |TS  0|AC  0|TAMS 0x0000000700100000, 0x0000000700100000|
|   2|0x0000000700200000, 0x0000000700300000, 0x0000000700300000|100%|HC|  |TS  0|AC  0|TAMS 0x0000000700200000, 0x0000000700200000|
|   3|0x0000000700300000, 0x0000000700400000, 0x0000000700400000|100%|HS|  |TS  0|AC  0|TAMS 0x0000000700300000, 0x0000000700300000|
|   4|0x0000000700400000, 0x00000007004ffff0, 0x0000000700500000| 99%| O|  |TS  0|AC  0|TAMS 0x0000000700400000, 0x0000000700400000|
|   5|0x0000000700500000, 0x00000007005ffff0, 0x0000000700600000| 99%| O|  |TS  0|AC  0|TAMS 0x0000000700500000, 0x0000000700500000|
|   6|0x0000000700600000, 0x00000007006ffff8, 0x0000000700700000| 99%| O|  |TS  0|AC  0|TAMS 0x0000000700600000, 0x0000000700600000|
|   7|0x0000000700700000, 0x00000007007f97a8, 0x0000000700800000| 97%| O|  |TS  0|AC  0|TAMS 0x0000000700700000, 0x0000000700700000|
|   8|0x0000000700800000, 0x0000000700900000, 0x0000000700900000|100%| O|  |TS  0|AC  0|TAMS 0x0000000700800000, 0x0000000700800000|
|   9|0x0000000700900000, 0x0000000700a00000, 0x0000000700a00000|100%| O|  |TS  0|AC  0|TAMS 0x0000000700900000, 0x0000000700900000|
|  10|0x0000000700a00000, 0x0000000700afb9a0, 0x0000000700b00000| 98%| O|  |TS  0|AC  0|TAMS 0x0000000700a00000, 0x0000000700a00000|
|  11|0x0000000700b00000, 0x0000000700bfe0c8, 0x0000000700c00000| 99%| O|  |TS  0|AC  0|TAMS 0x0000000700b00000, 0x0000000700b00000|
|  12|0x0000000700c00000, 0x0000000700cdc3b0, 0x0000000700d00000| 86%| O|  |TS  0|AC  0|TAMS 0x0000000700c00000, 0x0000000700c00000|
|  13|0x0000000700d00000, 0x0000000700dfffe0, 0x0000000700e00000| 99%| O|  |TS  0|AC  0|TAMS 0x0000000700d00000, 0x0000000700d00000|
|  14|0x0000000700e00000, 0x0000000700ec90c0, 0x0000000700f00000| 78%| O|  |TS  0|AC  0|TAMS 0x0000000700e00000, 0x0000000700e00000|
|  15|0x0000000700f00000, 0x0000000701000000, 0x0000000701000000|100%| O|  |TS  0|AC  0|TAMS 0x0000000700f00000, 0x0000000700f00000|
|  16|0x0000000701000000, 0x00000007010ffff8, 0x0000000701100000| 99%| O|  |TS  0|AC  0|TAMS 0x0000000701000000, 0x0000000701000000|
|  17|0x0000000701100000, 0x0000000701200000, 0x0000000701200000|100%| O|  |TS  0|AC  0|TAMS 0x0000000701100000, 0x0000000701100000|
|  18|0x0000000701200000, 0x00000007012fffe8, 0x0000000701300000| 99%| O|  |TS  0|AC  0|TAMS 0x0000000701200000, 0x0000000701200000|
|  19|0x0000000701300000, 0x0000000701400000, 0x0000000701400000|100%|HS|  |TS  0|AC  0|TAMS 0x0000000701300000, 0x0000000701300000|
|  20|0x0000000701400000, 0x00000007014ff5d0, 0x0000000701500000| 99%| O|  |TS  0|AC  0|TAMS 0x0000000701400000, 0x0000000701400000|
|  21|0x0000000701500000, 0x00000007015fffe0, 0x0000000701600000| 99%| O|  |TS  0|AC  0|TAMS 0x0000000701500000, 0x0000000701500000|
|  22|0x0000000701600000, 0x0000000701700000, 0x0000000701700000|100%| O|  |TS  0|AC  0|TAMS 0x0000000701600000, 0x0000000701600000|
|  23|0x0000000701700000, 0x0000000701800000, 0x0000000701800000|100%| O|  |TS  0|AC  0|TAMS 0x0000000701700000, 0x0000000701700000|
|  24|0x0000000701800000, 0x00000007018ffff8, 0x0000000701900000| 99%| O|  |TS  0|AC  0|TAMS 0x0000000701800000, 0x0000000701800000|
|  25|0x0000000701900000, 0x00000007019ffff0, 0x0000000701a00000| 99%| O|  |TS  0|AC  0|TAMS 0x0000000701900000, 0x0000000701900000|
|  26|0x0000000701a00000, 0x0000000701afffe0, 0x0000000701b00000| 99%| O|  |TS  0|AC  0|TAMS 0x0000000701a00000, 0x0000000701a00000|
|  27|0x0000000701b00000, 0x0000000701bffff0, 0x0000000701c00000| 99%| O|  |TS  0|AC  0|TAMS 0x0000000701b00000, 0x0000000701b00000|
|  28|0x0000000701c00000, 0x0000000701d00000, 0x0000000701d00000|100%| O|  |TS  0|AC  0|TAMS 0x0000000701c00000, 0x0000000701c00000|
|  29|0x0000000701d00000, 0x0000000701dfffb8, 0x0000000701e00000| 99%| O|  |TS  0|AC  0|TAMS 0x0000000701d00000, 0x0000000701d00000|
|  30|0x0000000701e00000, 0x0000000701f00000, 0x0000000701f00000|100%| O|  |TS  0|AC  0|TAMS 0x0000000701e00000, 0x0000000701e00000|
|  31|0x0000000701f00000, 0x0000000701fffff8, 0x0000000702000000| 99%| O|  |TS  0|AC  0|TAMS 0x0000000701f00000, 0x0000000701f00000|
|  32|0x0000000702000000, 0x00000007020fffc0, 0x0000000702100000| 99%| O|  |TS  0|AC  0|TAMS 0x0000000702000000, 0x0000000702000000|
|  33|0x0000000702100000, 0x00000007021ffff0, 0x0000000702200000| 99%| O|  |TS  0|AC  0|TAMS 0x0000000702100000, 0x0000000702100000|
|  34|0x0000000702200000, 0x00000007022cb588, 0x0000000702300000| 79%| O|  |TS  0|AC  0|TAMS 0x0000000702200000, 0x0000000702200000|
|  35|0x0000000702300000, 0x00000007023fbbc0, 0x0000000702400000| 98%| O|  |TS  0|AC  0|TAMS 0x0000000702300000, 0x0000000702300000|
|  36|0x0000000702400000, 0x00000007024ffff0, 0x0000000702500000| 99%| O|  |TS  0|AC  0|TAMS 0x0000000702400000, 0x0000000702400000|
|  37|0x0000000702500000, 0x0000000702600000, 0x0000000702600000|100%|HS|  |TS  0|AC  0|TAMS 0x0000000702500000, 0x0000000702500000|
|  38|0x0000000702600000, 0x0000000702700000, 0x0000000702700000|100%|HC|  |TS  0|AC  0|TAMS 0x0000000702600000, 0x0000000702600000|
|  39|0x0000000702700000, 0x0000000702800000, 0x0000000702800000|100%|HC|  |TS  0|AC  0|TAMS 0x0000000702700000, 0x0000000702700000|
|  40|0x0000000702800000, 0x0000000702900000, 0x0000000702900000|100%|HC|  |TS  0|AC  0|TAMS 0x0000000702800000, 0x0000000702800000|
|  41|0x0000000702900000, 0x0000000702a00000, 0x0000000702a00000|100%|HC|  |TS  0|AC  0|TAMS 0x0000000702900000, 0x0000000702900000|
|  42|0x0000000702a00000, 0x0000000702b00000, 0x0000000702b00000|100%|HC|  |TS  0|AC  0|TAMS 0x0000000702a00000, 0x0000000702a00000|
|  43|0x0000000702b00000, 0x0000000702c00000, 0x0000000702c00000|100%|HC|  |TS  0|AC  0|TAMS 0x0000000702b00000, 0x0000000702b00000|
|  44|0x0000000702c00000, 0x0000000702d00000, 0x0000000702d00000|100%|HC|  |TS  0|AC  0|TAMS 0x0000000702c00000, 0x0000000702c00000|
|  45|0x0000000702d00000, 0x0000000702e00000, 0x0000000702e00000|100%|HC|  |TS  0|AC  0|TAMS 0x0000000702d00000, 0x0000000702d00000|
|  46|0x0000000702e00000, 0x0000000702f00000, 0x0000000702f00000|100%|HC|  |TS  0|AC  0|TAMS 0x0000000702e00000, 0x0000000702e00000|
|  47|0x0000000702f00000, 0x0000000703000000, 0x0000000703000000|100%|HC|  |TS  0|AC  0|TAMS 0x0000000702f00000, 0x0000000702f00000|
|  48|0x0000000703000000, 0x0000000703100000, 0x0000000703100000|100%|HC|  |TS  0|AC  0|TAMS 0x0000000703000000, 0x0000000703000000|
|  49|0x0000000703100000, 0x00000007031ffff0, 0x0000000703200000| 99%| O|  |TS  0|AC  0|TAMS 0x0000000703100000, 0x0000000703100000|
|  50|0x0000000703200000, 0x00000007032fffe0, 0x0000000703300000| 99%| O|  |TS  0|AC  0|TAMS 0x0000000703200000, 0x0000000703200000|
|  51|0x0000000703300000, 0x0000000703400000, 0x0000000703400000|100%| O|  |TS  0|AC  0|TAMS 0x0000000703300000, 0x0000000703300000|
|  52|0x0000000703400000, 0x00000007034ffff8, 0x0000000703500000| 99%| O|  |TS  0|AC  0|TAMS 0x0000000703400000, 0x0000000703400000|
|  53|0x0000000703500000, 0x00000007035ffff0, 0x0000000703600000| 99%| O|  |TS  0|AC  0|TAMS 0x0000000703500000, 0x0000000703500000|
|  54|0x0000000703600000, 0x0000000703700000, 0x0000000703700000|100%|HS|  |TS  0|AC  0|TAMS 0x0000000703600000, 0x0000000703600000|
|  55|0x0000000703700000, 0x00000007037ffff8, 0x0000000703800000| 99%| O|  |TS  0|AC  0|TAMS 0x0000000703700000, 0x0000000703700000|
|  56|0x0000000703800000, 0x00000007038f84d0, 0x0000000703900000| 96%| O|  |TS  0|AC  0|TAMS 0x0000000703800000, 0x0000000703800000|
|  57|0x0000000703900000, 0x00000007039ffff0, 0x0000000703a00000| 99%| O|  |TS  0|AC  0|TAMS 0x0000000703900000, 0x0000000703900000|
|  58|0x0000000703a00000, 0x0000000703affff0, 0x0000000703b00000| 99%| O|  |TS  0|AC  0|TAMS 0x0000000703a00000, 0x0000000703a00000|
|  59|0x0000000703b00000, 0x0000000703bfffe0, 0x0000000703c00000| 99%| O|  |TS  0|AC  0|TAMS 0x0000000703b00000, 0x0000000703b00000|
|  60|0x0000000703c00000, 0x0000000703cff7e0, 0x0000000703d00000| 99%| O|  |TS  0|AC  0|TAMS 0x0000000703c00000, 0x0000000703c00000|
|  61|0x0000000703d00000, 0x0000000703dffc48, 0x0000000703e00000| 99%| O|  |TS  0|AC  0|TAMS 0x0000000703d00000, 0x0000000703d00000|
|  62|0x0000000703e00000, 0x0000000703efffd0, 0x0000000703f00000| 99%| O|  |TS  0|AC  0|TAMS 0x0000000703e00000, 0x0000000703e00000|
|  63|0x0000000703f00000, 0x0000000704000000, 0x0000000704000000|100%|HS|  |TS  0|AC  0|TAMS 0x0000000703f00000, 0x0000000703f00000|
|  64|0x0000000704000000, 0x0000000704100000, 0x0000000704100000|100%|HC|  |TS  0|AC  0|TAMS 0x0000000704000000, 0x0000000704000000|
|  65|0x0000000704100000, 0x0000000704200000, 0x0000000704200000|100%|HC|  |TS  0|AC  0|TAMS 0x0000000704100000, 0x0000000704100000|
|  66|0x0000000704200000, 0x00000007042fff58, 0x0000000704300000| 99%| O|  |TS  0|AC  0|TAMS 0x0000000704200000, 0x0000000704200000|
|  67|0x0000000704300000, 0x00000007043ffff0, 0x0000000704400000| 99%| O|  |TS  0|AC  0|TAMS 0x0000000704300000, 0x0000000704300000|
|  68|0x0000000704400000, 0x0000000704500000, 0x0000000704500000|100%| O|  |TS  0|AC  0|TAMS 0x0000000704400000, 0x0000000704400000|
|  69|0x0000000704500000, 0x00000007045fffe0, 0x0000000704600000| 99%| O|  |TS  0|AC  0|TAMS 0x0000000704500000, 0x0000000704500000|
|  70|0x0000000704600000, 0x00000007046fff58, 0x0000000704700000| 99%| O|  |TS  0|AC  0|TAMS 0x0000000704600000, 0x0000000704600000|
|  71|0x0000000704700000, 0x00000007047fffe0, 0x0000000704800000| 99%| O|  |TS  0|AC  0|TAMS 0x0000000704700000, 0x0000000704700000|
|  72|0x0000000704800000, 0x00000007048fffe8, 0x0000000704900000| 99%| O|  |TS  0|AC  0|TAMS 0x0000000704800000, 0x0000000704800000|
|  73|0x0000000704900000, 0x00000007049fffe8, 0x0000000704a00000| 99%| O|  |TS  0|AC  0|TAMS 0x0000000704900000, 0x0000000704900000|
|  74|0x0000000704a00000, 0x0000000704affff8, 0x0000000704b00000| 99%| O|  |TS  0|AC  0|TAMS 0x0000000704a00000, 0x0000000704a00000|
|  75|0x0000000704b00000, 0x0000000704bffd80, 0x0000000704c00000| 99%| O|  |TS  0|AC  0|TAMS 0x0000000704b00000, 0x0000000704b00000|
|  76|0x0000000704c00000, 0x0000000704cffff8, 0x0000000704d00000| 99%| O|  |TS  0|AC  0|TAMS 0x0000000704c00000, 0x0000000704c00000|
|  77|0x0000000704d00000, 0x0000000704dffff8, 0x0000000704e00000| 99%| O|  |TS  0|AC  0|TAMS 0x0000000704d00000, 0x0000000704d00000|
|  78|0x0000000704e00000, 0x0000000704effff0, 0x0000000704f00000| 99%| O|  |TS  0|AC  0|TAMS 0x0000000704e00000, 0x0000000704e00000|
|  79|0x0000000704f00000, 0x0000000704ffffe8, 0x0000000705000000| 99%| O|  |TS  0|AC  0|TAMS 0x0000000704f00000, 0x0000000704f00000|
|  80|0x0000000705000000, 0x0000000705100000, 0x0000000705100000|100%|HS|  |TS  0|AC  0|TAMS 0x0000000705000000, 0x0000000705000000|
|  81|0x0000000705100000, 0x0000000705200000, 0x0000000705200000|100%|HC|  |TS  0|AC  0|TAMS 0x0000000705100000, 0x0000000705100000|
|  82|0x0000000705200000, 0x00000007052fffe8, 0x0000000705300000| 99%| O|  |TS  0|AC  0|TAMS 0x0000000705200000, 0x0000000705200000|
|  83|0x0000000705300000, 0x000000070536e480, 0x0000000705400000| 43%| O|  |TS  0|AC  0|TAMS 0x0000000705300000, 0x0000000705300000|
|  84|0x0000000705400000, 0x0000000705500000, 0x0000000705500000|100%|HS|  |TS  0|AC  0|TAMS 0x0000000705400000, 0x0000000705400000|
|  85|0x0000000705500000, 0x0000000705600000, 0x0000000705600000|100%|HC|  |TS  0|AC  0|TAMS 0x0000000705500000, 0x0000000705500000|
|  86|0x0000000705600000, 0x0000000705700000, 0x0000000705700000|100%|HC|  |TS  0|AC  0|TAMS 0x0000000705600000, 0x0000000705600000|
|  87|0x0000000705700000, 0x0000000705700000, 0x0000000705800000|  0%| F|  |TS  0|AC  0|TAMS 0x0000000705700000, 0x0000000705700000|
|  88|0x0000000705800000, 0x0000000705800000, 0x0000000705900000|  0%| F|  |TS  0|AC  0|TAMS 0x0000000705800000, 0x0000000705800000|
|  89|0x0000000705900000, 0x0000000705900000, 0x0000000705a00000|  0%| F|  |TS  0|AC  0|TAMS 0x0000000705900000, 0x0000000705900000|
|  90|0x0000000705a00000, 0x0000000705a00000, 0x0000000705b00000|  0%| F|  |TS  0|AC  0|TAMS 0x0000000705a00000, 0x0000000705a00000|
|  91|0x0000000705b00000, 0x0000000705b00000, 0x0000000705c00000|  0%| F|  |TS  0|AC  0|TAMS 0x0000000705b00000, 0x0000000705b00000|
|  92|0x0000000705c00000, 0x0000000705c00000, 0x0000000705d00000|  0%| F|  |TS  0|AC  0|TAMS 0x0000000705c00000, 0x0000000705c00000|
|  93|0x0000000705d00000, 0x0000000705d00000, 0x0000000705e00000|  0%| F|  |TS  0|AC  0|TAMS 0x0000000705d00000, 0x0000000705d00000|
|  94|0x0000000705e00000, 0x0000000705e00000, 0x0000000705f00000|  0%| F|  |TS  0|AC  0|TAMS 0x0000000705e00000, 0x0000000705e00000|
|  95|0x0000000705f00000, 0x0000000705f00000, 0x0000000706000000|  0%| F|  |TS  0|AC  0|TAMS 0x0000000705f00000, 0x0000000705f00000|
|  96|0x0000000706000000, 0x0000000706000000, 0x0000000706100000|  0%| F|  |TS  0|AC  0|TAMS 0x0000000706000000, 0x0000000706000000|
|  97|0x0000000706100000, 0x0000000706100000, 0x0000000706200000|  0%| F|  |TS  0|AC  0|TAMS 0x0000000706100000, 0x0000000706100000|
|  98|0x0000000706200000, 0x0000000706200000, 0x0000000706300000|  0%| F|  |TS  0|AC  0|TAMS 0x0000000706200000, 0x0000000706200000|
|  99|0x0000000706300000, 0x0000000706300000, 0x0000000706400000|  0%| F|  |TS  0|AC  0|TAMS 0x0000000706300000, 0x0000000706300000|
| 100|0x0000000706400000, 0x0000000706400000, 0x0000000706500000|  0%| F|  |TS  0|AC  0|TAMS 0x0000000706400000, 0x0000000706400000|
| 101|0x0000000706500000, 0x0000000706500000, 0x0000000706600000|  0%| F|  |TS  0|AC  0|TAMS 0x0000000706500000, 0x0000000706500000|
| 102|0x0000000706600000, 0x0000000706600000, 0x0000000706700000|  0%| F|  |TS  0|AC  0|TAMS 0x0000000706600000, 0x0000000706600000|
| 103|0x0000000706700000, 0x0000000706700000, 0x0000000706800000|  0%| F|  |TS  0|AC  0|TAMS 0x0000000706700000, 0x0000000706700000|
| 104|0x0000000706800000, 0x0000000706800000, 0x0000000706900000|  0%| F|  |TS  0|AC  0|TAMS 0x0000000706800000, 0x0000000706800000|
| 105|0x0000000706900000, 0x0000000706900000, 0x0000000706a00000|  0%| F|  |TS  0|AC  0|TAMS 0x0000000706900000, 0x0000000706900000|
| 106|0x0000000706a00000, 0x0000000706a00000, 0x0000000706b00000|  0%| F|  |TS  0|AC  0|TAMS 0x0000000706a00000, 0x0000000706a00000|
| 107|0x0000000706b00000, 0x0000000706b00000, 0x0000000706c00000|  0%| F|  |TS  0|AC  0|TAMS 0x0000000706b00000, 0x0000000706b00000|
| 108|0x0000000706c00000, 0x0000000706c00000, 0x0000000706d00000|  0%| F|  |TS  0|AC  0|TAMS 0x0000000706c00000, 0x0000000706c00000|
| 109|0x0000000706d00000, 0x0000000706d00000, 0x0000000706e00000|  0%| F|  |TS  0|AC  0|TAMS 0x0000000706d00000, 0x0000000706d00000|
| 110|0x0000000706e00000, 0x0000000706e00000, 0x0000000706f00000|  0%| F|  |TS  0|AC  0|TAMS 0x0000000706e00000, 0x0000000706e00000|
| 111|0x0000000706f00000, 0x0000000706f00000, 0x0000000707000000|  0%| F|  |TS  0|AC  0|TAMS 0x0000000706f00000, 0x0000000706f00000|
| 112|0x0000000707000000, 0x0000000707000000, 0x0000000707100000|  0%| F|  |TS  0|AC  0|TAMS 0x0000000707000000, 0x0000000707000000|
| 113|0x0000000707100000, 0x0000000707100000, 0x0000000707200000|  0%| F|  |TS  0|AC  0|TAMS 0x0000000707100000, 0x0000000707100000|
| 114|0x0000000707200000, 0x0000000707200000, 0x0000000707300000|  0%| F|  |TS  0|AC  0|TAMS 0x0000000707200000, 0x0000000707200000|
| 115|0x0000000707300000, 0x0000000707300000, 0x0000000707400000|  0%| F|  |TS  0|AC  0|TAMS 0x0000000707300000, 0x0000000707300000|
| 116|0x0000000707400000, 0x0000000707400000, 0x0000000707500000|  0%| F|  |TS  0|AC  0|TAMS 0x0000000707400000, 0x0000000707400000|
| 117|0x0000000707500000, 0x0000000707500000, 0x0000000707600000|  0%| F|  |TS  0|AC  0|TAMS 0x0000000707500000, 0x0000000707500000|
| 118|0x0000000707600000, 0x0000000707600000, 0x0000000707700000|  0%| F|  |TS  0|AC  0|TAMS 0x0000000707600000, 0x0000000707600000|
| 119|0x0000000707700000, 0x0000000707700000, 0x0000000707800000|  0%| F|  |TS  0|AC  0|TAMS 0x0000000707700000, 0x0000000707700000|
| 120|0x0000000707800000, 0x0000000707800000, 0x0000000707900000|  0%| F|  |TS  0|AC  0|TAMS 0x0000000707800000, 0x0000000707800000|
| 121|0x0000000707900000, 0x0000000707900000, 0x0000000707a00000|  0%| F|  |TS  0|AC  0|TAMS 0x0000000707900000, 0x0000000707900000|
| 122|0x0000000707a00000, 0x0000000707a00000, 0x0000000707b00000|  0%| F|  |TS  0|AC  0|TAMS 0x0000000707a00000, 0x0000000707a00000|
| 123|0x0000000707b00000, 0x0000000707b00000, 0x0000000707c00000|  0%| F|  |TS  0|AC  0|TAMS 0x0000000707b00000, 0x0000000707b00000|
| 124|0x0000000707c00000, 0x0000000707c00000, 0x0000000707d00000|  0%| F|  |TS  0|AC  0|TAMS 0x0000000707c00000, 0x0000000707c00000|
| 125|0x0000000707d00000, 0x0000000707d00000, 0x0000000707e00000|  0%| F|  |TS  0|AC  0|TAMS 0x0000000707d00000, 0x0000000707d00000|
| 126|0x0000000707e00000, 0x0000000707e00000, 0x0000000707f00000|  0%| F|  |TS  0|AC  0|TAMS 0x0000000707e00000, 0x0000000707e00000|
| 127|0x0000000707f00000, 0x0000000707f00000, 0x0000000708000000|  0%| F|  |TS  0|AC  0|TAMS 0x0000000707f00000, 0x0000000707f00000|
| 128|0x0000000708000000, 0x0000000708000000, 0x0000000708100000|  0%| F|  |TS  0|AC  0|TAMS 0x0000000708000000, 0x0000000708000000|
| 129|0x0000000708100000, 0x0000000708100000, 0x0000000708200000|  0%| F|  |TS  0|AC  0|TAMS 0x0000000708100000, 0x0000000708100000|
| 130|0x0000000708200000, 0x0000000708200000, 0x0000000708300000|  0%| F|  |TS  0|AC  0|TAMS 0x0000000708200000, 0x0000000708200000|
| 131|0x0000000708300000, 0x0000000708300000, 0x0000000708400000|  0%| F|  |TS  0|AC  0|TAMS 0x0000000708300000, 0x0000000708300000|
| 132|0x0000000708400000, 0x0000000708400000, 0x0000000708500000|  0%| F|  |TS  0|AC  0|TAMS 0x0000000708400000, 0x0000000708400000|
| 133|0x0000000708500000, 0x0000000708500000, 0x0000000708600000|  0%| F|  |TS  0|AC  0|TAMS 0x0000000708500000, 0x0000000708500000|
| 134|0x0000000708600000, 0x0000000708600000, 0x0000000708700000|  0%| F|  |TS  0|AC  0|TAMS 0x0000000708600000, 0x0000000708600000|
| 135|0x0000000708700000, 0x0000000708700000, 0x0000000708800000|  0%| F|  |TS  0|AC  0|TAMS 0x0000000708700000, 0x0000000708700000|
| 136|0x0000000708800000, 0x0000000708800000, 0x0000000708900000|  0%| F|  |TS  0|AC  0|TAMS 0x0000000708800000, 0x0000000708800000|
| 137|0x0000000708900000, 0x0000000708900000, 0x0000000708a00000|  0%| F|  |TS  0|AC  0|TAMS 0x0000000708900000, 0x0000000708900000|
| 138|0x0000000708a00000, 0x0000000708a00000, 0x0000000708b00000|  0%| F|  |TS  0|AC  0|TAMS 0x0000000708a00000, 0x0000000708a00000|
| 139|0x0000000708b00000, 0x0000000708b00000, 0x0000000708c00000|  0%| F|  |TS  0|AC  0|TAMS 0x0000000708b00000, 0x0000000708b00000|
| 140|0x0000000708c00000, 0x0000000708c00000, 0x0000000708d00000|  0%| F|  |TS  0|AC  0|TAMS 0x0000000708c00000, 0x0000000708c00000|
| 141|0x0000000708d00000, 0x0000000708d00000, 0x0000000708e00000|  0%| F|  |TS  0|AC  0|TAMS 0x0000000708d00000, 0x0000000708d00000|
| 142|0x0000000708e00000, 0x0000000708e00000, 0x0000000708f00000|  0%| F|  |TS  0|AC  0|TAMS 0x0000000708e00000, 0x0000000708e00000|
| 143|0x0000000708f00000, 0x0000000708f00000, 0x0000000709000000|  0%| F|  |TS  0|AC  0|TAMS 0x0000000708f00000, 0x0000000708f00000|
| 144|0x0000000709000000, 0x0000000709000000, 0x0000000709100000|  0%| F|  |TS  0|AC  0|TAMS 0x0000000709000000, 0x0000000709000000|
| 145|0x0000000709100000, 0x0000000709100000, 0x0000000709200000|  0%| F|  |TS  0|AC  0|TAMS 0x0000000709100000, 0x0000000709100000|
| 146|0x0000000709200000, 0x0000000709200000, 0x0000000709300000|  0%| F|  |TS  0|AC  0|TAMS 0x0000000709200000, 0x0000000709200000|
| 147|0x0000000709300000, 0x0000000709300000, 0x0000000709400000|  0%| F|  |TS  0|AC  0|TAMS 0x0000000709300000, 0x0000000709300000|
| 148|0x0000000709400000, 0x0000000709400000, 0x0000000709500000|  0%| F|  |TS  0|AC  0|TAMS 0x0000000709400000, 0x0000000709400000|
| 149|0x0000000709500000, 0x0000000709500000, 0x0000000709600000|  0%| F|  |TS  0|AC  0|TAMS 0x0000000709500000, 0x0000000709500000|
| 150|0x0000000709600000, 0x0000000709600000, 0x0000000709700000|  0%| F|  |TS  0|AC  0|TAMS 0x0000000709600000, 0x0000000709600000|
| 151|0x0000000709700000, 0x0000000709700000, 0x0000000709800000|  0%| F|  |TS  0|AC  0|TAMS 0x0000000709700000, 0x0000000709700000|
| 152|0x0000000709800000, 0x0000000709800000, 0x0000000709900000|  0%| F|  |TS  0|AC  0|TAMS 0x0000000709800000, 0x0000000709800000|
| 153|0x0000000709900000, 0x0000000709900000, 0x0000000709a00000|  0%| F|  |TS  0|AC  0|TAMS 0x0000000709900000, 0x0000000709900000|
| 154|0x0000000709a00000, 0x0000000709a00000, 0x0000000709b00000|  0%| F|  |TS  0|AC  0|TAMS 0x0000000709a00000, 0x0000000709a00000|
| 155|0x0000000709b00000, 0x0000000709b00000, 0x0000000709c00000|  0%| F|  |TS  0|AC  0|TAMS 0x0000000709b00000, 0x0000000709b00000|
| 156|0x0000000709c00000, 0x0000000709c00000, 0x0000000709d00000|  0%| F|  |TS  0|AC  0|TAMS 0x0000000709c00000, 0x0000000709c00000|
| 157|0x0000000709d00000, 0x0000000709d00000, 0x0000000709e00000|  0%| F|  |TS  0|AC  0|TAMS 0x0000000709d00000, 0x0000000709d00000|
| 158|0x0000000709e00000, 0x0000000709e00000, 0x0000000709f00000|  0%| F|  |TS  0|AC  0|TAMS 0x0000000709e00000, 0x0000000709e00000|
| 159|0x0000000709f00000, 0x0000000709f00000, 0x000000070a000000|  0%| F|  |TS  0|AC  0|TAMS 0x0000000709f00000, 0x0000000709f00000|
| 160|0x000000070a000000, 0x000000070a000000, 0x000000070a100000|  0%| F|  |TS  0|AC  0|TAMS 0x000000070a000000, 0x000000070a000000|
| 161|0x000000070a100000, 0x000000070a100000, 0x000000070a200000|  0%| F|  |TS  0|AC  0|TAMS 0x000000070a100000, 0x000000070a100000|
| 162|0x000000070a200000, 0x000000070a200000, 0x000000070a300000|  0%| F|  |TS  0|AC  0|TAMS 0x000000070a200000, 0x000000070a200000|
| 163|0x000000070a300000, 0x000000070a300000, 0x000000070a400000|  0%| F|  |TS  0|AC  0|TAMS 0x000000070a300000, 0x000000070a300000|
| 164|0x000000070a400000, 0x000000070a400000, 0x000000070a500000|  0%| F|  |TS  0|AC  0|TAMS 0x000000070a400000, 0x000000070a400000|
| 165|0x000000070a500000, 0x000000070a500000, 0x000000070a600000|  0%| F|  |TS  0|AC  0|TAMS 0x000000070a500000, 0x000000070a500000|
| 166|0x000000070a600000, 0x000000070a600000, 0x000000070a700000|  0%| F|  |TS  0|AC  0|TAMS 0x000000070a600000, 0x000000070a600000|
| 167|0x000000070a700000, 0x000000070a700000, 0x000000070a800000|  0%| F|  |TS  0|AC  0|TAMS 0x000000070a700000, 0x000000070a700000|
| 168|0x000000070a800000, 0x000000070a800000, 0x000000070a900000|  0%| F|  |TS  0|AC  0|TAMS 0x000000070a800000, 0x000000070a800000|
| 169|0x000000070a900000, 0x000000070a900000, 0x000000070aa00000|  0%| F|  |TS  0|AC  0|TAMS 0x000000070a900000, 0x000000070a900000|
| 170|0x000000070aa00000, 0x000000070aa00000, 0x000000070ab00000|  0%| F|  |TS  0|AC  0|TAMS 0x000000070aa00000, 0x000000070aa00000|
| 171|0x000000070ab00000, 0x000000070ab00000, 0x000000070ac00000|  0%| F|  |TS  0|AC  0|TAMS 0x000000070ab00000, 0x000000070ab00000|
| 172|0x000000070ac00000, 0x000000070ac00000, 0x000000070ad00000|  0%| F|  |TS  0|AC  0|TAMS 0x000000070ac00000, 0x000000070ac00000|
| 173|0x000000070ad00000, 0x000000070ad00000, 0x000000070ae00000|  0%| F|  |TS  0|AC  0|TAMS 0x000000070ad00000, 0x000000070ad00000|
| 174|0x000000070ae00000, 0x000000070ae00000, 0x000000070af00000|  0%| F|  |TS  0|AC  0|TAMS 0x000000070ae00000, 0x000000070ae00000|
| 175|0x000000070af00000, 0x000000070af00000, 0x000000070b000000|  0%| F|  |TS  0|AC  0|TAMS 0x000000070af00000, 0x000000070af00000|
| 176|0x000000070b000000, 0x000000070b000000, 0x000000070b100000|  0%| F|  |TS  0|AC  0|TAMS 0x000000070b000000, 0x000000070b000000|
| 177|0x000000070b100000, 0x000000070b100000, 0x000000070b200000|  0%| F|  |TS  0|AC  0|TAMS 0x000000070b100000, 0x000000070b100000|
| 178|0x000000070b200000, 0x000000070b200000, 0x000000070b300000|  0%| F|  |TS  0|AC  0|TAMS 0x000000070b200000, 0x000000070b200000|
| 179|0x000000070b300000, 0x000000070b300000, 0x000000070b400000|  0%| F|  |TS  0|AC  0|TAMS 0x000000070b300000, 0x000000070b300000|
| 180|0x000000070b400000, 0x000000070b400000, 0x000000070b500000|  0%| F|  |TS  0|AC  0|TAMS 0x000000070b400000, 0x000000070b400000|
| 181|0x000000070b500000, 0x000000070b500000, 0x000000070b600000|  0%| F|  |TS  0|AC  0|TAMS 0x000000070b500000, 0x000000070b500000|
| 182|0x000000070b600000, 0x000000070b600000, 0x000000070b700000|  0%| F|  |TS  0|AC  0|TAMS 0x000000070b600000, 0x000000070b600000|
| 183|0x000000070b700000, 0x000000070b700000, 0x000000070b800000|  0%| F|  |TS  0|AC  0|TAMS 0x000000070b700000, 0x000000070b700000|
| 184|0x000000070b800000, 0x000000070b800000, 0x000000070b900000|  0%| F|  |TS  0|AC  0|TAMS 0x000000070b800000, 0x000000070b800000|
| 185|0x000000070b900000, 0x000000070b900000, 0x000000070ba00000|  0%| F|  |TS  0|AC  0|TAMS 0x000000070b900000, 0x000000070b900000|
| 186|0x000000070ba00000, 0x000000070ba00000, 0x000000070bb00000|  0%| F|  |TS  0|AC  0|TAMS 0x000000070ba00000, 0x000000070ba00000|
| 187|0x000000070bb00000, 0x000000070bb00000, 0x000000070bc00000|  0%| F|  |TS  0|AC  0|TAMS 0x000000070bb00000, 0x000000070bb00000|
| 188|0x000000070bc00000, 0x000000070bc00000, 0x000000070bd00000|  0%| F|  |TS  0|AC  0|TAMS 0x000000070bc00000, 0x000000070bc00000|
| 189|0x000000070bd00000, 0x000000070bd00000, 0x000000070be00000|  0%| F|  |TS  0|AC  0|TAMS 0x000000070bd00000, 0x000000070bd00000|
| 190|0x000000070be00000, 0x000000070be00000, 0x000000070bf00000|  0%| F|  |TS  0|AC  0|TAMS 0x000000070be00000, 0x000000070be00000|
| 191|0x000000070bf00000, 0x000000070bf00000, 0x000000070c000000|  0%| F|  |TS  0|AC  0|TAMS 0x000000070bf00000, 0x000000070bf00000|
| 192|0x000000070c000000, 0x000000070c000000, 0x000000070c100000|  0%| F|  |TS  0|AC  0|TAMS 0x000000070c000000, 0x000000070c000000|
| 193|0x000000070c100000, 0x000000070c100000, 0x000000070c200000|  0%| F|  |TS  0|AC  0|TAMS 0x000000070c100000, 0x000000070c100000|
| 194|0x000000070c200000, 0x000000070c200000, 0x000000070c300000|  0%| F|  |TS  0|AC  0|TAMS 0x000000070c200000, 0x000000070c200000|
| 195|0x000000070c300000, 0x000000070c300000, 0x000000070c400000|  0%| F|  |TS  0|AC  0|TAMS 0x000000070c300000, 0x000000070c300000|
| 196|0x000000070c400000, 0x000000070c400000, 0x000000070c500000|  0%| F|  |TS  0|AC  0|TAMS 0x000000070c400000, 0x000000070c400000|
| 197|0x000000070c500000, 0x000000070c500000, 0x000000070c600000|  0%| F|  |TS  0|AC  0|TAMS 0x000000070c500000, 0x000000070c500000|
| 198|0x000000070c600000, 0x000000070c600000, 0x000000070c700000|  0%| F|  |TS  0|AC  0|TAMS 0x000000070c600000, 0x000000070c600000|
| 199|0x000000070c700000, 0x000000070c700000, 0x000000070c800000|  0%| F|  |TS  0|AC  0|TAMS 0x000000070c700000, 0x000000070c700000|
| 200|0x000000070c800000, 0x000000070c800000, 0x000000070c900000|  0%| F|  |TS  0|AC  0|TAMS 0x000000070c800000, 0x000000070c800000|
| 201|0x000000070c900000, 0x000000070c900000, 0x000000070ca00000|  0%| F|  |TS  0|AC  0|TAMS 0x000000070c900000, 0x000000070c900000|
| 202|0x000000070ca00000, 0x000000070ca00000, 0x000000070cb00000|  0%| F|  |TS  0|AC  0|TAMS 0x000000070ca00000, 0x000000070ca00000|
| 203|0x000000070cb00000, 0x000000070cb00000, 0x000000070cc00000|  0%| F|  |TS  0|AC  0|TAMS 0x000000070cb00000, 0x000000070cb00000|
| 204|0x000000070cc00000, 0x000000070cc00000, 0x000000070cd00000|  0%| F|  |TS  0|AC  0|TAMS 0x000000070cc00000, 0x000000070cc00000|
| 205|0x000000070cd00000, 0x000000070cd00000, 0x000000070ce00000|  0%| F|  |TS  0|AC  0|TAMS 0x000000070cd00000, 0x000000070cd00000|
| 206|0x000000070ce00000, 0x000000070ce00000, 0x000000070cf00000|  0%| F|  |TS  0|AC  0|TAMS 0x000000070ce00000, 0x000000070ce00000|
| 207|0x000000070cf00000, 0x000000070cf00000, 0x000000070d000000|  0%| F|  |TS  0|AC  0|TAMS 0x000000070cf00000, 0x000000070cf00000|
| 208|0x000000070d000000, 0x000000070d000000, 0x000000070d100000|  0%| F|  |TS  0|AC  0|TAMS 0x000000070d000000, 0x000000070d000000|
| 209|0x000000070d100000, 0x000000070d100000, 0x000000070d200000|  0%| F|  |TS  0|AC  0|TAMS 0x000000070d100000, 0x000000070d100000|
| 210|0x000000070d200000, 0x000000070d200000, 0x000000070d300000|  0%| F|  |TS  0|AC  0|TAMS 0x000000070d200000, 0x000000070d200000|
| 211|0x000000070d300000, 0x000000070d300000, 0x000000070d400000|  0%| F|  |TS  0|AC  0|TAMS 0x000000070d300000, 0x000000070d300000|
| 212|0x000000070d400000, 0x000000070d400000, 0x000000070d500000|  0%| F|  |TS  0|AC  0|TAMS 0x000000070d400000, 0x000000070d400000|
| 213|0x000000070d500000, 0x000000070d500000, 0x000000070d600000|  0%| F|  |TS  0|AC  0|TAMS 0x000000070d500000, 0x000000070d500000|
| 214|0x000000070d600000, 0x000000070d600000, 0x000000070d700000|  0%| F|  |TS  0|AC  0|TAMS 0x000000070d600000, 0x000000070d600000|
| 215|0x000000070d700000, 0x000000070d700000, 0x000000070d800000|  0%| F|  |TS  0|AC  0|TAMS 0x000000070d700000, 0x000000070d700000|
| 216|0x000000070d800000, 0x000000070d800000, 0x000000070d900000|  0%| F|  |TS  0|AC  0|TAMS 0x000000070d800000, 0x000000070d800000|
| 217|0x000000070d900000, 0x000000070d900000, 0x000000070da00000|  0%| F|  |TS  0|AC  0|TAMS 0x000000070d900000, 0x000000070d900000|
| 218|0x000000070da00000, 0x000000070da00000, 0x000000070db00000|  0%| F|  |TS  0|AC  0|TAMS 0x000000070da00000, 0x000000070da00000|
| 219|0x000000070db00000, 0x000000070db00000, 0x000000070dc00000|  0%| F|  |TS  0|AC  0|TAMS 0x000000070db00000, 0x000000070db00000|
| 220|0x000000070dc00000, 0x000000070dc00000, 0x000000070dd00000|  0%| F|  |TS  0|AC  0|TAMS 0x000000070dc00000, 0x000000070dc00000|
| 221|0x000000070dd00000, 0x000000070dd00000, 0x000000070de00000|  0%| F|  |TS  0|AC  0|TAMS 0x000000070dd00000, 0x000000070dd00000|
| 222|0x000000070de00000, 0x000000070de00000, 0x000000070df00000|  0%| F|  |TS  0|AC  0|TAMS 0x000000070de00000, 0x000000070de00000|
| 223|0x000000070df00000, 0x000000070df00000, 0x000000070e000000|  0%| F|  |TS  0|AC  0|TAMS 0x000000070df00000, 0x000000070df00000|
| 224|0x000000070e000000, 0x000000070e000000, 0x000000070e100000|  0%| F|  |TS  0|AC  0|TAMS 0x000000070e000000, 0x000000070e000000|
| 225|0x000000070e100000, 0x000000070e100000, 0x000000070e200000|  0%| F|  |TS  0|AC  0|TAMS 0x000000070e100000, 0x000000070e100000|
| 226|0x000000070e200000, 0x000000070e200000, 0x000000070e300000|  0%| F|  |TS  0|AC  0|TAMS 0x000000070e200000, 0x000000070e200000|
| 227|0x000000070e300000, 0x000000070e300000, 0x000000070e400000|  0%| F|  |TS  0|AC  0|TAMS 0x000000070e300000, 0x000000070e300000|
| 228|0x000000070e400000, 0x000000070e400000, 0x000000070e500000|  0%| F|  |TS  0|AC  0|TAMS 0x000000070e400000, 0x000000070e400000|
| 229|0x000000070e500000, 0x000000070e500000, 0x000000070e600000|  0%| F|  |TS  0|AC  0|TAMS 0x000000070e500000, 0x000000070e500000|
| 230|0x000000070e600000, 0x000000070e6e32b8, 0x000000070e700000| 88%| E|  |TS  0|AC  0|TAMS 0x000000070e600000, 0x000000070e600000|
| 231|0x000000070e700000, 0x000000070e800000, 0x000000070e800000|100%| E|CS|TS  0|AC  0|TAMS 0x000000070e700000, 0x000000070e700000|
| 232|0x000000070e800000, 0x000000070e900000, 0x000000070e900000|100%| E|CS|TS  0|AC  0|TAMS 0x000000070e800000, 0x000000070e800000|
| 233|0x000000070e900000, 0x000000070ea00000, 0x000000070ea00000|100%| E|CS|TS  0|AC  0|TAMS 0x000000070e900000, 0x000000070e900000|
| 234|0x000000070ea00000, 0x000000070eb00000, 0x000000070eb00000|100%| E|CS|TS  0|AC  0|TAMS 0x000000070ea00000, 0x000000070ea00000|
| 235|0x000000070eb00000, 0x000000070ec00000, 0x000000070ec00000|100%| E|CS|TS  0|AC  0|TAMS 0x000000070eb00000, 0x000000070eb00000|
| 236|0x000000070ec00000, 0x000000070ed00000, 0x000000070ed00000|100%| E|CS|TS  0|AC  0|TAMS 0x000000070ec00000, 0x000000070ec00000|
| 237|0x000000070ed00000, 0x000000070ee00000, 0x000000070ee00000|100%| E|CS|TS  0|AC  0|TAMS 0x000000070ed00000, 0x000000070ed00000|
| 238|0x000000070ee00000, 0x000000070ef00000, 0x000000070ef00000|100%| E|CS|TS  0|AC  0|TAMS 0x000000070ee00000, 0x000000070ee00000|
| 239|0x000000070ef00000, 0x000000070f000000, 0x000000070f000000|100%| E|CS|TS  0|AC  0|TAMS 0x000000070ef00000, 0x000000070ef00000|
| 240|0x000000070f000000, 0x000000070f100000, 0x000000070f100000|100%| E|CS|TS  0|AC  0|TAMS 0x000000070f000000, 0x000000070f000000|
| 241|0x000000070f100000, 0x000000070f200000, 0x000000070f200000|100%| E|CS|TS  0|AC  0|TAMS 0x000000070f100000, 0x000000070f100000|
| 242|0x000000070f200000, 0x000000070f300000, 0x000000070f300000|100%| E|CS|TS  0|AC  0|TAMS 0x000000070f200000, 0x000000070f200000|
| 243|0x000000070f300000, 0x000000070f400000, 0x000000070f400000|100%| E|CS|TS  0|AC  0|TAMS 0x000000070f300000, 0x000000070f300000|
| 244|0x000000070f400000, 0x000000070f500000, 0x000000070f500000|100%| E|CS|TS  0|AC  0|TAMS 0x000000070f400000, 0x000000070f400000|
| 245|0x000000070f500000, 0x000000070f600000, 0x000000070f600000|100%| E|CS|TS  0|AC  0|TAMS 0x000000070f500000, 0x000000070f500000|
| 246|0x000000070f600000, 0x000000070f700000, 0x000000070f700000|100%| E|CS|TS  0|AC  0|TAMS 0x000000070f600000, 0x000000070f600000|
| 247|0x000000070f700000, 0x000000070f800000, 0x000000070f800000|100%| E|CS|TS  0|AC  0|TAMS 0x000000070f700000, 0x000000070f700000|
| 248|0x000000070f800000, 0x000000070f900000, 0x000000070f900000|100%| E|CS|TS  0|AC  0|TAMS 0x000000070f800000, 0x000000070f800000|
| 249|0x000000070f900000, 0x000000070fa00000, 0x000000070fa00000|100%| E|CS|TS  0|AC  0|TAMS 0x000000070f900000, 0x000000070f900000|
| 250|0x000000070fa00000, 0x000000070fb00000, 0x000000070fb00000|100%| E|CS|TS  0|AC  0|TAMS 0x000000070fa00000, 0x000000070fa00000|
| 251|0x000000070fb00000, 0x000000070fc00000, 0x000000070fc00000|100%| E|CS|TS  0|AC  0|TAMS 0x000000070fb00000, 0x000000070fb00000|
| 252|0x000000070fc00000, 0x000000070fd00000, 0x000000070fd00000|100%| E|CS|TS  0|AC  0|TAMS 0x000000070fc00000, 0x000000070fc00000|
| 253|0x000000070fd00000, 0x000000070fe00000, 0x000000070fe00000|100%| E|CS|TS  0|AC  0|TAMS 0x000000070fd00000, 0x000000070fd00000|
| 254|0x000000070fe00000, 0x000000070ff00000, 0x000000070ff00000|100%| E|CS|TS  0|AC  0|TAMS 0x000000070fe00000, 0x000000070fe00000|
| 255|0x000000070ff00000, 0x0000000710000000, 0x0000000710000000|100%| E|CS|TS  0|AC  0|TAMS 0x000000070ff00000, 0x000000070ff00000|
| 256|0x0000000710000000, 0x0000000710100000, 0x0000000710100000|100%| E|CS|TS  0|AC  0|TAMS 0x0000000710000000, 0x0000000710000000|
| 257|0x0000000710100000, 0x0000000710200000, 0x0000000710200000|100%| E|CS|TS  0|AC  0|TAMS 0x0000000710100000, 0x0000000710100000|
| 258|0x0000000710200000, 0x0000000710300000, 0x0000000710300000|100%| E|CS|TS  0|AC  0|TAMS 0x0000000710200000, 0x0000000710200000|
| 259|0x0000000710300000, 0x0000000710400000, 0x0000000710400000|100%| E|CS|TS  0|AC  0|TAMS 0x0000000710300000, 0x0000000710300000|
| 260|0x0000000710400000, 0x0000000710500000, 0x0000000710500000|100%| E|CS|TS  0|AC  0|TAMS 0x0000000710400000, 0x0000000710400000|
| 261|0x0000000710500000, 0x0000000710600000, 0x0000000710600000|100%| E|CS|TS  0|AC  0|TAMS 0x0000000710500000, 0x0000000710500000|
| 262|0x0000000710600000, 0x0000000710700000, 0x0000000710700000|100%| E|CS|TS  0|AC  0|TAMS 0x0000000710600000, 0x0000000710600000|
| 263|0x0000000710700000, 0x0000000710800000, 0x0000000710800000|100%| E|CS|TS  0|AC  0|TAMS 0x0000000710700000, 0x0000000710700000|
| 264|0x0000000710800000, 0x0000000710900000, 0x0000000710900000|100%| E|CS|TS  0|AC  0|TAMS 0x0000000710800000, 0x0000000710800000|
| 265|0x0000000710900000, 0x0000000710a00000, 0x0000000710a00000|100%| E|CS|TS  0|AC  0|TAMS 0x0000000710900000, 0x0000000710900000|
| 266|0x0000000710a00000, 0x0000000710b00000, 0x0000000710b00000|100%| E|CS|TS  0|AC  0|TAMS 0x0000000710a00000, 0x0000000710a00000|
| 267|0x0000000710b00000, 0x0000000710c00000, 0x0000000710c00000|100%| E|CS|TS  0|AC  0|TAMS 0x0000000710b00000, 0x0000000710b00000|
| 268|0x0000000710c00000, 0x0000000710d00000, 0x0000000710d00000|100%| E|CS|TS  0|AC  0|TAMS 0x0000000710c00000, 0x0000000710c00000|
| 269|0x0000000710d00000, 0x0000000710e00000, 0x0000000710e00000|100%| E|CS|TS  0|AC  0|TAMS 0x0000000710d00000, 0x0000000710d00000|
| 270|0x0000000710e00000, 0x0000000710f00000, 0x0000000710f00000|100%| E|CS|TS  0|AC  0|TAMS 0x0000000710e00000, 0x0000000710e00000|
| 271|0x0000000710f00000, 0x0000000711000000, 0x0000000711000000|100%| E|CS|TS  0|AC  0|TAMS 0x0000000710f00000, 0x0000000710f00000|
| 272|0x0000000711000000, 0x0000000711100000, 0x0000000711100000|100%| E|CS|TS  0|AC  0|TAMS 0x0000000711000000, 0x0000000711000000|
| 273|0x0000000711100000, 0x0000000711200000, 0x0000000711200000|100%| E|CS|TS  0|AC  0|TAMS 0x0000000711100000, 0x0000000711100000|
| 274|0x0000000711200000, 0x0000000711300000, 0x0000000711300000|100%| E|CS|TS  0|AC  0|TAMS 0x0000000711200000, 0x0000000711200000|
| 275|0x0000000711300000, 0x0000000711400000, 0x0000000711400000|100%| E|CS|TS  0|AC  0|TAMS 0x0000000711300000, 0x0000000711300000|
| 276|0x0000000711400000, 0x0000000711500000, 0x0000000711500000|100%| E|CS|TS  0|AC  0|TAMS 0x0000000711400000, 0x0000000711400000|
| 277|0x0000000711500000, 0x0000000711600000, 0x0000000711600000|100%| E|CS|TS  0|AC  0|TAMS 0x0000000711500000, 0x0000000711500000|
| 278|0x0000000711600000, 0x0000000711700000, 0x0000000711700000|100%| E|CS|TS  0|AC  0|TAMS 0x0000000711600000, 0x0000000711600000|
| 279|0x0000000711700000, 0x0000000711800000, 0x0000000711800000|100%| E|CS|TS  0|AC  0|TAMS 0x0000000711700000, 0x0000000711700000|
| 280|0x0000000711800000, 0x0000000711900000, 0x0000000711900000|100%| E|CS|TS  0|AC  0|TAMS 0x0000000711800000, 0x0000000711800000|
| 281|0x0000000711900000, 0x0000000711a00000, 0x0000000711a00000|100%| E|CS|TS  0|AC  0|TAMS 0x0000000711900000, 0x0000000711900000|
| 282|0x0000000711a00000, 0x0000000711b00000, 0x0000000711b00000|100%| E|CS|TS  0|AC  0|TAMS 0x0000000711a00000, 0x0000000711a00000|
| 283|0x0000000711b00000, 0x0000000711c00000, 0x0000000711c00000|100%| E|CS|TS  0|AC  0|TAMS 0x0000000711b00000, 0x0000000711b00000|

Card table byte_map: [0x000002310f850000,0x000002310fe50000] byte_map_base: 0x000002310c050000

Marking Bits (Prev, Next): (CMBitMap*) 0x000002310dbc3398, (CMBitMap*) 0x000002310dbc3360
 Prev Bits: [0x000002312a300000, 0x000002312d300000)
 Next Bits: [0x0000023127300000, 0x000002312a300000)

Polling page: 0x0000023107050000

CodeHeap 'non-profiled nmethods': size=120000Kb used=23351Kb max_used=23351Kb free=96649Kb
 bounds [0x000002311fdd0000, 0x00000231214b0000, 0x0000023127300000]
CodeHeap 'profiled nmethods': size=120000Kb used=45152Kb max_used=45152Kb free=74847Kb
 bounds [0x00000231188a0000, 0x000002311b500000, 0x000002311fdd0000]
CodeHeap 'non-nmethods': size=5760Kb used=1780Kb max_used=1827Kb free=3979Kb
 bounds [0x0000023118300000, 0x0000023118570000, 0x00000231188a0000]
 total_blobs=34162 nmethods=18208 adapters=1112
 compilation: enabled

Compilation events (10 events):
Event: 1983.285 Thread 0x000002310ba1d000 23085       3       ui.data.simulation.executive.protobuf.RSDHierarchy$RSDStackFrameMessage::getNodesCount (10 bytes)
Event: 1983.285 Thread 0x000002310ba1d000 nmethod 23085 0x000002311ae7c510 code [0x000002311ae7c6c0, 0x000002311ae7c8f0]
Event: 1983.334 Thread 0x000002310ba1d000 23086       3       ui.frmwork.HTclEventBroker::a (78 bytes)
Event: 1983.335 Thread 0x000002310ba1d000 nmethod 23086 0x000002311b4ea890 code [0x000002311b4eab00, 0x000002311b4eb6b0]
Event: 1983.978 Thread 0x000002310e13b000 23087       4       ui.frmwork.d.b::eau (11 bytes)
Event: 1983.981 Thread 0x000002310e13b000 nmethod 23087 0x00000231214a0810 code [0x00000231214a09c0, 0x00000231214a0ba8]
Event: 1984.560 Thread 0x000002310ba1d000 23088       3       ui.views.x.b.at::a (656 bytes)
Event: 1984.567 Thread 0x000002310ba1d000 nmethod 23088 0x000002311b4eba10 code [0x000002311b4ecb80, 0x000002311b4f7740]
Event: 1991.933 Thread 0x000002310ba1c800 23089       4       java.awt.Window::isModalExcluded (43 bytes)
Event: 1991.934 Thread 0x000002310ba1c800 nmethod 23089 0x00000231214a0d10 code [0x00000231214a0ec0, 0x00000231214a1048]

GC Heap History (10 events):
Event: 1967.010 GC heap before
{Heap before GC invocations=669 (full 278):
 garbage-first heap   total 290816K, used 96845K [0x0000000700000000, 0x00000007001008e0, 0x00000007c0000000)
  region size 1024K, 10 young (10240K), 0 survivors (0K)
 Metaspace       used 83452K, capacity 89482K, committed 89648K, reserved 1126400K
  class space    used 11030K, capacity 12075K, committed 12080K, reserved 1048576K
}
Event: 1967.195 GC heap after
{Heap after GC invocations=670 (full 279):
 garbage-first heap   total 290816K, used 87690K [0x0000000700000000, 0x00000007001008e0, 0x00000007c0000000)
  region size 1024K, 0 young (0K), 0 survivors (0K)
 Metaspace       used 83452K, capacity 89482K, committed 89648K, reserved 1126400K
  class space    used 11030K, capacity 12075K, committed 12080K, reserved 1048576K
}
Event: 1967.446 GC heap before
{Heap before GC invocations=670 (full 279):
 garbage-first heap   total 290816K, used 89738K [0x0000000700000000, 0x00000007001008e0, 0x00000007c0000000)
  region size 1024K, 3 young (3072K), 0 survivors (0K)
 Metaspace       used 83452K, capacity 89482K, committed 89648K, reserved 1126400K
  class space    used 11030K, capacity 12075K, committed 12080K, reserved 1048576K
}
Event: 1967.625 GC heap after
{Heap after GC invocations=671 (full 280):
 garbage-first heap   total 290816K, used 87597K [0x0000000700000000, 0x00000007001008e0, 0x00000007c0000000)
  region size 1024K, 0 young (0K), 0 survivors (0K)
 Metaspace       used 83452K, capacity 89482K, committed 89648K, reserved 1126400K
  class space    used 11030K, capacity 12075K, committed 12080K, reserved 1048576K
}
Event: 1967.965 GC heap before
{Heap before GC invocations=671 (full 280):
 garbage-first heap   total 290816K, used 90669K [0x0000000700000000, 0x00000007001008e0, 0x00000007c0000000)
  region size 1024K, 4 young (4096K), 0 survivors (0K)
 Metaspace       used 83452K, capacity 89482K, committed 89648K, reserved 1126400K
  class space    used 11030K, capacity 12075K, committed 12080K, reserved 1048576K
}
Event: 1968.155 GC heap after
{Heap after GC invocations=672 (full 281):
 garbage-first heap   total 290816K, used 87642K [0x0000000700000000, 0x00000007001008e0, 0x00000007c0000000)
  region size 1024K, 0 young (0K), 0 survivors (0K)
 Metaspace       used 83452K, capacity 89482K, committed 89648K, reserved 1126400K
  class space    used 11030K, capacity 12075K, committed 12080K, reserved 1048576K
}
Event: 1979.910 GC heap before
{Heap before GC invocations=672 (full 281):
 garbage-first heap   total 290816K, used 149082K [0x0000000700000000, 0x00000007001008e0, 0x00000007c0000000)
  region size 1024K, 60 young (61440K), 0 survivors (0K)
 Metaspace       used 83453K, capacity 89482K, committed 89648K, reserved 1126400K
  class space    used 11030K, capacity 12075K, committed 12080K, reserved 1048576K
}
Event: 1979.916 GC heap after
{Heap after GC invocations=673 (full 281):
 garbage-first heap   total 290816K, used 88913K [0x0000000700000000, 0x00000007001008e0, 0x00000007c0000000)
  region size 1024K, 2 young (2048K), 2 survivors (2048K)
 Metaspace       used 83453K, capacity 89482K, committed 89648K, reserved 1126400K
  class space    used 11030K, capacity 12075K, committed 12080K, reserved 1048576K
}
Event: 1983.090 GC heap before
{Heap before GC invocations=673 (full 281):
 garbage-first heap   total 290816K, used 139089K [0x0000000700000000, 0x00000007001008e0, 0x00000007c0000000)
  region size 1024K, 49 young (50176K), 2 survivors (2048K)
 Metaspace       used 83454K, capacity 89482K, committed 89648K, reserved 1126400K
  class space    used 11030K, capacity 12075K, committed 12080K, reserved 1048576K
}
Event: 1983.277 GC heap after
{Heap after GC invocations=674 (full 282):
 garbage-first heap   total 290816K, used 87825K [0x0000000700000000, 0x00000007001008e0, 0x00000007c0000000)
  region size 1024K, 0 young (0K), 0 survivors (0K)
 Metaspace       used 83454K, capacity 89482K, committed 89648K, reserved 1126400K
  class space    used 11030K, capacity 12075K, committed 12080K, reserved 1048576K
}

Deoptimization events (10 events):
Event: 1653.417 Thread 0x0000023132c60000 Uncommon trap: reason=unloaded action=reinterpret pc=0x0000023120fff77c method=ui.data.n.e.c.a(Ljava/io/InputStream;Lui/data/n/d/f;)Ljava/lang/Object; @ 374 c2
Event: 1653.483 Thread 0x0000023132c60000 Uncommon trap: reason=unloaded action=reinterpret pc=0x0000023121037708 method=ui.data.n.b.a.a(Lui/data/n/a;Ljava/lang/Object;Lui/data/n/d/f;)Ljava/lang/Object; @ 371 c2
Event: 1664.142 Thread 0x0000023132c60000 Uncommon trap: reason=bimorphic_or_optimized_type_check action=maybe_recompile pc=0x00000231210a2394 method=javax.swing.JComponent._paintImmediately(IIII)V @ 218 c2
Event: 1664.165 Thread 0x0000023132c60000 Uncommon trap: reason=unstable_if action=reinterpret pc=0x000002312092805c method=com.jidesoft.swing.JideSwingUtilities.getButtonState(Ljavax/swing/AbstractButton;)I @ 111 c2
Event: 1664.227 Thread 0x0000023132c60000 Uncommon trap: reason=unstable_if action=reinterpret pc=0x00000231208c8634 method=com.jidesoft.swing.JideSwingUtilities.getButtonState(Ljavax/swing/AbstractButton;)I @ 111 c2
Event: 1835.490 Thread 0x0000023132c60000 Uncommon trap: reason=unstable_if action=reinterpret pc=0x000002312124c7e8 method=sun.java2d.marlin.MarlinRenderingEngine.strokeTo(Lsun/java2d/marlin/RendererContext;Ljava/awt/Shape;Ljava/awt/geom/AffineTransform;FLsun/java2d/marlin/MarlinRenderingEngine$
Event: 1835.490 Thread 0x0000023132c60000 Uncommon trap: reason=bimorphic_or_optimized_type_check action=maybe_recompile pc=0x000002312124e3d4 method=sun.java2d.marlin.Stroker.pathDone()V @ 16 c2
Event: 1835.491 Thread 0x0000023132c60000 Uncommon trap: reason=unstable_if action=reinterpret pc=0x0000023120cff988 method=sun.swing.SwingUtilities2.syncCharsBuffer(Ljava/lang/String;)I @ 16 c2
Event: 1835.549 Thread 0x0000023132c60000 Uncommon trap: reason=unstable_if action=reinterpret pc=0x0000023120c63368 method=com.jidesoft.grid.TreeTableModel.getRowIndex(Lcom/jidesoft/grid/Row;)I @ 1 c2
Event: 1980.811 Thread 0x0000023132c60000 Uncommon trap: reason=bimorphic_or_optimized_type_check action=maybe_recompile pc=0x000002312119f910 method=sun.awt.windows.WComponentPeer.handleEvent(Ljava/awt/AWTEvent;)V @ 152 c2

Classes redefined (0 events):
No events

Internal exceptions (10 events):
Event: 136.859 Thread 0x0000023132c60000 Implicit null exception at 0x0000023120860b10 to 0x0000023120860b91
Event: 146.242 Thread 0x0000023132c60000 Implicit null exception at 0x0000023120fb0a16 to 0x0000023120fb28d9
Event: 283.344 Thread 0x0000023132c60000 Implicit null exception at 0x00000231207348f4 to 0x0000023120734bad
Event: 1340.783 Thread 0x0000023132c60000 Implicit null exception at 0x0000023120753d4d to 0x00000231207557c1
Event: 1664.048 Thread 0x0000023132c60000 Exception <a 'java/lang/NoSuchMethodError'{0x000000070f8f6f30}: method resolution failed> (0x000000070f8f6f30) thrown at [t:/workspace/hotspot/src/share/vm/prims/methodHandles.cpp, line 1256]
Event: 1664.048 Thread 0x0000023132c60000 Exception <a 'java/lang/NoSuchMethodError'{0x000000070f8fd040}: java.lang.invoke.DelegatingMethodHandle$Holder.reinvoke_L(Ljava/lang/Object;Ljava/lang/Object;IILjava/lang/Object;Ljava/lang/Object;Ljava/lang/Object;Ljava/lang/Object;Ljava/lang/Object;Ljava
Event: 1664.050 Thread 0x0000023132c60000 Exception <a 'java/lang/NoSuchMethodError'{0x000000070f61c098}: java.lang.invoke.DirectMethodHandle$Holder.invokeSpecial(Ljava/lang/Object;Ljava/lang/Object;IILjava/lang/Object;Ljava/lang/Object;Ljava/lang/Object;Ljava/lang/Object;Ljava/lang/Object;Ljava/
Event: 1664.050 Thread 0x0000023132c60000 Exception <a 'java/lang/NoSuchMethodError'{0x000000070f6214f0}: java.lang.invoke.DelegatingMethodHandle$Holder.reinvoke_L(Ljava/lang/Object;IILjava/lang/Object;Ljava/lang/Object;Ljava/lang/Object;Ljava/lang/Object;Ljava/lang/Object;Ljava/lang/Object;Ljava
Event: 1664.052 Thread 0x0000023132c60000 Exception <a 'java/lang/NoSuchMethodError'{0x000000070f6f31c0}: java.lang.invoke.DirectMethodHandle$Holder.invokeSpecial(Ljava/lang/Object;Ljava/lang/Object;Ljava/lang/Object;Ljava/lang/Object;Ljava/lang/Object;Ljava/lang/Object;Ljava/lang/Object;Ljava/la
Event: 1835.490 Thread 0x0000023132c60000 Implicit null exception at 0x000002312124bb97 to 0x000002312124c7c1

Events (10 events):
Event: 1988.217 Thread 0x00000231487f2800 Thread exited: 0x00000231487f2800
Event: 1988.727 Thread 0x00000231487f2800 Thread added: 0x00000231487f2800
Event: 1988.729 Thread 0x00000231487f2800 Thread exited: 0x00000231487f2800
Event: 1989.728 Thread 0x00000231487f2800 Thread added: 0x00000231487f2800
Event: 1989.730 Thread 0x00000231487f2800 Thread exited: 0x00000231487f2800
Event: 1990.729 Thread 0x00000231487f2800 Thread added: 0x00000231487f2800
Event: 1990.731 Thread 0x00000231487f2800 Thread exited: 0x00000231487f2800
Event: 1991.730 Thread 0x00000231487f2800 Thread added: 0x00000231487f2800
Event: 1991.732 Thread 0x00000231487f2800 Thread exited: 0x00000231487f2800
Event: 1992.730 Thread 0x00000231487f2800 Thread added: 0x00000231487f2800


Dynamic libraries:
0x00007ff7909a0000 - 0x00007ff7909d0000 	E:\Xilinx_Tool\Vivado_2018.3\Vivado\2018.3\bin\unwrapped\win64.o\vivado.exe
0x00007ff82c150000 - 0x00007ff82c345000 	C:\Windows\SYSTEM32\ntdll.dll
0x00007ff82bf50000 - 0x00007ff82c00e000 	C:\Windows\System32\KERNEL32.DLL
0x00007ff829d60000 - 0x00007ff82a028000 	C:\Windows\System32\KERNELBASE.dll
0x00007ff829c60000 - 0x00007ff829d60000 	C:\Windows\System32\ucrtbase.dll
0x00007ff820330000 - 0x00007ff8203cd000 	C:\Windows\SYSTEM32\MSVCP140.dll
0x00007ff825020000 - 0x00007ff825034000 	E:\Xilinx_Tool\Vivado_2018.3\Vivado\2018.3\lib\win64.o\libboost_signals.dll
0x00007ff821020000 - 0x00007ff821037000 	C:\Windows\SYSTEM32\VCRUNTIME140.dll
0x00007ff824fd0000 - 0x00007ff824fe4000 	E:\Xilinx_Tool\Vivado_2018.3\Vivado\2018.3\lib\win64.o\librdi_commonmain.dll
0x00007ff8243b0000 - 0x00007ff8243d6000 	E:\Xilinx_Tool\Vivado_2018.3\Vivado\2018.3\lib\win64.o\libboost_filesystem.dll
0x00007fffdf130000 - 0x00007fffdffc4000 	E:\Xilinx_Tool\Vivado_2018.3\Vivado\2018.3\lib\win64.o\librdi_common.dll
0x00007ff825010000 - 0x00007ff82501a000 	E:\Xilinx_Tool\Vivado_2018.3\Vivado\2018.3\lib\win64.o\librdi_commonversion.dll
0x00007ff82be30000 - 0x00007ff82bede000 	C:\Windows\System32\ADVAPI32.dll
0x00007ff82c070000 - 0x00007ff82c10e000 	C:\Windows\System32\msvcrt.dll
0x00007ff82b5e0000 - 0x00007ff82b780000 	C:\Windows\System32\USER32.dll
0x00007ff82a410000 - 0x00007ff82a4ac000 	C:\Windows\System32\sechost.dll
0x00007ff805ed0000 - 0x00007ff805ff1000 	E:\Xilinx_Tool\Vivado_2018.3\Vivado\2018.3\lib\win64.o\librdi_commonxillic.dll
0x00007ff829910000 - 0x00007ff829932000 	C:\Windows\System32\win32u.dll
0x00007ff82bce0000 - 0x00007ff82be05000 	C:\Windows\System32\RPCRT4.dll
0x0000000067940000 - 0x0000000067a6b000 	E:\Xilinx_Tool\Vivado_2018.3\Vivado\2018.3\lib\win64.o\tcl85t.dll
0x00007ff82b2f0000 - 0x00007ff82b31b000 	C:\Windows\System32\GDI32.dll
0x00007ff82bc70000 - 0x00007ff82bcdb000 	C:\Windows\System32\WS2_32.dll
0x00007ff829940000 - 0x00007ff829a4b000 	C:\Windows\System32\gdi32full.dll
0x00007ff824fc0000 - 0x00007ff824fcb000 	E:\Xilinx_Tool\Vivado_2018.3\Vivado\2018.3\lib\win64.o\libboost_system.dll
0x00007ff829870000 - 0x00007ff82990d000 	C:\Windows\System32\msvcp_win.dll
0x00007ff804ba0000 - 0x00007ff804f0e000 	E:\Xilinx_Tool\Vivado_2018.3\Vivado\2018.3\lib\win64.o\libCOIN-all.dll
0x00007ff82aad0000 - 0x00007ff82b214000 	C:\Windows\System32\SHELL32.dll
0x00007ff8047f0000 - 0x00007ff804aa5000 	E:\Xilinx_Tool\Vivado_2018.3\Vivado\2018.3\lib\win64.o\libXil_lmgr11.dll
0x00007ff824390000 - 0x00007ff8243a4000 	E:\Xilinx_Tool\Vivado_2018.3\Vivado\2018.3\lib\win64.o\libboost_date_time.dll
0x00007ff811d70000 - 0x00007ff811def000 	E:\Xilinx_Tool\Vivado_2018.3\Vivado\2018.3\lib\win64.o\libboost_program_options.dll
0x00007ff82b320000 - 0x00007ff82b3fb000 	C:\Windows\System32\COMDLG32.dll
0x00007ff805ca0000 - 0x00007ff805db4000 	E:\Xilinx_Tool\Vivado_2018.3\Vivado\2018.3\lib\win64.o\libboost_regex.dll
0x00007ff82b780000 - 0x00007ff82bad4000 	C:\Windows\System32\combase.dll
0x00007ff814ea0000 - 0x00007ff814ec1000 	E:\Xilinx_Tool\Vivado_2018.3\Vivado\2018.3\lib\win64.o\libboost_thread.dll
0x00007ff82a360000 - 0x00007ff82a40d000 	C:\Windows\System32\shcore.dll
0x00007ff824fb0000 - 0x00007ff824fbf000 	E:\Xilinx_Tool\Vivado_2018.3\Vivado\2018.3\lib\win64.o\libboost_xilinx.dll
0x00007ff82c010000 - 0x00007ff82c065000 	C:\Windows\System32\SHLWAPI.dll
0x00007ff811c90000 - 0x00007ff811d12000 	E:\Xilinx_Tool\Vivado_2018.3\Vivado\2018.3\lib\win64.o\libhdlpsolve.dll
0x00007ff805bf0000 - 0x00007ff805c95000 	E:\Xilinx_Tool\Vivado_2018.3\Vivado\2018.3\lib\win64.o\libhdxml.dll
0x00007ff82b220000 - 0x00007ff82b2ed000 	C:\Windows\System32\OLEAUT32.dll
0x00007ff82b400000 - 0x00007ff82b52a000 	C:\Windows\System32\ole32.dll
0x00007ff807350000 - 0x00007ff80737e000 	E:\Xilinx_Tool\Vivado_2018.3\Vivado\2018.3\lib\win64.o\libisl_sysinfo.dll
0x00007ff82a140000 - 0x00007ff82a1a8000 	C:\Windows\System32\WINTRUST.dll
0x00007ff806ce0000 - 0x00007ff806d45000 	E:\Xilinx_Tool\Vivado_2018.3\Vivado\2018.3\lib\win64.o\liblmx6.0.dll
0x00007ff829b00000 - 0x00007ff829c56000 	C:\Windows\System32\CRYPT32.dll
0x00007ff821830000 - 0x00007ff82184a000 	E:\Xilinx_Tool\Vivado_2018.3\Vivado\2018.3\lib\win64.o\pthreadVC2.dll
0x00007ff8217c0000 - 0x00007ff8217dc000 	E:\Xilinx_Tool\Vivado_2018.3\Vivado\2018.3\lib\win64.o\librdiconfig.dll
0x00007ff806e00000 - 0x00007ff806e21000 	E:\Xilinx_Tool\Vivado_2018.3\Vivado\2018.3\lib\win64.o\librdizlib.dll
0x0000000012000000 - 0x0000000012272000 	E:\Xilinx_Tool\Vivado_2018.3\Vivado\2018.3\lib\win64.o\xerces-c_3_1.dll
0x00007fffeeca0000 - 0x00007fffef4ee600 	E:\Xilinx_Tool\Vivado_2018.3\Vivado\2018.3\lib\win64.o\libisl_iostreams.dll
0x00007ff821710000 - 0x00007ff82172a000 	C:\Windows\SYSTEM32\NETAPI32.dll
0x00007ff814400000 - 0x00007ff8148d6000 	C:\Windows\SYSTEM32\WININET.dll
0x00007ff81fab0000 - 0x00007ff81fbb9000 	C:\Windows\SYSTEM32\WINHTTP.dll
0x00007ff812bc0000 - 0x00007ff812dac000 	C:\Windows\SYSTEM32\urlmon.dll
0x00007ff824f60000 - 0x00007ff824f69000 	C:\Windows\SYSTEM32\WSOCK32.dll
0x00007fffde290000 - 0x00007fffdf121000 	E:\Xilinx_Tool\Vivado_2018.3\Vivado\2018.3\lib\win64.o\gurobi65.dll
0x00007ff824f20000 - 0x00007ff824f2d000 	E:\Xilinx_Tool\Vivado_2018.3\Vivado\2018.3\lib\win64.o\libboost_chrono.dll
0x00007ff80dae0000 - 0x00007ff80db90000 	C:\Windows\WinSxS\amd64_microsoft.windows.common-controls_6595b64144ccf1df_5.82.19041.1110_none_792d1c772443f647\COMCTL32.dll
0x00007ff8216f0000 - 0x00007ff82170d000 	C:\Windows\SYSTEM32\dhcpcsvc.DLL
0x00007ff811d50000 - 0x00007ff811d6b000 	E:\Xilinx_Tool\Vivado_2018.3\Vivado\2018.3\lib\win64.o\libboost_iostreams.dll
0x00007ff806b10000 - 0x00007ff806b35000 	E:\Xilinx_Tool\Vivado_2018.3\Vivado\2018.3\lib\win64.o\libisl_iosutils.dll
0x00007ff812670000 - 0x00007ff812921000 	C:\Windows\SYSTEM32\iertutil.dll
0x00007ff812930000 - 0x00007ff812958000 	C:\Windows\SYSTEM32\srvcli.dll
0x00007ff828d10000 - 0x00007ff828d1c000 	C:\Windows\SYSTEM32\netutils.dll
0x00007ff806cb0000 - 0x00007ff806cde000 	C:\Windows\SYSTEM32\VCOMP140.DLL
0x00007ff82bc40000 - 0x00007ff82bc70000 	C:\Windows\System32\IMM32.DLL
0x00007ff829450000 - 0x00007ff829462000 	C:\Windows\SYSTEM32\MSASN1.dll
0x00007ff828110000 - 0x00007ff828122000 	C:\Windows\SYSTEM32\kernel.appcore.dll
0x00007fffeae00000 - 0x00007fffeb2f5000 	E:\Xilinx_Tool\Vivado_2018.3\Vivado\2018.3\lib\win64.o\librdi_commontasks.dll
0x00007ff822d30000 - 0x00007ff822d3a000 	C:\Windows\SYSTEM32\VERSION.dll
0x00007ff804380000 - 0x00007ff8045ff000 	E:\Xilinx_Tool\Vivado_2018.3\Vivado\2018.3\lib\win64.o\librdi_sio.dll
0x00007ff828cd0000 - 0x00007ff828d0b000 	C:\Windows\SYSTEM32\IPHLPAPI.DLL
0x0000000066110000 - 0x0000000066b35000 	E:\Xilinx_Tool\Vivado_2018.3\Vivado\2018.3\tps\win64\jre9.0.4\bin\server\jvm.dll
0x00007ff829030000 - 0x00007ff82909a000 	C:\Windows\SYSTEM32\MSWSOCK.DLL
0x00007ff82baf0000 - 0x00007ff82baf8000 	C:\Windows\System32\PSAPI.DLL
0x00007ff813fe0000 - 0x00007ff814007000 	C:\Windows\SYSTEM32\WINMM.dll
0x00007ff814300000 - 0x00007ff8143ef000 	C:\Windows\SYSTEM32\MSVCR120.dll
0x00007ff827960000 - 0x00007ff8280f4000 	C:\Windows\SYSTEM32\windows.storage.dll
0x00007ff8292d0000 - 0x00007ff8292fc000 	C:\Windows\SYSTEM32\Wldp.dll
0x00007fffd5aa0000 - 0x00007fffd7e62000 	E:\Xilinx_Tool\Vivado_2018.3\Vivado\2018.3\lib\win64.o\librdi_tcltasks.dll
0x00007ff801780000 - 0x00007ff8018fe000 	E:\Xilinx_Tool\Vivado_2018.3\Vivado\2018.3\lib\win64.o\librdi_board.dll
0x00007ff8061e0000 - 0x00007ff80624a000 	E:\Xilinx_Tool\Vivado_2018.3\Vivado\2018.3\lib\win64.o\librdi_boarddep.dll
0x00007ff805020000 - 0x00007ff8050fc000 	E:\Xilinx_Tool\Vivado_2018.3\Vivado\2018.3\lib\win64.o\librdi_chipscope.dll
0x00007ffff8ff0000 - 0x00007ffff93cc000 	E:\Xilinx_Tool\Vivado_2018.3\Vivado\2018.3\lib\win64.o\librdi_bitstream.dll
0x00007ffff9680000 - 0x00007ffff9839000 	E:\Xilinx_Tool\Vivado_2018.3\Vivado\2018.3\lib\win64.o\librdi_chipscopeimpl.dll
0x00007fffcaf00000 - 0x00007fffcc805000 	E:\Xilinx_Tool\Vivado_2018.3\Vivado\2018.3\lib\win64.o\librdi_constraints.dll
0x00007fffc90e0000 - 0x00007fffcaeff000 	E:\Xilinx_Tool\Vivado_2018.3\Vivado\2018.3\lib\win64.o\librdi_coregen.dll
0x00007ffff9530000 - 0x00007ffff9678000 	E:\Xilinx_Tool\Vivado_2018.3\Vivado\2018.3\lib\win64.o\librdi_containers.dll
0x00007fffddbb0000 - 0x00007fffde28a000 	E:\Xilinx_Tool\Vivado_2018.3\Vivado\2018.3\lib\win64.o\librdi_coregenipxact.dll
0x00007fffc52e0000 - 0x00007fffc90db000 	E:\Xilinx_Tool\Vivado_2018.3\Vivado\2018.3\lib\win64.o\librdi_designutils.dll
0x00007fffb4580000 - 0x00007fffc52d2000 	E:\Xilinx_Tool\Vivado_2018.3\Vivado\2018.3\lib\win64.o\librdi_device.dll
0x00007ffff08b0000 - 0x00007ffff0bcb000 	E:\Xilinx_Tool\Vivado_2018.3\Vivado\2018.3\lib\win64.o\librdi_dlyest.dll
0x00007fffe7b60000 - 0x00007fffe80c0000 	E:\Xilinx_Tool\Vivado_2018.3\Vivado\2018.3\lib\win64.o\librdi_drc.dll
0x00007ff801570000 - 0x00007ff801632000 	E:\Xilinx_Tool\Vivado_2018.3\Vivado\2018.3\lib\win64.o\librdi_dsp.dll
0x00007fffd9690000 - 0x00007fffd9ccf000 	E:\Xilinx_Tool\Vivado_2018.3\Vivado\2018.3\lib\win64.o\librdi_filemgmt.dll
0x00007fffefbf0000 - 0x00007fffefeca000 	E:\Xilinx_Tool\Vivado_2018.3\Vivado\2018.3\lib\win64.o\librdi_guitools.dll
0x00007ff804790000 - 0x00007ff8047ed000 	E:\Xilinx_Tool\Vivado_2018.3\Vivado\2018.3\lib\win64.o\librdi_hdf.dll
0x00007fffd9070000 - 0x00007fffd9685000 	E:\Xilinx_Tool\Vivado_2018.3\Vivado\2018.3\lib\win64.o\librdi_memdata.dll
0x00007fffd4700000 - 0x00007fffd5a91000 	E:\Xilinx_Tool\Vivado_2018.3\Vivado\2018.3\lib\win64.o\librdi_implflow.dll
0x00007fffff290000 - 0x00007fffff301000 	E:\Xilinx_Tool\Vivado_2018.3\Vivado\2018.3\lib\win64.o\librdi_memoryarray.dll
0x00007fffb0bd0000 - 0x00007fffb457c000 	E:\Xilinx_Tool\Vivado_2018.3\Vivado\2018.3\lib\win64.o\librdi_mig.dll
0x00007fffd2570000 - 0x00007fffd2bab000 	E:\Xilinx_Tool\Vivado_2018.3\Vivado\2018.3\lib\win64.o\librdi_netlist.dll
0x00007ff805e80000 - 0x00007ff805ed0000 	E:\Xilinx_Tool\Vivado_2018.3\Vivado\2018.3\lib\win64.o\librdi_pfi.dll
0x00007fffae6b0000 - 0x00007fffb0bc4000 	E:\Xilinx_Tool\Vivado_2018.3\Vivado\2018.3\lib\win64.o\librdi_place.dll
0x00007fffeb950000 - 0x00007fffebc57000 	E:\Xilinx_Tool\Vivado_2018.3\Vivado\2018.3\lib\win64.o\librdi_platform.dll
0x00007fffd1e70000 - 0x00007fffd2565000 	E:\Xilinx_Tool\Vivado_2018.3\Vivado\2018.3\lib\win64.o\librdi_power.dll
0x00007fffe7560000 - 0x00007fffe7ab6000 	E:\Xilinx_Tool\Vivado_2018.3\Vivado\2018.3\lib\win64.o\librdi_project.dll
0x00007fffadfb0000 - 0x00007fffae6a3000 	E:\Xilinx_Tool\Vivado_2018.3\Vivado\2018.3\lib\win64.o\librdi_psta.dll
0x00007fffad8d0000 - 0x00007fffadfa9000 	E:\Xilinx_Tool\Vivado_2018.3\Vivado\2018.3\lib\win64.o\librdi_rsb.dll
0x00007fffdd430000 - 0x00007fffdd807000 	E:\Xilinx_Tool\Vivado_2018.3\Vivado\2018.3\lib\win64.o\librdi_runs.dll
0x00007ffff7f90000 - 0x00007ffff8068000 	E:\Xilinx_Tool\Vivado_2018.3\Vivado\2018.3\lib\win64.o\librdi_runsbase.dll
0x00007fffe8510000 - 0x00007fffe8738000 	E:\Xilinx_Tool\Vivado_2018.3\Vivado\2018.3\lib\win64.o\librdi_simdata.dll
0x00007fffacb40000 - 0x00007fffad8cd000 	E:\Xilinx_Tool\Vivado_2018.3\Vivado\2018.3\lib\win64.o\librdi_timing.dll
0x00007ffff5590000 - 0x00007ffff56e4000 	E:\Xilinx_Tool\Vivado_2018.3\Vivado\2018.3\lib\win64.o\librdi_advchipscopeimpl.dll
0x00007ffffef80000 - 0x00007fffff038000 	E:\Xilinx_Tool\Vivado_2018.3\Vivado\2018.3\lib\win64.o\librdi_hip_devdesign.dll
0x00007fffabff0000 - 0x00007fffacb37000 	E:\Xilinx_Tool\Vivado_2018.3\Vivado\2018.3\lib\win64.o\libverific.dll
0x00007ff804740000 - 0x00007ff80478c000 	E:\Xilinx_Tool\Vivado_2018.3\Vivado\2018.3\lib\win64.o\libboost_serialization.dll
0x00007ffff8f40000 - 0x00007ffff8feb000 	E:\Xilinx_Tool\Vivado_2018.3\Vivado\2018.3\lib\win64.o\librdi_ipconfig_readwrite.dll
0x00007ff804340000 - 0x00007ff804378000 	E:\Xilinx_Tool\Vivado_2018.3\Vivado\2018.3\lib\win64.o\librdi_noc_frameworks.dll
0x00007ffff7ef0000 - 0x00007ffff7f8e000 	E:\Xilinx_Tool\Vivado_2018.3\Vivado\2018.3\lib\win64.o\libise.dll
0x00007fffdae60000 - 0x00007fffdb215000 	E:\Xilinx_Tool\Vivado_2018.3\Vivado\2018.3\lib\win64.o\librdi_hip_config.dll
0x00007fffd8930000 - 0x00007fffd8e7e000 	E:\Xilinx_Tool\Vivado_2018.3\Vivado\2018.3\lib\win64.o\librdi_xdm.dll
0x00007fffd1370000 - 0x00007fffd1954000 	E:\Xilinx_Tool\Vivado_2018.3\Vivado\2018.3\lib\win64.o\librdi_wavedata.dll
0x00007ff8040d0000 - 0x00007ff804119000 	E:\Xilinx_Tool\Vivado_2018.3\Vivado\2018.3\lib\win64.o\librdi_wavedata_SimpleApi.dll
0x00007fffff1b0000 - 0x00007fffff213000 	E:\Xilinx_Tool\Vivado_2018.3\Vivado\2018.3\lib\win64.o\librdi_hip_mathengine.dll
0x00007fffaafe0000 - 0x00007fffabfe2000 	E:\Xilinx_Tool\Vivado_2018.3\Vivado\2018.3\lib\win64.o\librdi_route.dll
0x00007fffa7e70000 - 0x00007fffa9db2000 	E:\Xilinx_Tool\Vivado_2018.3\Vivado\2018.3\lib\win64.o\librdi_synth.dll
0x00007fffe07c0000 - 0x00007fffe0a10000 	E:\Xilinx_Tool\Vivado_2018.3\Vivado\2018.3\lib\win64.o\librdi_hsm.dll

VM Arguments:
jvm_args: -Dsun.java2d.pmoffscreen=false -Dsun.java2d.xrender=false -Dsun.java2d.d3d=false -Dsun.awt.nopixfmt=true -Dsun.java2d.dpiaware=true -Dsun.java2d.uiScale.enabled=false -Xverify:none -Dswing.aatext=true -XX:-UsePerfData -Djdk.map.althashing.threshold=512 -XX:StringTableSize=4072 --add-opens=java.base/java.nio=ALL-UNNAMED --add-opens=java.desktop/sun.swing=ALL-UNNAMED --add-opens=java.desktop/javax.swing=ALL-UNNAMED --add-opens=java.desktop/javax.swing.tree=ALL-UNNAMED --add-opens=java.desktop/javax.swing.plaf.basic=ALL-UNNAMED --add-opens=java.desktop/javax.swing.plaf.synth=ALL-UNNAMED --add-opens=java.desktop/com.sun.awt=ALL-UNNAMED -XX:NewSize=60m -XX:MaxNewSize=60m -Xms128m -Xmx3072m -Xss5m 
java_command: <unknown>
java_class_path (initial): E:/Xilinx_Tool/Vivado_2018.3/Vivado/2018.3\lib\classes\alloy.jar;E:/Xilinx_Tool/Vivado_2018.3/Vivado/2018.3\lib\classes\autopilot.scelaborator.jar;E:/Xilinx_Tool/Vivado_2018.3/Vivado/2018.3\lib\classes\autopilot.sourceprocessor.jar;E:/Xilinx_Tool/Vivado_2018.3/Vivado/2018.3\lib\classes\autopilot.tbprocessor.jar;E:/Xilinx_Tool/Vivado_2018.3/Vivado/2018.3\lib\classes\batik-anim.jar;E:/Xilinx_Tool/Vivado_2018.3/Vivado/2018.3\lib\classes\batik-awt-util.jar;E:/Xilinx_Tool/Vivado_2018.3/Vivado/2018.3\lib\classes\batik-bridge.jar;E:/Xilinx_Tool/Vivado_2018.3/Vivado/2018.3\lib\classes\batik-codec.jar;E:/Xilinx_Tool/Vivado_2018.3/Vivado/2018.3\lib\classes\batik-css.jar;E:/Xilinx_Tool/Vivado_2018.3/Vivado/2018.3\lib\classes\batik-dom.jar;E:/Xilinx_Tool/Vivado_2018.3/Vivado/2018.3\lib\classes\batik-ext.jar;E:/Xilinx_Tool/Vivado_2018.3/Vivado/2018.3\lib\classes\batik-gui-util.jar;E:/Xilinx_Tool/Vivado_2018.3/Vivado/2018.3\lib\classes\batik-gvt.jar;E:/Xilinx_Tool/Vivado_2018.3/Vivado/2018.3\lib\classes\batik-parser.jar;E:/Xilinx_Tool/Vivado_2018.3/Vivado/2018.3\lib\classes\batik-script.jar;E:/Xilinx_Tool/Vivado_2018.3/Vivado/2018.3\lib\classes\batik-svg-dom.jar;E:/Xilinx_Tool/Vivado_2018.3/Vivado/2018.3\lib\classes\batik-swing.jar;E:/Xilinx_Tool/Vivado_2018.3/Vivado/2018.3\lib\classes\batik-transcoder.jar;E:/Xilinx_Tool/Vivado_2018.3/Vivado/2018.3\lib\classes\batik-util.jar;E:/Xilinx_Tool/Vivado_2018.3/Vivado/2018.3\lib\classes\batik-xml.jar;E:/Xilinx_Tool/Vivado_2018.3/Vivado/2018.3\lib\classes\com.ibm.icu_4.4.2.v20110208.jar;E:/Xilinx_Tool/Vivado_2018.3/Vivado/2018.3\lib\classes\commons-collections4-4.1.jar;E:/Xilinx_Tool/Vivado_2018.3/Vivado/2018.3\lib\classes\commons-math-2.2.jar;E:/Xilinx_Tool/Vivado_2018.3/Vivado/2018.3\lib\classes\dom4j-1.6.1.jar;E:/Xilinx_Tool/Vivado_2018.3/Vivado/2018.3\lib\classes\guava-18.0.jar;E:/Xilinx_Tool/Vivado_2018.3/Vivado/2018.3\lib\classes\help.jar;E:/Xilinx_Tool/Vivado_2018.3/Vivado/2018.3\lib\classes\hsqldb.jar;
Launcher Type: generic

Logging:
Log output configuration:
#0: stdout all=warning uptime,level,tags
#1: stderr all=off uptime,level,tags

Environment Variables:
PATH=E:/Xilinx_Tool/Vivado_2018.3/Vivado/2018.3/bin;E:/Xilinx_Tool/Vivado_2018.3/Vivado/2018.3/lib/win64.o;E:/Xilinx_Tool/Vivado_2018.3/Vivado/2018.3/tps/win64/jre9.0.4/bin/server;E:/Xilinx_Tool/Vivado_2018.3/Vivado/2018.3/tps/win64/jre9.0.4/bin;E:/Xilinx_Tool/Vivado_2018.3/SDK/2018.3/bin;E:/Xilinx_Tool/Vivado_2018.3/Vivado/2018.3/ids_lite/ISE/bin/nt64;E:/Xilinx_Tool/Vivado_2018.3/Vivado/2018.3/ids_lite/ISE/lib/nt64;C:\Program Files\NVIDIA GPU Computing Toolkit\CUDA\v10.2\bin;C:\Program Files\NVIDIA GPU Computing Toolkit\CUDA\v10.2\libnvvp;C:\Program Files\Eclipse Foundation\jdk-8.0.302.8-hotspot\bin;E:\VMware\bin\;C:\Windows\system32;C:\Windows;C:\Windows\System32\Wbem;C:\Windows\System32\WindowsPowerShell\v1.0\;C:\Windows\System32\OpenSSH\;E:\Xshell\;E:\Anaconda\Lib\site-packages\pyqt5_tools;D:\No_desktop\C++_OpenCV\cmake-3.22.1-windows-x86_64\bin;D:\No_desktop\C++_OpenCV\x86_64-8.1.0-release-posix-seh-rt_v6-rev0\mingw64\bin;D:\No_desktop\C++_OpenCV\opencv\build\x64\vc15\bin;C:\Program Files\Microsoft SQL Server\130\Tools\Binn\;E:\Program Files (x86)\Incredibuild;E:\MATLAB\runtime\win64;E:\MATLAB\bin;E:\MATLAB\polyspace\bin;E:\Anaconda3\Scripts;E:\Anaconda3;E:\Anaconda3\Library\bin;C:\Program Files\dotnet\;E:\Git\Git\cmd;C:\Program Files\NVIDIA Corporation\Nsight Compute 2019.5.0\;C:\Program Files (x86)\NVIDIA Corporation\PhysX\Common;C:\Program Files\NVIDIA GPU Computing Toolkit\CUDA\v10.2\lib\x64;C:\Program Files\NVIDIA GPU Computing Toolkit\CUDA\v10.2\include;C:\Program Files\NVIDIA GPU Computing Toolkit\CUDA\v10.2\extras\CUPTI\lib64;C:\ProgramData\NVIDIA Corporation\CUDA Samples\v10.2\bin\win64;C:\ProgramData\NVIDIA Corporation\CUDA Samples\v10.2\common\lib\x64;C:\Users\yzf\AppData\Local\Microsoft\WindowsApps;E:\Modelsim\win64;C:\Users\yzf\.dotnet\tools;C:\Users\yzf\AppData\Local\Programs\Microsoft VS Code\bin;;E:/Xilinx_Tool/Vivado_2018.3/Vivado/2018.3\tps\mingw\6.2.0\win64.o\nt\bin;E:/Xilinx_Tool/Vivado_2018.3/Vivado/2018.3\tps\mingw\6.2.0\win64.o\nt\libexec\gc
USERNAME=yzf
OS=Windows_NT
PROCESSOR_IDENTIFIER=Intel64 Family 6 Model 142 Stepping 10, GenuineIntel



---------------  S Y S T E M  ---------------

OS: Windows 10 , 64 bit Build 19041 (10.0.19041.1566)

CPU:total 8 (initial active 8) (4 cores per cpu, 2 threads per core) family 6 model 142 stepping 10, cmov, cx8, fxsr, mmx, sse, sse2, sse3, ssse3, sse4.1, sse4.2, popcnt, avx, avx2, aes, clmul, erms, 3dnowpref, lzcnt, ht, tsc, tscinvbit, bmi1, bmi2, adx, fma

Memory: 4k page, physical 16654824k(3301760k free), swap 32281956k(736k free)

vm_info: Java HotSpot(TM) 64-Bit Server VM (9.0.4+11) for windows-amd64 JRE (9.0.4+11), built on Dec 20 2017 02:18:54 by "mach5one" with MS VC++ 12.0 (VS2013)

END.
