#
# A fatal error has been detected by the Java Runtime Environment:
#
#  EXCEPTION_ACCESS_VIOLATION (0xc0000005) at pc=0x00007ff8ab6a880f, pid=2284, tid=19892
#
# JRE version: Java(TM) SE Runtime Environment (9.0+11) (build 9.0.4+11)
# Java VM: Java HotSpot(TM) 64-Bit Server VM (9.0.4+11, mixed mode, tiered, compressed oops, g1 gc, windows-amd64)
# Problematic frame:
# C  [librdi_common.dll+0x17880f]
#
# No core dump will be written. Minidumps are not enabled by default on client versions of Windows
#
# If you would like to submit a bug report, please visit:
#   http://bugreport.java.com/bugreport/crash.jsp
# The crash happened outside the Java Virtual Machine in native code.
# See problematic frame for where to report the bug.
#

---------------  S U M M A R Y ------------

Command Line: -Dsun.java2d.pmoffscreen=false -Dsun.java2d.xrender=false -Dsun.java2d.d3d=false -Dsun.awt.nopixfmt=true -Dsun.java2d.dpiaware=true -Dsun.java2d.uiScale.enabled=false -Xverify:none -Dswing.aatext=true -XX:-UsePerfData -Djdk.map.althashing.threshold=512 -XX:StringTableSize=4072 --add-opens=java.base/java.nio=ALL-UNNAMED --add-opens=java.desktop/sun.swing=ALL-UNNAMED --add-opens=java.desktop/javax.swing=ALL-UNNAMED --add-opens=java.desktop/javax.swing.tree=ALL-UNNAMED --add-opens=java.desktop/javax.swing.plaf.basic=ALL-UNNAMED --add-opens=java.desktop/javax.swing.plaf.synth=ALL-UNNAMED --add-opens=java.desktop/com.sun.awt=ALL-UNNAMED -XX:NewSize=60m -XX:MaxNewSize=60m -Xms128m -Xmx3072m -Xss5m 

Host: Intel(R) Core(TM) i7-8550U CPU @ 1.80GHz, 8 cores, 15G,  Windows 10 , 64 bit Build 19041 (10.0.19041.1566)
Time: Mon Apr 04 15:25:45 2022 ?D1¨²¡À¨º¡Á?¨º¡À?? elapsed time: 4348 seconds (0d 1h 12m 28s)

---------------  T H R E A D  ---------------

Current thread (0x000001e30b946800):  JavaThread "AWT-EventQueue-1" [_thread_in_native, id=19892, stack(0x000000d655200000,0x000000d655700000)]

Stack: [0x000000d655200000,0x000000d655700000],  sp=0x000000d6556faee0,  free space=5099k
Native frames: (J=compiled Java code, j=interpreted, Vv=VM code, C=native code)
C  [librdi_common.dll+0x17880f]
C  [librdi_common.dll+0x81bcd]
C  [librdi_wavedata.dll+0x1d9e1e]
C  [librdi_wavedata.dll+0x256eaf]
C  [librdi_wavedata.dll+0x25e869]
C  [librdi_wavedata.dll+0x22f5bb]
C  [librdi_wavedata.dll+0x26b487]
C  0x000001e378acc73a

Java frames: (J=compiled Java code, j=interpreted, Vv=VM code)
J 18945  ui.views.waveform.waveformi.WVExecutive_getTooltipTextDelayed(J)Ljava/lang/String; (0 bytes) @ 0x000001e378acc6a1 [0x000001e378acc660+0x0000000000000041]
J 24450 c2 ui.views.waveform.b.a.bI(Ljava/awt/event/MouseEvent;)V (135 bytes) @ 0x000001e379089a80 [0x000001e379089980+0x0000000000000100]
J 22080 c2 ui.views.waveform.b.a.mouseMoved(Ljava/awt/event/MouseEvent;)V (32 bytes) @ 0x000001e379676434 [0x000001e379676360+0x00000000000000d4]
J 17592 c2 java.awt.AWTEventMulticaster.mouseMoved(Ljava/awt/event/MouseEvent;)V java.desktop@9.0.4 (27 bytes) @ 0x000001e37914a8f4 [0x000001e37914a840+0x00000000000000b4]
J 17592 c2 java.awt.AWTEventMulticaster.mouseMoved(Ljava/awt/event/MouseEvent;)V java.desktop@9.0.4 (27 bytes) @ 0x000001e37914a8b4 [0x000001e37914a840+0x0000000000000074]
J 25371 c2 ui.frmwork.c.i.processMouseMotionEvent(Ljava/awt/event/MouseEvent;)V (131 bytes) @ 0x000001e379a770c4 [0x000001e379a76d40+0x0000000000000384]
J 24414 c2 java.awt.Container.processEvent(Ljava/awt/AWTEvent;)V java.desktop@9.0.4 (22 bytes) @ 0x000001e378e0a420 [0x000001e378e0a2a0+0x0000000000000180]
J 24990 c2 java.awt.Component.dispatchEventImpl(Ljava/awt/AWTEvent;)V java.desktop@9.0.4 (739 bytes) @ 0x000001e3799b7408 [0x000001e3799b6760+0x0000000000000ca8]
J 22905 c2 java.awt.Container.dispatchEventImpl(Ljava/awt/AWTEvent;)V java.desktop@9.0.4 (129 bytes) @ 0x000001e3794eb884 [0x000001e3794eb7a0+0x00000000000000e4]
J 23706 c2 java.awt.LightweightDispatcher.retargetMouseEvent(Ljava/awt/Component;ILjava/awt/event/MouseEvent;)V java.desktop@9.0.4 (350 bytes) @ 0x000001e3797ca13c [0x000001e3797c9b60+0x00000000000005dc]
J 23820 c2 java.awt.LightweightDispatcher.processMouseEvent(Ljava/awt/event/MouseEvent;)Z java.desktop@9.0.4 (265 bytes) @ 0x000001e3787bfff4 [0x000001e3787bfa60+0x0000000000000594]
J 22905 c2 java.awt.Container.dispatchEventImpl(Ljava/awt/AWTEvent;)V java.desktop@9.0.4 (129 bytes) @ 0x000001e3794ebae0 [0x000001e3794eb7a0+0x0000000000000340]
J 17742 c2 java.awt.Window.dispatchEventImpl(Ljava/awt/AWTEvent;)V java.desktop@9.0.4 (23 bytes) @ 0x000001e37919638c [0x000001e379196340+0x000000000000004c]
J 14280 c2 java.awt.EventQueue.dispatchEventImpl(Ljava/awt/AWTEvent;Ljava/lang/Object;)V java.desktop@9.0.4 (136 bytes) @ 0x000001e378ce37f8 [0x000001e378ce3680+0x0000000000000178]
J 13414 c2 java.awt.EventQueue$3.run()Ljava/lang/Object; java.desktop@9.0.4 (5 bytes) @ 0x000001e37838afac [0x000001e37838af40+0x000000000000006c]
v  ~StubRoutines::call_stub
J 3006  java.security.AccessController.doPrivileged(Ljava/security/PrivilegedAction;Ljava/security/AccessControlContext;)Ljava/lang/Object; java.base@9.0.4 (0 bytes) @ 0x000001e378286e46 [0x000001e378286de0+0x0000000000000066]
J 17484 c2 java.awt.EventQueue$4.run()Ljava/lang/Object; java.desktop@9.0.4 (5 bytes) @ 0x000001e37910bbc0 [0x000001e37910b960+0x0000000000000260]
v  ~StubRoutines::call_stub
J 3006  java.security.AccessController.doPrivileged(Ljava/security/PrivilegedAction;Ljava/security/AccessControlContext;)Ljava/lang/Object; java.base@9.0.4 (0 bytes) @ 0x000001e378286e46 [0x000001e378286de0+0x0000000000000066]
J 12607 c2 ui.frmwork.b.d.dispatchEvent(Ljava/awt/AWTEvent;)V (34 bytes) @ 0x000001e378b5ae44 [0x000001e378b5a8a0+0x00000000000005a4]
J 18084 c2 java.awt.EventDispatchThread.pumpOneEventForFilters(I)V java.desktop@9.0.4 (218 bytes) @ 0x000001e37924be2c [0x000001e37924bb00+0x000000000000032c]
J 20513% c2 java.awt.EventDispatchThread.pumpEventsForFilter(ILjava/awt/Conditional;Ljava/awt/EventFilter;)V java.desktop@9.0.4 (47 bytes) @ 0x000001e3794ab158 [0x000001e3794ab040+0x0000000000000118]
j  java.awt.EventDispatchThread.pumpEventsForHierarchy(ILjava/awt/Conditional;Ljava/awt/Component;)V+11 java.desktop@9.0.4
j  java.awt.EventDispatchThread.pumpEvents(ILjava/awt/Conditional;)V+4 java.desktop@9.0.4
j  java.awt.EventDispatchThread.pumpEvents(Ljava/awt/Conditional;)V+3 java.desktop@9.0.4
j  java.awt.EventDispatchThread.run()V+9 java.desktop@9.0.4
v  ~StubRoutines::call_stub

siginfo: EXCEPTION_ACCESS_VIOLATION (0xc0000005), reading address 0xffffffffffffffff


Register to memory mapping:

RIP=0x00007ff8ab6a880f librdi_common.dll
RAX=0x000001e3601e9c01 is an unknown value
RBX=0x000000d6556fafa0 is pointing into the stack for thread: 0x000001e30b946800
RCX=0x000001e3601e9c00 is an unknown value
RDX=0x9002f5008a6c86ad is an unknown value
RSP=0x000000d6556faee0 is pointing into the stack for thread: 0x000001e30b946800
RBP=0x000000d6556fb130 is pointing into the stack for thread: 0x000001e30b946800
RSI=0x0000000000000000 is an unknown value
RDI=0x9002f5008a6c86ad is an unknown value
R8 =0x00007ff88a4e37dc librdi_wavedata.dll
R9 =0x0000000000000000 is an unknown value
R10=0x0000000000000043 is an unknown value
R11=0x000000d6556faf68 is pointing into the stack for thread: 0x000001e30b946800
R12=0x0000000000000000 is an unknown value
R13=0x0000000000000000 is an unknown value
R14=0x000001e336122000 is an unknown value
R15=0x0000000041878340 is an unknown value


Registers:
RAX=0x000001e3601e9c01, RBX=0x000000d6556fafa0, RCX=0x000001e3601e9c00, RDX=0x9002f5008a6c86ad
RSP=0x000000d6556faee0, RBP=0x000000d6556fb130, RSI=0x0000000000000000, RDI=0x9002f5008a6c86ad
R8 =0x00007ff88a4e37dc, R9 =0x0000000000000000, R10=0x0000000000000043, R11=0x000000d6556faf68
R12=0x0000000000000000, R13=0x0000000000000000, R14=0x000001e336122000, R15=0x0000000041878340
RIP=0x00007ff8ab6a880f, EFLAGS=0x0000000000010202

Top of Stack: (sp=0x000000d6556faee0)
0x000000d6556faee0:   0000000000000000 000000000000000f
0x000000d6556faef0:   00007ff88a613200 000000d6556fafa0
0x000000d6556faf00:   0000000000000000 fffffffffffffffe
0x000000d6556faf10:   000001e33377c400 0000000000000000
0x000000d6556faf20:   0000000000000000 000000000000000f
0x000000d6556faf30:   00007f0065757200 00007ff88a0a0000
0x000000d6556faf40:   0000000000000000 00007ff8ef993bda
0x000000d6556faf50:   0000c89ab6ac7a5d 000000d6556fb130
0x000000d6556faf60:   000000d6556fb118 00007ff8ab5b1bcd
0x000000d6556faf70:   0000000041878340 000001e33377c4e0
0x000000d6556faf80:   000001e336122000 000001e31cc63ac0
0x000000d6556faf90:   000001e336122000 fffffffffffffffe
0x000000d6556fafa0:   0000000704295eb8 00007ff88a278c87
0x000000d6556fafb0:   0000000041878340 000001e336122000
0x000000d6556fafc0:   0000c89ab6ac7bcd 0000000000000000
0x000000d6556fafd0:   0000000000000000 00007ff88a279e1e 

Instructions: (pc=0x00007ff8ab6a880f)
0x00007ff8ab6a87ef:   6e 00 cc 48 83 f9 27 76 07 ff 15 e2 64 6e 00 cc
0x00007ff8ab6a87ff:   48 8b c8 e8 c9 b4 5a 00 48 8b c3 e9 1c 01 00 00
0x00007ff8ab6a880f:   48 8b 4f 50 48 85 c9 0f 84 ff 00 00 00 48 8d 54
0x00007ff8ab6a881f:   24 50 e8 ba e3 04 00 48 8b d0 48 8d 4c 24 30 e8 



---------------  P R O C E S S  ---------------

Java Threads: ( => current thread )
  0x000001e333c5c000 JavaThread "Relaunch Simulation" [_thread_blocked, id=21396, stack(0x000000d65ae00000,0x000000d65b300000)]
  0x000001e321928000 JavaThread "Thread-5103" [_thread_in_native, id=19916, stack(0x000000d64d800000,0x000000d64d900000)]
  0x000001e330bdd800 JavaThread "Thread-5088" [_thread_in_native, id=12808, stack(0x000000d656200000,0x000000d656300000)]
  0x000001e333c5c800 JavaThread "Thread-5070" [_thread_in_native, id=26236, stack(0x000000d64d800000,0x000000d64d900000)]
  0x000001e333c5a800 JavaThread "Thread-4919" [_thread_in_native, id=8520, stack(0x000000d64d800000,0x000000d64d900000)]
  0x000001e333c5d800 JavaThread "Thread-4909" [_thread_in_native, id=6808, stack(0x000000d64d800000,0x000000d64d900000)]
  0x000001e333c59800 JavaThread "Thread-4897" [_thread_in_native, id=22632, stack(0x000000d656200000,0x000000d656300000)]
  0x000001e333c52000 JavaThread "Thread-4808" [_thread_in_native, id=24776, stack(0x000000d64d800000,0x000000d64d900000)]
  0x000001e333c58000 JavaThread "Thread-4757" [_thread_in_native, id=20676, stack(0x000000d64d800000,0x000000d64d900000)]
  0x000001e333c59000 JavaThread "Thread-4744" [_thread_in_native, id=9844, stack(0x000000d657300000,0x000000d657400000)]
  0x000001e333c57800 JavaThread "Thread-4730" [_thread_in_native, id=24980, stack(0x000000d657300000,0x000000d657400000)]
  0x000001e333c56800 JavaThread "Thread-4491" [_thread_in_native, id=23852, stack(0x000000d657300000,0x000000d657400000)]
  0x000001e333c56000 JavaThread "Thread-4480" [_thread_in_native, id=23916, stack(0x000000d657300000,0x000000d657400000)]
  0x000001e333c4d800 JavaThread "Thread-4464" [_thread_in_native, id=18512, stack(0x000000d657500000,0x000000d657600000)]
  0x000001e333c51000 JavaThread "Thread-4407" [_thread_in_native, id=25628, stack(0x000000d657500000,0x000000d657600000)]
  0x000001e333c4f800 JavaThread "Thread-4386" [_thread_in_native, id=10228, stack(0x000000d657500000,0x000000d657600000)]
  0x000001e333c4f000 JavaThread "Thread-4368" [_thread_in_native, id=26224, stack(0x000000d658600000,0x000000d658700000)]
  0x000001e333c4e000 JavaThread "Thread-4292" [_thread_in_native, id=14000, stack(0x000000d64d800000,0x000000d64d900000)]
  0x000001e333c52800 JavaThread "Thread-3707" [_thread_in_native, id=19732, stack(0x000000d657400000,0x000000d657500000)]
  0x000001e333c53800 JavaThread "Thread-3691" [_thread_in_native, id=19316, stack(0x000000d657500000,0x000000d657600000)]
  0x000001e333c55000 JavaThread "Thread-3584" [_thread_in_native, id=5192, stack(0x000000d657500000,0x000000d657600000)]
  0x000001e333c50800 JavaThread "Thread-3568" [_thread_in_native, id=15172, stack(0x000000d657500000,0x000000d657600000)]
  0x000001e333c54000 JavaThread "Thread-3558" [_thread_in_native, id=25900, stack(0x000000d657500000,0x000000d657600000)]
  0x000001e3356c2000 JavaThread "Thread-3539" [_thread_in_native, id=23224, stack(0x000000d658600000,0x000000d658700000)]
  0x000001e3356c1800 JavaThread "Thread-3469" [_thread_in_native, id=25656, stack(0x000000d64d800000,0x000000d64d900000)]
  0x000001e3356c0800 JavaThread "Thread-3464" [_thread_in_native, id=18236, stack(0x000000d64d800000,0x000000d64d900000)]
  0x000001e330bdc800 JavaThread "Thread-3303" [_thread_in_native, id=6244, stack(0x000000d657300000,0x000000d657400000)]
  0x000001e3356c5000 JavaThread "Thread-3296" [_thread_in_native, id=24988, stack(0x000000d657300000,0x000000d657400000)]
  0x000001e3356c4800 JavaThread "Thread-3288" [_thread_in_native, id=23776, stack(0x000000d657300000,0x000000d657400000)]
  0x000001e3356c3800 JavaThread "Thread-3276" [_thread_in_native, id=992, stack(0x000000d657300000,0x000000d657400000)]
  0x000001e3356c3000 JavaThread "Thread-3258" [_thread_in_native, id=12648, stack(0x000000d657500000,0x000000d657600000)]
  0x000001e3356bf000 JavaThread "Thread-3189" [_thread_in_native, id=12604, stack(0x000000d656200000,0x000000d656300000)]
  0x000001e3356bd000 JavaThread "Thread-3178" [_thread_in_native, id=22024, stack(0x000000d656200000,0x000000d656300000)]
  0x000001e3356c0000 JavaThread "Thread-3154" [_thread_in_native, id=22128, stack(0x000000d656200000,0x000000d656300000)]
  0x000001e3356b7800 JavaThread "Thread-3135" [_thread_in_native, id=23800, stack(0x000000d657300000,0x000000d657400000)]
  0x000001e3356bc000 JavaThread "Thread-3088" [_thread_in_native, id=21372, stack(0x000000d658c00000,0x000000d658d00000)]
  0x000001e3356be800 JavaThread "Thread-3056" [_thread_in_native, id=13696, stack(0x000000d658c00000,0x000000d658d00000)]
  0x000001e3356b8800 JavaThread "Thread-3050" [_thread_in_native, id=20548, stack(0x000000d658c00000,0x000000d658d00000)]
  0x000001e3356bd800 JavaThread "Thread-3042" [_thread_in_native, id=23296, stack(0x000000d64d800000,0x000000d64d900000)]
  0x000001e3356bb800 JavaThread "Thread-3033" [_thread_in_native, id=8640, stack(0x000000d64d800000,0x000000d64d900000)]
  0x000001e3356b6000 JavaThread "Thread-3023" [_thread_in_native, id=22380, stack(0x000000d64d800000,0x000000d64d900000)]
  0x000001e3356b9000 JavaThread "Thread-3014" [_thread_in_native, id=22556, stack(0x000000d656200000,0x000000d656300000)]
  0x000001e3356ba800 JavaThread "Thread-2915" [_thread_in_native, id=19516, stack(0x000000d64d800000,0x000000d64d900000)]
  0x000001e3356ba000 JavaThread "Thread-2909" [_thread_in_native, id=25996, stack(0x000000d64d800000,0x000000d64d900000)]
  0x000001e3356b7000 JavaThread "Thread-2898" [_thread_in_native, id=16940, stack(0x000000d64d800000,0x000000d64d900000)]
  0x000001e30d2ee000 JavaThread "Thread-2891" [_thread_in_native, id=10992, stack(0x000000d64d800000,0x000000d64d900000)]
  0x000001e30d2e9000 JavaThread "Thread-2884" [_thread_in_native, id=26016, stack(0x000000d64d800000,0x000000d64d900000)]
  0x000001e321931000 JavaThread "Thread-2855" [_thread_in_native, id=11936, stack(0x000000d64d800000,0x000000d64d900000)]
  0x000001e325aaf000 JavaThread "Thread-2821" [_thread_in_native, id=7388, stack(0x000000d656300000,0x000000d656400000)]
  0x000001e325aa5000 JavaThread "Thread-2812" [_thread_in_native, id=3212, stack(0x000000d657400000,0x000000d657500000)]
  0x000001e330bdc000 JavaThread "Thread-2801" [_thread_in_native, id=18776, stack(0x000000d658a00000,0x000000d658b00000)]
  0x000001e330bdb000 JavaThread "Thread-2792" [_thread_in_native, id=26268, stack(0x000000d658a00000,0x000000d658b00000)]
  0x000001e330bd9800 JavaThread "Thread-2777" [_thread_in_native, id=25844, stack(0x000000d658a00000,0x000000d658b00000)]
  0x000001e330bd1800 JavaThread "Thread-2684" [_thread_in_native, id=24664, stack(0x000000d658a00000,0x000000d658b00000)]
  0x000001e330bd9000 JavaThread "Thread-2679" [_thread_in_native, id=284, stack(0x000000d656200000,0x000000d656300000)]
  0x000001e330bda800 JavaThread "Thread-2657" [_thread_in_native, id=22856, stack(0x000000d656300000,0x000000d656400000)]
  0x000001e330bd8000 JavaThread "Thread-2638" [_thread_in_native, id=20816, stack(0x000000d656200000,0x000000d656300000)]
  0x000001e330bd7800 JavaThread "Thread-2628" [_thread_in_native, id=24424, stack(0x000000d656200000,0x000000d656300000)]
  0x000001e330bd0800 JavaThread "Thread-2618" [_thread_in_native, id=22336, stack(0x000000d656300000,0x000000d656400000)]
  0x000001e330bd6800 JavaThread "Thread-2601" [_thread_in_native, id=15140, stack(0x000000d64d800000,0x000000d64d900000)]
  0x000001e330bcf000 JavaThread "SyntheticaAnimation 50" daemon [_thread_blocked, id=24724, stack(0x000000d65a900000,0x000000d65ae00000)]
  0x000001e330bd0000 JavaThread "Thread-2451" [_thread_in_native, id=23160, stack(0x000000d64d800000,0x000000d64d900000)]
  0x000001e330bd3800 JavaThread "Thread-2437" [_thread_in_native, id=11416, stack(0x000000d64d800000,0x000000d64d900000)]
  0x000001e330bd3000 JavaThread "Thread-2417" [_thread_in_native, id=19836, stack(0x000000d656300000,0x000000d656400000)]
  0x000001e325aaa000 JavaThread "Thread-2082" [_thread_in_native, id=21532, stack(0x000000d657400000,0x000000d657500000)]
  0x000001e325aab000 JavaThread "Thread-2057" [_thread_in_native, id=13496, stack(0x000000d657500000,0x000000d657600000)]
  0x000001e325aa6800 JavaThread "Thread-1933" [_thread_in_native, id=14736, stack(0x000000d656200000,0x000000d656300000)]
  0x000001e325aa7000 JavaThread "Thread-1911" [_thread_in_native, id=18256, stack(0x000000d657400000,0x000000d657500000)]
  0x000001e325aab800 JavaThread "Thread-1868" [_thread_in_native, id=25096, stack(0x000000d64d800000,0x000000d64d900000)]
  0x000001e325aa4000 JavaThread "Thread-1859" [_thread_in_native, id=25492, stack(0x000000d64d800000,0x000000d64d900000)]
  0x000001e325aa8000 JavaThread "Thread-1837" [_thread_in_native, id=23216, stack(0x000000d656200000,0x000000d656300000)]
  0x000001e325aa9800 JavaThread "Thread-1326" [_thread_in_native, id=21300, stack(0x000000d657400000,0x000000d657500000)]
  0x000001e325aa3800 JavaThread "Thread-1312" [_thread_in_native, id=20712, stack(0x000000d657400000,0x000000d657500000)]
  0x000001e325aa2000 JavaThread "Thread-1292" [_thread_in_native, id=5272, stack(0x000000d657500000,0x000000d657600000)]
  0x000001e325aa8800 JavaThread "Thread-1194" [_thread_in_native, id=11092, stack(0x000000d657300000,0x000000d657400000)]
  0x000001e325aa2800 JavaThread "Monitor File Timestamp Swing Worker" [_thread_blocked, id=17728, stack(0x000000d659200000,0x000000d659700000)]
  0x000001e325aa5800 JavaThread "Timer-2" [_thread_blocked, id=16012, stack(0x000000d658d00000,0x000000d659200000)]
  0x000001e30d2f0000 JavaThread "Thread-1174" [_thread_in_native, id=19424, stack(0x000000d657400000,0x000000d657500000)]
  0x000001e321931800 JavaThread "Thread-1163" [_thread_in_native, id=21752, stack(0x000000d657300000,0x000000d657400000)]
  0x000001e30d2f4000 JavaThread "Thread-1129" [_thread_in_native, id=18248, stack(0x000000d657300000,0x000000d657400000)]
  0x000001e30d2ec800 JavaThread "Thread-1121" [_thread_in_native, id=20416, stack(0x000000d657300000,0x000000d657400000)]
  0x000001e30d2ea000 JavaThread "Thread-1104" [_thread_in_native, id=25940, stack(0x000000d657400000,0x000000d657500000)]
  0x000001e30d2ed000 JavaThread "Thread-954" [_thread_in_native, id=26356, stack(0x000000d656300000,0x000000d656400000)]
  0x000001e321930000 JavaThread "Thread-944" [_thread_in_native, id=10028, stack(0x000000d656300000,0x000000d656400000)]
  0x000001e32192b800 JavaThread "Thread-926" [_thread_in_native, id=22740, stack(0x000000d657300000,0x000000d657400000)]
  0x000001e32192e000 JavaThread "Thread-821" [_thread_in_native, id=15028, stack(0x000000d656200000,0x000000d656300000)]
  0x000001e32192b000 JavaThread "Thread-803" [_thread_in_native, id=18932, stack(0x000000d656200000,0x000000d656300000)]
  0x000001e32192d000 JavaThread "Thread-782" [_thread_in_native, id=21092, stack(0x000000d656300000,0x000000d656400000)]
  0x000001e321925000 JavaThread "Thread-693" [_thread_in_native, id=12540, stack(0x000000d656200000,0x000000d656300000)]
  0x000001e321928800 JavaThread "Thread-682" [_thread_in_native, id=23484, stack(0x000000d656200000,0x000000d656300000)]
  0x000001e32192a000 JavaThread "Thread-663" [_thread_in_native, id=24436, stack(0x000000d656300000,0x000000d656400000)]
  0x000001e321929800 JavaThread "Thread-649" [_thread_in_native, id=22000, stack(0x000000d64d800000,0x000000d64d900000)]
  0x000001e321924000 JavaThread "Thread-648" [_thread_in_native, id=26156, stack(0x000000d657500000,0x000000d657600000)]
  0x000001e321925800 JavaThread "Thread-517" [_thread_in_native, id=22348, stack(0x000000d64d800000,0x000000d64d900000)]
  0x000001e321926800 JavaThread "Thread-474" [_thread_in_native, id=3980, stack(0x000000d64d800000,0x000000d64d900000)]
  0x000001e321927000 JavaThread "Thread-440" [_thread_in_native, id=25480, stack(0x000000d64d800000,0x000000d64d900000)]
  0x000001e30d2ef800 JavaThread "Thread-428" [_thread_in_native, id=13296, stack(0x000000d656200000,0x000000d656300000)]
  0x000001e30f46c000 JavaThread "Thread-412" [_thread_in_native, id=20012, stack(0x000000d658800000,0x000000d658900000)]
  0x000001e30d2f1800 JavaThread "Thread-324" [_thread_in_native, id=24780, stack(0x000000d658800000,0x000000d658900000)]
  0x000001e30d2f4800 JavaThread "Monitor File Timestamp Swing Worker" [_thread_blocked, id=20376, stack(0x000000d65a400000,0x000000d65a900000)]
  0x000001e30d2eb800 JavaThread "Timer-1" [_thread_blocked, id=15120, stack(0x000000d659f00000,0x000000d65a400000)]
  0x000001e30d2f2800 JavaThread "Thread-274" [_thread_in_native, id=9872, stack(0x000000d64d800000,0x000000d64d900000)]
  0x000001e30d2f1000 JavaThread "Image Animator 0" daemon [_thread_blocked, id=26276, stack(0x000000d659a00000,0x000000d659f00000)]
  0x000001e30d2f3000 JavaThread "Thread-259" [_thread_in_native, id=14896, stack(0x000000d656200000,0x000000d656300000)]
  0x000001e30d2ea800 JavaThread "Thread-253" [_thread_in_native, id=8760, stack(0x000000d657400000,0x000000d657500000)]
  0x000001e30d2e6000 JavaThread "SyntheticaAnimation 50" daemon [_thread_blocked, id=23028, stack(0x000000d653e00000,0x000000d654300000)]
  0x000001e30d2ee800 JavaThread "Thread-234" [_thread_in_native, id=20128, stack(0x000000d657400000,0x000000d657500000)]
  0x000001e30f46b800 JavaThread "hw_ila_monitor" [_thread_blocked, id=24004, stack(0x000000d658100000,0x000000d658600000)]
  0x000001e30f46a800 JavaThread "Update Runs Swing Worker" [_thread_blocked, id=19432, stack(0x000000d657c00000,0x000000d658100000)]
  0x000001e30f46a000 JavaThread "Refresh Filesets Swing Worker" [_thread_blocked, id=4192, stack(0x000000d657700000,0x000000d657c00000)]
  0x000001e3099fa800 JavaThread "SyntheticaAnimation 70" daemon [_thread_blocked, id=13180, stack(0x000000d655700000,0x000000d655c00000)]
  0x000001e3099f4800 JavaThread "SyntheticaAnimation 25" daemon [_thread_blocked, id=12868, stack(0x000000d656e00000,0x000000d657300000)]
  0x000001e3099f9800 JavaThread "SyntheticaAnimation 50" daemon [_thread_blocked, id=3792, stack(0x000000d656900000,0x000000d656e00000)]
  0x000001e3099f8000 JavaThread "Monitor HEventQueue" [_thread_blocked, id=1944, stack(0x000000d656400000,0x000000d656900000)]
  0x000001e3099f5000 JavaThread "Batik CleanerThread" daemon [_thread_blocked, id=15584, stack(0x000000d655c00000,0x000000d656100000)]
  0x000001e3099f6800 JavaThread "SyntheticaCleanerThread" daemon [_thread_blocked, id=14628, stack(0x000000d654300000,0x000000d654800000)]
=>0x000001e30b946800 JavaThread "AWT-EventQueue-1" [_thread_in_native, id=19892, stack(0x000000d655200000,0x000000d655700000)]
  0x000001e309cd8800 JavaThread "AWT-Shutdown" [_thread_blocked, id=19000, stack(0x000000d654d00000,0x000000d655200000)]
  0x000001e30b948800 JavaThread "Process Messages" [_thread_blocked, id=23848, stack(0x000000d654800000,0x000000d654d00000)]
  0x000001e309d53800 JavaThread "Thread-1" [_thread_in_native, id=21892, stack(0x000000d64db00000,0x000000d64ef00000)]
  0x000001e3098e9000 JavaThread "TimerQueue" daemon [_thread_blocked, id=16548, stack(0x000000d653400000,0x000000d653900000)]
  0x000001e30952b800 JavaThread "AWT-Windows" daemon [_thread_in_native, id=12492, stack(0x000000d653900000,0x000000d653e00000)]
  0x000001e309754000 JavaThread "Java2D Disposer" daemon [_thread_blocked, id=21016, stack(0x000000d652f00000,0x000000d653400000)]
  0x000001e30927f800 JavaThread "Service Thread" daemon [_thread_blocked, id=23996, stack(0x000000d652900000,0x000000d652e00000)]
  0x000001e366573000 JavaThread "Common-Cleaner" daemon [_thread_blocked, id=19788, stack(0x000000d652400000,0x000000d652900000)]
  0x000001e3664fc000 JavaThread "Sweeper thread" daemon [_thread_blocked, id=21952, stack(0x000000d651f00000,0x000000d652400000)]
  0x000001e3664fa800 JavaThread "C1 CompilerThread3" daemon [_thread_blocked, id=20512, stack(0x000000d651e00000,0x000000d651f00000)]
  0x000001e3664f9800 JavaThread "C2 CompilerThread2" daemon [_thread_blocked, id=23140, stack(0x000000d651d00000,0x000000d651e00000)]
  0x000001e3664d3000 JavaThread "C2 CompilerThread1" daemon [_thread_blocked, id=13536, stack(0x000000d651c00000,0x000000d651d00000)]
  0x000001e3664d2000 JavaThread "C2 CompilerThread0" daemon [_thread_blocked, id=25248, stack(0x000000d651b00000,0x000000d651c00000)]
  0x000001e3664d1800 JavaThread "Attach Listener" daemon [_thread_blocked, id=18672, stack(0x000000d651600000,0x000000d651b00000)]
  0x000001e362427800 JavaThread "Signal Dispatcher" daemon [_thread_blocked, id=17828, stack(0x000000d651100000,0x000000d651600000)]
  0x000001e3664cc800 JavaThread "Finalizer" daemon [_thread_blocked, id=24856, stack(0x000000d650c00000,0x000000d651100000)]
  0x000001e3664d7800 JavaThread "Reference Handler" daemon [_thread_blocked, id=20708, stack(0x000000d650700000,0x000000d650c00000)]
  0x000001e368f98800 JavaThread "main" [_thread_blocked, id=14868, stack(0x000000d64da00000,0x000000d64db00000)]

Other Threads:
  0x000001e3664cb800 VMThread "VM Thread" [stack: 0x000000d650600000,0x000000d650700000] [id=26200]
  0x000001e309280800 WatcherThread [stack: 0x000000d652e00000,0x000000d652f00000] [id=21720]
  0x000001e36464a800 GCTaskThread "GC Thread#0" [stack: 0x000000d64f200000,0x000000d64f300000] [id=25076]
  0x000001e36464b000 GCTaskThread "GC Thread#1" [stack: 0x000000d64f300000,0x000000d64f400000] [id=22924]
  0x000001e364eae800 GCTaskThread "GC Thread#2" [stack: 0x000000d64f400000,0x000000d64f500000] [id=6064]
  0x000001e364eaf000 GCTaskThread "GC Thread#3" [stack: 0x000000d64f500000,0x000000d64f600000] [id=11640]
  0x000001e368c84000 GCTaskThread "GC Thread#4" [stack: 0x000000d64f600000,0x000000d64f700000] [id=21336]
  0x000001e3647f5800 GCTaskThread "GC Thread#5" [stack: 0x000000d64f700000,0x000000d64f800000] [id=24184]
  0x000001e364445800 GCTaskThread "GC Thread#6" [stack: 0x000000d64f800000,0x000000d64f900000] [id=9960]
  0x000001e364446800 GCTaskThread "GC Thread#7" [stack: 0x000000d64f900000,0x000000d64fa00000] [id=9684]
  0x000001e3652dd000 ConcurrentGCThread "G1 Main Marker" [stack: 0x000000d650300000,0x000000d650400000] [id=21240]
  0x000001e364e7e800 ConcurrentGCThread "G1 Marker#0" [stack: 0x000000d650400000,0x000000d650500000] [id=23640]
  0x000001e364e80800 ConcurrentGCThread "G1 Marker#1" [stack: 0x000000d650500000,0x000000d650600000] [id=10752]
  0x000001e365599000 ConcurrentGCThread "G1 Refine#0" [stack: 0x000000d650100000,0x000000d650200000] [id=26120]
  0x000001e3690e9000 ConcurrentGCThread "G1 Refine#1" [stack: 0x000000d650000000,0x000000d650100000] [id=16360]
  0x000001e369310800 ConcurrentGCThread "G1 Refine#2" [stack: 0x000000d64ff00000,0x000000d650000000] [id=16864]
  0x000001e36930f800 ConcurrentGCThread "G1 Refine#3" [stack: 0x000000d64fe00000,0x000000d64ff00000] [id=19376]
  0x000001e3647d4800 ConcurrentGCThread "G1 Refine#4" [stack: 0x000000d64fd00000,0x000000d64fe00000] [id=24880]
  0x000001e3647d4000 ConcurrentGCThread "G1 Refine#5" [stack: 0x000000d64fc00000,0x000000d64fd00000] [id=24904]
  0x000001e3647d3800 ConcurrentGCThread "G1 Refine#6" [stack: 0x000000d64fb00000,0x000000d64fc00000] [id=19284]
  0x000001e36404c800 ConcurrentGCThread "G1 Refine#7" [stack: 0x000000d64fa00000,0x000000d64fb00000] [id=12212]
  0x000001e368c2b800 ConcurrentGCThread "G1 Young RemSet Sampling" [stack: 0x000000d650200000,0x000000d650300000] [id=8432]

Threads with active compile tasks:

VM state:not at safepoint (normal execution)

VM Mutex/Monitor currently owned by a thread: None

Heap address: 0x0000000700000000, size: 3072 MB, Compressed Oops mode: Zero based, Oop shift amount: 3
Narrow klass base: 0x0000000000000000, Narrow klass shift: 3
Compressed class space size: 1073741824 Address: 0x00000007c0000000

Heap:
 garbage-first heap   total 306176K, used 124707K [0x0000000700000000, 0x0000000700100958, 0x00000007c0000000)
  region size 1024K, 34 young (34816K), 3 survivors (3072K)
 Metaspace       used 86122K, capacity 88824K, committed 95408K, reserved 1132544K
  class space    used 11072K, capacity 11618K, committed 12976K, reserved 1048576K
Heap Regions: E=young(eden), S=young(survivor), O=old, HS=humongous(starts), HC=humongous(continues), CS=collection set, F=free, A=archive, TS=gc time stamp, AC=allocation context, TAMS=top-at-mark-start (previous, next)
|   0|0x0000000700000000, 0x0000000700100000, 0x0000000700100000|100%|HS|  |TS  0|AC  0|TAMS 0x0000000700000000, 0x0000000700000000|
|   1|0x0000000700100000, 0x0000000700200000, 0x0000000700200000|100%|HS|  |TS  0|AC  0|TAMS 0x0000000700100000, 0x0000000700100000|
|   2|0x0000000700200000, 0x0000000700300000, 0x0000000700300000|100%|HC|  |TS  0|AC  0|TAMS 0x0000000700200000, 0x0000000700200000|
|   3|0x0000000700300000, 0x0000000700400000, 0x0000000700400000|100%|HS|  |TS  0|AC  0|TAMS 0x0000000700300000, 0x0000000700300000|
|   4|0x0000000700400000, 0x00000007004ffff8, 0x0000000700500000| 99%| O|  |TS  0|AC  0|TAMS 0x0000000700400000, 0x0000000700400000|
|   5|0x0000000700500000, 0x00000007005ffff8, 0x0000000700600000| 99%| O|  |TS  0|AC  0|TAMS 0x0000000700500000, 0x0000000700500000|
|   6|0x0000000700600000, 0x00000007006fffe8, 0x0000000700700000| 99%| O|  |TS  0|AC  0|TAMS 0x0000000700600000, 0x0000000700600000|
|   7|0x0000000700700000, 0x00000007007fb3b8, 0x0000000700800000| 98%| O|  |TS  0|AC  0|TAMS 0x0000000700700000, 0x0000000700700000|
|   8|0x0000000700800000, 0x00000007008fffe0, 0x0000000700900000| 99%| O|  |TS  0|AC  0|TAMS 0x0000000700800000, 0x0000000700800000|
|   9|0x0000000700900000, 0x00000007009cf0a8, 0x0000000700a00000| 80%| O|  |TS  0|AC  0|TAMS 0x0000000700900000, 0x0000000700900000|
|  10|0x0000000700a00000, 0x0000000700afec48, 0x0000000700b00000| 99%| O|  |TS  0|AC  0|TAMS 0x0000000700a00000, 0x0000000700a00000|
|  11|0x0000000700b00000, 0x0000000700bfcde8, 0x0000000700c00000| 98%| O|  |TS  0|AC  0|TAMS 0x0000000700b00000, 0x0000000700b00000|
|  12|0x0000000700c00000, 0x0000000700cf61a0, 0x0000000700d00000| 96%| O|  |TS  0|AC  0|TAMS 0x0000000700c00000, 0x0000000700c00000|
|  13|0x0000000700d00000, 0x0000000700dffff8, 0x0000000700e00000| 99%| O|  |TS  0|AC  0|TAMS 0x0000000700d00000, 0x0000000700d00000|
|  14|0x0000000700e00000, 0x0000000700efeb78, 0x0000000700f00000| 99%| O|  |TS  0|AC  0|TAMS 0x0000000700e00000, 0x0000000700e00000|
|  15|0x0000000700f00000, 0x0000000700fffff8, 0x0000000701000000| 99%| O|  |TS  0|AC  0|TAMS 0x0000000700f00000, 0x0000000700f00000|
|  16|0x0000000701000000, 0x00000007010ffff0, 0x0000000701100000| 99%| O|  |TS  0|AC  0|TAMS 0x0000000701000000, 0x0000000701000000|
|  17|0x0000000701100000, 0x00000007011ffff0, 0x0000000701200000| 99%| O|  |TS  0|AC  0|TAMS 0x0000000701100000, 0x0000000701100000|
|  18|0x0000000701200000, 0x00000007012ffff0, 0x0000000701300000| 99%| O|  |TS  0|AC  0|TAMS 0x0000000701200000, 0x0000000701200000|
|  19|0x0000000701300000, 0x0000000701400000, 0x0000000701400000|100%|HS|  |TS  0|AC  0|TAMS 0x0000000701300000, 0x0000000701300000|
|  20|0x0000000701400000, 0x00000007014ffff0, 0x0000000701500000| 99%| O|  |TS  0|AC  0|TAMS 0x0000000701400000, 0x0000000701400000|
|  21|0x0000000701500000, 0x00000007015fffc8, 0x0000000701600000| 99%| O|  |TS  0|AC  0|TAMS 0x0000000701500000, 0x0000000701500000|
|  22|0x0000000701600000, 0x00000007016ffff8, 0x0000000701700000| 99%| O|  |TS  0|AC  0|TAMS 0x0000000701600000, 0x0000000701600000|
|  23|0x0000000701700000, 0x0000000701800000, 0x0000000701800000|100%| O|  |TS  0|AC  0|TAMS 0x0000000701700000, 0x0000000701700000|
|  24|0x0000000701800000, 0x00000007018ffe78, 0x0000000701900000| 99%| O|  |TS  0|AC  0|TAMS 0x0000000701800000, 0x0000000701800000|
|  25|0x0000000701900000, 0x00000007019fef60, 0x0000000701a00000| 99%| O|  |TS  0|AC  0|TAMS 0x0000000701900000, 0x0000000701900000|
|  26|0x0000000701a00000, 0x0000000701affe88, 0x0000000701b00000| 99%| O|  |TS  0|AC  0|TAMS 0x0000000701a00000, 0x0000000701a00000|
|  27|0x0000000701b00000, 0x0000000701bffff0, 0x0000000701c00000| 99%| O|  |TS  0|AC  0|TAMS 0x0000000701b00000, 0x0000000701b00000|
|  28|0x0000000701c00000, 0x0000000701cffe08, 0x0000000701d00000| 99%| O|  |TS  0|AC  0|TAMS 0x0000000701c00000, 0x0000000701c00000|
|  29|0x0000000701d00000, 0x0000000701dfffe0, 0x0000000701e00000| 99%| O|  |TS  0|AC  0|TAMS 0x0000000701d00000, 0x0000000701d00000|
|  30|0x0000000701e00000, 0x0000000701effff0, 0x0000000701f00000| 99%| O|  |TS  0|AC  0|TAMS 0x0000000701e00000, 0x0000000701e00000|
|  31|0x0000000701f00000, 0x0000000702000000, 0x0000000702000000|100%| O|  |TS  0|AC  0|TAMS 0x0000000701f00000, 0x0000000701f00000|
|  32|0x0000000702000000, 0x00000007020e16d8, 0x0000000702100000| 88%| O|  |TS  0|AC  0|TAMS 0x0000000702000000, 0x0000000702000000|
|  33|0x0000000702100000, 0x0000000702200000, 0x0000000702200000|100%| O|  |TS  0|AC  0|TAMS 0x0000000702100000, 0x0000000702100000|
|  34|0x0000000702200000, 0x0000000702300000, 0x0000000702300000|100%| O|  |TS  0|AC  0|TAMS 0x0000000702200000, 0x0000000702200000|
|  35|0x0000000702300000, 0x0000000702400000, 0x0000000702400000|100%| O|  |TS  0|AC  0|TAMS 0x0000000702300000, 0x0000000702300000|
|  36|0x0000000702400000, 0x00000007024ffff8, 0x0000000702500000| 99%| O|  |TS  0|AC  0|TAMS 0x0000000702400000, 0x0000000702400000|
|  37|0x0000000702500000, 0x00000007025fe070, 0x0000000702600000| 99%| O|  |TS  0|AC  0|TAMS 0x0000000702500000, 0x0000000702500000|
|  38|0x0000000702600000, 0x0000000702700000, 0x0000000702700000|100%|HS|  |TS  0|AC  0|TAMS 0x0000000702600000, 0x0000000702600000|
|  39|0x0000000702700000, 0x0000000702800000, 0x0000000702800000|100%|HC|  |TS  0|AC  0|TAMS 0x0000000702700000, 0x0000000702700000|
|  40|0x0000000702800000, 0x0000000702900000, 0x0000000702900000|100%|HC|  |TS  0|AC  0|TAMS 0x0000000702800000, 0x0000000702800000|
|  41|0x0000000702900000, 0x0000000702a00000, 0x0000000702a00000|100%|HC|  |TS  0|AC  0|TAMS 0x0000000702900000, 0x0000000702900000|
|  42|0x0000000702a00000, 0x0000000702b00000, 0x0000000702b00000|100%|HC|  |TS  0|AC  0|TAMS 0x0000000702a00000, 0x0000000702a00000|
|  43|0x0000000702b00000, 0x0000000702c00000, 0x0000000702c00000|100%|HC|  |TS  0|AC  0|TAMS 0x0000000702b00000, 0x0000000702b00000|
|  44|0x0000000702c00000, 0x0000000702d00000, 0x0000000702d00000|100%|HC|  |TS  0|AC  0|TAMS 0x0000000702c00000, 0x0000000702c00000|
|  45|0x0000000702d00000, 0x0000000702e00000, 0x0000000702e00000|100%|HC|  |TS  0|AC  0|TAMS 0x0000000702d00000, 0x0000000702d00000|
|  46|0x0000000702e00000, 0x0000000702f00000, 0x0000000702f00000|100%|HC|  |TS  0|AC  0|TAMS 0x0000000702e00000, 0x0000000702e00000|
|  47|0x0000000702f00000, 0x0000000703000000, 0x0000000703000000|100%|HC|  |TS  0|AC  0|TAMS 0x0000000702f00000, 0x0000000702f00000|
|  48|0x0000000703000000, 0x0000000703100000, 0x0000000703100000|100%|HC|  |TS  0|AC  0|TAMS 0x0000000703000000, 0x0000000703000000|
|  49|0x0000000703100000, 0x0000000703200000, 0x0000000703200000|100%|HC|  |TS  0|AC  0|TAMS 0x0000000703100000, 0x0000000703100000|
|  50|0x0000000703200000, 0x00000007032fffe8, 0x0000000703300000| 99%| O|  |TS  0|AC  0|TAMS 0x0000000703200000, 0x0000000703200000|
|  51|0x0000000703300000, 0x00000007033fffb0, 0x0000000703400000| 99%| O|  |TS  0|AC  0|TAMS 0x0000000703300000, 0x0000000703300000|
|  52|0x0000000703400000, 0x00000007034fffe8, 0x0000000703500000| 99%| O|  |TS  0|AC  0|TAMS 0x0000000703400000, 0x0000000703400000|
|  53|0x0000000703500000, 0x00000007035ffea0, 0x0000000703600000| 99%| O|  |TS  0|AC  0|TAMS 0x0000000703500000, 0x0000000703500000|
|  54|0x0000000703600000, 0x0000000703700000, 0x0000000703700000|100%| O|  |TS  0|AC  0|TAMS 0x0000000703600000, 0x0000000703600000|
|  55|0x0000000703700000, 0x0000000703800000, 0x0000000703800000|100%| O|  |TS  0|AC  0|TAMS 0x0000000703700000, 0x0000000703700000|
|  56|0x0000000703800000, 0x00000007038ffff0, 0x0000000703900000| 99%| O|  |TS  0|AC  0|TAMS 0x0000000703800000, 0x0000000703800000|
|  57|0x0000000703900000, 0x00000007039fffd0, 0x0000000703a00000| 99%| O|  |TS  0|AC  0|TAMS 0x0000000703900000, 0x0000000703900000|
|  58|0x0000000703a00000, 0x0000000703affff8, 0x0000000703b00000| 99%| O|  |TS  0|AC  0|TAMS 0x0000000703a00000, 0x0000000703a00000|
|  59|0x0000000703b00000, 0x0000000703c00000, 0x0000000703c00000|100%| O|  |TS  0|AC  0|TAMS 0x0000000703b00000, 0x0000000703b00000|
|  60|0x0000000703c00000, 0x0000000703cffff8, 0x0000000703d00000| 99%| O|  |TS  0|AC  0|TAMS 0x0000000703c00000, 0x0000000703c00000|
|  61|0x0000000703d00000, 0x0000000703dffff8, 0x0000000703e00000| 99%| O|  |TS  0|AC  0|TAMS 0x0000000703d00000, 0x0000000703d00000|
|  62|0x0000000703e00000, 0x0000000703efffd0, 0x0000000703f00000| 99%| O|  |TS  0|AC  0|TAMS 0x0000000703e00000, 0x0000000703e00000|
|  63|0x0000000703f00000, 0x0000000704000000, 0x0000000704000000|100%|HS|  |TS  0|AC  0|TAMS 0x0000000703f00000, 0x0000000703f00000|
|  64|0x0000000704000000, 0x0000000704100000, 0x0000000704100000|100%|HC|  |TS  0|AC  0|TAMS 0x0000000704000000, 0x0000000704000000|
|  65|0x0000000704100000, 0x0000000704200000, 0x0000000704200000|100%|HC|  |TS  0|AC  0|TAMS 0x0000000704100000, 0x0000000704100000|
|  66|0x0000000704200000, 0x00000007042fff60, 0x0000000704300000| 99%| O|  |TS  0|AC  0|TAMS 0x0000000704200000, 0x0000000704200000|
|  67|0x0000000704300000, 0x0000000704400000, 0x0000000704400000|100%| O|  |TS  0|AC  0|TAMS 0x0000000704300000, 0x0000000704300000|
|  68|0x0000000704400000, 0x0000000704500000, 0x0000000704500000|100%| O|  |TS  0|AC  0|TAMS 0x0000000704400000, 0x0000000704400000|
|  69|0x0000000704500000, 0x00000007045ffff0, 0x0000000704600000| 99%| O|  |TS  0|AC  0|TAMS 0x0000000704500000, 0x0000000704500000|
|  70|0x0000000704600000, 0x00000007046ff100, 0x0000000704700000| 99%| O|  |TS  0|AC  0|TAMS 0x0000000704600000, 0x0000000704600000|
|  71|0x0000000704700000, 0x00000007047fffe0, 0x0000000704800000| 99%| O|  |TS  0|AC  0|TAMS 0x0000000704700000, 0x0000000704700000|
|  72|0x0000000704800000, 0x00000007048fffc8, 0x0000000704900000| 99%| O|  |TS  0|AC  0|TAMS 0x0000000704800000, 0x0000000704800000|
|  73|0x0000000704900000, 0x00000007049fff08, 0x0000000704a00000| 99%| O|  |TS  0|AC  0|TAMS 0x0000000704900000, 0x0000000704900000|
|  74|0x0000000704a00000, 0x0000000704afffe8, 0x0000000704b00000| 99%| O|  |TS  0|AC  0|TAMS 0x0000000704a00000, 0x0000000704a00000|
|  75|0x0000000704b00000, 0x0000000704bffff0, 0x0000000704c00000| 99%| O|  |TS  0|AC  0|TAMS 0x0000000704b00000, 0x0000000704b00000|
|  76|0x0000000704c00000, 0x0000000704cffff0, 0x0000000704d00000| 99%| O|  |TS  0|AC  0|TAMS 0x0000000704c00000, 0x0000000704c00000|
|  77|0x0000000704d00000, 0x0000000704dfff80, 0x0000000704e00000| 99%| O|  |TS  0|AC  0|TAMS 0x0000000704d00000, 0x0000000704d00000|
|  78|0x0000000704e00000, 0x0000000704f00000, 0x0000000704f00000|100%| O|  |TS  0|AC  0|TAMS 0x0000000704e00000, 0x0000000704e00000|
|  79|0x0000000704f00000, 0x0000000704fffff8, 0x0000000705000000| 99%| O|  |TS  0|AC  0|TAMS 0x0000000704f00000, 0x0000000704f00000|
|  80|0x0000000705000000, 0x00000007050ffff8, 0x0000000705100000| 99%| O|  |TS  0|AC  0|TAMS 0x0000000705000000, 0x0000000705000000|
|  81|0x0000000705100000, 0x00000007051dc818, 0x0000000705200000| 86%| O|  |TS  0|AC  0|TAMS 0x0000000705100000, 0x0000000705100000|
|  82|0x0000000705200000, 0x0000000705200000, 0x0000000705300000|  0%| F|  |TS  0|AC  0|TAMS 0x0000000705200000, 0x0000000705200000|
|  83|0x0000000705300000, 0x0000000705300000, 0x0000000705400000|  0%| F|  |TS  0|AC  0|TAMS 0x0000000705300000, 0x0000000705300000|
|  84|0x0000000705400000, 0x0000000705500000, 0x0000000705500000|100%|HS|  |TS  0|AC  0|TAMS 0x0000000705400000, 0x0000000705400000|
|  85|0x0000000705500000, 0x0000000705600000, 0x0000000705600000|100%|HC|  |TS  0|AC  0|TAMS 0x0000000705500000, 0x0000000705500000|
|  86|0x0000000705600000, 0x0000000705600000, 0x0000000705700000|  0%| F|  |TS  0|AC  0|TAMS 0x0000000705600000, 0x0000000705600000|
|  87|0x0000000705700000, 0x0000000705800000, 0x0000000705800000|100%|HS|  |TS  0|AC  0|TAMS 0x0000000705700000, 0x0000000705700000|
|  88|0x0000000705800000, 0x0000000705800000, 0x0000000705900000|  0%| F|  |TS  0|AC  0|TAMS 0x0000000705800000, 0x0000000705800000|
|  89|0x0000000705900000, 0x0000000705900000, 0x0000000705a00000|  0%| F|  |TS  0|AC  0|TAMS 0x0000000705900000, 0x0000000705900000|
|  90|0x0000000705a00000, 0x0000000705a00000, 0x0000000705b00000|  0%| F|  |TS  0|AC  0|TAMS 0x0000000705a00000, 0x0000000705a00000|
|  91|0x0000000705b00000, 0x0000000705b00000, 0x0000000705c00000|  0%| F|  |TS  0|AC  0|TAMS 0x0000000705b00000, 0x0000000705b00000|
|  92|0x0000000705c00000, 0x0000000705c00000, 0x0000000705d00000|  0%| F|  |TS  0|AC  0|TAMS 0x0000000705c00000, 0x0000000705c00000|
|  93|0x0000000705d00000, 0x0000000705d00000, 0x0000000705e00000|  0%| F|  |TS  0|AC  0|TAMS 0x0000000705d00000, 0x0000000705d00000|
|  94|0x0000000705e00000, 0x0000000705e00000, 0x0000000705f00000|  0%| F|  |TS  0|AC  0|TAMS 0x0000000705e00000, 0x0000000705e00000|
|  95|0x0000000705f00000, 0x0000000706000000, 0x0000000706000000|100%|HS|  |TS  0|AC  0|TAMS 0x0000000705f00000, 0x0000000705f00000|
|  96|0x0000000706000000, 0x0000000706100000, 0x0000000706100000|100%|HC|  |TS  0|AC  0|TAMS 0x0000000706000000, 0x0000000706000000|
|  97|0x0000000706100000, 0x0000000706200000, 0x0000000706200000|100%|HC|  |TS  0|AC  0|TAMS 0x0000000706100000, 0x0000000706100000|
|  98|0x0000000706200000, 0x0000000706300000, 0x0000000706300000|100%|HC|  |TS  0|AC  0|TAMS 0x0000000706200000, 0x0000000706200000|
|  99|0x0000000706300000, 0x0000000706400000, 0x0000000706400000|100%|HC|  |TS  0|AC  0|TAMS 0x0000000706300000, 0x0000000706300000|
| 100|0x0000000706400000, 0x0000000706400000, 0x0000000706500000|  0%| F|  |TS  0|AC  0|TAMS 0x0000000706400000, 0x0000000706400000|
| 101|0x0000000706500000, 0x0000000706500000, 0x0000000706600000|  0%| F|  |TS  0|AC  0|TAMS 0x0000000706500000, 0x0000000706500000|
| 102|0x0000000706600000, 0x0000000706600000, 0x0000000706700000|  0%| F|  |TS  0|AC  0|TAMS 0x0000000706600000, 0x0000000706600000|
| 103|0x0000000706700000, 0x0000000706700000, 0x0000000706800000|  0%| F|  |TS  0|AC  0|TAMS 0x0000000706700000, 0x0000000706700000|
| 104|0x0000000706800000, 0x0000000706800000, 0x0000000706900000|  0%| F|  |TS  0|AC  0|TAMS 0x0000000706800000, 0x0000000706800000|
| 105|0x0000000706900000, 0x0000000706900000, 0x0000000706a00000|  0%| F|  |TS  0|AC  0|TAMS 0x0000000706900000, 0x0000000706900000|
| 106|0x0000000706a00000, 0x0000000706a00000, 0x0000000706b00000|  0%| F|  |TS  0|AC  0|TAMS 0x0000000706a00000, 0x0000000706a00000|
| 107|0x0000000706b00000, 0x0000000706b00000, 0x0000000706c00000|  0%| F|  |TS  0|AC  0|TAMS 0x0000000706b00000, 0x0000000706b00000|
| 108|0x0000000706c00000, 0x0000000706c00000, 0x0000000706d00000|  0%| F|  |TS  0|AC  0|TAMS 0x0000000706c00000, 0x0000000706c00000|
| 109|0x0000000706d00000, 0x0000000706d00000, 0x0000000706e00000|  0%| F|  |TS  0|AC  0|TAMS 0x0000000706d00000, 0x0000000706d00000|
| 110|0x0000000706e00000, 0x0000000706e00000, 0x0000000706f00000|  0%| F|  |TS  0|AC  0|TAMS 0x0000000706e00000, 0x0000000706e00000|
| 111|0x0000000706f00000, 0x0000000706f00000, 0x0000000707000000|  0%| F|  |TS  0|AC  0|TAMS 0x0000000706f00000, 0x0000000706f00000|
| 112|0x0000000707000000, 0x0000000707000000, 0x0000000707100000|  0%| F|  |TS  0|AC  0|TAMS 0x0000000707000000, 0x0000000707000000|
| 113|0x0000000707100000, 0x0000000707100000, 0x0000000707200000|  0%| F|  |TS  0|AC  0|TAMS 0x0000000707100000, 0x0000000707100000|
| 114|0x0000000707200000, 0x0000000707200000, 0x0000000707300000|  0%| F|  |TS  0|AC  0|TAMS 0x0000000707200000, 0x0000000707200000|
| 115|0x0000000707300000, 0x0000000707300000, 0x0000000707400000|  0%| F|  |TS  0|AC  0|TAMS 0x0000000707300000, 0x0000000707300000|
| 116|0x0000000707400000, 0x0000000707400000, 0x0000000707500000|  0%| F|  |TS  0|AC  0|TAMS 0x0000000707400000, 0x0000000707400000|
| 117|0x0000000707500000, 0x0000000707500000, 0x0000000707600000|  0%| F|  |TS  0|AC  0|TAMS 0x0000000707500000, 0x0000000707500000|
| 118|0x0000000707600000, 0x0000000707600000, 0x0000000707700000|  0%| F|  |TS  0|AC  0|TAMS 0x0000000707600000, 0x0000000707600000|
| 119|0x0000000707700000, 0x0000000707700000, 0x0000000707800000|  0%| F|  |TS  0|AC  0|TAMS 0x0000000707700000, 0x0000000707700000|
| 120|0x0000000707800000, 0x0000000707800000, 0x0000000707900000|  0%| F|  |TS  0|AC  0|TAMS 0x0000000707800000, 0x0000000707800000|
| 121|0x0000000707900000, 0x0000000707900000, 0x0000000707a00000|  0%| F|  |TS  0|AC  0|TAMS 0x0000000707900000, 0x0000000707900000|
| 122|0x0000000707a00000, 0x0000000707a00000, 0x0000000707b00000|  0%| F|  |TS  0|AC  0|TAMS 0x0000000707a00000, 0x0000000707a00000|
| 123|0x0000000707b00000, 0x0000000707b00000, 0x0000000707c00000|  0%| F|  |TS  0|AC  0|TAMS 0x0000000707b00000, 0x0000000707b00000|
| 124|0x0000000707c00000, 0x0000000707c00000, 0x0000000707d00000|  0%| F|  |TS  0|AC  0|TAMS 0x0000000707c00000, 0x0000000707c00000|
| 125|0x0000000707d00000, 0x0000000707d00000, 0x0000000707e00000|  0%| F|  |TS  0|AC  0|TAMS 0x0000000707d00000, 0x0000000707d00000|
| 126|0x0000000707e00000, 0x0000000707e00000, 0x0000000707f00000|  0%| F|  |TS  0|AC  0|TAMS 0x0000000707e00000, 0x0000000707e00000|
| 127|0x0000000707f00000, 0x0000000707f00000, 0x0000000708000000|  0%| F|  |TS  0|AC  0|TAMS 0x0000000707f00000, 0x0000000707f00000|
| 128|0x0000000708000000, 0x0000000708000000, 0x0000000708100000|  0%| F|  |TS  0|AC  0|TAMS 0x0000000708000000, 0x0000000708000000|
| 129|0x0000000708100000, 0x0000000708100000, 0x0000000708200000|  0%| F|  |TS  0|AC  0|TAMS 0x0000000708100000, 0x0000000708100000|
| 130|0x0000000708200000, 0x0000000708200000, 0x0000000708300000|  0%| F|  |TS  0|AC  0|TAMS 0x0000000708200000, 0x0000000708200000|
| 131|0x0000000708300000, 0x0000000708300000, 0x0000000708400000|  0%| F|  |TS  0|AC  0|TAMS 0x0000000708300000, 0x0000000708300000|
| 132|0x0000000708400000, 0x0000000708400000, 0x0000000708500000|  0%| F|  |TS  0|AC  0|TAMS 0x0000000708400000, 0x0000000708400000|
| 133|0x0000000708500000, 0x0000000708500000, 0x0000000708600000|  0%| F|  |TS  0|AC  0|TAMS 0x0000000708500000, 0x0000000708500000|
| 134|0x0000000708600000, 0x0000000708600000, 0x0000000708700000|  0%| F|  |TS  0|AC  0|TAMS 0x0000000708600000, 0x0000000708600000|
| 135|0x0000000708700000, 0x0000000708700000, 0x0000000708800000|  0%| F|  |TS  0|AC  0|TAMS 0x0000000708700000, 0x0000000708700000|
| 136|0x0000000708800000, 0x0000000708800000, 0x0000000708900000|  0%| F|  |TS  0|AC  0|TAMS 0x0000000708800000, 0x0000000708800000|
| 137|0x0000000708900000, 0x0000000708900000, 0x0000000708a00000|  0%| F|  |TS  0|AC  0|TAMS 0x0000000708900000, 0x0000000708900000|
| 138|0x0000000708a00000, 0x0000000708a00000, 0x0000000708b00000|  0%| F|  |TS  0|AC  0|TAMS 0x0000000708a00000, 0x0000000708a00000|
| 139|0x0000000708b00000, 0x0000000708b00000, 0x0000000708c00000|  0%| F|  |TS  0|AC  0|TAMS 0x0000000708b00000, 0x0000000708b00000|
| 140|0x0000000708c00000, 0x0000000708c00000, 0x0000000708d00000|  0%| F|  |TS  0|AC  0|TAMS 0x0000000708c00000, 0x0000000708c00000|
| 141|0x0000000708d00000, 0x0000000708d00000, 0x0000000708e00000|  0%| F|  |TS  0|AC  0|TAMS 0x0000000708d00000, 0x0000000708d00000|
| 142|0x0000000708e00000, 0x0000000708e00000, 0x0000000708f00000|  0%| F|  |TS  0|AC  0|TAMS 0x0000000708e00000, 0x0000000708e00000|
| 143|0x0000000708f00000, 0x0000000708f00000, 0x0000000709000000|  0%| F|  |TS  0|AC  0|TAMS 0x0000000708f00000, 0x0000000708f00000|
| 144|0x0000000709000000, 0x0000000709000000, 0x0000000709100000|  0%| F|  |TS  0|AC  0|TAMS 0x0000000709000000, 0x0000000709000000|
| 145|0x0000000709100000, 0x0000000709100000, 0x0000000709200000|  0%| F|  |TS  0|AC  0|TAMS 0x0000000709100000, 0x0000000709100000|
| 146|0x0000000709200000, 0x0000000709200000, 0x0000000709300000|  0%| F|  |TS  0|AC  0|TAMS 0x0000000709200000, 0x0000000709200000|
| 147|0x0000000709300000, 0x0000000709300000, 0x0000000709400000|  0%| F|  |TS  0|AC  0|TAMS 0x0000000709300000, 0x0000000709300000|
| 148|0x0000000709400000, 0x0000000709400000, 0x0000000709500000|  0%| F|  |TS  0|AC  0|TAMS 0x0000000709400000, 0x0000000709400000|
| 149|0x0000000709500000, 0x0000000709500000, 0x0000000709600000|  0%| F|  |TS  0|AC  0|TAMS 0x0000000709500000, 0x0000000709500000|
| 150|0x0000000709600000, 0x0000000709600000, 0x0000000709700000|  0%| F|  |TS  0|AC  0|TAMS 0x0000000709600000, 0x0000000709600000|
| 151|0x0000000709700000, 0x0000000709700000, 0x0000000709800000|  0%| F|  |TS  0|AC  0|TAMS 0x0000000709700000, 0x0000000709700000|
| 152|0x0000000709800000, 0x0000000709800000, 0x0000000709900000|  0%| F|  |TS  0|AC  0|TAMS 0x0000000709800000, 0x0000000709800000|
| 153|0x0000000709900000, 0x0000000709900000, 0x0000000709a00000|  0%| F|  |TS  0|AC  0|TAMS 0x0000000709900000, 0x0000000709900000|
| 154|0x0000000709a00000, 0x0000000709a00000, 0x0000000709b00000|  0%| F|  |TS  0|AC  0|TAMS 0x0000000709a00000, 0x0000000709a00000|
| 155|0x0000000709b00000, 0x0000000709b00000, 0x0000000709c00000|  0%| F|  |TS  0|AC  0|TAMS 0x0000000709b00000, 0x0000000709b00000|
| 156|0x0000000709c00000, 0x0000000709c00000, 0x0000000709d00000|  0%| F|  |TS  0|AC  0|TAMS 0x0000000709c00000, 0x0000000709c00000|
| 157|0x0000000709d00000, 0x0000000709d00000, 0x0000000709e00000|  0%| F|  |TS  0|AC  0|TAMS 0x0000000709d00000, 0x0000000709d00000|
| 158|0x0000000709e00000, 0x0000000709e00000, 0x0000000709f00000|  0%| F|  |TS  0|AC  0|TAMS 0x0000000709e00000, 0x0000000709e00000|
| 159|0x0000000709f00000, 0x0000000709f00000, 0x000000070a000000|  0%| F|  |TS  0|AC  0|TAMS 0x0000000709f00000, 0x0000000709f00000|
| 160|0x000000070a000000, 0x000000070a000000, 0x000000070a100000|  0%| F|  |TS  0|AC  0|TAMS 0x000000070a000000, 0x000000070a000000|
| 161|0x000000070a100000, 0x000000070a100000, 0x000000070a200000|  0%| F|  |TS  0|AC  0|TAMS 0x000000070a100000, 0x000000070a100000|
| 162|0x000000070a200000, 0x000000070a200000, 0x000000070a300000|  0%| F|  |TS  0|AC  0|TAMS 0x000000070a200000, 0x000000070a200000|
| 163|0x000000070a300000, 0x000000070a300000, 0x000000070a400000|  0%| F|  |TS  0|AC  0|TAMS 0x000000070a300000, 0x000000070a300000|
| 164|0x000000070a400000, 0x000000070a400000, 0x000000070a500000|  0%| F|  |TS  0|AC  0|TAMS 0x000000070a400000, 0x000000070a400000|
| 165|0x000000070a500000, 0x000000070a500000, 0x000000070a600000|  0%| F|  |TS  0|AC  0|TAMS 0x000000070a500000, 0x000000070a500000|
| 166|0x000000070a600000, 0x000000070a600000, 0x000000070a700000|  0%| F|  |TS  0|AC  0|TAMS 0x000000070a600000, 0x000000070a600000|
| 167|0x000000070a700000, 0x000000070a700000, 0x000000070a800000|  0%| F|  |TS  0|AC  0|TAMS 0x000000070a700000, 0x000000070a700000|
| 168|0x000000070a800000, 0x000000070a800000, 0x000000070a900000|  0%| F|  |TS  0|AC  0|TAMS 0x000000070a800000, 0x000000070a800000|
| 169|0x000000070a900000, 0x000000070a900000, 0x000000070aa00000|  0%| F|  |TS  0|AC  0|TAMS 0x000000070a900000, 0x000000070a900000|
| 170|0x000000070aa00000, 0x000000070aa00000, 0x000000070ab00000|  0%| F|  |TS  0|AC  0|TAMS 0x000000070aa00000, 0x000000070aa00000|
| 171|0x000000070ab00000, 0x000000070ab00000, 0x000000070ac00000|  0%| F|  |TS  0|AC  0|TAMS 0x000000070ab00000, 0x000000070ab00000|
| 172|0x000000070ac00000, 0x000000070ac00000, 0x000000070ad00000|  0%| F|  |TS  0|AC  0|TAMS 0x000000070ac00000, 0x000000070ac00000|
| 173|0x000000070ad00000, 0x000000070ad00000, 0x000000070ae00000|  0%| F|  |TS  0|AC  0|TAMS 0x000000070ad00000, 0x000000070ad00000|
| 174|0x000000070ae00000, 0x000000070ae00000, 0x000000070af00000|  0%| F|  |TS  0|AC  0|TAMS 0x000000070ae00000, 0x000000070ae00000|
| 175|0x000000070af00000, 0x000000070af00000, 0x000000070b000000|  0%| F|  |TS  0|AC  0|TAMS 0x000000070af00000, 0x000000070af00000|
| 176|0x000000070b000000, 0x000000070b000000, 0x000000070b100000|  0%| F|  |TS  0|AC  0|TAMS 0x000000070b000000, 0x000000070b000000|
| 177|0x000000070b100000, 0x000000070b100000, 0x000000070b200000|  0%| F|  |TS  0|AC  0|TAMS 0x000000070b100000, 0x000000070b100000|
| 178|0x000000070b200000, 0x000000070b200000, 0x000000070b300000|  0%| F|  |TS  0|AC  0|TAMS 0x000000070b200000, 0x000000070b200000|
| 179|0x000000070b300000, 0x000000070b300000, 0x000000070b400000|  0%| F|  |TS  0|AC  0|TAMS 0x000000070b300000, 0x000000070b300000|
| 180|0x000000070b400000, 0x000000070b400000, 0x000000070b500000|  0%| F|  |TS  0|AC  0|TAMS 0x000000070b400000, 0x000000070b400000|
| 181|0x000000070b500000, 0x000000070b500000, 0x000000070b600000|  0%| F|  |TS  0|AC  0|TAMS 0x000000070b500000, 0x000000070b500000|
| 182|0x000000070b600000, 0x000000070b600000, 0x000000070b700000|  0%| F|  |TS  0|AC  0|TAMS 0x000000070b600000, 0x000000070b600000|
| 183|0x000000070b700000, 0x000000070b700000, 0x000000070b800000|  0%| F|  |TS  0|AC  0|TAMS 0x000000070b700000, 0x000000070b700000|
| 184|0x000000070b800000, 0x000000070b800000, 0x000000070b900000|  0%| F|  |TS  0|AC  0|TAMS 0x000000070b800000, 0x000000070b800000|
| 185|0x000000070b900000, 0x000000070b900000, 0x000000070ba00000|  0%| F|  |TS  0|AC  0|TAMS 0x000000070b900000, 0x000000070b900000|
| 186|0x000000070ba00000, 0x000000070ba00000, 0x000000070bb00000|  0%| F|  |TS  0|AC  0|TAMS 0x000000070ba00000, 0x000000070ba00000|
| 187|0x000000070bb00000, 0x000000070bb00000, 0x000000070bc00000|  0%| F|  |TS  0|AC  0|TAMS 0x000000070bb00000, 0x000000070bb00000|
| 188|0x000000070bc00000, 0x000000070bc00000, 0x000000070bd00000|  0%| F|  |TS  0|AC  0|TAMS 0x000000070bc00000, 0x000000070bc00000|
| 189|0x000000070bd00000, 0x000000070bd00000, 0x000000070be00000|  0%| F|  |TS  0|AC  0|TAMS 0x000000070bd00000, 0x000000070bd00000|
| 190|0x000000070be00000, 0x000000070be00000, 0x000000070bf00000|  0%| F|  |TS  0|AC  0|TAMS 0x000000070be00000, 0x000000070be00000|
| 191|0x000000070bf00000, 0x000000070bf00000, 0x000000070c000000|  0%| F|  |TS  0|AC  0|TAMS 0x000000070bf00000, 0x000000070bf00000|
| 192|0x000000070c000000, 0x000000070c000000, 0x000000070c100000|  0%| F|  |TS  0|AC  0|TAMS 0x000000070c000000, 0x000000070c000000|
| 193|0x000000070c100000, 0x000000070c100000, 0x000000070c200000|  0%| F|  |TS  0|AC  0|TAMS 0x000000070c100000, 0x000000070c100000|
| 194|0x000000070c200000, 0x000000070c200000, 0x000000070c300000|  0%| F|  |TS  0|AC  0|TAMS 0x000000070c200000, 0x000000070c200000|
| 195|0x000000070c300000, 0x000000070c300000, 0x000000070c400000|  0%| F|  |TS  0|AC  0|TAMS 0x000000070c300000, 0x000000070c300000|
| 196|0x000000070c400000, 0x000000070c400000, 0x000000070c500000|  0%| F|  |TS  0|AC  0|TAMS 0x000000070c400000, 0x000000070c400000|
| 197|0x000000070c500000, 0x000000070c500000, 0x000000070c600000|  0%| F|  |TS  0|AC  0|TAMS 0x000000070c500000, 0x000000070c500000|
| 198|0x000000070c600000, 0x000000070c600000, 0x000000070c700000|  0%| F|  |TS  0|AC  0|TAMS 0x000000070c600000, 0x000000070c600000|
| 199|0x000000070c700000, 0x000000070c700000, 0x000000070c800000|  0%| F|  |TS  0|AC  0|TAMS 0x000000070c700000, 0x000000070c700000|
| 200|0x000000070c800000, 0x000000070c800000, 0x000000070c900000|  0%| F|  |TS  0|AC  0|TAMS 0x000000070c800000, 0x000000070c800000|
| 201|0x000000070c900000, 0x000000070c900000, 0x000000070ca00000|  0%| F|  |TS  0|AC  0|TAMS 0x000000070c900000, 0x000000070c900000|
| 202|0x000000070ca00000, 0x000000070ca00000, 0x000000070cb00000|  0%| F|  |TS  0|AC  0|TAMS 0x000000070ca00000, 0x000000070ca00000|
| 203|0x000000070cb00000, 0x000000070cb00000, 0x000000070cc00000|  0%| F|  |TS  0|AC  0|TAMS 0x000000070cb00000, 0x000000070cb00000|
| 204|0x000000070cc00000, 0x000000070cc00000, 0x000000070cd00000|  0%| F|  |TS  0|AC  0|TAMS 0x000000070cc00000, 0x000000070cc00000|
| 205|0x000000070cd00000, 0x000000070cd00000, 0x000000070ce00000|  0%| F|  |TS  0|AC  0|TAMS 0x000000070cd00000, 0x000000070cd00000|
| 206|0x000000070ce00000, 0x000000070ce00000, 0x000000070cf00000|  0%| F|  |TS  0|AC  0|TAMS 0x000000070ce00000, 0x000000070ce00000|
| 207|0x000000070cf00000, 0x000000070cf00000, 0x000000070d000000|  0%| F|  |TS  0|AC  0|TAMS 0x000000070cf00000, 0x000000070cf00000|
| 208|0x000000070d000000, 0x000000070d000000, 0x000000070d100000|  0%| F|  |TS  0|AC  0|TAMS 0x000000070d000000, 0x000000070d000000|
| 209|0x000000070d100000, 0x000000070d100000, 0x000000070d200000|  0%| F|  |TS  0|AC  0|TAMS 0x000000070d100000, 0x000000070d100000|
| 210|0x000000070d200000, 0x000000070d200000, 0x000000070d300000|  0%| F|  |TS  0|AC  0|TAMS 0x000000070d200000, 0x000000070d200000|
| 211|0x000000070d300000, 0x000000070d300000, 0x000000070d400000|  0%| F|  |TS  0|AC  0|TAMS 0x000000070d300000, 0x000000070d300000|
| 212|0x000000070d400000, 0x000000070d400000, 0x000000070d500000|  0%| F|  |TS  0|AC  0|TAMS 0x000000070d400000, 0x000000070d400000|
| 213|0x000000070d500000, 0x000000070d500000, 0x000000070d600000|  0%| F|  |TS  0|AC  0|TAMS 0x000000070d500000, 0x000000070d500000|
| 214|0x000000070d600000, 0x000000070d600000, 0x000000070d700000|  0%| F|  |TS  0|AC  0|TAMS 0x000000070d600000, 0x000000070d600000|
| 215|0x000000070d700000, 0x000000070d700000, 0x000000070d800000|  0%| F|  |TS  0|AC  0|TAMS 0x000000070d700000, 0x000000070d700000|
| 216|0x000000070d800000, 0x000000070d800000, 0x000000070d900000|  0%| F|  |TS  0|AC  0|TAMS 0x000000070d800000, 0x000000070d800000|
| 217|0x000000070d900000, 0x000000070d900000, 0x000000070da00000|  0%| F|  |TS  0|AC  0|TAMS 0x000000070d900000, 0x000000070d900000|
| 218|0x000000070da00000, 0x000000070da00000, 0x000000070db00000|  0%| F|  |TS  0|AC  0|TAMS 0x000000070da00000, 0x000000070da00000|
| 219|0x000000070db00000, 0x000000070db00000, 0x000000070dc00000|  0%| F|  |TS  0|AC  0|TAMS 0x000000070db00000, 0x000000070db00000|
| 220|0x000000070dc00000, 0x000000070dc00000, 0x000000070dd00000|  0%| F|  |TS  0|AC  0|TAMS 0x000000070dc00000, 0x000000070dc00000|
| 221|0x000000070dd00000, 0x000000070dd00000, 0x000000070de00000|  0%| F|  |TS  0|AC  0|TAMS 0x000000070dd00000, 0x000000070dd00000|
| 222|0x000000070de00000, 0x000000070de00000, 0x000000070df00000|  0%| F|  |TS  0|AC  0|TAMS 0x000000070de00000, 0x000000070de00000|
| 223|0x000000070df00000, 0x000000070df00000, 0x000000070e000000|  0%| F|  |TS  0|AC  0|TAMS 0x000000070df00000, 0x000000070df00000|
| 224|0x000000070e000000, 0x000000070e000000, 0x000000070e100000|  0%| F|  |TS  0|AC  0|TAMS 0x000000070e000000, 0x000000070e000000|
| 225|0x000000070e100000, 0x000000070e100000, 0x000000070e200000|  0%| F|  |TS  0|AC  0|TAMS 0x000000070e100000, 0x000000070e100000|
| 226|0x000000070e200000, 0x000000070e200000, 0x000000070e300000|  0%| F|  |TS  0|AC  0|TAMS 0x000000070e200000, 0x000000070e200000|
| 227|0x000000070e300000, 0x000000070e300000, 0x000000070e400000|  0%| F|  |TS  0|AC  0|TAMS 0x000000070e300000, 0x000000070e300000|
| 228|0x000000070e400000, 0x000000070e400000, 0x000000070e500000|  0%| F|  |TS  0|AC  0|TAMS 0x000000070e400000, 0x000000070e400000|
| 229|0x000000070e500000, 0x000000070e500000, 0x000000070e600000|  0%| F|  |TS  0|AC  0|TAMS 0x000000070e500000, 0x000000070e500000|
| 230|0x000000070e600000, 0x000000070e600000, 0x000000070e700000|  0%| F|  |TS  0|AC  0|TAMS 0x000000070e600000, 0x000000070e600000|
| 231|0x000000070e700000, 0x000000070e700000, 0x000000070e800000|  0%| F|  |TS  0|AC  0|TAMS 0x000000070e700000, 0x000000070e700000|
| 232|0x000000070e800000, 0x000000070e800000, 0x000000070e900000|  0%| F|  |TS  0|AC  0|TAMS 0x000000070e800000, 0x000000070e800000|
| 233|0x000000070e900000, 0x000000070e900000, 0x000000070ea00000|  0%| F|  |TS  0|AC  0|TAMS 0x000000070e900000, 0x000000070e900000|
| 234|0x000000070ea00000, 0x000000070ea00000, 0x000000070eb00000|  0%| F|  |TS  0|AC  0|TAMS 0x000000070ea00000, 0x000000070ea00000|
| 235|0x000000070eb00000, 0x000000070eb00000, 0x000000070ec00000|  0%| F|  |TS  0|AC  0|TAMS 0x000000070eb00000, 0x000000070eb00000|
| 236|0x000000070ec00000, 0x000000070ec00000, 0x000000070ed00000|  0%| F|  |TS 19|AC  0|TAMS 0x000000070ec00000, 0x000000070ec00000|
| 237|0x000000070ed00000, 0x000000070ed00000, 0x000000070ee00000|  0%| F|  |TS 19|AC  0|TAMS 0x000000070ed00000, 0x000000070ed00000|
| 238|0x000000070ee00000, 0x000000070ee00000, 0x000000070ef00000|  0%| F|  |TS 19|AC  0|TAMS 0x000000070ee00000, 0x000000070ee00000|
| 239|0x000000070ef00000, 0x000000070ef54c40, 0x000000070f000000| 33%| S|CS|TS 19|AC  0|TAMS 0x000000070ef00000, 0x000000070ef00000|
| 240|0x000000070f000000, 0x000000070f100000, 0x000000070f100000|100%| S|CS|TS 19|AC  0|TAMS 0x000000070f000000, 0x000000070f000000|
| 241|0x000000070f100000, 0x000000070f200000, 0x000000070f200000|100%| S|CS|TS 19|AC  0|TAMS 0x000000070f100000, 0x000000070f100000|
| 242|0x000000070f200000, 0x000000070f200000, 0x000000070f300000|  0%| F|  |TS 19|AC  0|TAMS 0x000000070f200000, 0x000000070f200000|
| 243|0x000000070f300000, 0x000000070f300000, 0x000000070f400000|  0%| F|  |TS 19|AC  0|TAMS 0x000000070f300000, 0x000000070f300000|
| 244|0x000000070f400000, 0x000000070f400000, 0x000000070f500000|  0%| F|  |TS 19|AC  0|TAMS 0x000000070f400000, 0x000000070f400000|
| 245|0x000000070f500000, 0x000000070f500000, 0x000000070f600000|  0%| F|  |TS 19|AC  0|TAMS 0x000000070f500000, 0x000000070f500000|
| 246|0x000000070f600000, 0x000000070f600000, 0x000000070f700000|  0%| F|  |TS 19|AC  0|TAMS 0x000000070f600000, 0x000000070f600000|
| 247|0x000000070f700000, 0x000000070f700000, 0x000000070f800000|  0%| F|  |TS 19|AC  0|TAMS 0x000000070f700000, 0x000000070f700000|
| 248|0x000000070f800000, 0x000000070f800000, 0x000000070f900000|  0%| F|  |TS 19|AC  0|TAMS 0x000000070f800000, 0x000000070f800000|
| 249|0x000000070f900000, 0x000000070f900000, 0x000000070fa00000|  0%| F|  |TS 19|AC  0|TAMS 0x000000070f900000, 0x000000070f900000|
| 250|0x000000070fa00000, 0x000000070fa00000, 0x000000070fb00000|  0%| F|  |TS 19|AC  0|TAMS 0x000000070fa00000, 0x000000070fa00000|
| 251|0x000000070fb00000, 0x000000070fb00000, 0x000000070fc00000|  0%| F|  |TS 19|AC  0|TAMS 0x000000070fb00000, 0x000000070fb00000|
| 252|0x000000070fc00000, 0x000000070fc00000, 0x000000070fd00000|  0%| F|  |TS 19|AC  0|TAMS 0x000000070fc00000, 0x000000070fc00000|
| 253|0x000000070fd00000, 0x000000070fd00000, 0x000000070fe00000|  0%| F|  |TS 19|AC  0|TAMS 0x000000070fd00000, 0x000000070fd00000|
| 254|0x000000070fe00000, 0x000000070fe00000, 0x000000070ff00000|  0%| F|  |TS 19|AC  0|TAMS 0x000000070fe00000, 0x000000070fe00000|
| 255|0x000000070ff00000, 0x000000070ff00000, 0x0000000710000000|  0%| F|  |TS 19|AC  0|TAMS 0x000000070ff00000, 0x000000070ff00000|
| 256|0x0000000710000000, 0x0000000710000000, 0x0000000710100000|  0%| F|  |TS 19|AC  0|TAMS 0x0000000710000000, 0x0000000710000000|
| 257|0x0000000710100000, 0x0000000710100000, 0x0000000710200000|  0%| F|  |TS 19|AC  0|TAMS 0x0000000710100000, 0x0000000710100000|
| 258|0x0000000710200000, 0x0000000710200000, 0x0000000710300000|  0%| F|  |TS 19|AC  0|TAMS 0x0000000710200000, 0x0000000710200000|
| 259|0x0000000710300000, 0x0000000710300000, 0x0000000710400000|  0%| F|  |TS 19|AC  0|TAMS 0x0000000710300000, 0x0000000710300000|
| 260|0x0000000710400000, 0x0000000710400000, 0x0000000710500000|  0%| F|  |TS 19|AC  0|TAMS 0x0000000710400000, 0x0000000710400000|
| 261|0x0000000710500000, 0x0000000710500000, 0x0000000710600000|  0%| F|  |TS 19|AC  0|TAMS 0x0000000710500000, 0x0000000710500000|
| 262|0x0000000710600000, 0x0000000710600000, 0x0000000710700000|  0%| F|  |TS 19|AC  0|TAMS 0x0000000710600000, 0x0000000710600000|
| 263|0x0000000710700000, 0x0000000710700000, 0x0000000710800000|  0%| F|  |TS 19|AC  0|TAMS 0x0000000710700000, 0x0000000710700000|
| 264|0x0000000710800000, 0x0000000710800000, 0x0000000710900000|  0%| F|  |TS 19|AC  0|TAMS 0x0000000710800000, 0x0000000710800000|
| 265|0x0000000710900000, 0x0000000710900000, 0x0000000710a00000|  0%| F|  |TS 19|AC  0|TAMS 0x0000000710900000, 0x0000000710900000|
| 266|0x0000000710a00000, 0x0000000710a00000, 0x0000000710b00000|  0%| F|  |TS 19|AC  0|TAMS 0x0000000710a00000, 0x0000000710a00000|
| 267|0x0000000710b00000, 0x0000000710b00000, 0x0000000710c00000|  0%| F|  |TS 19|AC  0|TAMS 0x0000000710b00000, 0x0000000710b00000|
| 268|0x0000000710c00000, 0x0000000710c42480, 0x0000000710d00000| 25%| E|  |TS 19|AC  0|TAMS 0x0000000710c00000, 0x0000000710c00000|
| 269|0x0000000710d00000, 0x0000000710e00000, 0x0000000710e00000|100%| E|CS|TS 19|AC  0|TAMS 0x0000000710d00000, 0x0000000710d00000|
| 270|0x0000000710e00000, 0x0000000710f00000, 0x0000000710f00000|100%| E|CS|TS 19|AC  0|TAMS 0x0000000710e00000, 0x0000000710e00000|
| 271|0x0000000710f00000, 0x0000000711000000, 0x0000000711000000|100%| E|CS|TS 19|AC  0|TAMS 0x0000000710f00000, 0x0000000710f00000|
| 272|0x0000000711000000, 0x0000000711100000, 0x0000000711100000|100%| E|CS|TS 19|AC  0|TAMS 0x0000000711000000, 0x0000000711000000|
| 273|0x0000000711100000, 0x0000000711200000, 0x0000000711200000|100%| E|CS|TS 19|AC  0|TAMS 0x0000000711100000, 0x0000000711100000|
| 274|0x0000000711200000, 0x0000000711300000, 0x0000000711300000|100%| E|CS|TS 19|AC  0|TAMS 0x0000000711200000, 0x0000000711200000|
| 275|0x0000000711300000, 0x0000000711400000, 0x0000000711400000|100%| E|CS|TS 19|AC  0|TAMS 0x0000000711300000, 0x0000000711300000|
| 276|0x0000000711400000, 0x0000000711500000, 0x0000000711500000|100%| E|CS|TS 19|AC  0|TAMS 0x0000000711400000, 0x0000000711400000|
| 277|0x0000000711500000, 0x0000000711600000, 0x0000000711600000|100%| E|CS|TS 19|AC  0|TAMS 0x0000000711500000, 0x0000000711500000|
| 278|0x0000000711600000, 0x0000000711700000, 0x0000000711700000|100%| E|CS|TS 19|AC  0|TAMS 0x0000000711600000, 0x0000000711600000|
| 279|0x0000000711700000, 0x0000000711800000, 0x0000000711800000|100%| E|CS|TS 19|AC  0|TAMS 0x0000000711700000, 0x0000000711700000|
| 280|0x0000000711800000, 0x0000000711900000, 0x0000000711900000|100%| E|CS|TS 19|AC  0|TAMS 0x0000000711800000, 0x0000000711800000|
| 281|0x0000000711900000, 0x0000000711a00000, 0x0000000711a00000|100%| E|CS|TS 19|AC  0|TAMS 0x0000000711900000, 0x0000000711900000|
| 282|0x0000000711a00000, 0x0000000711b00000, 0x0000000711b00000|100%| E|CS|TS 19|AC  0|TAMS 0x0000000711a00000, 0x0000000711a00000|
| 283|0x0000000711b00000, 0x0000000711c00000, 0x0000000711c00000|100%| E|CS|TS 19|AC  0|TAMS 0x0000000711b00000, 0x0000000711b00000|
| 284|0x0000000711c00000, 0x0000000711d00000, 0x0000000711d00000|100%| E|CS|TS 19|AC  0|TAMS 0x0000000711c00000, 0x0000000711c00000|
| 285|0x0000000711d00000, 0x0000000711e00000, 0x0000000711e00000|100%| E|CS|TS 19|AC  0|TAMS 0x0000000711d00000, 0x0000000711d00000|
| 286|0x0000000711e00000, 0x0000000711f00000, 0x0000000711f00000|100%| E|CS|TS 19|AC  0|TAMS 0x0000000711e00000, 0x0000000711e00000|
| 287|0x0000000711f00000, 0x0000000712000000, 0x0000000712000000|100%| E|CS|TS 19|AC  0|TAMS 0x0000000711f00000, 0x0000000711f00000|
| 288|0x0000000712000000, 0x0000000712100000, 0x0000000712100000|100%| E|CS|TS 19|AC  0|TAMS 0x0000000712000000, 0x0000000712000000|
| 289|0x0000000712100000, 0x0000000712200000, 0x0000000712200000|100%| E|CS|TS 19|AC  0|TAMS 0x0000000712100000, 0x0000000712100000|
| 290|0x0000000712200000, 0x0000000712300000, 0x0000000712300000|100%| E|CS|TS 19|AC  0|TAMS 0x0000000712200000, 0x0000000712200000|
| 291|0x0000000712300000, 0x0000000712400000, 0x0000000712400000|100%| E|CS|TS 19|AC  0|TAMS 0x0000000712300000, 0x0000000712300000|
| 292|0x0000000712400000, 0x0000000712500000, 0x0000000712500000|100%| E|CS|TS 19|AC  0|TAMS 0x0000000712400000, 0x0000000712400000|
| 293|0x0000000712500000, 0x0000000712600000, 0x0000000712600000|100%| E|CS|TS 19|AC  0|TAMS 0x0000000712500000, 0x0000000712500000|
| 294|0x0000000712600000, 0x0000000712700000, 0x0000000712700000|100%| E|CS|TS 19|AC  0|TAMS 0x0000000712600000, 0x0000000712600000|
| 295|0x0000000712700000, 0x0000000712800000, 0x0000000712800000|100%| E|CS|TS 19|AC  0|TAMS 0x0000000712700000, 0x0000000712700000|
| 296|0x0000000712800000, 0x0000000712900000, 0x0000000712900000|100%| E|CS|TS 19|AC  0|TAMS 0x0000000712800000, 0x0000000712800000|
| 297|0x0000000712900000, 0x0000000712a00000, 0x0000000712a00000|100%| E|CS|TS 19|AC  0|TAMS 0x0000000712900000, 0x0000000712900000|
| 298|0x0000000712a00000, 0x0000000712b00000, 0x0000000712b00000|100%| E|CS|TS 19|AC  0|TAMS 0x0000000712a00000, 0x0000000712a00000|

Card table byte_map: [0x000001e37f5f0000,0x000001e37fbf0000] byte_map_base: 0x000001e37bdf0000

Marking Bits (Prev, Next): (CMBitMap*) 0x000001e364d8e120, (CMBitMap*) 0x000001e364d8e158
 Prev Bits: [0x000001e300600000, 0x000001e303600000)
 Next Bits: [0x000001e303600000, 0x000001e306600000)

Polling page: 0x000001e35fe40000

CodeHeap 'non-profiled nmethods': size=120000Kb used=27586Kb max_used=27586Kb free=92413Kb
 bounds [0x000001e3780c0000, 0x000001e379bc0000, 0x000001e37f5f0000]
CodeHeap 'profiled nmethods': size=120000Kb used=43391Kb max_used=45045Kb free=76608Kb
 bounds [0x000001e370b90000, 0x000001e373840000, 0x000001e3780c0000]
CodeHeap 'non-nmethods': size=5760Kb used=1860Kb max_used=1919Kb free=3899Kb
 bounds [0x000001e3705f0000, 0x000001e370860000, 0x000001e370b90000]
 total_blobs=39244 nmethods=19264 adapters=1235
 compilation: enabled

Compilation events (10 events):
Event: 4346.802 Thread 0x000001e3664d3000 26022       4       sun.awt.SunToolkit::setSystemGenerated (10 bytes)
Event: 4346.803 Thread 0x000001e3664d3000 nmethod 26022 0x000001e379bb6110 code [0x000001e379bb62a0, 0x000001e379bb6338]
Event: 4346.810 Thread 0x000001e3664fa800 26023   !   3       java.awt.KeyboardFocusManager::getCurrentSequencedEvent (17 bytes)
Event: 4346.810 Thread 0x000001e3664fa800 nmethod 26023 0x000001e371721f90 code [0x000001e371722140, 0x000001e371722458]
Event: 4346.834 Thread 0x000001e3664fa800 26024       3       ui.views.O.g.e::valueChanged (124 bytes)
Event: 4346.835 Thread 0x000001e3664fa800 nmethod 26024 0x000001e371b14a90 code [0x000001e371b14d20, 0x000001e371b15b40]
Event: 4347.511 Thread 0x000001e3664f9800 26025       4       java.lang.Enum::compareTo (44 bytes)
Event: 4347.512 Thread 0x000001e3664f9800 nmethod 26025 0x000001e379bb6490 code [0x000001e379bb6620, 0x000001e379bb66d8]
Event: 4348.337 Thread 0x000001e3664d2000 26026       4       ui.c.g::getIconHeight (10 bytes)
Event: 4348.338 Thread 0x000001e3664d2000 nmethod 26026 0x000001e379bb6790 code [0x000001e379bb6920, 0x000001e379bb69b8]

GC Heap History (10 events):
Event: 4322.690 GC heap before
{Heap before GC invocations=1229 (full 352):
 garbage-first heap   total 306176K, used 152785K [0x0000000700000000, 0x0000000700100958, 0x00000007c0000000)
  region size 1024K, 60 young (61440K), 2 survivors (2048K)
 Metaspace       used 86112K, capacity 88824K, committed 95408K, reserved 1132544K
  class space    used 11072K, capacity 11618K, committed 12976K, reserved 1048576K
}
Event: 4322.692 GC heap after
{Heap after GC invocations=1230 (full 352):
 garbage-first heap   total 306176K, used 93048K [0x0000000700000000, 0x0000000700100958, 0x00000007c0000000)
  region size 1024K, 2 young (2048K), 2 survivors (2048K)
 Metaspace       used 86112K, capacity 88824K, committed 95408K, reserved 1132544K
  class space    used 11072K, capacity 11618K, committed 12976K, reserved 1048576K
}
Event: 4344.565 GC heap before
{Heap before GC invocations=1230 (full 352):
 garbage-first heap   total 306176K, used 152440K [0x0000000700000000, 0x0000000700100958, 0x00000007c0000000)
  region size 1024K, 60 young (61440K), 2 survivors (2048K)
 Metaspace       used 86112K, capacity 88824K, committed 95408K, reserved 1132544K
  class space    used 11072K, capacity 11618K, committed 12976K, reserved 1048576K
}
Event: 4344.572 GC heap after
{Heap after GC invocations=1231 (full 352):
 garbage-first heap   total 306176K, used 93879K [0x0000000700000000, 0x0000000700100958, 0x00000007c0000000)
  region size 1024K, 3 young (3072K), 3 survivors (3072K)
 Metaspace       used 86112K, capacity 88824K, committed 95408K, reserved 1132544K
  class space    used 11072K, capacity 11618K, committed 12976K, reserved 1048576K
}
Event: 4345.215 GC heap before
{Heap before GC invocations=1231 (full 352):
 garbage-first heap   total 306176K, used 152247K [0x0000000700000000, 0x0000000700100958, 0x00000007c0000000)
  region size 1024K, 60 young (61440K), 3 survivors (3072K)
 Metaspace       used 86114K, capacity 88824K, committed 95408K, reserved 1132544K
  class space    used 11072K, capacity 11618K, committed 12976K, reserved 1048576K
}
Event: 4345.218 GC heap after
{Heap after GC invocations=1232 (full 352):
 garbage-first heap   total 306176K, used 93119K [0x0000000700000000, 0x0000000700100958, 0x00000007c0000000)
  region size 1024K, 2 young (2048K), 2 survivors (2048K)
 Metaspace       used 86114K, capacity 88824K, committed 95408K, reserved 1132544K
  class space    used 11072K, capacity 11618K, committed 12976K, reserved 1048576K
}
Event: 4346.617 GC heap before
{Heap before GC invocations=1232 (full 352):
 garbage-first heap   total 306176K, used 152511K [0x0000000700000000, 0x0000000700100958, 0x00000007c0000000)
  region size 1024K, 60 young (61440K), 2 survivors (2048K)
 Metaspace       used 86114K, capacity 88824K, committed 95408K, reserved 1132544K
  class space    used 11072K, capacity 11618K, committed 12976K, reserved 1048576K
}
Event: 4346.620 GC heap after
{Heap after GC invocations=1233 (full 352):
 garbage-first heap   total 306176K, used 93963K [0x0000000700000000, 0x0000000700100958, 0x00000007c0000000)
  region size 1024K, 3 young (3072K), 3 survivors (3072K)
 Metaspace       used 86114K, capacity 88824K, committed 95408K, reserved 1132544K
  class space    used 11072K, capacity 11618K, committed 12976K, reserved 1048576K
}
Event: 4348.149 GC heap before
{Heap before GC invocations=1233 (full 352):
 garbage-first heap   total 306176K, used 152331K [0x0000000700000000, 0x0000000700100958, 0x00000007c0000000)
  region size 1024K, 60 young (61440K), 3 survivors (3072K)
 Metaspace       used 86122K, capacity 88824K, committed 95408K, reserved 1132544K
  class space    used 11072K, capacity 11618K, committed 12976K, reserved 1048576K
}
Event: 4348.153 GC heap after
{Heap after GC invocations=1234 (full 352):
 garbage-first heap   total 306176K, used 93987K [0x0000000700000000, 0x0000000700100958, 0x00000007c0000000)
  region size 1024K, 3 young (3072K), 3 survivors (3072K)
 Metaspace       used 86122K, capacity 88824K, committed 95408K, reserved 1132544K
  class space    used 11072K, capacity 11618K, committed 12976K, reserved 1048576K
}

Deoptimization events (10 events):
Event: 3952.281 Thread 0x000001e30b946800 Uncommon trap: reason=null_check action=make_not_entrant pc=0x000001e37829cf6c method=java.lang.Class.reflectionData()Ljava/lang/Class$ReflectionData; @ 18 c2
Event: 3970.054 Thread 0x000001e30b946800 Uncommon trap: reason=unstable_if action=reinterpret pc=0x000001e379b7b6ec method=ui.views.waveform.f.a.a(Ljava/util/List;Ljavax/swing/tree/DefaultMutableTreeNode;)V @ 88 c2
Event: 3970.062 Thread 0x000001e30b946800 Uncommon trap: reason=unstable_if action=reinterpret pc=0x000001e37924d8d8 method=javax.swing.tree.VariableHeightLayoutCache$TreeStateNode.getXOrigin()I @ 4 c2
Event: 3970.093 Thread 0x000001e30b946800 Uncommon trap: reason=unstable_if action=reinterpret pc=0x000001e378d814c0 method=javax.swing.tree.VariableHeightLayoutCache$TreeStateNode.getXOrigin()I @ 4 c2
Event: 3998.786 Thread 0x000001e30952b800 Uncommon trap: reason=unstable_if action=reinterpret pc=0x000001e37920ee34 method=sun.awt.windows.WWindowPeer.preprocessPostEvent(Ljava/awt/AWTEvent;)V @ 4 c2
Event: 4105.819 Thread 0x000001e30b946800 Uncommon trap: reason=bimorphic_or_optimized_type_check action=maybe_recompile pc=0x000001e378ebe97c method=sun.awt.windows.WComponentPeer.handleEvent(Ljava/awt/AWTEvent;)V @ 152 c2
Event: 4109.075 Thread 0x000001e30b946800 Uncommon trap: reason=null_check action=make_not_entrant pc=0x000001e3790bf2a4 method=java.util.jar.JarFile.getManifestFromReference()Ljava/util/jar/Manifest; @ 14 c2
Event: 4113.384 Thread 0x000001e30b946800 Uncommon trap: reason=unstable_if action=reinterpret pc=0x000001e379b97708 method=com.jidesoft.grid.TreeTable.a([Lcom/jidesoft/grid/Row;[Lcom/jidesoft/grid/Row;)[Lcom/jidesoft/grid/Row; @ 69 c2
Event: 4152.364 Thread 0x000001e30952b800 Uncommon trap: reason=unstable_if action=reinterpret pc=0x000001e37902ee9c method=java.awt.event.MouseEvent.setOldModifiers()V @ 216 c2
Event: 4345.927 Thread 0x000001e30b946800 Uncommon trap: reason=unstable_if action=reinterpret pc=0x000001e379af785c method=ui.data.g.a.equals(Ljava/lang/Object;)Z @ 84 c2

Classes redefined (0 events):
No events

Internal exceptions (10 events):
Event: 2101.799 Thread 0x000001e30b946800 Implicit null exception at 0x000001e378c5c32c to 0x000001e378c5cad1
Event: 2250.835 Thread 0x000001e30b946800 Exception <a 'java/lang/NoSuchMethodError'{0x0000000718032a80}: java.lang.invoke.DirectMethodHandle$Holder.invokeSpecial(Ljava/lang/Object;Ljava/lang/Object;ILjava/lang/Object;)V> (0x0000000718032a80) thrown at [t:/workspace/hotspot/src/share/vm/interpret
Event: 2250.836 Thread 0x000001e30b946800 Exception <a 'java/lang/NoSuchMethodError'{0x00000007180383a8}: java.lang.invoke.DirectMethodHandle$Holder.invokeStatic(Ljava/lang/Object;Ljava/lang/Object;ILjava/lang/Object;)Ljava/lang/Object;> (0x00000007180383a8) thrown at [t:/workspace/hotspot/src/sh
Event: 2394.522 Thread 0x000001e30b946800 Implicit null exception at 0x000001e3796810d4 to 0x000001e379681499
Event: 2508.137 Thread 0x000001e330bdd800 Exception <a 'java/lang/InterruptedException'{0x00000007122c6f78}: sleep interrupted> (0x00000007122c6f78) thrown at [t:/workspace/hotspot/src/share/vm/prims/jvm.cpp, line 3023]
Event: 2656.541 Thread 0x000001e3356c1800 Exception <a 'java/lang/InterruptedException'{0x00000007115dad50}: sleep interrupted> (0x00000007115dad50) thrown at [t:/workspace/hotspot/src/share/vm/prims/jvm.cpp, line 3023]
Event: 3476.129 Thread 0x000001e30b946800 Exception <a 'java/awt/IllegalComponentStateException'{0x00000007120dcfb0}> (0x00000007120dcfb0) thrown at [t:/workspace/hotspot/src/share/vm/prims/jvm.cpp, line 1314]
Event: 3583.085 Thread 0x000001e333c4d800 Exception <a 'java/lang/InterruptedException'{0x000000070f993ba8}: sleep interrupted> (0x000000070f993ba8) thrown at [t:/workspace/hotspot/src/share/vm/prims/jvm.cpp, line 3023]
Event: 3952.281 Thread 0x000001e30b946800 Implicit null exception at 0x000001e37829c64c to 0x000001e37829cf55
Event: 4109.075 Thread 0x000001e30b946800 Implicit null exception at 0x000001e3790b82f2 to 0x000001e3790bf279

Events (10 events):
Event: 4346.658 Executing VM operation: RevokeBias done
Event: 4346.789 Thread 0x000001e333c5c000 Thread added: 0x000001e333c5c000
Event: 4346.794 Executing VM operation: RevokeBias
Event: 4346.795 Executing VM operation: RevokeBias done
Event: 4346.795 Executing VM operation: RevokeBias
Event: 4346.795 Executing VM operation: RevokeBias done
Event: 4347.535 Thread 0x000001e333c5b000 Thread added: 0x000001e333c5b000
Event: 4347.537 Thread 0x000001e333c5b000 Thread exited: 0x000001e333c5b000
Event: 4348.149 Executing VM operation: G1IncCollectionPause
Event: 4348.153 Executing VM operation: G1IncCollectionPause done


Dynamic libraries:
0x00007ff6e9660000 - 0x00007ff6e9690000 	E:\Xilinx_Tool\Vivado_2018.3\Vivado\2018.3\bin\unwrapped\win64.o\vivado.exe
0x00007ff8f9ff0000 - 0x00007ff8fa1e5000 	C:\Windows\SYSTEM32\ntdll.dll
0x00007ff8f8670000 - 0x00007ff8f872e000 	C:\Windows\System32\KERNEL32.DLL
0x00007ff8f7900000 - 0x00007ff8f7bc8000 	C:\Windows\System32\KERNELBASE.dll
0x00007ff8f7f50000 - 0x00007ff8f8050000 	C:\Windows\System32\ucrtbase.dll
0x00007ff8ef3d0000 - 0x00007ff8ef46f000 	C:\Windows\SYSTEM32\MSVCP140.dll
0x00007ff8f27e0000 - 0x00007ff8f27f4000 	E:\Xilinx_Tool\Vivado_2018.3\Vivado\2018.3\lib\win64.o\libboost_signals.dll
0x00007ff8f27c0000 - 0x00007ff8f27d4000 	E:\Xilinx_Tool\Vivado_2018.3\Vivado\2018.3\lib\win64.o\librdi_commonmain.dll
0x00007ff8ef990000 - 0x00007ff8ef9a6000 	C:\Windows\SYSTEM32\VCRUNTIME140.dll
0x00007ff8ab530000 - 0x00007ff8ac3c4000 	E:\Xilinx_Tool\Vivado_2018.3\Vivado\2018.3\lib\win64.o\librdi_common.dll
0x00007ff8f8b10000 - 0x00007ff8f8cb0000 	C:\Windows\System32\USER32.dll
0x00007ff8f7d30000 - 0x00007ff8f7d52000 	C:\Windows\System32\win32u.dll
0x00007ff8f2790000 - 0x00007ff8f27b6000 	E:\Xilinx_Tool\Vivado_2018.3\Vivado\2018.3\lib\win64.o\libboost_filesystem.dll
0x00007ff8f4130000 - 0x00007ff8f413a000 	E:\Xilinx_Tool\Vivado_2018.3\Vivado\2018.3\lib\win64.o\librdi_commonversion.dll
0x00007ff8f8160000 - 0x00007ff8f820e000 	C:\Windows\System32\ADVAPI32.dll
0x00007ff8f8910000 - 0x00007ff8f893b000 	C:\Windows\System32\GDI32.dll
0x00007ff8f8950000 - 0x00007ff8f89ee000 	C:\Windows\System32\msvcrt.dll
0x00007ff8f7e40000 - 0x00007ff8f7f4b000 	C:\Windows\System32\gdi32full.dll
0x00007ff8e3710000 - 0x00007ff8e3831000 	E:\Xilinx_Tool\Vivado_2018.3\Vivado\2018.3\lib\win64.o\librdi_commonxillic.dll
0x00007ff8f8dc0000 - 0x00007ff8f8e5c000 	C:\Windows\System32\sechost.dll
0x00007ff8f7860000 - 0x00007ff8f78fd000 	C:\Windows\System32\msvcp_win.dll
0x00007ff8f87b0000 - 0x00007ff8f88d5000 	C:\Windows\System32\RPCRT4.dll
0x00000000534a0000 - 0x00000000535cb000 	E:\Xilinx_Tool\Vivado_2018.3\Vivado\2018.3\lib\win64.o\tcl85t.dll
0x00007ff8f9480000 - 0x00007ff8f9bc4000 	C:\Windows\System32\SHELL32.dll
0x00007ff8f9bd0000 - 0x00007ff8f9c3b000 	C:\Windows\System32\WS2_32.dll
0x00007ff8b04f0000 - 0x00007ff8b085e000 	E:\Xilinx_Tool\Vivado_2018.3\Vivado\2018.3\lib\win64.o\libCOIN-all.dll
0x00007ff8f2770000 - 0x00007ff8f2784000 	E:\Xilinx_Tool\Vivado_2018.3\Vivado\2018.3\lib\win64.o\libboost_date_time.dll
0x00007ff8aaff0000 - 0x00007ff8ab2a5000 	E:\Xilinx_Tool\Vivado_2018.3\Vivado\2018.3\lib\win64.o\libXil_lmgr11.dll
0x00007ff8f8ce0000 - 0x00007ff8f8dbb000 	C:\Windows\System32\COMDLG32.dll
0x00007ff8bc0c0000 - 0x00007ff8bc1d4000 	E:\Xilinx_Tool\Vivado_2018.3\Vivado\2018.3\lib\win64.o\libboost_regex.dll
0x00007ff8f04f0000 - 0x00007ff8f056f000 	E:\Xilinx_Tool\Vivado_2018.3\Vivado\2018.3\lib\win64.o\libboost_program_options.dll
0x00007ff8f4040000 - 0x00007ff8f404b000 	E:\Xilinx_Tool\Vivado_2018.3\Vivado\2018.3\lib\win64.o\libboost_system.dll
0x00007ff8f8210000 - 0x00007ff8f8564000 	C:\Windows\System32\combase.dll
0x00007ff8f80b0000 - 0x00007ff8f815d000 	C:\Windows\System32\shcore.dll
0x00007ff8ed160000 - 0x00007ff8ed181000 	E:\Xilinx_Tool\Vivado_2018.3\Vivado\2018.3\lib\win64.o\libboost_thread.dll
0x00007ff8f4010000 - 0x00007ff8f401f000 	E:\Xilinx_Tool\Vivado_2018.3\Vivado\2018.3\lib\win64.o\libboost_xilinx.dll
0x00007ff8f9f50000 - 0x00007ff8f9fa5000 	C:\Windows\System32\SHLWAPI.dll
0x00007ff8ecc80000 - 0x00007ff8ecd02000 	E:\Xilinx_Tool\Vivado_2018.3\Vivado\2018.3\lib\win64.o\libhdlpsolve.dll
0x00007ff8e3660000 - 0x00007ff8e3705000 	E:\Xilinx_Tool\Vivado_2018.3\Vivado\2018.3\lib\win64.o\libhdxml.dll
0x00007ff8f9cf0000 - 0x00007ff8f9dbd000 	C:\Windows\System32\OLEAUT32.dll
0x00007ff8a66d0000 - 0x00007ff8a6f1e600 	E:\Xilinx_Tool\Vivado_2018.3\Vivado\2018.3\lib\win64.o\libisl_iostreams.dll
0x00007ff8f9e20000 - 0x00007ff8f9f4a000 	C:\Windows\System32\ole32.dll
0x00007ff8f7710000 - 0x00007ff8f7778000 	C:\Windows\System32\WINTRUST.dll
0x00007ff8ecd40000 - 0x00007ff8ecd6e000 	E:\Xilinx_Tool\Vivado_2018.3\Vivado\2018.3\lib\win64.o\libisl_sysinfo.dll
0x00007ff8ecc10000 - 0x00007ff8ecc75000 	E:\Xilinx_Tool\Vivado_2018.3\Vivado\2018.3\lib\win64.o\liblmx6.0.dll
0x00007ff8f7bd0000 - 0x00007ff8f7d26000 	C:\Windows\System32\CRYPT32.dll
0x00007ff8f0270000 - 0x00007ff8f028a000 	E:\Xilinx_Tool\Vivado_2018.3\Vivado\2018.3\lib\win64.o\pthreadVC2.dll
0x00007ff8ecd20000 - 0x00007ff8ecd3c000 	E:\Xilinx_Tool\Vivado_2018.3\Vivado\2018.3\lib\win64.o\librdiconfig.dll
0x00007ff8db540000 - 0x00007ff8db561000 	E:\Xilinx_Tool\Vivado_2018.3\Vivado\2018.3\lib\win64.o\librdizlib.dll
0x0000000012000000 - 0x0000000012272000 	E:\Xilinx_Tool\Vivado_2018.3\Vivado\2018.3\lib\win64.o\xerces-c_3_1.dll
0x00007ff8f08f0000 - 0x00007ff8f090a000 	C:\Windows\SYSTEM32\NETAPI32.dll
0x00007ff8ea200000 - 0x00007ff8ea6d6000 	C:\Windows\SYSTEM32\WININET.dll
0x00007ff8eea40000 - 0x00007ff8eeb49000 	C:\Windows\SYSTEM32\WINHTTP.dll
0x00007ff8e9880000 - 0x00007ff8e9a6c000 	C:\Windows\SYSTEM32\urlmon.dll
0x00007ff8f2760000 - 0x00007ff8f2769000 	C:\Windows\SYSTEM32\WSOCK32.dll
0x00007ff8d42e0000 - 0x00007ff8d430e000 	C:\Windows\SYSTEM32\VCOMP140.DLL
0x00007ff8a24d0000 - 0x00007ff8a3361000 	E:\Xilinx_Tool\Vivado_2018.3\Vivado\2018.3\lib\win64.o\gurobi65.dll
0x00007ff8dca60000 - 0x00007ff8dcb10000 	C:\Windows\WinSxS\amd64_microsoft.windows.common-controls_6595b64144ccf1df_5.82.19041.1110_none_792d1c772443f647\COMCTL32.dll
0x00007ff8f2470000 - 0x00007ff8f247d000 	E:\Xilinx_Tool\Vivado_2018.3\Vivado\2018.3\lib\win64.o\libboost_chrono.dll
0x00007ff8f0910000 - 0x00007ff8f092d000 	C:\Windows\SYSTEM32\dhcpcsvc.DLL
0x00007ff8cdfe0000 - 0x00007ff8cdffb000 	E:\Xilinx_Tool\Vivado_2018.3\Vivado\2018.3\lib\win64.o\libboost_iostreams.dll
0x00007ff8cdfb0000 - 0x00007ff8cdfd5000 	E:\Xilinx_Tool\Vivado_2018.3\Vivado\2018.3\lib\win64.o\libisl_iosutils.dll
0x00007ff8e9080000 - 0x00007ff8e9331000 	C:\Windows\SYSTEM32\iertutil.dll
0x00007ff8e9390000 - 0x00007ff8e93b8000 	C:\Windows\SYSTEM32\srvcli.dll
0x00007ff8f6bb0000 - 0x00007ff8f6bbc000 	C:\Windows\SYSTEM32\netutils.dll
0x00007ff8f8cb0000 - 0x00007ff8f8ce0000 	C:\Windows\System32\IMM32.DLL
0x00007ff8f72f0000 - 0x00007ff8f7302000 	C:\Windows\SYSTEM32\MSASN1.dll
0x00007ff8f5fb0000 - 0x00007ff8f5fc2000 	C:\Windows\SYSTEM32\kernel.appcore.dll
0x00007ff8aaaf0000 - 0x00007ff8aafe5000 	E:\Xilinx_Tool\Vivado_2018.3\Vivado\2018.3\lib\win64.o\librdi_commontasks.dll
0x00007ff8f26e0000 - 0x00007ff8f26ea000 	C:\Windows\SYSTEM32\VERSION.dll
0x00007ff8aa760000 - 0x00007ff8aa9df000 	E:\Xilinx_Tool\Vivado_2018.3\Vivado\2018.3\lib\win64.o\librdi_sio.dll
0x0000000052780000 - 0x00000000531a5000 	E:\Xilinx_Tool\Vivado_2018.3\Vivado\2018.3\tps\win64\jre9.0.4\bin\server\jvm.dll
0x00007ff8f8570000 - 0x00007ff8f8578000 	C:\Windows\System32\PSAPI.DLL
0x00007ff8f6b70000 - 0x00007ff8f6bab000 	C:\Windows\SYSTEM32\IPHLPAPI.DLL
0x00007ff8ea190000 - 0x00007ff8ea1b7000 	C:\Windows\SYSTEM32\WINMM.dll
0x00007ff8eaaa0000 - 0x00007ff8eab8f000 	C:\Windows\SYSTEM32\MSVCR120.dll
0x00007ff8f6ed0000 - 0x00007ff8f6f3a000 	C:\Windows\SYSTEM32\MSWSOCK.DLL
0x00007ff8f5450000 - 0x00007ff8f5be4000 	C:\Windows\SYSTEM32\windows.storage.dll
0x00007ff8f7170000 - 0x00007ff8f719c000 	C:\Windows\SYSTEM32\Wldp.dll
0x00007ff89d140000 - 0x00007ff89f502000 	E:\Xilinx_Tool\Vivado_2018.3\Vivado\2018.3\lib\win64.o\librdi_tcltasks.dll
0x00007ff8aa380000 - 0x00007ff8aa75c000 	E:\Xilinx_Tool\Vivado_2018.3\Vivado\2018.3\lib\win64.o\librdi_bitstream.dll
0x00007ff8aeb40000 - 0x00007ff8aecbe000 	E:\Xilinx_Tool\Vivado_2018.3\Vivado\2018.3\lib\win64.o\librdi_board.dll
0x00007ff8cd060000 - 0x00007ff8cd0ca000 	E:\Xilinx_Tool\Vivado_2018.3\Vivado\2018.3\lib\win64.o\librdi_boarddep.dll
0x00007ff8bbfe0000 - 0x00007ff8bc0bc000 	E:\Xilinx_Tool\Vivado_2018.3\Vivado\2018.3\lib\win64.o\librdi_chipscope.dll
0x00007ff8a9f50000 - 0x00007ff8aa109000 	E:\Xilinx_Tool\Vivado_2018.3\Vivado\2018.3\lib\win64.o\librdi_chipscopeimpl.dll
0x00007ff8a9e00000 - 0x00007ff8a9f48000 	E:\Xilinx_Tool\Vivado_2018.3\Vivado\2018.3\lib\win64.o\librdi_containers.dll
0x00007ff89b830000 - 0x00007ff89d135000 	E:\Xilinx_Tool\Vivado_2018.3\Vivado\2018.3\lib\win64.o\librdi_constraints.dll
0x00007ff899a10000 - 0x00007ff89b82f000 	E:\Xilinx_Tool\Vivado_2018.3\Vivado\2018.3\lib\win64.o\librdi_coregen.dll
0x00007ff8a5ff0000 - 0x00007ff8a66ca000 	E:\Xilinx_Tool\Vivado_2018.3\Vivado\2018.3\lib\win64.o\librdi_coregenipxact.dll
0x00007ff8a7760000 - 0x00007ff8a7a7b000 	E:\Xilinx_Tool\Vivado_2018.3\Vivado\2018.3\lib\win64.o\librdi_dlyest.dll
0x00007ff89f920000 - 0x00007ff89fe80000 	E:\Xilinx_Tool\Vivado_2018.3\Vivado\2018.3\lib\win64.o\librdi_drc.dll
0x00007ff895c10000 - 0x00007ff899a0b000 	E:\Xilinx_Tool\Vivado_2018.3\Vivado\2018.3\lib\win64.o\librdi_designutils.dll
0x00007ff8b1020000 - 0x00007ff8b10e2000 	E:\Xilinx_Tool\Vivado_2018.3\Vivado\2018.3\lib\win64.o\librdi_dsp.dll
0x00007ff8955d0000 - 0x00007ff895c0f000 	E:\Xilinx_Tool\Vivado_2018.3\Vivado\2018.3\lib\win64.o\librdi_filemgmt.dll
0x00007ff8a5d10000 - 0x00007ff8a5fea000 	E:\Xilinx_Tool\Vivado_2018.3\Vivado\2018.3\lib\win64.o\librdi_guitools.dll
0x00007ff8c9cd0000 - 0x00007ff8c9d2d000 	E:\Xilinx_Tool\Vivado_2018.3\Vivado\2018.3\lib\win64.o\librdi_hdf.dll
0x00007ff894230000 - 0x00007ff8955c1000 	E:\Xilinx_Tool\Vivado_2018.3\Vivado\2018.3\lib\win64.o\librdi_implflow.dll
0x00007ff8b0d70000 - 0x00007ff8b0de1000 	E:\Xilinx_Tool\Vivado_2018.3\Vivado\2018.3\lib\win64.o\librdi_memoryarray.dll
0x00007ff893c10000 - 0x00007ff894225000 	E:\Xilinx_Tool\Vivado_2018.3\Vivado\2018.3\lib\win64.o\librdi_memdata.dll
0x00007ff88fc20000 - 0x00007ff89025b000 	E:\Xilinx_Tool\Vivado_2018.3\Vivado\2018.3\lib\win64.o\librdi_netlist.dll
0x00007ff8b6de0000 - 0x00007ff8b6e30000 	E:\Xilinx_Tool\Vivado_2018.3\Vivado\2018.3\lib\win64.o\librdi_pfi.dll
0x00007ff890260000 - 0x00007ff893c0c000 	E:\Xilinx_Tool\Vivado_2018.3\Vivado\2018.3\lib\win64.o\librdi_mig.dll
0x00007ff8a0880000 - 0x00007ff8a0b87000 	E:\Xilinx_Tool\Vivado_2018.3\Vivado\2018.3\lib\win64.o\librdi_platform.dll
0x00007ff86b530000 - 0x00007ff87c282000 	E:\Xilinx_Tool\Vivado_2018.3\Vivado\2018.3\lib\win64.o\librdi_device.dll
0x00007ff88d700000 - 0x00007ff88fc14000 	E:\Xilinx_Tool\Vivado_2018.3\Vivado\2018.3\lib\win64.o\librdi_place.dll
0x00007ff88d000000 - 0x00007ff88d6f5000 	E:\Xilinx_Tool\Vivado_2018.3\Vivado\2018.3\lib\win64.o\librdi_power.dll
0x00007ff88caa0000 - 0x00007ff88cff6000 	E:\Xilinx_Tool\Vivado_2018.3\Vivado\2018.3\lib\win64.o\librdi_project.dll
0x00007ff88c3a0000 - 0x00007ff88ca93000 	E:\Xilinx_Tool\Vivado_2018.3\Vivado\2018.3\lib\win64.o\librdi_psta.dll
0x00007ff88bfc0000 - 0x00007ff88c397000 	E:\Xilinx_Tool\Vivado_2018.3\Vivado\2018.3\lib\win64.o\librdi_runs.dll
0x00007ff88a690000 - 0x00007ff88ad69000 	E:\Xilinx_Tool\Vivado_2018.3\Vivado\2018.3\lib\win64.o\librdi_rsb.dll
0x00007ff8aaa10000 - 0x00007ff8aaae8000 	E:\Xilinx_Tool\Vivado_2018.3\Vivado\2018.3\lib\win64.o\librdi_runsbase.dll
0x00007ff8a9bd0000 - 0x00007ff8a9df8000 	E:\Xilinx_Tool\Vivado_2018.3\Vivado\2018.3\lib\win64.o\librdi_simdata.dll
0x00007ff888f40000 - 0x00007ff889ccd000 	E:\Xilinx_Tool\Vivado_2018.3\Vivado\2018.3\lib\win64.o\librdi_timing.dll
0x00007ff8a9330000 - 0x00007ff8a9484000 	E:\Xilinx_Tool\Vivado_2018.3\Vivado\2018.3\lib\win64.o\librdi_advchipscopeimpl.dll
0x00007ff8b6d20000 - 0x00007ff8b6d6c000 	E:\Xilinx_Tool\Vivado_2018.3\Vivado\2018.3\lib\win64.o\libboost_serialization.dll
0x00007ff8aa2c0000 - 0x00007ff8aa378000 	E:\Xilinx_Tool\Vivado_2018.3\Vivado\2018.3\lib\win64.o\librdi_hip_devdesign.dll
0x00007ff8ab480000 - 0x00007ff8ab52b000 	E:\Xilinx_Tool\Vivado_2018.3\Vivado\2018.3\lib\win64.o\librdi_ipconfig_readwrite.dll
0x00007ff8b6cd0000 - 0x00007ff8b6d08000 	E:\Xilinx_Tool\Vivado_2018.3\Vivado\2018.3\lib\win64.o\librdi_noc_frameworks.dll
0x00007ff8883f0000 - 0x00007ff888f37000 	E:\Xilinx_Tool\Vivado_2018.3\Vivado\2018.3\lib\win64.o\libverific.dll
0x00007ff8a9a80000 - 0x00007ff8a9b1e000 	E:\Xilinx_Tool\Vivado_2018.3\Vivado\2018.3\lib\win64.o\libise.dll
0x00007ff8af880000 - 0x00007ff8af8c9000 	E:\Xilinx_Tool\Vivado_2018.3\Vivado\2018.3\lib\win64.o\librdi_wavedata_SimpleApi.dll
0x00007ff888030000 - 0x00007ff8883e5000 	E:\Xilinx_Tool\Vivado_2018.3\Vivado\2018.3\lib\win64.o\librdi_hip_config.dll
0x00007ff88a0a0000 - 0x00007ff88a684000 	E:\Xilinx_Tool\Vivado_2018.3\Vivado\2018.3\lib\win64.o\librdi_wavedata.dll
0x00007ff887ae0000 - 0x00007ff88802e000 	E:\Xilinx_Tool\Vivado_2018.3\Vivado\2018.3\lib\win64.o\librdi_xdm.dll
0x00007ff8aa250000 - 0x00007ff8aa2b3000 	E:\Xilinx_Tool\Vivado_2018.3\Vivado\2018.3\lib\win64.o\librdi_hip_mathengine.dll
0x00007ff8a99f0000 - 0x00007ff8a9a78000 	E:\Xilinx_Tool\Vivado_2018.3\Vivado\2018.3\lib\win64.o\librdi_meir_core.dll
0x00007ff8a2280000 - 0x00007ff8a24d0000 	E:\Xilinx_Tool\Vivado_2018.3\Vivado\2018.3\lib\win64.o\librdi_hsm.dll
0x00007ff886ad0000 - 0x00007ff887ad2000 	E:\Xilinx_Tool\Vivado_2018.3\Vivado\2018.3\lib\win64.o\librdi_route.dll

VM Arguments:
jvm_args: -Dsun.java2d.pmoffscreen=false -Dsun.java2d.xrender=false -Dsun.java2d.d3d=false -Dsun.awt.nopixfmt=true -Dsun.java2d.dpiaware=true -Dsun.java2d.uiScale.enabled=false -Xverify:none -Dswing.aatext=true -XX:-UsePerfData -Djdk.map.althashing.threshold=512 -XX:StringTableSize=4072 --add-opens=java.base/java.nio=ALL-UNNAMED --add-opens=java.desktop/sun.swing=ALL-UNNAMED --add-opens=java.desktop/javax.swing=ALL-UNNAMED --add-opens=java.desktop/javax.swing.tree=ALL-UNNAMED --add-opens=java.desktop/javax.swing.plaf.basic=ALL-UNNAMED --add-opens=java.desktop/javax.swing.plaf.synth=ALL-UNNAMED --add-opens=java.desktop/com.sun.awt=ALL-UNNAMED -XX:NewSize=60m -XX:MaxNewSize=60m -Xms128m -Xmx3072m -Xss5m 
java_command: <unknown>
java_class_path (initial): E:/Xilinx_Tool/Vivado_2018.3/Vivado/2018.3\lib\classes\alloy.jar;E:/Xilinx_Tool/Vivado_2018.3/Vivado/2018.3\lib\classes\autopilot.scelaborator.jar;E:/Xilinx_Tool/Vivado_2018.3/Vivado/2018.3\lib\classes\autopilot.sourceprocessor.jar;E:/Xilinx_Tool/Vivado_2018.3/Vivado/2018.3\lib\classes\autopilot.tbprocessor.jar;E:/Xilinx_Tool/Vivado_2018.3/Vivado/2018.3\lib\classes\batik-anim.jar;E:/Xilinx_Tool/Vivado_2018.3/Vivado/2018.3\lib\classes\batik-awt-util.jar;E:/Xilinx_Tool/Vivado_2018.3/Vivado/2018.3\lib\classes\batik-bridge.jar;E:/Xilinx_Tool/Vivado_2018.3/Vivado/2018.3\lib\classes\batik-codec.jar;E:/Xilinx_Tool/Vivado_2018.3/Vivado/2018.3\lib\classes\batik-css.jar;E:/Xilinx_Tool/Vivado_2018.3/Vivado/2018.3\lib\classes\batik-dom.jar;E:/Xilinx_Tool/Vivado_2018.3/Vivado/2018.3\lib\classes\batik-ext.jar;E:/Xilinx_Tool/Vivado_2018.3/Vivado/2018.3\lib\classes\batik-gui-util.jar;E:/Xilinx_Tool/Vivado_2018.3/Vivado/2018.3\lib\classes\batik-gvt.jar;E:/Xilinx_Tool/Vivado_2018.3/Vivado/2018.3\lib\classes\batik-parser.jar;E:/Xilinx_Tool/Vivado_2018.3/Vivado/2018.3\lib\classes\batik-script.jar;E:/Xilinx_Tool/Vivado_2018.3/Vivado/2018.3\lib\classes\batik-svg-dom.jar;E:/Xilinx_Tool/Vivado_2018.3/Vivado/2018.3\lib\classes\batik-swing.jar;E:/Xilinx_Tool/Vivado_2018.3/Vivado/2018.3\lib\classes\batik-transcoder.jar;E:/Xilinx_Tool/Vivado_2018.3/Vivado/2018.3\lib\classes\batik-util.jar;E:/Xilinx_Tool/Vivado_2018.3/Vivado/2018.3\lib\classes\batik-xml.jar;E:/Xilinx_Tool/Vivado_2018.3/Vivado/2018.3\lib\classes\com.ibm.icu_4.4.2.v20110208.jar;E:/Xilinx_Tool/Vivado_2018.3/Vivado/2018.3\lib\classes\commons-collections4-4.1.jar;E:/Xilinx_Tool/Vivado_2018.3/Vivado/2018.3\lib\classes\commons-math-2.2.jar;E:/Xilinx_Tool/Vivado_2018.3/Vivado/2018.3\lib\classes\dom4j-1.6.1.jar;E:/Xilinx_Tool/Vivado_2018.3/Vivado/2018.3\lib\classes\guava-18.0.jar;E:/Xilinx_Tool/Vivado_2018.3/Vivado/2018.3\lib\classes\help.jar;E:/Xilinx_Tool/Vivado_2018.3/Vivado/2018.3\lib\classes\hsqldb.jar;
Launcher Type: generic

Logging:
Log output configuration:
#0: stdout all=warning uptime,level,tags
#1: stderr all=off uptime,level,tags

Environment Variables:
PATH=E:/Xilinx_Tool/Vivado_2018.3/Vivado/2018.3/bin;E:/Xilinx_Tool/Vivado_2018.3/Vivado/2018.3/lib/win64.o;E:/Xilinx_Tool/Vivado_2018.3/Vivado/2018.3/tps/win64/jre9.0.4/bin/server;E:/Xilinx_Tool/Vivado_2018.3/Vivado/2018.3/tps/win64/jre9.0.4/bin;E:/Xilinx_Tool/Vivado_2018.3/SDK/2018.3/bin;E:/Xilinx_Tool/Vivado_2018.3/Vivado/2018.3/ids_lite/ISE/bin/nt64;E:/Xilinx_Tool/Vivado_2018.3/Vivado/2018.3/ids_lite/ISE/lib/nt64;C:\Program Files\NVIDIA GPU Computing Toolkit\CUDA\v10.2\bin;C:\Program Files\NVIDIA GPU Computing Toolkit\CUDA\v10.2\libnvvp;C:\Program Files\Eclipse Foundation\jdk-8.0.302.8-hotspot\bin;E:\VMware\bin\;C:\Windows\system32;C:\Windows;C:\Windows\System32\Wbem;C:\Windows\System32\WindowsPowerShell\v1.0\;C:\Windows\System32\OpenSSH\;E:\Xshell\;E:\Anaconda\Lib\site-packages\pyqt5_tools;D:\No_desktop\C++_OpenCV\cmake-3.22.1-windows-x86_64\bin;D:\No_desktop\C++_OpenCV\x86_64-8.1.0-release-posix-seh-rt_v6-rev0\mingw64\bin;D:\No_desktop\C++_OpenCV\opencv\build\x64\vc15\bin;C:\Program Files\Microsoft SQL Server\130\Tools\Binn\;E:\Program Files (x86)\Incredibuild;E:\MATLAB\runtime\win64;E:\MATLAB\bin;E:\MATLAB\polyspace\bin;E:\Anaconda3\Scripts;E:\Anaconda3;E:\Anaconda3\Library\bin;C:\Program Files\dotnet\;E:\Git\Git\cmd;C:\Program Files\NVIDIA Corporation\Nsight Compute 2019.5.0\;C:\Program Files (x86)\NVIDIA Corporation\PhysX\Common;C:\Program Files\NVIDIA GPU Computing Toolkit\CUDA\v10.2\lib\x64;C:\Program Files\NVIDIA GPU Computing Toolkit\CUDA\v10.2\include;C:\Program Files\NVIDIA GPU Computing Toolkit\CUDA\v10.2\extras\CUPTI\lib64;C:\ProgramData\NVIDIA Corporation\CUDA Samples\v10.2\bin\win64;C:\ProgramData\NVIDIA Corporation\CUDA Samples\v10.2\common\lib\x64;C:\Users\yzf\AppData\Local\Microsoft\WindowsApps;E:\Modelsim\win64;C:\Users\yzf\.dotnet\tools;C:\Users\yzf\AppData\Local\Programs\Microsoft VS Code\bin;;E:/Xilinx_Tool/Vivado_2018.3/Vivado/2018.3\tps\mingw\6.2.0\win64.o\nt\bin;E:/Xilinx_Tool/Vivado_2018.3/Vivado/2018.3\tps\mingw\6.2.0\win64.o\nt\libexec\gc
USERNAME=yzf
OS=Windows_NT
PROCESSOR_IDENTIFIER=Intel64 Family 6 Model 142 Stepping 10, GenuineIntel



---------------  S Y S T E M  ---------------

OS: Windows 10 , 64 bit Build 19041 (10.0.19041.1566)

CPU:total 8 (initial active 8) (4 cores per cpu, 2 threads per core) family 6 model 142 stepping 10, cmov, cx8, fxsr, mmx, sse, sse2, sse3, ssse3, sse4.1, sse4.2, popcnt, avx, avx2, aes, clmul, erms, 3dnowpref, lzcnt, ht, tsc, tscinvbit, bmi1, bmi2, adx, fma

Memory: 4k page, physical 16654824k(9091288k free), swap 18583128k(7861444k free)

vm_info: Java HotSpot(TM) 64-Bit Server VM (9.0.4+11) for windows-amd64 JRE (9.0.4+11), built on Dec 20 2017 02:18:54 by "mach5one" with MS VC++ 12.0 (VS2013)

END.
