Copyright 1986-2018 Xilinx, Inc. All Rights Reserved.
----------------------------------------------------------------------------------------
| Tool Version : Vivado v.2018.3 (win64) Build 2405991 Thu Dec  6 23:38:27 MST 2018
| Date         : Tue Apr 19 17:55:10 2022
| Host         : DESKTOP-E68HFE0 running 64-bit major release  (build 9200)
| Command      : report_clock_utilization -file system_top_clock_utilization_routed.rpt
| Design       : system_top
| Device       : 7a100t-fgg676
| Speed File   : -2  PRODUCTION 1.23 2018-06-13
----------------------------------------------------------------------------------------

Clock Utilization Report

Table of Contents
-----------------
1. Clock Primitive Utilization
2. Global Clock Resources
3. Global Clock Source Details
4. Local Clock Details
5. Clock Regions: Key Resource Utilization
6. Clock Regions : Global Clock Summary
7. Device Cell Placement Summary for Global Clock g0
8. Device Cell Placement Summary for Global Clock g1
9. Device Cell Placement Summary for Global Clock g2
10. Device Cell Placement Summary for Global Clock g3
11. Device Cell Placement Summary for Global Clock g4
12. Device Cell Placement Summary for Global Clock g5
13. Device Cell Placement Summary for Global Clock g6
14. Device Cell Placement Summary for Global Clock g7
15. Device Cell Placement Summary for Global Clock g8
16. Device Cell Placement Summary for Global Clock g9
17. Device Cell Placement Summary for Global Clock g10
18. Device Cell Placement Summary for Global Clock g11
19. Device Cell Placement Summary for Global Clock g12
20. Device Cell Placement Summary for Global Clock g13
21. Device Cell Placement Summary for Global Clock g14
22. Device Cell Placement Summary for Global Clock g15
23. Device Cell Placement Summary for Global Clock g16
24. Device Cell Placement Summary for Global Clock g17
25. Device Cell Placement Summary for Global Clock g18
26. Clock Region Cell Placement per Global Clock: Region X0Y0
27. Clock Region Cell Placement per Global Clock: Region X0Y1
28. Clock Region Cell Placement per Global Clock: Region X1Y1
29. Clock Region Cell Placement per Global Clock: Region X0Y2
30. Clock Region Cell Placement per Global Clock: Region X0Y3

1. Clock Primitive Utilization
------------------------------

+----------+------+-----------+-----+--------------+--------+
| Type     | Used | Available | LOC | Clock Region | Pblock |
+----------+------+-----------+-----+--------------+--------+
| BUFGCTRL |   19 |        32 |   0 |            0 |      0 |
| BUFH     |    0 |        96 |   0 |            0 |      0 |
| BUFIO    |    0 |        24 |   0 |            0 |      0 |
| BUFMR    |    0 |        12 |   0 |            0 |      0 |
| BUFR     |    0 |        24 |   0 |            0 |      0 |
| MMCM     |    3 |         6 |   0 |            0 |      0 |
| PLL      |    4 |         6 |   0 |            0 |      0 |
+----------+------+-----------+-----+--------------+--------+


2. Global Clock Resources
-------------------------

+-----------+-----------+-----------------+------------+----------------+--------------+-------------------+-------------+-----------------+--------------+----------------------+-------------------------------------------------------------+----------------------------------------------------------------------+
| Global Id | Source Id | Driver Type/Pin | Constraint | Site           | Clock Region | Load Clock Region | Clock Loads | Non-Clock Loads | Clock Period | Clock                | Driver Pin                                                  | Net                                                                  |
+-----------+-----------+-----------------+------------+----------------+--------------+-------------------+-------------+-----------------+--------------+----------------------+-------------------------------------------------------------+----------------------------------------------------------------------+
| g0        | src0      | BUFG/O          | None       | BUFGCTRL_X0Y16 | n/a          |                 1 |           7 |               0 |      104.167 | clk_out1_clk_wiz_1   | clk_div_0_1inst/clk_ip_200MHz_to_9_6MHz/inst/clkout1_buf/O  | clk_div_0_1inst/clk_ip_200MHz_to_9_6MHz/inst/clk_out1                |
| g1        | src1      | BUFG/O          | None       | BUFGCTRL_X0Y17 | n/a          |                 1 |           7 |               0 |      104.167 | clk_out1_clk_wiz_1_1 | clk_div_0_inst/clk_ip_200MHz_to_9_6MHz/inst/clkout1_buf/O   | clk_div_0_inst/clk_ip_200MHz_to_9_6MHz/inst/clk_out1                 |
| g2        | src2      | BUFG/O          | None       | BUFGCTRL_X0Y0  | n/a          |                 1 |           7 |               0 |      156.250 | clk_out1_clk_wiz_2   | clk_div_1_1inst/clk_ip_200MHz_to_6_4MHz/inst/clkout1_buf/O  | clk_div_1_1inst/clk_ip_200MHz_to_6_4MHz/inst/clk_out1                |
| g3        | src3      | BUFG/O          | None       | BUFGCTRL_X0Y1  | n/a          |                 1 |           7 |               0 |      156.250 | clk_out1_clk_wiz_2_1 | clk_div_1_inst/clk_ip_200MHz_to_6_4MHz/inst/clkout1_buf/O   | clk_div_1_inst/clk_ip_200MHz_to_6_4MHz/inst/clk_out1                 |
| g4        | src4      | BUFG/O          | None       | BUFGCTRL_X0Y2  | n/a          |                 1 |           7 |               0 |      113.379 | clk_out1_clk_wiz_3   | clk_div_2_1inst/clk_ip_200MHz_to_8_82MHz/inst/clkout1_buf/O | clk_div_2_1inst/clk_ip_200MHz_to_8_82MHz/inst/clk_out1               |
| g5        | src5      | BUFG/O          | None       | BUFGCTRL_X0Y3  | n/a          |                 1 |           7 |               0 |      113.379 | clk_out1_clk_wiz_3_1 | clk_div_2_inst/clk_ip_200MHz_to_8_82MHz/inst/clkout1_buf/O  | clk_div_2_inst/clk_ip_200MHz_to_8_82MHz/inst/clk_out1                |
| g6        | src6      | BUFG/O          | None       | BUFGCTRL_X0Y4  | n/a          |                 1 |           1 |               0 |        5.000 | clk_out1_clk_wiz_0   | clk_div_0_1inst/clk_ip_200MHz_to_9_6MHz/inst/clkin1_bufg/O  | clk_div_0_1inst/clk_ip_200MHz_to_9_6MHz/inst/clk_in1_clk_wiz_1       |
| g7        | src6      | BUFG/O          | None       | BUFGCTRL_X0Y5  | n/a          |                 1 |           1 |               0 |        5.000 | clk_out1_clk_wiz_0   | clk_div_0_inst/clk_ip_200MHz_to_9_6MHz/inst/clkin1_bufg/O   | clk_div_0_inst/clk_ip_200MHz_to_9_6MHz/inst/clk_in1_clk_wiz_1        |
| g8        | src6      | BUFG/O          | None       | BUFGCTRL_X0Y7  | n/a          |                 1 |           1 |               0 |        5.000 | clk_out1_clk_wiz_0   | clk_div_1_1inst/clk_ip_200MHz_to_6_4MHz/inst/clkin1_bufg/O  | clk_div_1_1inst/clk_ip_200MHz_to_6_4MHz/inst/clk_in1_clk_wiz_2       |
| g9        | src6      | BUFG/O          | None       | BUFGCTRL_X0Y9  | n/a          |                 1 |           1 |               0 |        5.000 | clk_out1_clk_wiz_0   | clk_div_1_inst/clk_ip_200MHz_to_6_4MHz/inst/clkin1_bufg/O   | clk_div_1_inst/clk_ip_200MHz_to_6_4MHz/inst/clk_in1_clk_wiz_2        |
| g10       | src6      | BUFG/O          | None       | BUFGCTRL_X0Y11 | n/a          |                 1 |           1 |               0 |        5.000 | clk_out1_clk_wiz_0   | clk_div_2_1inst/clk_ip_200MHz_to_8_82MHz/inst/clkin1_bufg/O | clk_div_2_1inst/clk_ip_200MHz_to_8_82MHz/inst/clk_in1_clk_wiz_3      |
| g11       | src6      | BUFG/O          | None       | BUFGCTRL_X0Y13 | n/a          |                 1 |           1 |               0 |        5.000 | clk_out1_clk_wiz_0   | clk_div_2_inst/clk_ip_200MHz_to_8_82MHz/inst/clkin1_bufg/O  | clk_div_2_inst/clk_ip_200MHz_to_8_82MHz/inst/clk_in1_clk_wiz_3       |
| g12       | src0      | BUFG/O          | None       | BUFGCTRL_X0Y18 | n/a          |                 1 |           1 |               0 |       25.000 | clkfbout_clk_wiz_1   | clk_div_0_1inst/clk_ip_200MHz_to_9_6MHz/inst/clkf_buf/O     | clk_div_0_1inst/clk_ip_200MHz_to_9_6MHz/inst/clkfbout_buf_clk_wiz_1  |
| g13       | src1      | BUFG/O          | None       | BUFGCTRL_X0Y19 | n/a          |                 1 |           1 |               0 |       25.000 | clkfbout_clk_wiz_1_1 | clk_div_0_inst/clk_ip_200MHz_to_9_6MHz/inst/clkf_buf/O      | clk_div_0_inst/clk_ip_200MHz_to_9_6MHz/inst/clkfbout_buf_clk_wiz_1   |
| g14       | src2      | BUFG/O          | None       | BUFGCTRL_X0Y6  | n/a          |                 1 |           1 |               0 |        5.000 | clkfbout_clk_wiz_2   | clk_div_1_1inst/clk_ip_200MHz_to_6_4MHz/inst/clkf_buf/O     | clk_div_1_1inst/clk_ip_200MHz_to_6_4MHz/inst/clkfbout_buf_clk_wiz_2  |
| g15       | src3      | BUFG/O          | None       | BUFGCTRL_X0Y8  | n/a          |                 1 |           1 |               0 |        5.000 | clkfbout_clk_wiz_2_1 | clk_div_1_inst/clk_ip_200MHz_to_6_4MHz/inst/clkf_buf/O      | clk_div_1_inst/clk_ip_200MHz_to_6_4MHz/inst/clkfbout_buf_clk_wiz_2   |
| g16       | src4      | BUFG/O          | None       | BUFGCTRL_X0Y10 | n/a          |                 1 |           1 |               0 |       75.000 | clkfbout_clk_wiz_3   | clk_div_2_1inst/clk_ip_200MHz_to_8_82MHz/inst/clkf_buf/O    | clk_div_2_1inst/clk_ip_200MHz_to_8_82MHz/inst/clkfbout_buf_clk_wiz_3 |
| g17       | src5      | BUFG/O          | None       | BUFGCTRL_X0Y12 | n/a          |                 1 |           1 |               0 |       75.000 | clkfbout_clk_wiz_3_1 | clk_div_2_inst/clk_ip_200MHz_to_8_82MHz/inst/clkf_buf/O     | clk_div_2_inst/clk_ip_200MHz_to_8_82MHz/inst/clkfbout_buf_clk_wiz_3  |
| g18       | src6      | BUFG/O          | None       | BUFGCTRL_X0Y14 | n/a          |                 1 |           1 |               0 |       20.000 | clkfbout_clk_wiz_0   | clk_ip_50MHz_to_200MHz/inst/clkf_buf/O                      | clk_ip_50MHz_to_200MHz/inst/clkfbout_buf_clk_wiz_0                   |
+-----------+-----------+-----------------+------------+----------------+--------------+-------------------+-------------+-----------------+--------------+----------------------+-------------------------------------------------------------+----------------------------------------------------------------------+
* Clock Loads column represents the clock pin loads (pin count)
** Non-Clock Loads column represents the non-clock pin loads (pin count)


3. Global Clock Source Details
------------------------------

+-----------+--------------------------+---------------------+------------+-----------------+--------------+-------------+-----------------+---------------------+----------------------+----------------------------------------------------------------------+------------------------------------------------------------------+
| Source Id | Global Id                | Driver Type/Pin     | Constraint | Site            | Clock Region | Clock Loads | Non-Clock Loads | Source Clock Period | Source Clock         | Driver Pin                                                           | Net                                                              |
+-----------+--------------------------+---------------------+------------+-----------------+--------------+-------------+-----------------+---------------------+----------------------+----------------------------------------------------------------------+------------------------------------------------------------------+
| src0      | g0                       | PLLE2_ADV/CLKOUT0   | None       | PLLE2_ADV_X0Y2  | X0Y2         |           1 |               0 |             104.167 | clk_out1_clk_wiz_1   | clk_div_0_1inst/clk_ip_200MHz_to_9_6MHz/inst/plle2_adv_inst/CLKOUT0  | clk_div_0_1inst/clk_ip_200MHz_to_9_6MHz/inst/clk_out1_clk_wiz_1  |
| src0      | g12                      | PLLE2_ADV/CLKFBOUT  | None       | PLLE2_ADV_X0Y2  | X0Y2         |           1 |               0 |              25.000 | clkfbout_clk_wiz_1   | clk_div_0_1inst/clk_ip_200MHz_to_9_6MHz/inst/plle2_adv_inst/CLKFBOUT | clk_div_0_1inst/clk_ip_200MHz_to_9_6MHz/inst/clkfbout_clk_wiz_1  |
| src1      | g1                       | PLLE2_ADV/CLKOUT0   | None       | PLLE2_ADV_X0Y3  | X0Y3         |           1 |               0 |             104.167 | clk_out1_clk_wiz_1_1 | clk_div_0_inst/clk_ip_200MHz_to_9_6MHz/inst/plle2_adv_inst/CLKOUT0   | clk_div_0_inst/clk_ip_200MHz_to_9_6MHz/inst/clk_out1_clk_wiz_1   |
| src1      | g13                      | PLLE2_ADV/CLKFBOUT  | None       | PLLE2_ADV_X0Y3  | X0Y3         |           1 |               0 |              25.000 | clkfbout_clk_wiz_1_1 | clk_div_0_inst/clk_ip_200MHz_to_9_6MHz/inst/plle2_adv_inst/CLKFBOUT  | clk_div_0_inst/clk_ip_200MHz_to_9_6MHz/inst/clkfbout_clk_wiz_1   |
| src2      | g2                       | PLLE2_ADV/CLKOUT0   | None       | PLLE2_ADV_X0Y1  | X0Y1         |           1 |               0 |             156.250 | clk_out1_clk_wiz_2   | clk_div_1_1inst/clk_ip_200MHz_to_6_4MHz/inst/plle2_adv_inst/CLKOUT0  | clk_div_1_1inst/clk_ip_200MHz_to_6_4MHz/inst/clk_out1_clk_wiz_2  |
| src2      | g14                      | PLLE2_ADV/CLKFBOUT  | None       | PLLE2_ADV_X0Y1  | X0Y1         |           1 |               0 |               5.000 | clkfbout_clk_wiz_2   | clk_div_1_1inst/clk_ip_200MHz_to_6_4MHz/inst/plle2_adv_inst/CLKFBOUT | clk_div_1_1inst/clk_ip_200MHz_to_6_4MHz/inst/clkfbout_clk_wiz_2  |
| src3      | g3                       | PLLE2_ADV/CLKOUT0   | None       | PLLE2_ADV_X0Y0  | X0Y0         |           1 |               0 |             156.250 | clk_out1_clk_wiz_2_1 | clk_div_1_inst/clk_ip_200MHz_to_6_4MHz/inst/plle2_adv_inst/CLKOUT0   | clk_div_1_inst/clk_ip_200MHz_to_6_4MHz/inst/clk_out1_clk_wiz_2   |
| src3      | g15                      | PLLE2_ADV/CLKFBOUT  | None       | PLLE2_ADV_X0Y0  | X0Y0         |           1 |               0 |               5.000 | clkfbout_clk_wiz_2_1 | clk_div_1_inst/clk_ip_200MHz_to_6_4MHz/inst/plle2_adv_inst/CLKFBOUT  | clk_div_1_inst/clk_ip_200MHz_to_6_4MHz/inst/clkfbout_clk_wiz_2   |
| src4      | g4                       | MMCME2_ADV/CLKOUT0  | None       | MMCME2_ADV_X1Y1 | X1Y1         |           1 |               0 |             113.379 | clk_out1_clk_wiz_3   | clk_div_2_1inst/clk_ip_200MHz_to_8_82MHz/inst/mmcm_adv_inst/CLKOUT0  | clk_div_2_1inst/clk_ip_200MHz_to_8_82MHz/inst/clk_out1_clk_wiz_3 |
| src4      | g16                      | MMCME2_ADV/CLKFBOUT | None       | MMCME2_ADV_X1Y1 | X1Y1         |           1 |               0 |              75.000 | clkfbout_clk_wiz_3   | clk_div_2_1inst/clk_ip_200MHz_to_8_82MHz/inst/mmcm_adv_inst/CLKFBOUT | clk_div_2_1inst/clk_ip_200MHz_to_8_82MHz/inst/clkfbout_clk_wiz_3 |
| src5      | g5                       | MMCME2_ADV/CLKOUT0  | None       | MMCME2_ADV_X0Y0 | X0Y0         |           1 |               0 |             113.379 | clk_out1_clk_wiz_3_1 | clk_div_2_inst/clk_ip_200MHz_to_8_82MHz/inst/mmcm_adv_inst/CLKOUT0   | clk_div_2_inst/clk_ip_200MHz_to_8_82MHz/inst/clk_out1_clk_wiz_3  |
| src5      | g17                      | MMCME2_ADV/CLKFBOUT | None       | MMCME2_ADV_X0Y0 | X0Y0         |           1 |               0 |              75.000 | clkfbout_clk_wiz_3_1 | clk_div_2_inst/clk_ip_200MHz_to_8_82MHz/inst/mmcm_adv_inst/CLKFBOUT  | clk_div_2_inst/clk_ip_200MHz_to_8_82MHz/inst/clkfbout_clk_wiz_3  |
| src6      | g6, g7, g8, g9, g10, g11 | MMCME2_ADV/CLKOUT0  | None       | MMCME2_ADV_X0Y1 | X0Y1         |           6 |               0 |               5.000 | clk_out1_clk_wiz_0   | clk_ip_50MHz_to_200MHz/inst/mmcm_adv_inst/CLKOUT0                    | clk_ip_50MHz_to_200MHz/inst/clk_out1_clk_wiz_0                   |
| src6      | g18                      | MMCME2_ADV/CLKFBOUT | None       | MMCME2_ADV_X0Y1 | X0Y1         |           1 |               0 |              20.000 | clkfbout_clk_wiz_0   | clk_ip_50MHz_to_200MHz/inst/mmcm_adv_inst/CLKFBOUT                   | clk_ip_50MHz_to_200MHz/inst/clkfbout_clk_wiz_0                   |
+-----------+--------------------------+---------------------+------------+-----------------+--------------+-------------+-----------------+---------------------+----------------------+----------------------------------------------------------------------+------------------------------------------------------------------+
* Clock Loads column represents the clock pin loads (pin count)
** Non-Clock Loads column represents the non-clock pin loads (pin count)


4. Local Clock Details
----------------------

+----------+-----------------+------------+-------------------+--------------+-------------+-----------------+--------------+-------+----------------------------------------------------------------------+------------------------------------------------------------+
| Local Id | Driver Type/Pin | Constraint | Site/BEL          | Clock Region | Clock Loads | Non-Clock Loads | Clock Period | Clock | Driver Pin                                                           | Net                                                        |
+----------+-----------------+------------+-------------------+--------------+-------------+-----------------+--------------+-------+----------------------------------------------------------------------+------------------------------------------------------------||
| 0        | FDCE/Q          | None       | SLICE_X45Y41/D5FF | X0Y0         |           4 |               5 |              |       | uart_recv_inst/uart_done_reg/Q                                       | uart_recv_inst/uart_done                                   - Static -
| 1        | FDCE/Q          | None       | SLICE_X40Y37/AFF  | X0Y0         |           1 |               2 |              |       | clk_div_0_1inst/clk_96KHz_inst/clk_96KHz_reg_reg/Q                   | clk_div_0_1inst/clk_96KHz_inst/clk_96KHz                   - Static -
| 2        | FDCE/Q          | None       | SLICE_X37Y37/AFF  | X0Y0         |           1 |               2 |              |       | clk_div_0_1inst/clk_96KHz_to_12KHz_inst/clk_24KHz_reg_reg/Q          | clk_div_0_1inst/clk_96KHz_to_12KHz_inst/clk_24KHz          - Static -
| 3        | FDCE/Q          | None       | SLICE_X39Y37/AFF  | X0Y0         |           1 |               2 |              |       | clk_div_0_1inst/clk_96KHz_to_12KHz_inst/clk_48KHz_reg_reg/Q          | clk_div_0_1inst/clk_96KHz_to_12KHz_inst/clk_48KHz          - Static -
| 4        | FDCE/Q          | None       | SLICE_X38Y45/AFF  | X0Y0         |           1 |               2 |              |       | clk_div_0_inst/clk_96KHz_inst/clk_96KHz_reg_reg/Q                    | clk_div_0_inst/clk_96KHz_inst/clk_96KHz                    - Static -
| 5        | FDCE/Q          | None       | SLICE_X37Y45/AFF  | X0Y0         |           1 |               2 |              |       | clk_div_0_inst/clk_96KHz_to_12KHz_inst/clk_24KHz_reg_reg/Q           | clk_div_0_inst/clk_96KHz_to_12KHz_inst/clk_24KHz           - Static -
| 6        | FDCE/Q          | None       | SLICE_X36Y46/AFF  | X0Y0         |           1 |               2 |              |       | clk_div_0_inst/clk_96KHz_to_12KHz_inst/clk_48KHz_reg_reg/Q           | clk_div_0_inst/clk_96KHz_to_12KHz_inst/clk_48KHz           - Static -
| 7        | FDCE/Q          | None       | SLICE_X34Y36/AFF  | X0Y0         |           1 |               2 |              |       | clk_div_1_1inst/clk_64KHz_inst/clk_64KHz_reg_reg/Q                   | clk_div_1_1inst/clk_64KHz_inst/clk_64KHz                   - Static -
| 8        | FDCE/Q          | None       | SLICE_X34Y37/AFF  | X0Y0         |           1 |               2 |              |       | clk_div_1_1inst/clk_64KHz_to_8KHz_inst/clk_16KHz_reg_reg/Q           | clk_div_1_1inst/clk_64KHz_to_8KHz_inst/clk_16KHz           - Static -
| 9        | FDCE/Q          | None       | SLICE_X34Y38/AFF  | X0Y0         |           1 |               2 |              |       | clk_div_1_1inst/clk_64KHz_to_8KHz_inst/clk_32KHz_reg_reg/Q           | clk_div_1_1inst/clk_64KHz_to_8KHz_inst/clk_32KHz           - Static -
| 10       | FDCE/Q          | None       | SLICE_X36Y48/AFF  | X0Y0         |           1 |               2 |              |       | clk_div_1_inst/clk_64KHz_inst/clk_64KHz_reg_reg/Q                    | clk_div_1_inst/clk_64KHz_inst/clk_64KHz                    - Static -
| 11       | FDCE/Q          | None       | SLICE_X34Y46/AFF  | X0Y0         |           1 |               2 |              |       | clk_div_1_inst/clk_64KHz_to_8KHz_inst/clk_16KHz_reg_reg/Q            | clk_div_1_inst/clk_64KHz_to_8KHz_inst/clk_16KHz            - Static -
| 12       | FDCE/Q          | None       | SLICE_X35Y46/AFF  | X0Y0         |           1 |               2 |              |       | clk_div_1_inst/clk_64KHz_to_8KHz_inst/clk_32KHz_reg_reg/Q            | clk_div_1_inst/clk_64KHz_to_8KHz_inst/clk_32KHz            - Static -
| 13       | FDCE/Q          | None       | SLICE_X42Y38/AFF  | X0Y0         |           1 |               2 |              |       | clk_div_2_1inst/clk_88_2KHz_inst/clk_88_2KHz_reg_reg/Q               | clk_div_2_1inst/clk_88_2KHz_inst/clk_88_2KHz               - Static -
| 14       | FDCE/Q          | None       | SLICE_X40Y38/AFF  | X0Y0         |           1 |               2 |              |       | clk_div_2_1inst/clk_88_2KHz_to_11_025KHz_inst/clk_22_05KHz_reg_reg/Q | clk_div_2_1inst/clk_88_2KHz_to_11_025KHz_inst/clk_22_05KHz - Static -
| 15       | FDCE/Q          | None       | SLICE_X40Y39/AFF  | X0Y0         |           1 |               2 |              |       | clk_div_2_1inst/clk_88_2KHz_to_11_025KHz_inst/clk_44_1KHz_reg_reg/Q  | clk_div_2_1inst/clk_88_2KHz_to_11_025KHz_inst/clk_44_1KHz  - Static -
| 16       | FDCE/Q          | None       | SLICE_X37Y40/AFF  | X0Y0         |           1 |               2 |              |       | clk_div_2_inst/clk_88_2KHz_inst/clk_88_2KHz_reg_reg/Q                | clk_div_2_inst/clk_88_2KHz_inst/clk_88_2KHz                - Static -
| 17       | FDCE/Q          | None       | SLICE_X36Y42/AFF  | X0Y0         |           1 |               2 |              |       | clk_div_2_inst/clk_88_2KHz_to_11_025KHz_inst/clk_22_05KHz_reg_reg/Q  | clk_div_2_inst/clk_88_2KHz_to_11_025KHz_inst/clk_22_05KHz  - Static -
| 18       | FDCE/Q          | None       | SLICE_X36Y41/AFF  | X0Y0         |           1 |               2 |              |       | clk_div_2_inst/clk_88_2KHz_to_11_025KHz_inst/clk_44_1KHz_reg_reg/Q   | clk_div_2_inst/clk_88_2KHz_to_11_025KHz_inst/clk_44_1KHz   - Static -
+----------+-----------------+------------+-------------------+--------------+-------------+-----------------+--------------+-------+----------------------------------------------------------------------+------------------------------------------------------------||
* Local Clocks in this context represents only clocks driven by non-global buffers
** Clock Loads column represents the clock pin loads (pin count)
*** Non-Clock Loads column represents the non-clock pin loads (pin count)


5. Clock Regions: Key Resource Utilization
------------------------------------------

+-------------------+--------------+--------------+--------------+--------------+--------------+--------------+--------------+--------------+--------------+--------------+--------------+--------------+--------------+--------------+--------------+
|                   | Global Clock |     BUFRs    |    BUFMRs    |    BUFIOs    |     MMCM     |      PLL     |      GT      |      PCI     |    ILOGIC    |    OLOGIC    |      FF      |     LUTM     |    RAMB18    |    RAMB36    |    DSP48E2   |
+-------------------+------+-------+------+-------+------+-------+------+-------+------+-------+------+-------+------+-------+------+-------+------+-------+------+-------+------+-------+------+-------+------+-------+------+-------+------+-------+
| Clock Region Name | Used | Avail | Used | Avail | Used | Avail | Used | Avail | Used | Avail | Used | Avail | Used | Avail | Used | Avail | Used | Avail | Used | Avail | Used | Avail | Used | Avail | Used | Avail | Used | Avail | Used | Avail |
+-------------------+------+-------+------+-------+------+-------+------+-------+------+-------+------+-------+------+-------+------+-------+------+-------+------+-------+------+-------+------+-------+------+-------+------+-------+------+-------+
| X0Y0              |   10 |    12 |    0 |     4 |    0 |     2 |    0 |     4 |    1 |     1 |    1 |     1 |    0 |     0 |    0 |     0 |    0 |    50 |    0 |    50 |   65 |  2600 |   23 |   600 |    0 |    20 |    0 |    10 |    0 |    20 |
| X1Y0              |    0 |    12 |    0 |     0 |    0 |     0 |    0 |     0 |    0 |     0 |    0 |     0 |    0 |     4 |    0 |     0 |    0 |     0 |    0 |     0 |    0 |  1500 |    0 |   550 |    0 |    40 |    0 |    20 |    0 |    40 |
| X0Y1              |    3 |    12 |    0 |     4 |    0 |     2 |    0 |     4 |    1 |     1 |    1 |     1 |    0 |     0 |    0 |     0 |    0 |    50 |    0 |    50 |    0 |  2000 |    0 |   600 |    0 |    20 |    0 |    10 |    0 |    20 |
| X1Y1              |    2 |    12 |    0 |     4 |    0 |     2 |    0 |     4 |    1 |     1 |    0 |     1 |    0 |     0 |    0 |     0 |    0 |    50 |    0 |    50 |    0 |  1900 |    0 |   650 |    0 |    60 |    0 |    30 |    0 |    40 |
| X0Y2              |    2 |    12 |    0 |     4 |    0 |     2 |    0 |     4 |    0 |     1 |    1 |     1 |    0 |     0 |    0 |     0 |    0 |    50 |    0 |    50 |    0 |  2000 |    0 |   600 |    0 |    20 |    0 |    10 |    0 |    20 |
| X1Y2              |    0 |    12 |    0 |     4 |    0 |     2 |    0 |     4 |    0 |     1 |    0 |     1 |    0 |     0 |    0 |     0 |    0 |    50 |    0 |    50 |    0 |  1900 |    0 |   650 |    0 |    60 |    0 |    30 |    0 |    40 |
| X0Y3              |    2 |    12 |    0 |     4 |    0 |     2 |    0 |     4 |    0 |     1 |    1 |     1 |    0 |     0 |    0 |     0 |    0 |    50 |    0 |    50 |    0 |  2600 |    0 |   600 |    0 |    20 |    0 |    10 |    0 |    20 |
| X1Y3              |    0 |    12 |    0 |     0 |    0 |     0 |    0 |     0 |    0 |     0 |    0 |     0 |    0 |     4 |    0 |     1 |    0 |     0 |    0 |     0 |    0 |  1350 |    0 |   500 |    0 |    30 |    0 |    15 |    0 |    40 |
+-------------------+------+-------+------+-------+------+-------+------+-------+------+-------+------+-------+------+-------+------+-------+------+-------+------+-------+------+-------+------+-------+------+-------+------+-------+------+-------+
* Global Clock column represents track count; while other columns represents cell counts


6. Clock Regions : Global Clock Summary
---------------------------------------

All Modules
+----+----+----+
|    | X0 | X1 |
+----+----+----+
| Y3 |  2 |  0 |
| Y2 |  2 |  0 |
| Y1 |  3 |  2 |
| Y0 | 10 |  0 |
+----+----+----+


7. Device Cell Placement Summary for Global Clock g0
----------------------------------------------------

+-----------+-----------------+-------------------+--------------------+-------------+----------------+-------------+----------+----------------+----------+-------------------------------------------------------+
| Global Id | Driver Type/Pin | Driver Region (D) | Clock              | Period (ns) | Waveform (ns)  | Slice Loads | IO Loads | Clocking Loads | GT Loads | Net                                                   |
+-----------+-----------------+-------------------+--------------------+-------------+----------------+-------------+----------+----------------+----------+-------------------------------------------------------+
| g0        | BUFG/O          | n/a               | clk_out1_clk_wiz_1 |     104.167 | {0.000 52.083} |           7 |        0 |              0 |        0 | clk_div_0_1inst/clk_ip_200MHz_to_9_6MHz/inst/clk_out1 |
+-----------+-----------------+-------------------+--------------------+-------------+----------------+-------------+----------+----------------+----------+-------------------------------------------------------+
* Logic Loads column represents load cell count of all cell types other than IO, GT and clock resources
** IO Loads column represents load cell count of IO types
*** Clocking Loads column represents load cell count that are clock resources (global clock buffer, MMCM, PLL, etc)
**** GT Loads column represents load cell count of GT types


+----+----+----+
|    | X0 | X1 |
+----+----+----+
| Y3 |  0 |  0 |
| Y2 |  0 |  0 |
| Y1 |  0 |  0 |
| Y0 |  7 |  0 |
+----+----+----+


8. Device Cell Placement Summary for Global Clock g1
----------------------------------------------------

+-----------+-----------------+-------------------+----------------------+-------------+----------------+-------------+----------+----------------+----------+------------------------------------------------------+
| Global Id | Driver Type/Pin | Driver Region (D) | Clock                | Period (ns) | Waveform (ns)  | Slice Loads | IO Loads | Clocking Loads | GT Loads | Net                                                  |
+-----------+-----------------+-------------------+----------------------+-------------+----------------+-------------+----------+----------------+----------+------------------------------------------------------+
| g1        | BUFG/O          | n/a               | clk_out1_clk_wiz_1_1 |     104.167 | {0.000 52.083} |           7 |        0 |              0 |        0 | clk_div_0_inst/clk_ip_200MHz_to_9_6MHz/inst/clk_out1 |
+-----------+-----------------+-------------------+----------------------+-------------+----------------+-------------+----------+----------------+----------+------------------------------------------------------+
* Logic Loads column represents load cell count of all cell types other than IO, GT and clock resources
** IO Loads column represents load cell count of IO types
*** Clocking Loads column represents load cell count that are clock resources (global clock buffer, MMCM, PLL, etc)
**** GT Loads column represents load cell count of GT types


+----+----+----+
|    | X0 | X1 |
+----+----+----+
| Y3 |  0 |  0 |
| Y2 |  0 |  0 |
| Y1 |  0 |  0 |
| Y0 |  7 |  0 |
+----+----+----+


9. Device Cell Placement Summary for Global Clock g2
----------------------------------------------------

+-----------+-----------------+-------------------+--------------------+-------------+----------------+-------------+----------+----------------+----------+-------------------------------------------------------+
| Global Id | Driver Type/Pin | Driver Region (D) | Clock              | Period (ns) | Waveform (ns)  | Slice Loads | IO Loads | Clocking Loads | GT Loads | Net                                                   |
+-----------+-----------------+-------------------+--------------------+-------------+----------------+-------------+----------+----------------+----------+-------------------------------------------------------+
| g2        | BUFG/O          | n/a               | clk_out1_clk_wiz_2 |     156.250 | {0.000 78.125} |           7 |        0 |              0 |        0 | clk_div_1_1inst/clk_ip_200MHz_to_6_4MHz/inst/clk_out1 |
+-----------+-----------------+-------------------+--------------------+-------------+----------------+-------------+----------+----------------+----------+-------------------------------------------------------+
* Logic Loads column represents load cell count of all cell types other than IO, GT and clock resources
** IO Loads column represents load cell count of IO types
*** Clocking Loads column represents load cell count that are clock resources (global clock buffer, MMCM, PLL, etc)
**** GT Loads column represents load cell count of GT types


+----+----+----+
|    | X0 | X1 |
+----+----+----+
| Y3 |  0 |  0 |
| Y2 |  0 |  0 |
| Y1 |  0 |  0 |
| Y0 |  7 |  0 |
+----+----+----+


10. Device Cell Placement Summary for Global Clock g3
-----------------------------------------------------

+-----------+-----------------+-------------------+----------------------+-------------+----------------+-------------+----------+----------------+----------+------------------------------------------------------+
| Global Id | Driver Type/Pin | Driver Region (D) | Clock                | Period (ns) | Waveform (ns)  | Slice Loads | IO Loads | Clocking Loads | GT Loads | Net                                                  |
+-----------+-----------------+-------------------+----------------------+-------------+----------------+-------------+----------+----------------+----------+------------------------------------------------------+
| g3        | BUFG/O          | n/a               | clk_out1_clk_wiz_2_1 |     156.250 | {0.000 78.125} |           7 |        0 |              0 |        0 | clk_div_1_inst/clk_ip_200MHz_to_6_4MHz/inst/clk_out1 |
+-----------+-----------------+-------------------+----------------------+-------------+----------------+-------------+----------+----------------+----------+------------------------------------------------------+
* Logic Loads column represents load cell count of all cell types other than IO, GT and clock resources
** IO Loads column represents load cell count of IO types
*** Clocking Loads column represents load cell count that are clock resources (global clock buffer, MMCM, PLL, etc)
**** GT Loads column represents load cell count of GT types


+----+----+----+
|    | X0 | X1 |
+----+----+----+
| Y3 |  0 |  0 |
| Y2 |  0 |  0 |
| Y1 |  0 |  0 |
| Y0 |  7 |  0 |
+----+----+----+


11. Device Cell Placement Summary for Global Clock g4
-----------------------------------------------------

+-----------+-----------------+-------------------+--------------------+-------------+----------------+-------------+----------+----------------+----------+--------------------------------------------------------+
| Global Id | Driver Type/Pin | Driver Region (D) | Clock              | Period (ns) | Waveform (ns)  | Slice Loads | IO Loads | Clocking Loads | GT Loads | Net                                                    |
+-----------+-----------------+-------------------+--------------------+-------------+----------------+-------------+----------+----------------+----------+--------------------------------------------------------+
| g4        | BUFG/O          | n/a               | clk_out1_clk_wiz_3 |     113.379 | {0.000 56.689} |           7 |        0 |              0 |        0 | clk_div_2_1inst/clk_ip_200MHz_to_8_82MHz/inst/clk_out1 |
+-----------+-----------------+-------------------+--------------------+-------------+----------------+-------------+----------+----------------+----------+--------------------------------------------------------+
* Logic Loads column represents load cell count of all cell types other than IO, GT and clock resources
** IO Loads column represents load cell count of IO types
*** Clocking Loads column represents load cell count that are clock resources (global clock buffer, MMCM, PLL, etc)
**** GT Loads column represents load cell count of GT types


+----+----+----+
|    | X0 | X1 |
+----+----+----+
| Y3 |  0 |  0 |
| Y2 |  0 |  0 |
| Y1 |  0 |  0 |
| Y0 |  7 |  0 |
+----+----+----+


12. Device Cell Placement Summary for Global Clock g5
-----------------------------------------------------

+-----------+-----------------+-------------------+----------------------+-------------+----------------+-------------+----------+----------------+----------+-------------------------------------------------------+
| Global Id | Driver Type/Pin | Driver Region (D) | Clock                | Period (ns) | Waveform (ns)  | Slice Loads | IO Loads | Clocking Loads | GT Loads | Net                                                   |
+-----------+-----------------+-------------------+----------------------+-------------+----------------+-------------+----------+----------------+----------+-------------------------------------------------------+
| g5        | BUFG/O          | n/a               | clk_out1_clk_wiz_3_1 |     113.379 | {0.000 56.689} |           7 |        0 |              0 |        0 | clk_div_2_inst/clk_ip_200MHz_to_8_82MHz/inst/clk_out1 |
+-----------+-----------------+-------------------+----------------------+-------------+----------------+-------------+----------+----------------+----------+-------------------------------------------------------+
* Logic Loads column represents load cell count of all cell types other than IO, GT and clock resources
** IO Loads column represents load cell count of IO types
*** Clocking Loads column represents load cell count that are clock resources (global clock buffer, MMCM, PLL, etc)
**** GT Loads column represents load cell count of GT types


+----+----+----+
|    | X0 | X1 |
+----+----+----+
| Y3 |  0 |  0 |
| Y2 |  0 |  0 |
| Y1 |  0 |  0 |
| Y0 |  7 |  0 |
+----+----+----+


13. Device Cell Placement Summary for Global Clock g6
-----------------------------------------------------

+-----------+-----------------+-------------------+--------------------+-------------+---------------+-------------+----------+----------------+----------+----------------------------------------------------------------+
| Global Id | Driver Type/Pin | Driver Region (D) | Clock              | Period (ns) | Waveform (ns) | Slice Loads | IO Loads | Clocking Loads | GT Loads | Net                                                            |
+-----------+-----------------+-------------------+--------------------+-------------+---------------+-------------+----------+----------------+----------+----------------------------------------------------------------+
| g6        | BUFG/O          | n/a               | clk_out1_clk_wiz_0 |       5.000 | {0.000 2.500} |           0 |        0 |              1 |        0 | clk_div_0_1inst/clk_ip_200MHz_to_9_6MHz/inst/clk_in1_clk_wiz_1 |
+-----------+-----------------+-------------------+--------------------+-------------+---------------+-------------+----------+----------------+----------+----------------------------------------------------------------+
* Logic Loads column represents load cell count of all cell types other than IO, GT and clock resources
** IO Loads column represents load cell count of IO types
*** Clocking Loads column represents load cell count that are clock resources (global clock buffer, MMCM, PLL, etc)
**** GT Loads column represents load cell count of GT types


+----+----+----+
|    | X0 | X1 |
+----+----+----+
| Y3 |  0 |  0 |
| Y2 |  1 |  0 |
| Y1 |  0 |  0 |
| Y0 |  0 |  0 |
+----+----+----+


14. Device Cell Placement Summary for Global Clock g7
-----------------------------------------------------

+-----------+-----------------+-------------------+--------------------+-------------+---------------+-------------+----------+----------------+----------+---------------------------------------------------------------+
| Global Id | Driver Type/Pin | Driver Region (D) | Clock              | Period (ns) | Waveform (ns) | Slice Loads | IO Loads | Clocking Loads | GT Loads | Net                                                           |
+-----------+-----------------+-------------------+--------------------+-------------+---------------+-------------+----------+----------------+----------+---------------------------------------------------------------+
| g7        | BUFG/O          | n/a               | clk_out1_clk_wiz_0 |       5.000 | {0.000 2.500} |           0 |        0 |              1 |        0 | clk_div_0_inst/clk_ip_200MHz_to_9_6MHz/inst/clk_in1_clk_wiz_1 |
+-----------+-----------------+-------------------+--------------------+-------------+---------------+-------------+----------+----------------+----------+---------------------------------------------------------------+
* Logic Loads column represents load cell count of all cell types other than IO, GT and clock resources
** IO Loads column represents load cell count of IO types
*** Clocking Loads column represents load cell count that are clock resources (global clock buffer, MMCM, PLL, etc)
**** GT Loads column represents load cell count of GT types


+----+----+----+
|    | X0 | X1 |
+----+----+----+
| Y3 |  1 |  0 |
| Y2 |  0 |  0 |
| Y1 |  0 |  0 |
| Y0 |  0 |  0 |
+----+----+----+


15. Device Cell Placement Summary for Global Clock g8
-----------------------------------------------------

+-----------+-----------------+-------------------+--------------------+-------------+---------------+-------------+----------+----------------+----------+----------------------------------------------------------------+
| Global Id | Driver Type/Pin | Driver Region (D) | Clock              | Period (ns) | Waveform (ns) | Slice Loads | IO Loads | Clocking Loads | GT Loads | Net                                                            |
+-----------+-----------------+-------------------+--------------------+-------------+---------------+-------------+----------+----------------+----------+----------------------------------------------------------------+
| g8        | BUFG/O          | n/a               | clk_out1_clk_wiz_0 |       5.000 | {0.000 2.500} |           0 |        0 |              1 |        0 | clk_div_1_1inst/clk_ip_200MHz_to_6_4MHz/inst/clk_in1_clk_wiz_2 |
+-----------+-----------------+-------------------+--------------------+-------------+---------------+-------------+----------+----------------+----------+----------------------------------------------------------------+
* Logic Loads column represents load cell count of all cell types other than IO, GT and clock resources
** IO Loads column represents load cell count of IO types
*** Clocking Loads column represents load cell count that are clock resources (global clock buffer, MMCM, PLL, etc)
**** GT Loads column represents load cell count of GT types


+----+----+----+
|    | X0 | X1 |
+----+----+----+
| Y3 |  0 |  0 |
| Y2 |  0 |  0 |
| Y1 |  1 |  0 |
| Y0 |  0 |  0 |
+----+----+----+


16. Device Cell Placement Summary for Global Clock g9
-----------------------------------------------------

+-----------+-----------------+-------------------+--------------------+-------------+---------------+-------------+----------+----------------+----------+---------------------------------------------------------------+
| Global Id | Driver Type/Pin | Driver Region (D) | Clock              | Period (ns) | Waveform (ns) | Slice Loads | IO Loads | Clocking Loads | GT Loads | Net                                                           |
+-----------+-----------------+-------------------+--------------------+-------------+---------------+-------------+----------+----------------+----------+---------------------------------------------------------------+
| g9        | BUFG/O          | n/a               | clk_out1_clk_wiz_0 |       5.000 | {0.000 2.500} |           0 |        0 |              1 |        0 | clk_div_1_inst/clk_ip_200MHz_to_6_4MHz/inst/clk_in1_clk_wiz_2 |
+-----------+-----------------+-------------------+--------------------+-------------+---------------+-------------+----------+----------------+----------+---------------------------------------------------------------+
* Logic Loads column represents load cell count of all cell types other than IO, GT and clock resources
** IO Loads column represents load cell count of IO types
*** Clocking Loads column represents load cell count that are clock resources (global clock buffer, MMCM, PLL, etc)
**** GT Loads column represents load cell count of GT types


+----+----+----+
|    | X0 | X1 |
+----+----+----+
| Y3 |  0 |  0 |
| Y2 |  0 |  0 |
| Y1 |  0 |  0 |
| Y0 |  1 |  0 |
+----+----+----+


17. Device Cell Placement Summary for Global Clock g10
------------------------------------------------------

+-----------+-----------------+-------------------+--------------------+-------------+---------------+-------------+----------+----------------+----------+-----------------------------------------------------------------+
| Global Id | Driver Type/Pin | Driver Region (D) | Clock              | Period (ns) | Waveform (ns) | Slice Loads | IO Loads | Clocking Loads | GT Loads | Net                                                             |
+-----------+-----------------+-------------------+--------------------+-------------+---------------+-------------+----------+----------------+----------+-----------------------------------------------------------------+
| g10       | BUFG/O          | n/a               | clk_out1_clk_wiz_0 |       5.000 | {0.000 2.500} |           0 |        0 |              1 |        0 | clk_div_2_1inst/clk_ip_200MHz_to_8_82MHz/inst/clk_in1_clk_wiz_3 |
+-----------+-----------------+-------------------+--------------------+-------------+---------------+-------------+----------+----------------+----------+-----------------------------------------------------------------+
* Logic Loads column represents load cell count of all cell types other than IO, GT and clock resources
** IO Loads column represents load cell count of IO types
*** Clocking Loads column represents load cell count that are clock resources (global clock buffer, MMCM, PLL, etc)
**** GT Loads column represents load cell count of GT types


+----+----+----+
|    | X0 | X1 |
+----+----+----+
| Y3 |  0 |  0 |
| Y2 |  0 |  0 |
| Y1 |  0 |  1 |
| Y0 |  0 |  0 |
+----+----+----+


18. Device Cell Placement Summary for Global Clock g11
------------------------------------------------------

+-----------+-----------------+-------------------+--------------------+-------------+---------------+-------------+----------+----------------+----------+----------------------------------------------------------------+
| Global Id | Driver Type/Pin | Driver Region (D) | Clock              | Period (ns) | Waveform (ns) | Slice Loads | IO Loads | Clocking Loads | GT Loads | Net                                                            |
+-----------+-----------------+-------------------+--------------------+-------------+---------------+-------------+----------+----------------+----------+----------------------------------------------------------------+
| g11       | BUFG/O          | n/a               | clk_out1_clk_wiz_0 |       5.000 | {0.000 2.500} |           0 |        0 |              1 |        0 | clk_div_2_inst/clk_ip_200MHz_to_8_82MHz/inst/clk_in1_clk_wiz_3 |
+-----------+-----------------+-------------------+--------------------+-------------+---------------+-------------+----------+----------------+----------+----------------------------------------------------------------+
* Logic Loads column represents load cell count of all cell types other than IO, GT and clock resources
** IO Loads column represents load cell count of IO types
*** Clocking Loads column represents load cell count that are clock resources (global clock buffer, MMCM, PLL, etc)
**** GT Loads column represents load cell count of GT types


+----+----+----+
|    | X0 | X1 |
+----+----+----+
| Y3 |  0 |  0 |
| Y2 |  0 |  0 |
| Y1 |  0 |  0 |
| Y0 |  1 |  0 |
+----+----+----+


19. Device Cell Placement Summary for Global Clock g12
------------------------------------------------------

+-----------+-----------------+-------------------+--------------------+-------------+----------------+-------------+----------+----------------+----------+---------------------------------------------------------------------+
| Global Id | Driver Type/Pin | Driver Region (D) | Clock              | Period (ns) | Waveform (ns)  | Slice Loads | IO Loads | Clocking Loads | GT Loads | Net                                                                 |
+-----------+-----------------+-------------------+--------------------+-------------+----------------+-------------+----------+----------------+----------+---------------------------------------------------------------------+
| g12       | BUFG/O          | n/a               | clkfbout_clk_wiz_1 |      25.000 | {0.000 12.500} |           0 |        0 |              1 |        0 | clk_div_0_1inst/clk_ip_200MHz_to_9_6MHz/inst/clkfbout_buf_clk_wiz_1 |
+-----------+-----------------+-------------------+--------------------+-------------+----------------+-------------+----------+----------------+----------+---------------------------------------------------------------------+
* Logic Loads column represents load cell count of all cell types other than IO, GT and clock resources
** IO Loads column represents load cell count of IO types
*** Clocking Loads column represents load cell count that are clock resources (global clock buffer, MMCM, PLL, etc)
**** GT Loads column represents load cell count of GT types


+----+----+----+
|    | X0 | X1 |
+----+----+----+
| Y3 |  0 |  0 |
| Y2 |  1 |  0 |
| Y1 |  0 |  0 |
| Y0 |  0 |  0 |
+----+----+----+


20. Device Cell Placement Summary for Global Clock g13
------------------------------------------------------

+-----------+-----------------+-------------------+----------------------+-------------+----------------+-------------+----------+----------------+----------+--------------------------------------------------------------------+
| Global Id | Driver Type/Pin | Driver Region (D) | Clock                | Period (ns) | Waveform (ns)  | Slice Loads | IO Loads | Clocking Loads | GT Loads | Net                                                                |
+-----------+-----------------+-------------------+----------------------+-------------+----------------+-------------+----------+----------------+----------+--------------------------------------------------------------------+
| g13       | BUFG/O          | n/a               | clkfbout_clk_wiz_1_1 |      25.000 | {0.000 12.500} |           0 |        0 |              1 |        0 | clk_div_0_inst/clk_ip_200MHz_to_9_6MHz/inst/clkfbout_buf_clk_wiz_1 |
+-----------+-----------------+-------------------+----------------------+-------------+----------------+-------------+----------+----------------+----------+--------------------------------------------------------------------+
* Logic Loads column represents load cell count of all cell types other than IO, GT and clock resources
** IO Loads column represents load cell count of IO types
*** Clocking Loads column represents load cell count that are clock resources (global clock buffer, MMCM, PLL, etc)
**** GT Loads column represents load cell count of GT types


+----+----+----+
|    | X0 | X1 |
+----+----+----+
| Y3 |  1 |  0 |
| Y2 |  0 |  0 |
| Y1 |  0 |  0 |
| Y0 |  0 |  0 |
+----+----+----+


21. Device Cell Placement Summary for Global Clock g14
------------------------------------------------------

+-----------+-----------------+-------------------+--------------------+-------------+---------------+-------------+----------+----------------+----------+---------------------------------------------------------------------+
| Global Id | Driver Type/Pin | Driver Region (D) | Clock              | Period (ns) | Waveform (ns) | Slice Loads | IO Loads | Clocking Loads | GT Loads | Net                                                                 |
+-----------+-----------------+-------------------+--------------------+-------------+---------------+-------------+----------+----------------+----------+---------------------------------------------------------------------+
| g14       | BUFG/O          | n/a               | clkfbout_clk_wiz_2 |       5.000 | {0.000 2.500} |           0 |        0 |              1 |        0 | clk_div_1_1inst/clk_ip_200MHz_to_6_4MHz/inst/clkfbout_buf_clk_wiz_2 |
+-----------+-----------------+-------------------+--------------------+-------------+---------------+-------------+----------+----------------+----------+---------------------------------------------------------------------+
* Logic Loads column represents load cell count of all cell types other than IO, GT and clock resources
** IO Loads column represents load cell count of IO types
*** Clocking Loads column represents load cell count that are clock resources (global clock buffer, MMCM, PLL, etc)
**** GT Loads column represents load cell count of GT types


+----+----+----+
|    | X0 | X1 |
+----+----+----+
| Y3 |  0 |  0 |
| Y2 |  0 |  0 |
| Y1 |  1 |  0 |
| Y0 |  0 |  0 |
+----+----+----+


22. Device Cell Placement Summary for Global Clock g15
------------------------------------------------------

+-----------+-----------------+-------------------+----------------------+-------------+---------------+-------------+----------+----------------+----------+--------------------------------------------------------------------+
| Global Id | Driver Type/Pin | Driver Region (D) | Clock                | Period (ns) | Waveform (ns) | Slice Loads | IO Loads | Clocking Loads | GT Loads | Net                                                                |
+-----------+-----------------+-------------------+----------------------+-------------+---------------+-------------+----------+----------------+----------+--------------------------------------------------------------------+
| g15       | BUFG/O          | n/a               | clkfbout_clk_wiz_2_1 |       5.000 | {0.000 2.500} |           0 |        0 |              1 |        0 | clk_div_1_inst/clk_ip_200MHz_to_6_4MHz/inst/clkfbout_buf_clk_wiz_2 |
+-----------+-----------------+-------------------+----------------------+-------------+---------------+-------------+----------+----------------+----------+--------------------------------------------------------------------+
* Logic Loads column represents load cell count of all cell types other than IO, GT and clock resources
** IO Loads column represents load cell count of IO types
*** Clocking Loads column represents load cell count that are clock resources (global clock buffer, MMCM, PLL, etc)
**** GT Loads column represents load cell count of GT types


+----+----+----+
|    | X0 | X1 |
+----+----+----+
| Y3 |  0 |  0 |
| Y2 |  0 |  0 |
| Y1 |  0 |  0 |
| Y0 |  1 |  0 |
+----+----+----+


23. Device Cell Placement Summary for Global Clock g16
------------------------------------------------------

+-----------+-----------------+-------------------+--------------------+-------------+----------------+-------------+----------+----------------+----------+----------------------------------------------------------------------+
| Global Id | Driver Type/Pin | Driver Region (D) | Clock              | Period (ns) | Waveform (ns)  | Slice Loads | IO Loads | Clocking Loads | GT Loads | Net                                                                  |
+-----------+-----------------+-------------------+--------------------+-------------+----------------+-------------+----------+----------------+----------+----------------------------------------------------------------------+
| g16       | BUFG/O          | n/a               | clkfbout_clk_wiz_3 |      75.000 | {0.000 37.500} |           0 |        0 |              1 |        0 | clk_div_2_1inst/clk_ip_200MHz_to_8_82MHz/inst/clkfbout_buf_clk_wiz_3 |
+-----------+-----------------+-------------------+--------------------+-------------+----------------+-------------+----------+----------------+----------+----------------------------------------------------------------------+
* Logic Loads column represents load cell count of all cell types other than IO, GT and clock resources
** IO Loads column represents load cell count of IO types
*** Clocking Loads column represents load cell count that are clock resources (global clock buffer, MMCM, PLL, etc)
**** GT Loads column represents load cell count of GT types


+----+----+----+
|    | X0 | X1 |
+----+----+----+
| Y3 |  0 |  0 |
| Y2 |  0 |  0 |
| Y1 |  0 |  1 |
| Y0 |  0 |  0 |
+----+----+----+


24. Device Cell Placement Summary for Global Clock g17
------------------------------------------------------

+-----------+-----------------+-------------------+----------------------+-------------+----------------+-------------+----------+----------------+----------+---------------------------------------------------------------------+
| Global Id | Driver Type/Pin | Driver Region (D) | Clock                | Period (ns) | Waveform (ns)  | Slice Loads | IO Loads | Clocking Loads | GT Loads | Net                                                                 |
+-----------+-----------------+-------------------+----------------------+-------------+----------------+-------------+----------+----------------+----------+---------------------------------------------------------------------+
| g17       | BUFG/O          | n/a               | clkfbout_clk_wiz_3_1 |      75.000 | {0.000 37.500} |           0 |        0 |              1 |        0 | clk_div_2_inst/clk_ip_200MHz_to_8_82MHz/inst/clkfbout_buf_clk_wiz_3 |
+-----------+-----------------+-------------------+----------------------+-------------+----------------+-------------+----------+----------------+----------+---------------------------------------------------------------------+
* Logic Loads column represents load cell count of all cell types other than IO, GT and clock resources
** IO Loads column represents load cell count of IO types
*** Clocking Loads column represents load cell count that are clock resources (global clock buffer, MMCM, PLL, etc)
**** GT Loads column represents load cell count of GT types


+----+----+----+
|    | X0 | X1 |
+----+----+----+
| Y3 |  0 |  0 |
| Y2 |  0 |  0 |
| Y1 |  0 |  0 |
| Y0 |  1 |  0 |
+----+----+----+


25. Device Cell Placement Summary for Global Clock g18
------------------------------------------------------

+-----------+-----------------+-------------------+--------------------+-------------+----------------+-------------+----------+----------------+----------+----------------------------------------------------+
| Global Id | Driver Type/Pin | Driver Region (D) | Clock              | Period (ns) | Waveform (ns)  | Slice Loads | IO Loads | Clocking Loads | GT Loads | Net                                                |
+-----------+-----------------+-------------------+--------------------+-------------+----------------+-------------+----------+----------------+----------+----------------------------------------------------+
| g18       | BUFG/O          | n/a               | clkfbout_clk_wiz_0 |      20.000 | {0.000 10.000} |           0 |        0 |              1 |        0 | clk_ip_50MHz_to_200MHz/inst/clkfbout_buf_clk_wiz_0 |
+-----------+-----------------+-------------------+--------------------+-------------+----------------+-------------+----------+----------------+----------+----------------------------------------------------+
* Logic Loads column represents load cell count of all cell types other than IO, GT and clock resources
** IO Loads column represents load cell count of IO types
*** Clocking Loads column represents load cell count that are clock resources (global clock buffer, MMCM, PLL, etc)
**** GT Loads column represents load cell count of GT types


+----+----+----+
|    | X0 | X1 |
+----+----+----+
| Y3 |  0 |  0 |
| Y2 |  0 |  0 |
| Y1 |  1 |  0 |
| Y0 |  0 |  0 |
+----+----+----+


26. Clock Region Cell Placement per Global Clock: Region X0Y0
-------------------------------------------------------------

+-----------+-------+-----------------+------------+-------------+-----------------+----+--------+------+-----+----+------+-----+---------+---------------------------------------------------------------------+
| Global Id | Track | Driver Type/Pin | Constraint | Clock Loads | Non-Clock Loads | FF | LUTRAM | RAMB | DSP | GT | MMCM | PLL | Hard IP | Net                                                                 |
+-----------+-------+-----------------+------------+-------------+-----------------+----+--------+------+-----+----+------+-----+---------+---------------------------------------------------------------------+
| g0        | n/a   | BUFG/O          | None       |           7 |               0 |  7 |      0 |    0 |   0 |  0 |    0 |   0 |       0 | clk_div_0_1inst/clk_ip_200MHz_to_9_6MHz/inst/clk_out1               |
| g1        | n/a   | BUFG/O          | None       |           7 |               0 |  7 |      0 |    0 |   0 |  0 |    0 |   0 |       0 | clk_div_0_inst/clk_ip_200MHz_to_9_6MHz/inst/clk_out1                |
| g2        | n/a   | BUFG/O          | None       |           7 |               0 |  7 |      0 |    0 |   0 |  0 |    0 |   0 |       0 | clk_div_1_1inst/clk_ip_200MHz_to_6_4MHz/inst/clk_out1               |
| g3        | n/a   | BUFG/O          | None       |           7 |               0 |  7 |      0 |    0 |   0 |  0 |    0 |   0 |       0 | clk_div_1_inst/clk_ip_200MHz_to_6_4MHz/inst/clk_out1                |
| g4        | n/a   | BUFG/O          | None       |           7 |               0 |  7 |      0 |    0 |   0 |  0 |    0 |   0 |       0 | clk_div_2_1inst/clk_ip_200MHz_to_8_82MHz/inst/clk_out1              |
| g5        | n/a   | BUFG/O          | None       |           7 |               0 |  7 |      0 |    0 |   0 |  0 |    0 |   0 |       0 | clk_div_2_inst/clk_ip_200MHz_to_8_82MHz/inst/clk_out1               |
| g9        | n/a   | BUFG/O          | None       |           1 |               0 |  0 |      0 |    0 |   0 |  0 |    0 |   1 |       0 | clk_div_1_inst/clk_ip_200MHz_to_6_4MHz/inst/clk_in1_clk_wiz_2       |
| g15       | n/a   | BUFG/O          | None       |           1 |               0 |  0 |      0 |    0 |   0 |  0 |    0 |   1 |       0 | clk_div_1_inst/clk_ip_200MHz_to_6_4MHz/inst/clkfbout_buf_clk_wiz_2  |
| g11       | n/a   | BUFG/O          | None       |           1 |               0 |  0 |      0 |    0 |   0 |  0 |    1 |   0 |       0 | clk_div_2_inst/clk_ip_200MHz_to_8_82MHz/inst/clk_in1_clk_wiz_3      |
| g17       | n/a   | BUFG/O          | None       |           1 |               0 |  0 |      0 |    0 |   0 |  0 |    1 |   0 |       0 | clk_div_2_inst/clk_ip_200MHz_to_8_82MHz/inst/clkfbout_buf_clk_wiz_3 |
+-----------+-------+-----------------+------------+-------------+-----------------+----+--------+------+-----+----+------+-----+---------+---------------------------------------------------------------------+
* Clock Loads column represents the clock pin loads (pin count)
** Non-Clock Loads column represents the non-clock pin loads (pin count)
*** Columns FF, LUTRAM, RAMB through 'Hard IP' represents load cell counts


27. Clock Region Cell Placement per Global Clock: Region X0Y1
-------------------------------------------------------------

+-----------+-------+-----------------+------------+-------------+-----------------+----+--------+------+-----+----+------+-----+---------+---------------------------------------------------------------------+
| Global Id | Track | Driver Type/Pin | Constraint | Clock Loads | Non-Clock Loads | FF | LUTRAM | RAMB | DSP | GT | MMCM | PLL | Hard IP | Net                                                                 |
+-----------+-------+-----------------+------------+-------------+-----------------+----+--------+------+-----+----+------+-----+---------+---------------------------------------------------------------------+
| g8        | n/a   | BUFG/O          | None       |           1 |               0 |  0 |      0 |    0 |   0 |  0 |    0 |   1 |       0 | clk_div_1_1inst/clk_ip_200MHz_to_6_4MHz/inst/clk_in1_clk_wiz_2      |
| g14       | n/a   | BUFG/O          | None       |           1 |               0 |  0 |      0 |    0 |   0 |  0 |    0 |   1 |       0 | clk_div_1_1inst/clk_ip_200MHz_to_6_4MHz/inst/clkfbout_buf_clk_wiz_2 |
| g18       | n/a   | BUFG/O          | None       |           1 |               0 |  0 |      0 |    0 |   0 |  0 |    1 |   0 |       0 | clk_ip_50MHz_to_200MHz/inst/clkfbout_buf_clk_wiz_0                  |
+-----------+-------+-----------------+------------+-------------+-----------------+----+--------+------+-----+----+------+-----+---------+---------------------------------------------------------------------+
* Clock Loads column represents the clock pin loads (pin count)
** Non-Clock Loads column represents the non-clock pin loads (pin count)
*** Columns FF, LUTRAM, RAMB through 'Hard IP' represents load cell counts


28. Clock Region Cell Placement per Global Clock: Region X1Y1
-------------------------------------------------------------

+-----------+-------+-----------------+------------+-------------+-----------------+----+--------+------+-----+----+------+-----+---------+----------------------------------------------------------------------+
| Global Id | Track | Driver Type/Pin | Constraint | Clock Loads | Non-Clock Loads | FF | LUTRAM | RAMB | DSP | GT | MMCM | PLL | Hard IP | Net                                                                  |
+-----------+-------+-----------------+------------+-------------+-----------------+----+--------+------+-----+----+------+-----+---------+----------------------------------------------------------------------+
| g10       | n/a   | BUFG/O          | None       |           1 |               0 |  0 |      0 |    0 |   0 |  0 |    1 |   0 |       0 | clk_div_2_1inst/clk_ip_200MHz_to_8_82MHz/inst/clk_in1_clk_wiz_3      |
| g16       | n/a   | BUFG/O          | None       |           1 |               0 |  0 |      0 |    0 |   0 |  0 |    1 |   0 |       0 | clk_div_2_1inst/clk_ip_200MHz_to_8_82MHz/inst/clkfbout_buf_clk_wiz_3 |
+-----------+-------+-----------------+------------+-------------+-----------------+----+--------+------+-----+----+------+-----+---------+----------------------------------------------------------------------+
* Clock Loads column represents the clock pin loads (pin count)
** Non-Clock Loads column represents the non-clock pin loads (pin count)
*** Columns FF, LUTRAM, RAMB through 'Hard IP' represents load cell counts


29. Clock Region Cell Placement per Global Clock: Region X0Y2
-------------------------------------------------------------

+-----------+-------+-----------------+------------+-------------+-----------------+----+--------+------+-----+----+------+-----+---------+---------------------------------------------------------------------+
| Global Id | Track | Driver Type/Pin | Constraint | Clock Loads | Non-Clock Loads | FF | LUTRAM | RAMB | DSP | GT | MMCM | PLL | Hard IP | Net                                                                 |
+-----------+-------+-----------------+------------+-------------+-----------------+----+--------+------+-----+----+------+-----+---------+---------------------------------------------------------------------+
| g6        | n/a   | BUFG/O          | None       |           1 |               0 |  0 |      0 |    0 |   0 |  0 |    0 |   1 |       0 | clk_div_0_1inst/clk_ip_200MHz_to_9_6MHz/inst/clk_in1_clk_wiz_1      |
| g12       | n/a   | BUFG/O          | None       |           1 |               0 |  0 |      0 |    0 |   0 |  0 |    0 |   1 |       0 | clk_div_0_1inst/clk_ip_200MHz_to_9_6MHz/inst/clkfbout_buf_clk_wiz_1 |
+-----------+-------+-----------------+------------+-------------+-----------------+----+--------+------+-----+----+------+-----+---------+---------------------------------------------------------------------+
* Clock Loads column represents the clock pin loads (pin count)
** Non-Clock Loads column represents the non-clock pin loads (pin count)
*** Columns FF, LUTRAM, RAMB through 'Hard IP' represents load cell counts


30. Clock Region Cell Placement per Global Clock: Region X0Y3
-------------------------------------------------------------

+-----------+-------+-----------------+------------+-------------+-----------------+----+--------+------+-----+----+------+-----+---------+--------------------------------------------------------------------+
| Global Id | Track | Driver Type/Pin | Constraint | Clock Loads | Non-Clock Loads | FF | LUTRAM | RAMB | DSP | GT | MMCM | PLL | Hard IP | Net                                                                |
+-----------+-------+-----------------+------------+-------------+-----------------+----+--------+------+-----+----+------+-----+---------+--------------------------------------------------------------------+
| g7        | n/a   | BUFG/O          | None       |           1 |               0 |  0 |      0 |    0 |   0 |  0 |    0 |   1 |       0 | clk_div_0_inst/clk_ip_200MHz_to_9_6MHz/inst/clk_in1_clk_wiz_1      |
| g13       | n/a   | BUFG/O          | None       |           1 |               0 |  0 |      0 |    0 |   0 |  0 |    0 |   1 |       0 | clk_div_0_inst/clk_ip_200MHz_to_9_6MHz/inst/clkfbout_buf_clk_wiz_1 |
+-----------+-------+-----------------+------------+-------------+-----------------+----+--------+------+-----+----+------+-----+---------+--------------------------------------------------------------------+
* Clock Loads column represents the clock pin loads (pin count)
** Non-Clock Loads column represents the non-clock pin loads (pin count)
*** Columns FF, LUTRAM, RAMB through 'Hard IP' represents load cell counts



# Location of BUFG Primitives 
set_property LOC BUFGCTRL_X0Y14 [get_cells clk_ip_50MHz_to_200MHz/inst/clkf_buf]
set_property LOC BUFGCTRL_X0Y12 [get_cells clk_div_2_inst/clk_ip_200MHz_to_8_82MHz/inst/clkf_buf]
set_property LOC BUFGCTRL_X0Y3 [get_cells clk_div_2_inst/clk_ip_200MHz_to_8_82MHz/inst/clkout1_buf]
set_property LOC BUFGCTRL_X0Y13 [get_cells clk_div_2_inst/clk_ip_200MHz_to_8_82MHz/inst/clkin1_bufg]
set_property LOC BUFGCTRL_X0Y10 [get_cells clk_div_2_1inst/clk_ip_200MHz_to_8_82MHz/inst/clkf_buf]
set_property LOC BUFGCTRL_X0Y2 [get_cells clk_div_2_1inst/clk_ip_200MHz_to_8_82MHz/inst/clkout1_buf]
set_property LOC BUFGCTRL_X0Y11 [get_cells clk_div_2_1inst/clk_ip_200MHz_to_8_82MHz/inst/clkin1_bufg]
set_property LOC BUFGCTRL_X0Y8 [get_cells clk_div_1_inst/clk_ip_200MHz_to_6_4MHz/inst/clkf_buf]
set_property LOC BUFGCTRL_X0Y1 [get_cells clk_div_1_inst/clk_ip_200MHz_to_6_4MHz/inst/clkout1_buf]
set_property LOC BUFGCTRL_X0Y9 [get_cells clk_div_1_inst/clk_ip_200MHz_to_6_4MHz/inst/clkin1_bufg]
set_property LOC BUFGCTRL_X0Y6 [get_cells clk_div_1_1inst/clk_ip_200MHz_to_6_4MHz/inst/clkf_buf]
set_property LOC BUFGCTRL_X0Y0 [get_cells clk_div_1_1inst/clk_ip_200MHz_to_6_4MHz/inst/clkout1_buf]
set_property LOC BUFGCTRL_X0Y7 [get_cells clk_div_1_1inst/clk_ip_200MHz_to_6_4MHz/inst/clkin1_bufg]
set_property LOC BUFGCTRL_X0Y19 [get_cells clk_div_0_inst/clk_ip_200MHz_to_9_6MHz/inst/clkf_buf]
set_property LOC BUFGCTRL_X0Y17 [get_cells clk_div_0_inst/clk_ip_200MHz_to_9_6MHz/inst/clkout1_buf]
set_property LOC BUFGCTRL_X0Y5 [get_cells clk_div_0_inst/clk_ip_200MHz_to_9_6MHz/inst/clkin1_bufg]
set_property LOC BUFGCTRL_X0Y18 [get_cells clk_div_0_1inst/clk_ip_200MHz_to_9_6MHz/inst/clkf_buf]
set_property LOC BUFGCTRL_X0Y16 [get_cells clk_div_0_1inst/clk_ip_200MHz_to_9_6MHz/inst/clkout1_buf]
set_property LOC BUFGCTRL_X0Y4 [get_cells clk_div_0_1inst/clk_ip_200MHz_to_9_6MHz/inst/clkin1_bufg]

# Location of IO Primitives which is load of clock spine

# Location of clock ports
set_property LOC IOB_X0Y76 [get_ports sys_clk]

# Clock net "clk_div_2_inst/clk_ip_200MHz_to_8_82MHz/inst/clk_out1" driven by instance "clk_div_2_inst/clk_ip_200MHz_to_8_82MHz/inst/clkout1_buf" located at site "BUFGCTRL_X0Y3"
#startgroup
create_pblock {CLKAG_clk_div_2_inst/clk_ip_200MHz_to_8_82MHz/inst/clk_out1}
add_cells_to_pblock [get_pblocks  {CLKAG_clk_div_2_inst/clk_ip_200MHz_to_8_82MHz/inst/clk_out1}] [get_cells -filter { PRIMITIVE_GROUP != I/O && IS_PRIMITIVE==1 && PRIMITIVE_LEVEL !=INTERNAL } -of_object [get_pins -filter {DIRECTION==IN} -of_objects [get_nets -hierarchical -filter {PARENT=="clk_div_2_inst/clk_ip_200MHz_to_8_82MHz/inst/clk_out1"}]]]
resize_pblock [get_pblocks {CLKAG_clk_div_2_inst/clk_ip_200MHz_to_8_82MHz/inst/clk_out1}] -add {CLOCKREGION_X0Y0:CLOCKREGION_X0Y0}
#endgroup

# Clock net "clk_div_2_1inst/clk_ip_200MHz_to_8_82MHz/inst/clk_out1" driven by instance "clk_div_2_1inst/clk_ip_200MHz_to_8_82MHz/inst/clkout1_buf" located at site "BUFGCTRL_X0Y2"
#startgroup
create_pblock {CLKAG_clk_div_2_1inst/clk_ip_200MHz_to_8_82MHz/inst/clk_out1}
add_cells_to_pblock [get_pblocks  {CLKAG_clk_div_2_1inst/clk_ip_200MHz_to_8_82MHz/inst/clk_out1}] [get_cells -filter { PRIMITIVE_GROUP != I/O && IS_PRIMITIVE==1 && PRIMITIVE_LEVEL !=INTERNAL } -of_object [get_pins -filter {DIRECTION==IN} -of_objects [get_nets -hierarchical -filter {PARENT=="clk_div_2_1inst/clk_ip_200MHz_to_8_82MHz/inst/clk_out1"}]]]
resize_pblock [get_pblocks {CLKAG_clk_div_2_1inst/clk_ip_200MHz_to_8_82MHz/inst/clk_out1}] -add {CLOCKREGION_X0Y0:CLOCKREGION_X0Y0}
#endgroup

# Clock net "clk_div_1_inst/clk_ip_200MHz_to_6_4MHz/inst/clk_out1" driven by instance "clk_div_1_inst/clk_ip_200MHz_to_6_4MHz/inst/clkout1_buf" located at site "BUFGCTRL_X0Y1"
#startgroup
create_pblock {CLKAG_clk_div_1_inst/clk_ip_200MHz_to_6_4MHz/inst/clk_out1}
add_cells_to_pblock [get_pblocks  {CLKAG_clk_div_1_inst/clk_ip_200MHz_to_6_4MHz/inst/clk_out1}] [get_cells -filter { PRIMITIVE_GROUP != I/O && IS_PRIMITIVE==1 && PRIMITIVE_LEVEL !=INTERNAL } -of_object [get_pins -filter {DIRECTION==IN} -of_objects [get_nets -hierarchical -filter {PARENT=="clk_div_1_inst/clk_ip_200MHz_to_6_4MHz/inst/clk_out1"}]]]
resize_pblock [get_pblocks {CLKAG_clk_div_1_inst/clk_ip_200MHz_to_6_4MHz/inst/clk_out1}] -add {CLOCKREGION_X0Y0:CLOCKREGION_X0Y0}
#endgroup

# Clock net "clk_div_1_1inst/clk_ip_200MHz_to_6_4MHz/inst/clk_out1" driven by instance "clk_div_1_1inst/clk_ip_200MHz_to_6_4MHz/inst/clkout1_buf" located at site "BUFGCTRL_X0Y0"
#startgroup
create_pblock {CLKAG_clk_div_1_1inst/clk_ip_200MHz_to_6_4MHz/inst/clk_out1}
add_cells_to_pblock [get_pblocks  {CLKAG_clk_div_1_1inst/clk_ip_200MHz_to_6_4MHz/inst/clk_out1}] [get_cells -filter { PRIMITIVE_GROUP != I/O && IS_PRIMITIVE==1 && PRIMITIVE_LEVEL !=INTERNAL } -of_object [get_pins -filter {DIRECTION==IN} -of_objects [get_nets -hierarchical -filter {PARENT=="clk_div_1_1inst/clk_ip_200MHz_to_6_4MHz/inst/clk_out1"}]]]
resize_pblock [get_pblocks {CLKAG_clk_div_1_1inst/clk_ip_200MHz_to_6_4MHz/inst/clk_out1}] -add {CLOCKREGION_X0Y0:CLOCKREGION_X0Y0}
#endgroup

# Clock net "clk_div_0_inst/clk_ip_200MHz_to_9_6MHz/inst/clk_out1" driven by instance "clk_div_0_inst/clk_ip_200MHz_to_9_6MHz/inst/clkout1_buf" located at site "BUFGCTRL_X0Y17"
#startgroup
create_pblock {CLKAG_clk_div_0_inst/clk_ip_200MHz_to_9_6MHz/inst/clk_out1}
add_cells_to_pblock [get_pblocks  {CLKAG_clk_div_0_inst/clk_ip_200MHz_to_9_6MHz/inst/clk_out1}] [get_cells -filter { PRIMITIVE_GROUP != I/O && IS_PRIMITIVE==1 && PRIMITIVE_LEVEL !=INTERNAL } -of_object [get_pins -filter {DIRECTION==IN} -of_objects [get_nets -hierarchical -filter {PARENT=="clk_div_0_inst/clk_ip_200MHz_to_9_6MHz/inst/clk_out1"}]]]
resize_pblock [get_pblocks {CLKAG_clk_div_0_inst/clk_ip_200MHz_to_9_6MHz/inst/clk_out1}] -add {CLOCKREGION_X0Y0:CLOCKREGION_X0Y0}
#endgroup

# Clock net "clk_div_0_1inst/clk_ip_200MHz_to_9_6MHz/inst/clk_out1" driven by instance "clk_div_0_1inst/clk_ip_200MHz_to_9_6MHz/inst/clkout1_buf" located at site "BUFGCTRL_X0Y16"
#startgroup
create_pblock {CLKAG_clk_div_0_1inst/clk_ip_200MHz_to_9_6MHz/inst/clk_out1}
add_cells_to_pblock [get_pblocks  {CLKAG_clk_div_0_1inst/clk_ip_200MHz_to_9_6MHz/inst/clk_out1}] [get_cells -filter { PRIMITIVE_GROUP != I/O && IS_PRIMITIVE==1 && PRIMITIVE_LEVEL !=INTERNAL } -of_object [get_pins -filter {DIRECTION==IN} -of_objects [get_nets -hierarchical -filter {PARENT=="clk_div_0_1inst/clk_ip_200MHz_to_9_6MHz/inst/clk_out1"}]]]
resize_pblock [get_pblocks {CLKAG_clk_div_0_1inst/clk_ip_200MHz_to_9_6MHz/inst/clk_out1}] -add {CLOCKREGION_X0Y0:CLOCKREGION_X0Y0}
#endgroup
