Copyright 1986-2018 Xilinx, Inc. All Rights Reserved.
---------------------------------------------------------------------------------------
| Tool Version : Vivado v.2018.3 (win64) Build 2405991 Thu Dec  6 23:38:27 MST 2018
| Date         : Tue Apr 19 17:53:50 2022
| Host         : DESKTOP-E68HFE0 running 64-bit major release  (build 9200)
| Command      : report_control_sets -verbose -file system_top_control_sets_placed.rpt
| Design       : system_top
| Device       : xc7a100t
---------------------------------------------------------------------------------------

Control Set Information

Table of Contents
-----------------
1. Summary
2. Histogram
3. Flip-Flop Distribution
4. Detailed Control Set Information

1. Summary
----------

+----------------------------------------------------------+-------+
|                          Status                          | Count |
+----------------------------------------------------------+-------+
| Number of unique control sets                            |    99 |
| Unused register locations in slices containing registers |   447 |
+----------------------------------------------------------+-------+


2. Histogram
------------

+--------+--------------+
| Fanout | Control Sets |
+--------+--------------+
|      1 |           26 |
|      2 |            9 |
|      3 |            3 |
|      4 |           10 |
|      7 |            6 |
|      9 |            1 |
|     10 |            1 |
|     11 |            4 |
|     12 |           13 |
|     13 |            4 |
|     15 |            2 |
|    16+ |           20 |
+--------+--------------+


3. Flip-Flop Distribution
-------------------------

+--------------+-----------------------+------------------------+-----------------+--------------+
| Clock Enable | Synchronous Set/Reset | Asynchronous Set/Reset | Total Registers | Total Slices |
+--------------+-----------------------+------------------------+-----------------+--------------+
| No           | No                    | No                     |             634 |          170 |
| No           | No                    | Yes                    |             320 |          151 |
| No           | Yes                   | No                     |              91 |           38 |
| Yes          | No                    | No                     |               0 |            0 |
| Yes          | No                    | Yes                    |            1852 |          617 |
| Yes          | Yes                   | No                     |             200 |           44 |
+--------------+-----------------------+------------------------+-----------------+--------------+


4. Detailed Control Set Information
-----------------------------------

+---------------------------------------------------------------------+-----------------------------------------------------------------------------------------------------------------------------------------------------+-----------------------------------------------------------------------------------------------------------------------------------------------------------------------------------+------------------+----------------+
|                             Clock Signal                            |                                                                    Enable Signal                                                                    |                                                                                  Set/Reset Signal                                                                                 | Slice Load Count | Bel Load Count |
+---------------------------------------------------------------------+-----------------------------------------------------------------------------------------------------------------------------------------------------+-----------------------------------------------------------------------------------------------------------------------------------------------------------------------------------+------------------+----------------+
|  clk_div_1_1inst/clk_64KHz_inst/clk_64KHz                           |                                                                                                                                                     | clk_div_1_1inst/clk_64KHz_to_8KHz_inst/clk_32KHz_reg_i_2_n_0                                                                                                                      |                1 |              1 |
|  algorithm_top_inst/signal_extraction_inst/cnt_reg[8]_LDC_i_1_n_0   |                                                                                                                                                     | algorithm_top_inst/signal_extraction_inst/cnt_reg[8]_LDC_i_2_n_0                                                                                                                  |                1 |              1 |
|  algorithm_top_inst/signal_extraction_inst/cnt_reg[7]_LDC_i_1_n_0   |                                                                                                                                                     | algorithm_top_inst/signal_extraction_inst/cnt_reg[7]_LDC_i_2_n_0                                                                                                                  |                1 |              1 |
|  algorithm_top_inst/signal_extraction_inst/cnt_reg[9]_LDC_i_1_n_0   |                                                                                                                                                     | algorithm_top_inst/signal_extraction_inst/cnt_reg[9]_LDC_i_2_n_0                                                                                                                  |                1 |              1 |
|  algorithm_top_inst/signal_extraction_1_inst/cnt_reg[7]_LDC_i_1_n_0 |                                                                                                                                                     | algorithm_top_inst/signal_extraction_1_inst/cnt_reg[7]_LDC_i_2_n_0                                                                                                                |                1 |              1 |
|  algorithm_top_inst/signal_extraction_1_inst/cnt_reg[8]_LDC_i_1_n_0 |                                                                                                                                                     | algorithm_top_inst/signal_extraction_1_inst/cnt_reg[8]_LDC_i_2_n_0                                                                                                                |                1 |              1 |
|  algorithm_top_inst/signal_extraction_1_inst/cnt_reg[9]_LDC_i_1_n_0 |                                                                                                                                                     | algorithm_top_inst/signal_extraction_1_inst/cnt_reg[9]_LDC_i_2_n_0                                                                                                                |                1 |              1 |
|  algorithm_top_inst/signal_interpolation_farrow_inst/wr_en_1_reg0   |                                                                                                                                                     | algorithm_top_inst/signal_interpolation_farrow_inst/fifo_farrow_0_inst_i_1_n_0                                                                                                    |                1 |              1 |
|  clk_div_0_inst/clk_96KHz_to_12KHz_inst/clk_48KHz                   |                                                                                                                                                     | clk_div_0_inst/clk_96KHz_to_12KHz_inst/clk_48KHz_reg_i_2_n_0                                                                                                                      |                1 |              1 |
|  clk_div_0_inst/clk_96KHz_to_12KHz_inst/clk_24KHz                   |                                                                                                                                                     | clk_div_0_inst/clk_96KHz_to_12KHz_inst/clk_48KHz_reg_i_2_n_0                                                                                                                      |                1 |              1 |
|  clk_div_1_1inst/clk_64KHz_to_8KHz_inst/clk_16KHz                   |                                                                                                                                                     | clk_div_1_1inst/clk_64KHz_to_8KHz_inst/clk_32KHz_reg_i_2_n_0                                                                                                                      |                1 |              1 |
|  clk_div_1_1inst/clk_64KHz_to_8KHz_inst/clk_32KHz                   |                                                                                                                                                     | clk_div_1_1inst/clk_64KHz_to_8KHz_inst/clk_32KHz_reg_i_2_n_0                                                                                                                      |                1 |              1 |
|  clk_div_0_1inst/clk_96KHz_inst/clk_96KHz                           |                                                                                                                                                     | clk_div_0_1inst/clk_96KHz_to_12KHz_inst/clk_48KHz_reg_i_2_n_0                                                                                                                     |                1 |              1 |
|  clk_div_1_inst/clk_64KHz_inst/clk_64KHz                            |                                                                                                                                                     | clk_div_1_inst/clk_64KHz_to_8KHz_inst/clk_32KHz_reg_i_2_n_0                                                                                                                       |                1 |              1 |
|  clk_div_1_inst/clk_64KHz_to_8KHz_inst/clk_16KHz                    |                                                                                                                                                     | clk_div_1_inst/clk_64KHz_to_8KHz_inst/clk_32KHz_reg_i_2_n_0                                                                                                                       |                1 |              1 |
|  clk_div_1_inst/clk_64KHz_to_8KHz_inst/clk_32KHz                    |                                                                                                                                                     | clk_div_1_inst/clk_64KHz_to_8KHz_inst/clk_32KHz_reg_i_2_n_0                                                                                                                       |                1 |              1 |
|  clk_div_2_1inst/clk_88_2KHz_inst/clk_88_2KHz                       |                                                                                                                                                     | clk_div_2_1inst/clk_88_2KHz_to_11_025KHz_inst/clk_44_1KHz_reg_i_2_n_0                                                                                                             |                1 |              1 |
|  clk_div_2_1inst/clk_88_2KHz_to_11_025KHz_inst/clk_22_05KHz         |                                                                                                                                                     | clk_div_2_1inst/clk_88_2KHz_to_11_025KHz_inst/clk_44_1KHz_reg_i_2_n_0                                                                                                             |                1 |              1 |
|  clk_div_2_1inst/clk_88_2KHz_to_11_025KHz_inst/clk_44_1KHz          |                                                                                                                                                     | clk_div_2_1inst/clk_88_2KHz_to_11_025KHz_inst/clk_44_1KHz_reg_i_2_n_0                                                                                                             |                1 |              1 |
|  clk_div_2_inst/clk_88_2KHz_inst/clk_88_2KHz                        |                                                                                                                                                     | clk_div_2_inst/clk_88_2KHz_to_11_025KHz_inst/clk_44_1KHz_reg_i_2_n_0                                                                                                              |                1 |              1 |
|  clk_div_2_inst/clk_88_2KHz_to_11_025KHz_inst/clk_44_1KHz           |                                                                                                                                                     | clk_div_2_inst/clk_88_2KHz_to_11_025KHz_inst/clk_44_1KHz_reg_i_2_n_0                                                                                                              |                1 |              1 |
|  clk_div_2_inst/clk_88_2KHz_to_11_025KHz_inst/clk_22_05KHz          |                                                                                                                                                     | clk_div_2_inst/clk_88_2KHz_to_11_025KHz_inst/clk_44_1KHz_reg_i_2_n_0                                                                                                              |                1 |              1 |
|  clk_div_0_1inst/clk_96KHz_to_12KHz_inst/clk_24KHz                  |                                                                                                                                                     | clk_div_0_1inst/clk_96KHz_to_12KHz_inst/clk_48KHz_reg_i_2_n_0                                                                                                                     |                1 |              1 |
|  clk_div_0_1inst/clk_96KHz_to_12KHz_inst/clk_48KHz                  |                                                                                                                                                     | clk_div_0_1inst/clk_96KHz_to_12KHz_inst/clk_48KHz_reg_i_2_n_0                                                                                                                     |                1 |              1 |
|  sys_clk_IBUF                                                       | uart_send_inst/uart_txd_i_1_n_0                                                                                                                     | uart_send_inst/uart_txd_i_3_n_0                                                                                                                                                   |                1 |              1 |
|  clk_div_0_inst/clk_96KHz_inst/clk_96KHz                            |                                                                                                                                                     | clk_div_0_inst/clk_96KHz_to_12KHz_inst/clk_48KHz_reg_i_2_n_0                                                                                                                      |                1 |              1 |
|  algorithm_top_inst/signal_interpolation_farrow_inst/wr_en_0_reg0   |                                                                                                                                                     | algorithm_top_inst/signal_interpolation_farrow_inst/fifo_farrow_0_inst_i_1_n_0                                                                                                    |                1 |              2 |
|  dac_clk_1_OBUF                                                     |                                                                                                                                                     | algorithm_top_inst/signal_extraction_inst/cnt_reg[8]_LDC_i_2_n_0                                                                                                                  |                1 |              2 |
|  dac_clk_1_OBUF                                                     |                                                                                                                                                     | algorithm_top_inst/signal_extraction_1_inst/cnt_reg[9]_LDC_i_2_n_0                                                                                                                |                1 |              2 |
|  dac_clk_1_OBUF                                                     |                                                                                                                                                     | algorithm_top_inst/signal_extraction_1_inst/cnt_reg[8]_LDC_i_2_n_0                                                                                                                |                1 |              2 |
|  dac_clk_1_OBUF                                                     |                                                                                                                                                     | algorithm_top_inst/signal_extraction_1_inst/cnt_reg[8]_LDC_i_1_n_0                                                                                                                |                1 |              2 |
|  dac_clk_1_OBUF                                                     |                                                                                                                                                     | algorithm_top_inst/signal_extraction_inst/cnt_reg[8]_LDC_i_1_n_0                                                                                                                  |                1 |              2 |
|  dac_clk_1_OBUF                                                     |                                                                                                                                                     | algorithm_top_inst/signal_extraction_inst/cnt_reg[9]_LDC_i_2_n_0                                                                                                                  |                2 |              2 |
|  dac_clk_1_OBUF                                                     |                                                                                                                                                     | algorithm_top_inst/signal_extraction_1_inst/cnt_reg[9]_LDC_i_1_n_0                                                                                                                |                2 |              2 |
|  dac_clk_1_OBUF                                                     |                                                                                                                                                     | algorithm_top_inst/signal_extraction_inst/cnt_reg[9]_LDC_i_1_n_0                                                                                                                  |                2 |              2 |
|  dac_clk_OBUF                                                       |                                                                                                                                                     | algorithm_top_inst/data_waiting_area_ctrl_inst/addra[10]_i_3_n_0                                                                                                                  |                2 |              3 |
|  dac_clk_1_OBUF                                                     |                                                                                                                                                     | algorithm_top_inst/signal_interpolation_farrow_inst/fifo_farrow_out1/U0/inst_fifo_gen/gconvfifo.rf/grf.rf/rstblk/SR[0]                                                            |                2 |              3 |
|  dac_clk_1_OBUF                                                     |                                                                                                                                                     | algorithm_top_inst/signal_interpolation_farrow_inst/fifo_farrow_out0/U0/inst_fifo_gen/gconvfifo.rf/grf.rf/rstblk/SR[0]                                                            |                2 |              3 |
|  uart_recv_inst/uart_done                                           |                                                                                                                                                     | uart_data_decode_inst/clk_en_choose[11]_i_2_n_0                                                                                                                                   |                1 |              4 |
|  sys_clk_IBUF                                                       | uart_recv_inst/rx_cnt0                                                                                                                              | uart_recv_inst/uart_done_i_2_n_0                                                                                                                                                  |                1 |              4 |
|  sys_clk_IBUF                                                       | uart_data_decode_inst/decode_infor_reg                                                                                                              | uart_data_decode_inst/clk_en_choose[11]_i_2_n_0                                                                                                                                   |                1 |              4 |
|  dac_clk_OBUF                                                       |                                                                                                                                                     | algorithm_top_inst/data_waiting_area_ctrl_1_inst/addra[10]_i_3_n_0                                                                                                                |                4 |              4 |
|  sys_clk_IBUF                                                       | uart_data_decode_inst/decode_infor_reg[5][3]_i_1_n_0                                                                                                | uart_data_decode_inst/clk_en_choose[11]_i_2_n_0                                                                                                                                   |                2 |              4 |
|  sys_clk_IBUF                                                       | uart_data_decode_inst/decode_infor_reg[4][3]_i_1_n_0                                                                                                | uart_data_decode_inst/clk_en_choose[11]_i_2_n_0                                                                                                                                   |                1 |              4 |
|  sys_clk_IBUF                                                       | uart_send_inst/tx_cnt0                                                                                                                              | uart_send_inst/uart_txd_i_3_n_0                                                                                                                                                   |                1 |              4 |
|  dac_clk_1_OBUF                                                     |                                                                                                                                                     | algorithm_top_inst/signal_extraction_inst/ram_en_i_2_n_0                                                                                                                          |                3 |              4 |
|  dac_clk_1_OBUF                                                     |                                                                                                                                                     | algorithm_top_inst/signal_extraction_1_inst/ram_en_i_2_n_0                                                                                                                        |                3 |              4 |
|  sys_clk_IBUF                                                       | uart_data_decode_inst/decode_infor_reg[1][3]_i_1_n_0                                                                                                | uart_data_decode_inst/clk_en_choose[11]_i_2_n_0                                                                                                                                   |                2 |              4 |
|  clk_div_0_1inst/clk_ip_200MHz_to_9_6MHz/inst/clk_out1              |                                                                                                                                                     | clk_div_0_1inst/clk_96KHz_inst/clk_96KHz_reg_i_2_n_0                                                                                                                              |                2 |              7 |
|  clk_div_0_inst/clk_ip_200MHz_to_9_6MHz/inst/clk_out1               |                                                                                                                                                     | clk_div_0_inst/clk_96KHz_inst/clk_96KHz_reg_i_2_n_0                                                                                                                               |                3 |              7 |
|  clk_div_2_1inst/clk_ip_200MHz_to_8_82MHz/inst/clk_out1             |                                                                                                                                                     | clk_div_2_1inst/clk_88_2KHz_inst/clk_88_2KHz_reg_i_2_n_0                                                                                                                          |                2 |              7 |
|  clk_div_1_1inst/clk_ip_200MHz_to_6_4MHz/inst/clk_out1              |                                                                                                                                                     | clk_div_1_1inst/clk_64KHz_inst/clk_64KHz_reg_i_2_n_0                                                                                                                              |                3 |              7 |
|  clk_div_1_inst/clk_ip_200MHz_to_6_4MHz/inst/clk_out1               |                                                                                                                                                     | clk_div_1_inst/clk_64KHz_inst/clk_64KHz_reg_i_2_n_0                                                                                                                               |                2 |              7 |
|  clk_div_2_inst/clk_ip_200MHz_to_8_82MHz/inst/clk_out1              |                                                                                                                                                     | clk_div_2_inst/clk_88_2KHz_inst/clk_88_2KHz_reg_i_2_n_0                                                                                                                           |                3 |              7 |
|  sys_clk_IBUF                                                       | uart_send_inst/tx_flag_i_1_n_0                                                                                                                      | uart_send_inst/uart_txd_i_3_n_0                                                                                                                                                   |                2 |              9 |
|  sys_clk_IBUF                                                       |                                                                                                                                                     | algorithm_top_inst/fir_coefdata_ctrl_inst/coef_addr[5]_i_2_n_0                                                                                                                    |                4 |             10 |
|  dac_clk_OBUF                                                       | algorithm_top_inst/data_waiting_area_ctrl_inst/addra[10]_i_1_n_0                                                                                    | algorithm_top_inst/data_waiting_area_ctrl_inst/addra[10]_i_3_n_0                                                                                                                  |                5 |             11 |
|  dac_clk_1_OBUF                                                     |                                                                                                                                                     | algorithm_top_inst/data_waiting_area_ctrl_inst/addra[10]_i_3_n_0                                                                                                                  |                4 |             11 |
|  dac_clk_1_OBUF                                                     |                                                                                                                                                     | algorithm_top_inst/data_waiting_area_ctrl_1_inst/addra[10]_i_3_n_0                                                                                                                |                4 |             11 |
|  dac_clk_OBUF                                                       | algorithm_top_inst/data_waiting_area_ctrl_1_inst/addra[10]_i_1_n_0                                                                                  | algorithm_top_inst/data_waiting_area_ctrl_1_inst/addra[10]_i_3_n_0                                                                                                                |                5 |             11 |
|  sys_clk_IBUF                                                       |                                                                                                                                                     | algorithm_top_inst/signal_interpolation_farrow_inst/fifo_farrow_1_inst/U0/inst_fifo_gen/gconvfifo.rf/grf.rf/rstblk/SR[0]                                                          |                4 |             12 |
| ~dac_clk_OBUF                                                       |                                                                                                                                                     | da_drive_inst/dac_data_reg[10]_i_1_n_0                                                                                                                                            |                5 |             12 |
|  dac_clk_1_OBUF                                                     | algorithm_top_inst/signal_interpolation_inst/data[1][11]_i_1_n_0                                                                                    | algorithm_top_inst/signal_interpolation_inst/dout[11]_i_2_n_0                                                                                                                     |                4 |             12 |
|  dac_clk_1_OBUF                                                     | algorithm_top_inst/signal_interpolation_inst/data[7][11]_i_1_n_0                                                                                    | algorithm_top_inst/signal_interpolation_inst/dout[11]_i_2_n_0                                                                                                                     |                6 |             12 |
|  dac_clk_1_OBUF                                                     | algorithm_top_inst/signal_interpolation_inst/data[0][11]_i_1_n_0                                                                                    | algorithm_top_inst/signal_interpolation_inst/dout[11]_i_2_n_0                                                                                                                     |                3 |             12 |
|  sys_clk_IBUF                                                       |                                                                                                                                                     | algorithm_top_inst/signal_interpolation_farrow_inst/fifo_farrow_0_inst/U0/inst_fifo_gen/gconvfifo.rf/grf.rf/rstblk/SR[0]                                                          |                3 |             12 |
|  dac_clk_1_OBUF                                                     | algorithm_top_inst/signal_interpolation_inst/data[3][11]_i_1_n_0                                                                                    | algorithm_top_inst/signal_interpolation_inst/dout[11]_i_2_n_0                                                                                                                     |                4 |             12 |
|  dac_clk_1_OBUF                                                     | algorithm_top_inst/signal_interpolation_inst/data[4][11]_i_1_n_0                                                                                    | algorithm_top_inst/signal_interpolation_inst/dout[11]_i_2_n_0                                                                                                                     |                5 |             12 |
|  dac_clk_1_OBUF                                                     | algorithm_top_inst/signal_interpolation_inst/data[5][11]_i_1_n_0                                                                                    | algorithm_top_inst/signal_interpolation_inst/dout[11]_i_2_n_0                                                                                                                     |                4 |             12 |
| ~dac_clk_1_OBUF                                                     |                                                                                                                                                     | da_drive_1_inst/dac_data_reg[10]_i_1_n_0                                                                                                                                          |                5 |             12 |
|  dac_clk_OBUF                                                       |                                                                                                                                                     | ad_drive_inst/adc_data_reg[0]_i_1_n_0                                                                                                                                             |                5 |             12 |
|  dac_clk_1_OBUF                                                     | algorithm_top_inst/signal_interpolation_inst/data[6][11]_i_1_n_0                                                                                    | algorithm_top_inst/signal_interpolation_inst/dout[11]_i_2_n_0                                                                                                                     |                4 |             12 |
|  dac_clk_1_OBUF                                                     | algorithm_top_inst/signal_interpolation_inst/data[2][11]_i_1_n_0                                                                                    | algorithm_top_inst/signal_interpolation_inst/dout[11]_i_2_n_0                                                                                                                     |                4 |             12 |
|  sys_clk_IBUF                                                       |                                                                                                                                                     | algorithm_top_inst/signal_interpolation_farrow_inst/fifo_farrow_out0/U0/inst_fifo_gen/gconvfifo.rf/grf.rf/rstblk/ngwrdrst.grst.g7serrst.gsckt_wrst.gic_rst.sckt_wr_rst_ic_reg_0   |                5 |             13 |
|  sys_clk_IBUF                                                       |                                                                                                                                                     | algorithm_top_inst/signal_interpolation_farrow_inst/fifo_farrow_out1/U0/inst_fifo_gen/gconvfifo.rf/grf.rf/rstblk/ngwrdrst.grst.g7serrst.gsckt_wrst.gic_rst.sckt_wr_rst_ic_reg_0   |                4 |             13 |
|  dac_clk_OBUF                                                       |                                                                                                                                                     | algorithm_top_inst/signal_interpolation_farrow_inst/fifo_farrow_1_inst/U0/inst_fifo_gen/gconvfifo.rf/grf.rf/rstblk/ngwrdrst.grst.g7serrst.gsckt_wrst.gic_rst.sckt_wr_rst_ic_reg_0 |                5 |             13 |
|  dac_clk_OBUF                                                       |                                                                                                                                                     | algorithm_top_inst/signal_interpolation_farrow_inst/fifo_farrow_0_inst/U0/inst_fifo_gen/gconvfifo.rf/grf.rf/rstblk/ngwrdrst.grst.g7serrst.gsckt_wrst.gic_rst.sckt_wr_rst_ic_reg_0 |                5 |             13 |
|  dac_clk_1_OBUF                                                     |                                                                                                                                                     | algorithm_top_inst/signal_interpolation_inst/dout[11]_i_2_n_0                                                                                                                     |                5 |             15 |
|  sys_clk_IBUF                                                       |                                                                                                                                                     | uart_send_inst/uart_txd_i_3_n_0                                                                                                                                                   |                7 |             15 |
|  dac_clk_1_OBUF                                                     |                                                                                                                                                     | algorithm_top_inst/signal_extraction_1_inst/cnt_reg[7]_LDC_i_1_n_0                                                                                                                |                7 |             16 |
|  dac_clk_1_OBUF                                                     |                                                                                                                                                     | algorithm_top_inst/signal_extraction_1_inst/cnt_reg[7]_LDC_i_2_n_0                                                                                                                |                5 |             16 |
|  dac_clk_1_OBUF                                                     |                                                                                                                                                     | algorithm_top_inst/signal_extraction_inst/cnt_reg[7]_LDC_i_2_n_0                                                                                                                  |                8 |             16 |
|  dac_clk_1_OBUF                                                     |                                                                                                                                                     | algorithm_top_inst/signal_extraction_inst/cnt_reg[7]_LDC_i_1_n_0                                                                                                                  |                7 |             16 |
|  dac_clk_1_OBUF                                                     | algorithm_top_inst/signal_interpolation_farrow_inst/fifo_farrow_out1/U0/inst_fifo_gen/gconvfifo.rf/grf.rf/gntv_or_sync_fifo.gl0.rd/gras.rsts/E[0]   | algorithm_top_inst/signal_interpolation_farrow_inst/fifo_farrow_out1/U0/inst_fifo_gen/gconvfifo.rf/grf.rf/rstblk/SR[0]                                                            |                4 |             20 |
|  dac_clk_1_OBUF                                                     | algorithm_top_inst/signal_interpolation_farrow_inst/fifo_farrow_out0/U0/inst_fifo_gen/gconvfifo.rf/grf.rf/gntv_or_sync_fifo.gl0.rd/gras.rsts/E[0]   | algorithm_top_inst/signal_interpolation_farrow_inst/fifo_farrow_out0/U0/inst_fifo_gen/gconvfifo.rf/grf.rf/rstblk/SR[0]                                                            |                4 |             20 |
|  sys_clk_IBUF                                                       | algorithm_top_inst/signal_interpolation_farrow_inst/fifo_farrow_0_inst/U0/inst_fifo_gen/gconvfifo.rf/grf.rf/gntv_or_sync_fifo.gl0.rd/gras.rsts/E[0] | algorithm_top_inst/signal_interpolation_farrow_inst/fifo_farrow_0_inst/U0/inst_fifo_gen/gconvfifo.rf/grf.rf/rstblk/SR[0]                                                          |                6 |             20 |
|  sys_clk_IBUF                                                       | algorithm_top_inst/signal_interpolation_farrow_inst/fifo_farrow_1_inst/U0/inst_fifo_gen/gconvfifo.rf/grf.rf/gntv_or_sync_fifo.gl0.rd/gras.rsts/E[0] | algorithm_top_inst/signal_interpolation_farrow_inst/fifo_farrow_1_inst/U0/inst_fifo_gen/gconvfifo.rf/grf.rf/rstblk/SR[0]                                                          |                7 |             20 |
|  sys_clk_IBUF                                                       | uart_data_decode_inst/lock                                                                                                                          | uart_data_decode_inst/clk_en_choose[11]_i_2_n_0                                                                                                                                   |               15 |             24 |
|  sys_clk_IBUF                                                       | algorithm_top_inst/signal_interpolation_farrow_inst/fifo_farrow_out0/U0/inst_fifo_gen/gconvfifo.rf/grf.rf/gntv_or_sync_fifo.gl0.wr/gwas.wsts/E[0]   | algorithm_top_inst/signal_interpolation_farrow_inst/fifo_farrow_out0/U0/inst_fifo_gen/gconvfifo.rf/grf.rf/rstblk/ngwrdrst.grst.g7serrst.gsckt_wrst.gic_rst.sckt_wr_rst_ic_reg_0   |                5 |             30 |
|  sys_clk_IBUF                                                       |                                                                                                                                                     | algorithm_top_inst/signal_interpolation_farrow_inst/fifo_farrow_0_inst_i_1_n_0                                                                                                    |               15 |             30 |
|  dac_clk_OBUF                                                       | algorithm_top_inst/signal_interpolation_farrow_inst/fifo_farrow_1_inst/U0/inst_fifo_gen/gconvfifo.rf/grf.rf/gntv_or_sync_fifo.gl0.wr/gwas.wsts/E[0] | algorithm_top_inst/signal_interpolation_farrow_inst/fifo_farrow_1_inst/U0/inst_fifo_gen/gconvfifo.rf/grf.rf/rstblk/ngwrdrst.grst.g7serrst.gsckt_wrst.gic_rst.sckt_wr_rst_ic_reg_0 |                7 |             30 |
|  sys_clk_IBUF                                                       | algorithm_top_inst/signal_interpolation_farrow_inst/fifo_farrow_out1/U0/inst_fifo_gen/gconvfifo.rf/grf.rf/gntv_or_sync_fifo.gl0.wr/gwas.wsts/E[0]   | algorithm_top_inst/signal_interpolation_farrow_inst/fifo_farrow_out1/U0/inst_fifo_gen/gconvfifo.rf/grf.rf/rstblk/ngwrdrst.grst.g7serrst.gsckt_wrst.gic_rst.sckt_wr_rst_ic_reg_0   |                5 |             30 |
|  dac_clk_OBUF                                                       | algorithm_top_inst/signal_interpolation_farrow_inst/fifo_farrow_0_inst/U0/inst_fifo_gen/gconvfifo.rf/grf.rf/gntv_or_sync_fifo.gl0.wr/gwas.wsts/E[0] | algorithm_top_inst/signal_interpolation_farrow_inst/fifo_farrow_0_inst/U0/inst_fifo_gen/gconvfifo.rf/grf.rf/rstblk/ngwrdrst.grst.g7serrst.gsckt_wrst.gic_rst.sckt_wr_rst_ic_reg_0 |                6 |             30 |
|  sys_clk_IBUF                                                       |                                                                                                                                                     | uart_recv_inst/uart_done_i_2_n_0                                                                                                                                                  |               13 |             33 |
|  dac_clk_OBUF                                                       |                                                                                                                                                     |                                                                                                                                                                                   |               27 |            116 |
|  dac_clk_1_OBUF                                                     |                                                                                                                                                     |                                                                                                                                                                                   |               33 |            116 |
|  sys_clk_IBUF                                                       |                                                                                                                                                     |                                                                                                                                                                                   |              110 |            407 |
|  algorithm_top_inst/fir_sample_clk                                  | algorithm_top_inst/filter_inst/p_0_in                                                                                                               | algorithm_top_inst/filter_inst_i_2_n_0                                                                                                                                            |              205 |            732 |
|  algorithm_top_inst/fir_coefdata_ctrl_inst/rom_clk                  | algorithm_top_inst/fir_coefdata_ctrl_inst/rom_en_2clk                                                                                               | algorithm_top_inst/filter_inst_i_2_n_0                                                                                                                                            |              342 |            944 |
+---------------------------------------------------------------------+-----------------------------------------------------------------------------------------------------------------------------------------------------+-----------------------------------------------------------------------------------------------------------------------------------------------------------------------------------+------------------+----------------+


